<?xml version="1.0" encoding="UTF-8"?>
<testsuite xmlns:xsi="http://www.w3.org/2001/XMLSchema-instance" xsi:noNamespaceSchemaLocation="https://maven.apache.org/surefire/maven-surefire-plugin/xsd/surefire-test-report-3.0.xsd" version="3.0" name="com.example.shopBackend.item.ItemIntegrationTest" time="13.523" tests="5" errors="0" skipped="0" failures="0">
  <properties>
    <property name="java.specification.version" value="17"/>
    <property name="sun.jnu.encoding" value="UTF-8"/>
    <property name="java.class.path" value="/Users/iiro/Documents/Ohjelmointi/reviews/reviews-backend/reviewsbackend/target/test-classes:/Users/iiro/Documents/Ohjelmointi/reviews/reviews-backend/reviewsbackend/target/classes:/Users/iiro/.m2/repository/org/springframework/boot/spring-boot-starter-data-jpa/3.1.1/spring-boot-starter-data-jpa-3.1.1.jar:/Users/iiro/.m2/repository/org/springframework/boot/spring-boot-starter-aop/3.1.1/spring-boot-starter-aop-3.1.1.jar:/Users/iiro/.m2/repository/org/aspectj/aspectjweaver/1.9.19/aspectjweaver-1.9.19.jar:/Users/iiro/.m2/repository/org/springframework/boot/spring-boot-starter-jdbc/3.1.1/spring-boot-starter-jdbc-3.1.1.jar:/Users/iiro/.m2/repository/com/zaxxer/HikariCP/5.0.1/HikariCP-5.0.1.jar:/Users/iiro/.m2/repository/org/springframework/spring-jdbc/6.0.10/spring-jdbc-6.0.10.jar:/Users/iiro/.m2/repository/org/hibernate/orm/hibernate-core/6.2.5.Final/hibernate-core-6.2.5.Final.jar:/Users/iiro/.m2/repository/jakarta/persistence/jakarta.persistence-api/3.1.0/jakarta.persistence-api-3.1.0.jar:/Users/iiro/.m2/repository/jakarta/transaction/jakarta.transaction-api/2.0.1/jakarta.transaction-api-2.0.1.jar:/Users/iiro/.m2/repository/org/jboss/logging/jboss-logging/3.5.1.Final/jboss-logging-3.5.1.Final.jar:/Users/iiro/.m2/repository/org/hibernate/common/hibernate-commons-annotations/6.0.6.Final/hibernate-commons-annotations-6.0.6.Final.jar:/Users/iiro/.m2/repository/io/smallrye/jandex/3.0.5/jandex-3.0.5.jar:/Users/iiro/.m2/repository/com/fasterxml/classmate/1.5.1/classmate-1.5.1.jar:/Users/iiro/.m2/repository/net/bytebuddy/byte-buddy/1.14.5/byte-buddy-1.14.5.jar:/Users/iiro/.m2/repository/org/glassfish/jaxb/jaxb-runtime/4.0.3/jaxb-runtime-4.0.3.jar:/Users/iiro/.m2/repository/org/glassfish/jaxb/jaxb-core/4.0.3/jaxb-core-4.0.3.jar:/Users/iiro/.m2/repository/org/eclipse/angus/angus-activation/2.0.1/angus-activation-2.0.1.jar:/Users/iiro/.m2/repository/org/glassfish/jaxb/txw2/4.0.3/txw2-4.0.3.jar:/Users/iiro/.m2/repository/com/sun/istack/istack-commons-runtime/4.1.2/istack-commons-runtime-4.1.2.jar:/Users/iiro/.m2/repository/jakarta/inject/jakarta.inject-api/2.0.1/jakarta.inject-api-2.0.1.jar:/Users/iiro/.m2/repository/org/antlr/antlr4-runtime/4.10.1/antlr4-runtime-4.10.1.jar:/Users/iiro/.m2/repository/org/springframework/data/spring-data-jpa/3.1.1/spring-data-jpa-3.1.1.jar:/Users/iiro/.m2/repository/org/springframework/data/spring-data-commons/3.1.1/spring-data-commons-3.1.1.jar:/Users/iiro/.m2/repository/org/springframework/spring-orm/6.0.10/spring-orm-6.0.10.jar:/Users/iiro/.m2/repository/org/springframework/spring-context/6.0.10/spring-context-6.0.10.jar:/Users/iiro/.m2/repository/org/springframework/spring-tx/6.0.10/spring-tx-6.0.10.jar:/Users/iiro/.m2/repository/org/springframework/spring-beans/6.0.10/spring-beans-6.0.10.jar:/Users/iiro/.m2/repository/jakarta/annotation/jakarta.annotation-api/2.1.1/jakarta.annotation-api-2.1.1.jar:/Users/iiro/.m2/repository/org/slf4j/slf4j-api/2.0.7/slf4j-api-2.0.7.jar:/Users/iiro/.m2/repository/org/springframework/spring-aspects/6.0.10/spring-aspects-6.0.10.jar:/Users/iiro/.m2/repository/org/springframework/boot/spring-boot-starter-web/3.1.1/spring-boot-starter-web-3.1.1.jar:/Users/iiro/.m2/repository/org/springframework/boot/spring-boot-starter/3.1.1/spring-boot-starter-3.1.1.jar:/Users/iiro/.m2/repository/org/springframework/boot/spring-boot/3.1.1/spring-boot-3.1.1.jar:/Users/iiro/.m2/repository/org/springframework/boot/spring-boot-autoconfigure/3.1.1/spring-boot-autoconfigure-3.1.1.jar:/Users/iiro/.m2/repository/org/springframework/boot/spring-boot-starter-logging/3.1.1/spring-boot-starter-logging-3.1.1.jar:/Users/iiro/.m2/repository/ch/qos/logback/logback-classic/1.4.8/logback-classic-1.4.8.jar:/Users/iiro/.m2/repository/ch/qos/logback/logback-core/1.4.8/logback-core-1.4.8.jar:/Users/iiro/.m2/repository/org/apache/logging/log4j/log4j-to-slf4j/2.20.0/log4j-to-slf4j-2.20.0.jar:/Users/iiro/.m2/repository/org/apache/logging/log4j/log4j-api/2.20.0/log4j-api-2.20.0.jar:/Users/iiro/.m2/repository/org/slf4j/jul-to-slf4j/2.0.7/jul-to-slf4j-2.0.7.jar:/Users/iiro/.m2/repository/org/yaml/snakeyaml/1.33/snakeyaml-1.33.jar:/Users/iiro/.m2/repository/org/springframework/boot/spring-boot-starter-json/3.1.1/spring-boot-starter-json-3.1.1.jar:/Users/iiro/.m2/repository/com/fasterxml/jackson/datatype/jackson-datatype-jdk8/2.15.2/jackson-datatype-jdk8-2.15.2.jar:/Users/iiro/.m2/repository/com/fasterxml/jackson/datatype/jackson-datatype-jsr310/2.15.2/jackson-datatype-jsr310-2.15.2.jar:/Users/iiro/.m2/repository/com/fasterxml/jackson/module/jackson-module-parameter-names/2.15.2/jackson-module-parameter-names-2.15.2.jar:/Users/iiro/.m2/repository/org/springframework/boot/spring-boot-starter-tomcat/3.1.1/spring-boot-starter-tomcat-3.1.1.jar:/Users/iiro/.m2/repository/org/apache/tomcat/embed/tomcat-embed-core/10.1.10/tomcat-embed-core-10.1.10.jar:/Users/iiro/.m2/repository/org/apache/tomcat/embed/tomcat-embed-el/10.1.10/tomcat-embed-el-10.1.10.jar:/Users/iiro/.m2/repository/org/apache/tomcat/embed/tomcat-embed-websocket/10.1.10/tomcat-embed-websocket-10.1.10.jar:/Users/iiro/.m2/repository/org/springframework/spring-web/6.0.10/spring-web-6.0.10.jar:/Users/iiro/.m2/repository/io/micrometer/micrometer-observation/1.11.1/micrometer-observation-1.11.1.jar:/Users/iiro/.m2/repository/io/micrometer/micrometer-commons/1.11.1/micrometer-commons-1.11.1.jar:/Users/iiro/.m2/repository/org/springframework/spring-webmvc/6.0.10/spring-webmvc-6.0.10.jar:/Users/iiro/.m2/repository/org/springframework/spring-expression/6.0.10/spring-expression-6.0.10.jar:/Users/iiro/.m2/repository/org/springframework/boot/spring-boot-starter-webflux/3.1.1/spring-boot-starter-webflux-3.1.1.jar:/Users/iiro/.m2/repository/org/springframework/boot/spring-boot-starter-reactor-netty/3.1.1/spring-boot-starter-reactor-netty-3.1.1.jar:/Users/iiro/.m2/repository/io/projectreactor/netty/reactor-netty-http/1.1.8/reactor-netty-http-1.1.8.jar:/Users/iiro/.m2/repository/io/netty/netty-codec-http/4.1.94.Final/netty-codec-http-4.1.94.Final.jar:/Users/iiro/.m2/repository/io/netty/netty-common/4.1.94.Final/netty-common-4.1.94.Final.jar:/Users/iiro/.m2/repository/io/netty/netty-buffer/4.1.94.Final/netty-buffer-4.1.94.Final.jar:/Users/iiro/.m2/repository/io/netty/netty-transport/4.1.94.Final/netty-transport-4.1.94.Final.jar:/Users/iiro/.m2/repository/io/netty/netty-codec/4.1.94.Final/netty-codec-4.1.94.Final.jar:/Users/iiro/.m2/repository/io/netty/netty-handler/4.1.94.Final/netty-handler-4.1.94.Final.jar:/Users/iiro/.m2/repository/io/netty/netty-codec-http2/4.1.94.Final/netty-codec-http2-4.1.94.Final.jar:/Users/iiro/.m2/repository/io/netty/netty-resolver-dns/4.1.94.Final/netty-resolver-dns-4.1.94.Final.jar:/Users/iiro/.m2/repository/io/netty/netty-resolver/4.1.94.Final/netty-resolver-4.1.94.Final.jar:/Users/iiro/.m2/repository/io/netty/netty-codec-dns/4.1.94.Final/netty-codec-dns-4.1.94.Final.jar:/Users/iiro/.m2/repository/io/netty/netty-resolver-dns-native-macos/4.1.94.Final/netty-resolver-dns-native-macos-4.1.94.Final-osx-x86_64.jar:/Users/iiro/.m2/repository/io/netty/netty-resolver-dns-classes-macos/4.1.94.Final/netty-resolver-dns-classes-macos-4.1.94.Final.jar:/Users/iiro/.m2/repository/io/netty/netty-transport-native-epoll/4.1.94.Final/netty-transport-native-epoll-4.1.94.Final-linux-x86_64.jar:/Users/iiro/.m2/repository/io/netty/netty-transport-native-unix-common/4.1.94.Final/netty-transport-native-unix-common-4.1.94.Final.jar:/Users/iiro/.m2/repository/io/netty/netty-transport-classes-epoll/4.1.94.Final/netty-transport-classes-epoll-4.1.94.Final.jar:/Users/iiro/.m2/repository/io/projectreactor/netty/reactor-netty-core/1.1.8/reactor-netty-core-1.1.8.jar:/Users/iiro/.m2/repository/io/netty/netty-handler-proxy/4.1.94.Final/netty-handler-proxy-4.1.94.Final.jar:/Users/iiro/.m2/repository/io/netty/netty-codec-socks/4.1.94.Final/netty-codec-socks-4.1.94.Final.jar:/Users/iiro/.m2/repository/org/springframework/spring-webflux/6.0.10/spring-webflux-6.0.10.jar:/Users/iiro/.m2/repository/io/projectreactor/reactor-core/3.5.7/reactor-core-3.5.7.jar:/Users/iiro/.m2/repository/org/reactivestreams/reactive-streams/1.0.4/reactive-streams-1.0.4.jar:/Users/iiro/.m2/repository/com/mysql/mysql-connector-j/8.0.33/mysql-connector-j-8.0.33.jar:/Users/iiro/.m2/repository/org/springframework/boot/spring-boot-starter-test/3.1.1/spring-boot-starter-test-3.1.1.jar:/Users/iiro/.m2/repository/org/springframework/boot/spring-boot-test/3.1.1/spring-boot-test-3.1.1.jar:/Users/iiro/.m2/repository/org/springframework/boot/spring-boot-test-autoconfigure/3.1.1/spring-boot-test-autoconfigure-3.1.1.jar:/Users/iiro/.m2/repository/com/jayway/jsonpath/json-path/2.8.0/json-path-2.8.0.jar:/Users/iiro/.m2/repository/jakarta/xml/bind/jakarta.xml.bind-api/4.0.0/jakarta.xml.bind-api-4.0.0.jar:/Users/iiro/.m2/repository/jakarta/activation/jakarta.activation-api/2.1.2/jakarta.activation-api-2.1.2.jar:/Users/iiro/.m2/repository/org/assertj/assertj-core/3.24.2/assertj-core-3.24.2.jar:/Users/iiro/.m2/repository/org/hamcrest/hamcrest/2.2/hamcrest-2.2.jar:/Users/iiro/.m2/repository/org/junit/jupiter/junit-jupiter/5.9.3/junit-jupiter-5.9.3.jar:/Users/iiro/.m2/repository/org/junit/jupiter/junit-jupiter-api/5.9.3/junit-jupiter-api-5.9.3.jar:/Users/iiro/.m2/repository/org/opentest4j/opentest4j/1.2.0/opentest4j-1.2.0.jar:/Users/iiro/.m2/repository/org/junit/platform/junit-platform-commons/1.9.3/junit-platform-commons-1.9.3.jar:/Users/iiro/.m2/repository/org/apiguardian/apiguardian-api/1.1.2/apiguardian-api-1.1.2.jar:/Users/iiro/.m2/repository/org/junit/jupiter/junit-jupiter-params/5.9.3/junit-jupiter-params-5.9.3.jar:/Users/iiro/.m2/repository/org/junit/jupiter/junit-jupiter-engine/5.9.3/junit-jupiter-engine-5.9.3.jar:/Users/iiro/.m2/repository/org/junit/platform/junit-platform-engine/1.9.3/junit-platform-engine-1.9.3.jar:/Users/iiro/.m2/repository/org/mockito/mockito-core/5.3.1/mockito-core-5.3.1.jar:/Users/iiro/.m2/repository/net/bytebuddy/byte-buddy-agent/1.14.5/byte-buddy-agent-1.14.5.jar:/Users/iiro/.m2/repository/org/objenesis/objenesis/3.3/objenesis-3.3.jar:/Users/iiro/.m2/repository/org/mockito/mockito-junit-jupiter/5.3.1/mockito-junit-jupiter-5.3.1.jar:/Users/iiro/.m2/repository/org/skyscreamer/jsonassert/1.5.1/jsonassert-1.5.1.jar:/Users/iiro/.m2/repository/com/vaadin/external/google/android-json/0.0.20131108.vaadin1/android-json-0.0.20131108.vaadin1.jar:/Users/iiro/.m2/repository/org/springframework/spring-core/6.0.10/spring-core-6.0.10.jar:/Users/iiro/.m2/repository/org/springframework/spring-jcl/6.0.10/spring-jcl-6.0.10.jar:/Users/iiro/.m2/repository/org/springframework/spring-test/6.0.10/spring-test-6.0.10.jar:/Users/iiro/.m2/repository/org/xmlunit/xmlunit-core/2.9.1/xmlunit-core-2.9.1.jar:/Users/iiro/.m2/repository/com/h2database/h2/2.1.214/h2-2.1.214.jar:/Users/iiro/.m2/repository/net/minidev/json-smart/2.4.11/json-smart-2.4.11.jar:/Users/iiro/.m2/repository/net/minidev/accessors-smart/2.4.11/accessors-smart-2.4.11.jar:/Users/iiro/.m2/repository/org/ow2/asm/asm/9.3/asm-9.3.jar:/Users/iiro/.m2/repository/com/squareup/okhttp3/okhttp/4.10.0/okhttp-4.10.0.jar:/Users/iiro/.m2/repository/com/squareup/okio/okio-jvm/3.0.0/okio-jvm-3.0.0.jar:/Users/iiro/.m2/repository/org/jetbrains/kotlin/kotlin-stdlib-common/1.8.22/kotlin-stdlib-common-1.8.22.jar:/Users/iiro/.m2/repository/org/jetbrains/kotlin/kotlin-stdlib/1.8.22/kotlin-stdlib-1.8.22.jar:/Users/iiro/.m2/repository/org/jetbrains/annotations/13.0/annotations-13.0.jar:/Users/iiro/.m2/repository/com/squareup/okhttp3/mockwebserver/4.10.0/mockwebserver-4.10.0.jar:/Users/iiro/.m2/repository/junit/junit/4.13.2/junit-4.13.2.jar:/Users/iiro/.m2/repository/org/hamcrest/hamcrest-core/2.2/hamcrest-core-2.2.jar:/Users/iiro/.m2/repository/org/jetbrains/kotlin/kotlin-stdlib-jdk8/1.8.22/kotlin-stdlib-jdk8-1.8.22.jar:/Users/iiro/.m2/repository/org/jetbrains/kotlin/kotlin-stdlib-jdk7/1.8.22/kotlin-stdlib-jdk7-1.8.22.jar:/Users/iiro/.m2/repository/org/springframework/boot/spring-boot-starter-security/3.1.1/spring-boot-starter-security-3.1.1.jar:/Users/iiro/.m2/repository/org/springframework/spring-aop/6.0.10/spring-aop-6.0.10.jar:/Users/iiro/.m2/repository/org/springframework/security/spring-security-config/6.1.1/spring-security-config-6.1.1.jar:/Users/iiro/.m2/repository/org/springframework/security/spring-security-web/6.1.1/spring-security-web-6.1.1.jar:/Users/iiro/.m2/repository/io/jsonwebtoken/jjwt-api/0.11.5/jjwt-api-0.11.5.jar:/Users/iiro/.m2/repository/io/jsonwebtoken/jjwt-impl/0.11.5/jjwt-impl-0.11.5.jar:/Users/iiro/.m2/repository/io/jsonwebtoken/jjwt-jackson/0.11.5/jjwt-jackson-0.11.5.jar:/Users/iiro/.m2/repository/com/fasterxml/jackson/core/jackson-databind/2.15.2/jackson-databind-2.15.2.jar:/Users/iiro/.m2/repository/com/fasterxml/jackson/core/jackson-annotations/2.15.2/jackson-annotations-2.15.2.jar:/Users/iiro/.m2/repository/com/fasterxml/jackson/core/jackson-core/2.15.2/jackson-core-2.15.2.jar:/Users/iiro/.m2/repository/org/projectlombok/lombok/1.18.28/lombok-1.18.28.jar:/Users/iiro/.m2/repository/org/springframework/security/spring-security-test/6.1.1/spring-security-test-6.1.1.jar:/Users/iiro/.m2/repository/org/springframework/security/spring-security-core/6.1.1/spring-security-core-6.1.1.jar:/Users/iiro/.m2/repository/org/springframework/security/spring-security-crypto/6.1.1/spring-security-crypto-6.1.1.jar:"/>
    <property name="java.vm.vendor" value="Homebrew"/>
    <property name="sun.arch.data.model" value="64"/>
    <property name="java.vendor.url" value="https://github.com/Homebrew/homebrew-core/issues"/>
    <property name="catalina.useNaming" value="false"/>
    <property name="user.timezone" value="Europe/Helsinki"/>
    <property name="org.jboss.logging.provider" value="slf4j"/>
    <property name="os.name" value="Mac OS X"/>
    <property name="java.vm.specification.version" value="17"/>
    <property name="sun.java.launcher" value="SUN_STANDARD"/>
    <property name="user.country" value="FI"/>
    <property name="sun.boot.library.path" value="/opt/homebrew/Cellar/openjdk/17.0.2/libexec/openjdk.jdk/Contents/Home/lib"/>
    <property name="sun.java.command" value="/Users/iiro/Documents/Ohjelmointi/reviews/reviews-backend/reviewsbackend/target/surefire/surefirebooter-20231029145534661_3.jar /Users/iiro/Documents/Ohjelmointi/reviews/reviews-backend/reviewsbackend/target/surefire 2023-10-29T14-55-34_586-jvmRun1 surefire-20231029145534661_1tmp surefire_0-20231029145534661_2tmp"/>
    <property name="http.nonProxyHosts" value="local|*.local|169.254/16|*.169.254/16"/>
    <property name="jdk.debug" value="release"/>
    <property name="surefire.test.class.path" value="/Users/iiro/Documents/Ohjelmointi/reviews/reviews-backend/reviewsbackend/target/test-classes:/Users/iiro/Documents/Ohjelmointi/reviews/reviews-backend/reviewsbackend/target/classes:/Users/iiro/.m2/repository/org/springframework/boot/spring-boot-starter-data-jpa/3.1.1/spring-boot-starter-data-jpa-3.1.1.jar:/Users/iiro/.m2/repository/org/springframework/boot/spring-boot-starter-aop/3.1.1/spring-boot-starter-aop-3.1.1.jar:/Users/iiro/.m2/repository/org/aspectj/aspectjweaver/1.9.19/aspectjweaver-1.9.19.jar:/Users/iiro/.m2/repository/org/springframework/boot/spring-boot-starter-jdbc/3.1.1/spring-boot-starter-jdbc-3.1.1.jar:/Users/iiro/.m2/repository/com/zaxxer/HikariCP/5.0.1/HikariCP-5.0.1.jar:/Users/iiro/.m2/repository/org/springframework/spring-jdbc/6.0.10/spring-jdbc-6.0.10.jar:/Users/iiro/.m2/repository/org/hibernate/orm/hibernate-core/6.2.5.Final/hibernate-core-6.2.5.Final.jar:/Users/iiro/.m2/repository/jakarta/persistence/jakarta.persistence-api/3.1.0/jakarta.persistence-api-3.1.0.jar:/Users/iiro/.m2/repository/jakarta/transaction/jakarta.transaction-api/2.0.1/jakarta.transaction-api-2.0.1.jar:/Users/iiro/.m2/repository/org/jboss/logging/jboss-logging/3.5.1.Final/jboss-logging-3.5.1.Final.jar:/Users/iiro/.m2/repository/org/hibernate/common/hibernate-commons-annotations/6.0.6.Final/hibernate-commons-annotations-6.0.6.Final.jar:/Users/iiro/.m2/repository/io/smallrye/jandex/3.0.5/jandex-3.0.5.jar:/Users/iiro/.m2/repository/com/fasterxml/classmate/1.5.1/classmate-1.5.1.jar:/Users/iiro/.m2/repository/net/bytebuddy/byte-buddy/1.14.5/byte-buddy-1.14.5.jar:/Users/iiro/.m2/repository/org/glassfish/jaxb/jaxb-runtime/4.0.3/jaxb-runtime-4.0.3.jar:/Users/iiro/.m2/repository/org/glassfish/jaxb/jaxb-core/4.0.3/jaxb-core-4.0.3.jar:/Users/iiro/.m2/repository/org/eclipse/angus/angus-activation/2.0.1/angus-activation-2.0.1.jar:/Users/iiro/.m2/repository/org/glassfish/jaxb/txw2/4.0.3/txw2-4.0.3.jar:/Users/iiro/.m2/repository/com/sun/istack/istack-commons-runtime/4.1.2/istack-commons-runtime-4.1.2.jar:/Users/iiro/.m2/repository/jakarta/inject/jakarta.inject-api/2.0.1/jakarta.inject-api-2.0.1.jar:/Users/iiro/.m2/repository/org/antlr/antlr4-runtime/4.10.1/antlr4-runtime-4.10.1.jar:/Users/iiro/.m2/repository/org/springframework/data/spring-data-jpa/3.1.1/spring-data-jpa-3.1.1.jar:/Users/iiro/.m2/repository/org/springframework/data/spring-data-commons/3.1.1/spring-data-commons-3.1.1.jar:/Users/iiro/.m2/repository/org/springframework/spring-orm/6.0.10/spring-orm-6.0.10.jar:/Users/iiro/.m2/repository/org/springframework/spring-context/6.0.10/spring-context-6.0.10.jar:/Users/iiro/.m2/repository/org/springframework/spring-tx/6.0.10/spring-tx-6.0.10.jar:/Users/iiro/.m2/repository/org/springframework/spring-beans/6.0.10/spring-beans-6.0.10.jar:/Users/iiro/.m2/repository/jakarta/annotation/jakarta.annotation-api/2.1.1/jakarta.annotation-api-2.1.1.jar:/Users/iiro/.m2/repository/org/slf4j/slf4j-api/2.0.7/slf4j-api-2.0.7.jar:/Users/iiro/.m2/repository/org/springframework/spring-aspects/6.0.10/spring-aspects-6.0.10.jar:/Users/iiro/.m2/repository/org/springframework/boot/spring-boot-starter-web/3.1.1/spring-boot-starter-web-3.1.1.jar:/Users/iiro/.m2/repository/org/springframework/boot/spring-boot-starter/3.1.1/spring-boot-starter-3.1.1.jar:/Users/iiro/.m2/repository/org/springframework/boot/spring-boot/3.1.1/spring-boot-3.1.1.jar:/Users/iiro/.m2/repository/org/springframework/boot/spring-boot-autoconfigure/3.1.1/spring-boot-autoconfigure-3.1.1.jar:/Users/iiro/.m2/repository/org/springframework/boot/spring-boot-starter-logging/3.1.1/spring-boot-starter-logging-3.1.1.jar:/Users/iiro/.m2/repository/ch/qos/logback/logback-classic/1.4.8/logback-classic-1.4.8.jar:/Users/iiro/.m2/repository/ch/qos/logback/logback-core/1.4.8/logback-core-1.4.8.jar:/Users/iiro/.m2/repository/org/apache/logging/log4j/log4j-to-slf4j/2.20.0/log4j-to-slf4j-2.20.0.jar:/Users/iiro/.m2/repository/org/apache/logging/log4j/log4j-api/2.20.0/log4j-api-2.20.0.jar:/Users/iiro/.m2/repository/org/slf4j/jul-to-slf4j/2.0.7/jul-to-slf4j-2.0.7.jar:/Users/iiro/.m2/repository/org/yaml/snakeyaml/1.33/snakeyaml-1.33.jar:/Users/iiro/.m2/repository/org/springframework/boot/spring-boot-starter-json/3.1.1/spring-boot-starter-json-3.1.1.jar:/Users/iiro/.m2/repository/com/fasterxml/jackson/datatype/jackson-datatype-jdk8/2.15.2/jackson-datatype-jdk8-2.15.2.jar:/Users/iiro/.m2/repository/com/fasterxml/jackson/datatype/jackson-datatype-jsr310/2.15.2/jackson-datatype-jsr310-2.15.2.jar:/Users/iiro/.m2/repository/com/fasterxml/jackson/module/jackson-module-parameter-names/2.15.2/jackson-module-parameter-names-2.15.2.jar:/Users/iiro/.m2/repository/org/springframework/boot/spring-boot-starter-tomcat/3.1.1/spring-boot-starter-tomcat-3.1.1.jar:/Users/iiro/.m2/repository/org/apache/tomcat/embed/tomcat-embed-core/10.1.10/tomcat-embed-core-10.1.10.jar:/Users/iiro/.m2/repository/org/apache/tomcat/embed/tomcat-embed-el/10.1.10/tomcat-embed-el-10.1.10.jar:/Users/iiro/.m2/repository/org/apache/tomcat/embed/tomcat-embed-websocket/10.1.10/tomcat-embed-websocket-10.1.10.jar:/Users/iiro/.m2/repository/org/springframework/spring-web/6.0.10/spring-web-6.0.10.jar:/Users/iiro/.m2/repository/io/micrometer/micrometer-observation/1.11.1/micrometer-observation-1.11.1.jar:/Users/iiro/.m2/repository/io/micrometer/micrometer-commons/1.11.1/micrometer-commons-1.11.1.jar:/Users/iiro/.m2/repository/org/springframework/spring-webmvc/6.0.10/spring-webmvc-6.0.10.jar:/Users/iiro/.m2/repository/org/springframework/spring-expression/6.0.10/spring-expression-6.0.10.jar:/Users/iiro/.m2/repository/org/springframework/boot/spring-boot-starter-webflux/3.1.1/spring-boot-starter-webflux-3.1.1.jar:/Users/iiro/.m2/repository/org/springframework/boot/spring-boot-starter-reactor-netty/3.1.1/spring-boot-starter-reactor-netty-3.1.1.jar:/Users/iiro/.m2/repository/io/projectreactor/netty/reactor-netty-http/1.1.8/reactor-netty-http-1.1.8.jar:/Users/iiro/.m2/repository/io/netty/netty-codec-http/4.1.94.Final/netty-codec-http-4.1.94.Final.jar:/Users/iiro/.m2/repository/io/netty/netty-common/4.1.94.Final/netty-common-4.1.94.Final.jar:/Users/iiro/.m2/repository/io/netty/netty-buffer/4.1.94.Final/netty-buffer-4.1.94.Final.jar:/Users/iiro/.m2/repository/io/netty/netty-transport/4.1.94.Final/netty-transport-4.1.94.Final.jar:/Users/iiro/.m2/repository/io/netty/netty-codec/4.1.94.Final/netty-codec-4.1.94.Final.jar:/Users/iiro/.m2/repository/io/netty/netty-handler/4.1.94.Final/netty-handler-4.1.94.Final.jar:/Users/iiro/.m2/repository/io/netty/netty-codec-http2/4.1.94.Final/netty-codec-http2-4.1.94.Final.jar:/Users/iiro/.m2/repository/io/netty/netty-resolver-dns/4.1.94.Final/netty-resolver-dns-4.1.94.Final.jar:/Users/iiro/.m2/repository/io/netty/netty-resolver/4.1.94.Final/netty-resolver-4.1.94.Final.jar:/Users/iiro/.m2/repository/io/netty/netty-codec-dns/4.1.94.Final/netty-codec-dns-4.1.94.Final.jar:/Users/iiro/.m2/repository/io/netty/netty-resolver-dns-native-macos/4.1.94.Final/netty-resolver-dns-native-macos-4.1.94.Final-osx-x86_64.jar:/Users/iiro/.m2/repository/io/netty/netty-resolver-dns-classes-macos/4.1.94.Final/netty-resolver-dns-classes-macos-4.1.94.Final.jar:/Users/iiro/.m2/repository/io/netty/netty-transport-native-epoll/4.1.94.Final/netty-transport-native-epoll-4.1.94.Final-linux-x86_64.jar:/Users/iiro/.m2/repository/io/netty/netty-transport-native-unix-common/4.1.94.Final/netty-transport-native-unix-common-4.1.94.Final.jar:/Users/iiro/.m2/repository/io/netty/netty-transport-classes-epoll/4.1.94.Final/netty-transport-classes-epoll-4.1.94.Final.jar:/Users/iiro/.m2/repository/io/projectreactor/netty/reactor-netty-core/1.1.8/reactor-netty-core-1.1.8.jar:/Users/iiro/.m2/repository/io/netty/netty-handler-proxy/4.1.94.Final/netty-handler-proxy-4.1.94.Final.jar:/Users/iiro/.m2/repository/io/netty/netty-codec-socks/4.1.94.Final/netty-codec-socks-4.1.94.Final.jar:/Users/iiro/.m2/repository/org/springframework/spring-webflux/6.0.10/spring-webflux-6.0.10.jar:/Users/iiro/.m2/repository/io/projectreactor/reactor-core/3.5.7/reactor-core-3.5.7.jar:/Users/iiro/.m2/repository/org/reactivestreams/reactive-streams/1.0.4/reactive-streams-1.0.4.jar:/Users/iiro/.m2/repository/com/mysql/mysql-connector-j/8.0.33/mysql-connector-j-8.0.33.jar:/Users/iiro/.m2/repository/org/springframework/boot/spring-boot-starter-test/3.1.1/spring-boot-starter-test-3.1.1.jar:/Users/iiro/.m2/repository/org/springframework/boot/spring-boot-test/3.1.1/spring-boot-test-3.1.1.jar:/Users/iiro/.m2/repository/org/springframework/boot/spring-boot-test-autoconfigure/3.1.1/spring-boot-test-autoconfigure-3.1.1.jar:/Users/iiro/.m2/repository/com/jayway/jsonpath/json-path/2.8.0/json-path-2.8.0.jar:/Users/iiro/.m2/repository/jakarta/xml/bind/jakarta.xml.bind-api/4.0.0/jakarta.xml.bind-api-4.0.0.jar:/Users/iiro/.m2/repository/jakarta/activation/jakarta.activation-api/2.1.2/jakarta.activation-api-2.1.2.jar:/Users/iiro/.m2/repository/org/assertj/assertj-core/3.24.2/assertj-core-3.24.2.jar:/Users/iiro/.m2/repository/org/hamcrest/hamcrest/2.2/hamcrest-2.2.jar:/Users/iiro/.m2/repository/org/junit/jupiter/junit-jupiter/5.9.3/junit-jupiter-5.9.3.jar:/Users/iiro/.m2/repository/org/junit/jupiter/junit-jupiter-api/5.9.3/junit-jupiter-api-5.9.3.jar:/Users/iiro/.m2/repository/org/opentest4j/opentest4j/1.2.0/opentest4j-1.2.0.jar:/Users/iiro/.m2/repository/org/junit/platform/junit-platform-commons/1.9.3/junit-platform-commons-1.9.3.jar:/Users/iiro/.m2/repository/org/apiguardian/apiguardian-api/1.1.2/apiguardian-api-1.1.2.jar:/Users/iiro/.m2/repository/org/junit/jupiter/junit-jupiter-params/5.9.3/junit-jupiter-params-5.9.3.jar:/Users/iiro/.m2/repository/org/junit/jupiter/junit-jupiter-engine/5.9.3/junit-jupiter-engine-5.9.3.jar:/Users/iiro/.m2/repository/org/junit/platform/junit-platform-engine/1.9.3/junit-platform-engine-1.9.3.jar:/Users/iiro/.m2/repository/org/mockito/mockito-core/5.3.1/mockito-core-5.3.1.jar:/Users/iiro/.m2/repository/net/bytebuddy/byte-buddy-agent/1.14.5/byte-buddy-agent-1.14.5.jar:/Users/iiro/.m2/repository/org/objenesis/objenesis/3.3/objenesis-3.3.jar:/Users/iiro/.m2/repository/org/mockito/mockito-junit-jupiter/5.3.1/mockito-junit-jupiter-5.3.1.jar:/Users/iiro/.m2/repository/org/skyscreamer/jsonassert/1.5.1/jsonassert-1.5.1.jar:/Users/iiro/.m2/repository/com/vaadin/external/google/android-json/0.0.20131108.vaadin1/android-json-0.0.20131108.vaadin1.jar:/Users/iiro/.m2/repository/org/springframework/spring-core/6.0.10/spring-core-6.0.10.jar:/Users/iiro/.m2/repository/org/springframework/spring-jcl/6.0.10/spring-jcl-6.0.10.jar:/Users/iiro/.m2/repository/org/springframework/spring-test/6.0.10/spring-test-6.0.10.jar:/Users/iiro/.m2/repository/org/xmlunit/xmlunit-core/2.9.1/xmlunit-core-2.9.1.jar:/Users/iiro/.m2/repository/com/h2database/h2/2.1.214/h2-2.1.214.jar:/Users/iiro/.m2/repository/net/minidev/json-smart/2.4.11/json-smart-2.4.11.jar:/Users/iiro/.m2/repository/net/minidev/accessors-smart/2.4.11/accessors-smart-2.4.11.jar:/Users/iiro/.m2/repository/org/ow2/asm/asm/9.3/asm-9.3.jar:/Users/iiro/.m2/repository/com/squareup/okhttp3/okhttp/4.10.0/okhttp-4.10.0.jar:/Users/iiro/.m2/repository/com/squareup/okio/okio-jvm/3.0.0/okio-jvm-3.0.0.jar:/Users/iiro/.m2/repository/org/jetbrains/kotlin/kotlin-stdlib-common/1.8.22/kotlin-stdlib-common-1.8.22.jar:/Users/iiro/.m2/repository/org/jetbrains/kotlin/kotlin-stdlib/1.8.22/kotlin-stdlib-1.8.22.jar:/Users/iiro/.m2/repository/org/jetbrains/annotations/13.0/annotations-13.0.jar:/Users/iiro/.m2/repository/com/squareup/okhttp3/mockwebserver/4.10.0/mockwebserver-4.10.0.jar:/Users/iiro/.m2/repository/junit/junit/4.13.2/junit-4.13.2.jar:/Users/iiro/.m2/repository/org/hamcrest/hamcrest-core/2.2/hamcrest-core-2.2.jar:/Users/iiro/.m2/repository/org/jetbrains/kotlin/kotlin-stdlib-jdk8/1.8.22/kotlin-stdlib-jdk8-1.8.22.jar:/Users/iiro/.m2/repository/org/jetbrains/kotlin/kotlin-stdlib-jdk7/1.8.22/kotlin-stdlib-jdk7-1.8.22.jar:/Users/iiro/.m2/repository/org/springframework/boot/spring-boot-starter-security/3.1.1/spring-boot-starter-security-3.1.1.jar:/Users/iiro/.m2/repository/org/springframework/spring-aop/6.0.10/spring-aop-6.0.10.jar:/Users/iiro/.m2/repository/org/springframework/security/spring-security-config/6.1.1/spring-security-config-6.1.1.jar:/Users/iiro/.m2/repository/org/springframework/security/spring-security-web/6.1.1/spring-security-web-6.1.1.jar:/Users/iiro/.m2/repository/io/jsonwebtoken/jjwt-api/0.11.5/jjwt-api-0.11.5.jar:/Users/iiro/.m2/repository/io/jsonwebtoken/jjwt-impl/0.11.5/jjwt-impl-0.11.5.jar:/Users/iiro/.m2/repository/io/jsonwebtoken/jjwt-jackson/0.11.5/jjwt-jackson-0.11.5.jar:/Users/iiro/.m2/repository/com/fasterxml/jackson/core/jackson-databind/2.15.2/jackson-databind-2.15.2.jar:/Users/iiro/.m2/repository/com/fasterxml/jackson/core/jackson-annotations/2.15.2/jackson-annotations-2.15.2.jar:/Users/iiro/.m2/repository/com/fasterxml/jackson/core/jackson-core/2.15.2/jackson-core-2.15.2.jar:/Users/iiro/.m2/repository/org/projectlombok/lombok/1.18.28/lombok-1.18.28.jar:/Users/iiro/.m2/repository/org/springframework/security/spring-security-test/6.1.1/spring-security-test-6.1.1.jar:/Users/iiro/.m2/repository/org/springframework/security/spring-security-core/6.1.1/spring-security-core-6.1.1.jar:/Users/iiro/.m2/repository/org/springframework/security/spring-security-crypto/6.1.1/spring-security-crypto-6.1.1.jar:"/>
    <property name="sun.cpu.endian" value="little"/>
    <property name="user.home" value="/Users/iiro"/>
    <property name="user.language" value="en"/>
    <property name="java.specification.vendor" value="Oracle Corporation"/>
    <property name="java.version.date" value="2022-01-18"/>
    <property name="java.home" value="/opt/homebrew/Cellar/openjdk/17.0.2/libexec/openjdk.jdk/Contents/Home"/>
    <property name="file.separator" value="/"/>
    <property name="basedir" value="/Users/iiro/Documents/Ohjelmointi/reviews/reviews-backend/reviewsbackend"/>
    <property name="java.vm.compressedOopsMode" value="Zero based"/>
    <property name="line.separator" value="&#10;"/>
    <property name="java.specification.name" value="Java Platform API Specification"/>
    <property name="java.vm.specification.vendor" value="Oracle Corporation"/>
    <property name="FILE_LOG_CHARSET" value="UTF-8"/>
    <property name="java.awt.headless" value="true"/>
    <property name="surefire.real.class.path" value="/Users/iiro/Documents/Ohjelmointi/reviews/reviews-backend/reviewsbackend/target/surefire/surefirebooter-20231029145534661_3.jar"/>
    <property name="sun.management.compiler" value="HotSpot 64-Bit Tiered Compilers"/>
    <property name="ftp.nonProxyHosts" value="local|*.local|169.254/16|*.169.254/16"/>
    <property name="java.runtime.version" value="17.0.2+0"/>
    <property name="user.name" value="iiro"/>
    <property name="path.separator" value=":"/>
    <property name="os.version" value="13.4.1"/>
    <property name="java.runtime.name" value="OpenJDK Runtime Environment"/>
    <property name="file.encoding" value="UTF-8"/>
    <property name="java.vm.name" value="OpenJDK 64-Bit Server VM"/>
    <property name="java.vendor.version" value="Homebrew"/>
    <property name="localRepository" value="/Users/iiro/.m2/repository"/>
    <property name="java.vendor.url.bug" value="https://github.com/Homebrew/homebrew-core/issues"/>
    <property name="java.io.tmpdir" value="/var/folders/xm/f__fpvcd74jg4d0ktvzdw5hr0000gn/T/"/>
    <property name="com.zaxxer.hikari.pool_number" value="6"/>
    <property name="catalina.home" value="/private/var/folders/xm/f__fpvcd74jg4d0ktvzdw5hr0000gn/T/tomcat.0.3482301715776944255"/>
    <property name="java.version" value="17.0.2"/>
    <property name="user.dir" value="/Users/iiro/Documents/Ohjelmointi/reviews/reviews-backend/reviewsbackend"/>
    <property name="os.arch" value="aarch64"/>
    <property name="java.vm.specification.name" value="Java Virtual Machine Specification"/>
    <property name="PID" value="95358"/>
    <property name="CONSOLE_LOG_CHARSET" value="UTF-8"/>
    <property name="catalina.base" value="/private/var/folders/xm/f__fpvcd74jg4d0ktvzdw5hr0000gn/T/tomcat.0.4980930061139769538"/>
    <property name="native.encoding" value="UTF-8"/>
    <property name="java.library.path" value="/Users/iiro/Library/Java/Extensions:/Library/Java/Extensions:/Network/Library/Java/Extensions:/System/Library/Java/Extensions:/usr/lib/java:."/>
    <property name="java.vm.info" value="mixed mode, sharing"/>
    <property name="java.vendor" value="Homebrew"/>
    <property name="java.vm.version" value="17.0.2+0"/>
    <property name="sun.io.unicode.encoding" value="UnicodeBig"/>
    <property name="socksNonProxyHosts" value="local|*.local|169.254/16|*.169.254/16"/>
    <property name="java.class.version" value="61.0"/>
  </properties>
  <testcase name="getItemsWorks" classname="com.example.shopBackend.item.ItemIntegrationTest" time="2.412">
    <system-out><![CDATA[2023-10-29T14:55:39.862+02:00  INFO 95358 --- [           main] t.c.s.AnnotationConfigContextLoaderUtils : Could not detect default configuration classes for test class [com.example.shopBackend.item.ItemIntegrationTest]: ItemIntegrationTest does not declare any static, non-private, non-final, nested classes annotated with @Configuration.
2023-10-29T14:55:39.879+02:00  INFO 95358 --- [           main] .b.t.c.SpringBootTestContextBootstrapper : Found @SpringBootConfiguration com.example.shopBackend.ShopBackendApplication for test class com.example.shopBackend.item.ItemIntegrationTest

  .   ____          _            __ _ _
 /\\ / ___'_ __ _ _(_)_ __  __ _ \ \ \ \
( ( )\___ | '_ | '_| | '_ \/ _` | \ \ \ \
 \\/  ___)| |_)| | | | | || (_| |  ) ) ) )
  '  |____| .__|_| |_|_| |_\__, | / / / /
 =========|_|==============|___/=/_/_/_/
 :: Spring Boot ::                (v3.1.1)

2023-10-29T14:55:39.899+02:00  INFO 95358 --- [           main] c.e.s.item.ItemIntegrationTest           : Starting ItemIntegrationTest using Java 17.0.2 with PID 95358 (started by iiro in /Users/iiro/Documents/Ohjelmointi/reviews/reviews-backend/reviewsbackend)
2023-10-29T14:55:39.899+02:00  INFO 95358 --- [           main] c.e.s.item.ItemIntegrationTest           : The following 1 profile is active: "test"
2023-10-29T14:55:40.047+02:00  INFO 95358 --- [           main] .s.d.r.c.RepositoryConfigurationDelegate : Bootstrapping Spring Data JPA repositories in DEFAULT mode.
2023-10-29T14:55:40.060+02:00  INFO 95358 --- [           main] .s.d.r.c.RepositoryConfigurationDelegate : Finished Spring Data repository scanning in 12 ms. Found 6 JPA repository interfaces.
2023-10-29T14:55:40.245+02:00  INFO 95358 --- [           main] o.s.b.w.embedded.tomcat.TomcatWebServer  : Tomcat initialized with port(s): 0 (http)
2023-10-29T14:55:40.250+02:00  INFO 95358 --- [           main] o.apache.catalina.core.StandardService   : Starting service [Tomcat]
2023-10-29T14:55:40.251+02:00  INFO 95358 --- [           main] o.apache.catalina.core.StandardEngine    : Starting Servlet engine: [Apache Tomcat/10.1.10]
2023-10-29T14:55:40.298+02:00  INFO 95358 --- [           main] o.a.c.c.C.[Tomcat].[localhost].[/]       : Initializing Spring embedded WebApplicationContext
2023-10-29T14:55:40.299+02:00  INFO 95358 --- [           main] w.s.c.ServletWebServerApplicationContext : Root WebApplicationContext: initialization completed in 399 ms
2023-10-29T14:55:40.340+02:00  INFO 95358 --- [           main] o.hibernate.jpa.internal.util.LogHelper  : HHH000204: Processing PersistenceUnitInfo [name: default]
2023-10-29T14:55:40.345+02:00  INFO 95358 --- [           main] o.h.b.i.BytecodeProviderInitiator        : HHH000021: Bytecode provider name : bytebuddy
2023-10-29T14:55:40.345+02:00  INFO 95358 --- [           main] o.s.o.j.p.SpringPersistenceUnitInfo      : No LoadTimeWeaver setup: ignoring JPA class transformer
2023-10-29T14:55:40.345+02:00  INFO 95358 --- [           main] com.zaxxer.hikari.HikariDataSource       : HikariPool-2 - Starting...
2023-10-29T14:55:40.347+02:00  INFO 95358 --- [           main] com.zaxxer.hikari.pool.HikariPool        : HikariPool-2 - Added connection conn10: url=jdbc:h2:mem:bc1321b0-747b-46e3-aa6f-e1a553c9ed2e user=SA
2023-10-29T14:55:40.347+02:00  INFO 95358 --- [           main] com.zaxxer.hikari.HikariDataSource       : HikariPool-2 - Start completed.
2023-10-29T14:55:40.348+02:00  WARN 95358 --- [           main] org.hibernate.dialect.Dialect            : HHH000511: The 2.1.0 version for [org.hibernate.dialect.MySQLDialect] is no longer supported, hence certain features may not work properly. The minimum supported version is 5.7.0. Check the community dialects project for available legacy versions.
2023-10-29T14:55:40.358+02:00  INFO 95358 --- [           main] o.h.b.i.BytecodeProviderInitiator        : HHH000021: Bytecode provider name : bytebuddy
2023-10-29T14:55:40.389+02:00  INFO 95358 --- [           main] o.h.e.t.j.p.i.JtaPlatformInitiator       : HHH000490: Using JtaPlatform implementation: [org.hibernate.engine.transaction.jta.platform.internal.NoJtaPlatform]
Hibernate: 
    create table account_roles (
        role_id integer not null auto_increment,
        role_name varchar(255) not null,
        primary key (role_id)
    ) engine=InnoDB
Hibernate: 
    create table accounts (
        account_id integer not null auto_increment,
        account_email varchar(255) not null,
        account_name varchar(255) not null,
        account_password varchar(255) not null,
        account_username varchar(255) not null,
        account_role integer not null,
        primary key (account_id)
    ) engine=InnoDB
Hibernate: 
    create table item_categories (
        category_id integer not null auto_increment,
        category_name varchar(255) not null,
        primary key (category_id)
    ) engine=InnoDB
Hibernate: 
    create table items (
        item_id integer not null auto_increment,
        item_rating float(23),
        item_title varchar(255) not null,
        item_account integer not null,
        item_category integer not null,
        item_words integer,
        primary key (item_id)
    ) engine=InnoDB
Hibernate: 
    create table reviews (
        review_id integer not null auto_increment,
        review_body text not null,
        review_date date not null,
        review_dislikes integer not null,
        review_likes integer not null,
        review_rating integer,
        review_title text not null,
        review_account integer not null,
        review_item integer not null,
        primary key (review_id)
    ) engine=InnoDB
Hibernate: 
    create table words (
        words_id integer not null auto_increment,
        words_negative varbinary(255),
        words_positive varbinary(255),
        primary key (words_id)
    ) engine=InnoDB
Hibernate: 
    alter table accounts 
       drop index UK_mk7tpo481lfhcsngxkcf40nw2
Hibernate: 
    alter table accounts 
       add constraint UK_mk7tpo481lfhcsngxkcf40nw2 unique (account_username)
Hibernate: 
    alter table items 
       drop index UK_l2hh6d3b7gbyk1x3158hnrm8j
Hibernate: 
    alter table items 
       add constraint UK_l2hh6d3b7gbyk1x3158hnrm8j unique (item_words)
Hibernate: 
    alter table accounts 
       add constraint FKa5420c4ple63nlr3aq2ywrn0s 
       foreign key (account_role) 
       references account_roles (role_id)
Hibernate: 
    alter table items 
       add constraint FKowc4sr11bcs0xodrwow85b43a 
       foreign key (item_account) 
       references accounts (account_id)
Hibernate: 
    alter table items 
       add constraint FKr193jj9b62b8lkb7ertq0w36q 
       foreign key (item_category) 
       references item_categories (category_id)
Hibernate: 
    alter table items 
       add constraint FKqct0hrjypd6x1f7ogii60bl9j 
       foreign key (item_words) 
       references words (words_id)
Hibernate: 
    alter table reviews 
       add constraint FKsqysu6con2ua8dn83tfd4cttn 
       foreign key (review_account) 
       references accounts (account_id)
Hibernate: 
    alter table reviews 
       add constraint FKuva164xbjqmhwwbel1m32joo 
       foreign key (review_item) 
       references items (item_id)
2023-10-29T14:55:40.398+02:00  INFO 95358 --- [           main] j.LocalContainerEntityManagerFactoryBean : Initialized JPA EntityManagerFactory for persistence unit 'default'
2023-10-29T14:55:40.577+02:00  WARN 95358 --- [           main] JpaBaseConfiguration$JpaWebConfiguration : spring.jpa.open-in-view is enabled by default. Therefore, database queries may be performed during view rendering. Explicitly configure spring.jpa.open-in-view to disable this warning
2023-10-29T14:55:40.631+02:00  INFO 95358 --- [           main] o.s.s.web.DefaultSecurityFilterChain     : Will secure any request with [org.springframework.security.web.session.DisableEncodeUrlFilter@64b1d0ab, org.springframework.security.web.context.request.async.WebAsyncManagerIntegrationFilter@4758158f, org.springframework.security.web.context.SecurityContextHolderFilter@52ac4878, org.springframework.security.web.header.HeaderWriterFilter@c8293cb, org.springframework.web.filter.CorsFilter@15364d8b, org.springframework.web.filter.CorsFilter@7a680b69, org.springframework.security.web.authentication.logout.LogoutFilter@1f978bb1, com.example.shopBackend.security.JwtAthFilter@4631a6a9, org.springframework.security.web.savedrequest.RequestCacheAwareFilter@4a28852d, org.springframework.security.web.servletapi.SecurityContextHolderAwareRequestFilter@478b5a43, org.springframework.security.web.authentication.AnonymousAuthenticationFilter@10b6a807, org.springframework.security.web.session.SessionManagementFilter@322b500a, org.springframework.security.web.access.ExceptionTranslationFilter@282919de, org.springframework.security.web.access.intercept.AuthorizationFilter@c5c7db1]
2023-10-29T14:55:40.864+02:00  INFO 95358 --- [           main] o.s.b.w.embedded.tomcat.TomcatWebServer  : Tomcat started on port(s): 63472 (http) with context path ''
2023-10-29T14:55:40.868+02:00  INFO 95358 --- [           main] c.e.s.item.ItemIntegrationTest           : Started ItemIntegrationTest in 0.986 seconds (process running for 6.015)
2023-10-29T14:55:41.023+02:00 ERROR 95358 --- [           main] i.n.r.d.DnsServerAddressStreamProviders  : Unable to load io.netty.resolver.dns.macos.MacOSDnsServerAddressStreamProvider, fallback to system defaults. This may result in incorrect DNS resolutions on MacOS. Check whether you have a dependency on 'io.netty:netty-resolver-dns-native-macos'. Use DEBUG level to see the full stack: java.lang.UnsatisfiedLinkError: failed to load the required native library
2023-10-29T14:55:41.153+02:00  INFO 95358 --- [o-auto-1-exec-1] o.a.c.c.C.[Tomcat].[localhost].[/]       : Initializing Spring DispatcherServlet 'dispatcherServlet'
2023-10-29T14:55:41.153+02:00  INFO 95358 --- [o-auto-1-exec-1] o.s.web.servlet.DispatcherServlet        : Initializing Servlet 'dispatcherServlet'
2023-10-29T14:55:41.154+02:00  INFO 95358 --- [o-auto-1-exec-1] o.s.web.servlet.DispatcherServlet        : Completed initialization in 1 ms
Hibernate: 
    SELECT
        * 
    FROM
        accounts a 
    WHERE
        a.account_username = ?
Hibernate: 
    select
        r1_0.role_id,
        r1_0.role_name 
    from
        account_roles r1_0 
    where
        r1_0.role_id=?
Hibernate: 
    select
        a1_0.account_id,
        a1_0.account_email,
        a1_0.account_name,
        a1_0.account_password,
        a1_0.account_role,
        r1_0.role_id,
        r1_0.role_name,
        a1_0.account_username 
    from
        accounts a1_0 
    join
        account_roles r1_0 
            on r1_0.role_id=a1_0.account_role 
    where
        a1_0.account_id=?
Hibernate: 
    SELECT
        i.item_id AS id,
        i.item_title AS title,
        ROUND(i.item_rating) as rating,
        COUNT(r.review_id) AS reviews 
    FROM
        items i 
    LEFT JOIN
        reviews r 
            ON r.review_item = i.item_id 
    WHERE
        i.item_account = ? 
    GROUP BY
        i.item_id limit ?,
        ?
Hibernate: 
    SELECT
        i.item_id AS id,
        i.item_title AS title,
        ROUND(i.item_rating) as rating,
        COUNT(r.review_id) AS reviews 
    FROM
        items i 
    LEFT JOIN
        reviews r 
            ON r.review_item = i.item_id 
    WHERE
        i.item_account = ? 
    GROUP BY
        i.item_id limit ?
2023-10-29T14:55:41.225+02:00  INFO 95358 --- [           main] o.apache.catalina.core.StandardService   : Stopping service [Tomcat]
2023-10-29T14:55:41.225+02:00  INFO 95358 --- [           main] o.a.c.c.C.[Tomcat].[localhost].[/]       : Destroying Spring FrameworkServlet 'dispatcherServlet'
2023-10-29T14:55:41.227+02:00  WARN 95358 --- [           main] o.a.c.loader.WebappClassLoaderBase       : The web application [ROOT] appears to have started a thread named [HikariPool-2 housekeeper] but has failed to stop it. This is very likely to create a memory leak. Stack trace of thread:
 java.base@17.0.2/jdk.internal.misc.Unsafe.park(Native Method)
 java.base@17.0.2/java.util.concurrent.locks.LockSupport.parkNanos(LockSupport.java:252)
 java.base@17.0.2/java.util.concurrent.locks.AbstractQueuedSynchronizer$ConditionObject.awaitNanos(AbstractQueuedSynchronizer.java:1672)
 java.base@17.0.2/java.util.concurrent.ScheduledThreadPoolExecutor$DelayedWorkQueue.take(ScheduledThreadPoolExecutor.java:1182)
 java.base@17.0.2/java.util.concurrent.ScheduledThreadPoolExecutor$DelayedWorkQueue.take(ScheduledThreadPoolExecutor.java:899)
 java.base@17.0.2/java.util.concurrent.ThreadPoolExecutor.getTask(ThreadPoolExecutor.java:1062)
 java.base@17.0.2/java.util.concurrent.ThreadPoolExecutor.runWorker(ThreadPoolExecutor.java:1122)
 java.base@17.0.2/java.util.concurrent.ThreadPoolExecutor$Worker.run(ThreadPoolExecutor.java:635)
 java.base@17.0.2/java.lang.Thread.run(Thread.java:833)
2023-10-29T14:55:41.227+02:00  WARN 95358 --- [           main] o.a.c.loader.WebappClassLoaderBase       : The web application [ROOT] appears to have started a thread named [HikariPool-2 connection adder] but has failed to stop it. This is very likely to create a memory leak. Stack trace of thread:
 java.base@17.0.2/jdk.internal.misc.Unsafe.park(Native Method)
 java.base@17.0.2/java.util.concurrent.locks.LockSupport.parkNanos(LockSupport.java:252)
 java.base@17.0.2/java.util.concurrent.locks.AbstractQueuedSynchronizer$ConditionObject.awaitNanos(AbstractQueuedSynchronizer.java:1672)
 java.base@17.0.2/java.util.concurrent.LinkedBlockingQueue.poll(LinkedBlockingQueue.java:460)
 java.base@17.0.2/java.util.concurrent.ThreadPoolExecutor.getTask(ThreadPoolExecutor.java:1061)
 java.base@17.0.2/java.util.concurrent.ThreadPoolExecutor.runWorker(ThreadPoolExecutor.java:1122)
 java.base@17.0.2/java.util.concurrent.ThreadPoolExecutor$Worker.run(ThreadPoolExecutor.java:635)
 java.base@17.0.2/java.lang.Thread.run(Thread.java:833)
2023-10-29T14:55:43.314+02:00  INFO 95358 --- [           main] j.LocalContainerEntityManagerFactoryBean : Closing JPA EntityManagerFactory for persistence unit 'default'
2023-10-29T14:55:43.319+02:00  INFO 95358 --- [           main] com.zaxxer.hikari.HikariDataSource       : HikariPool-2 - Shutdown initiated...
2023-10-29T14:55:43.321+02:00  INFO 95358 --- [           main] com.zaxxer.hikari.HikariDataSource       : HikariPool-2 - Shutdown completed.
]]></system-out>
  </testcase>
  <testcase name="getItemsWithTitleWorks" classname="com.example.shopBackend.item.ItemIntegrationTest" time="2.106">
    <system-out><![CDATA[
  .   ____          _            __ _ _
 /\\ / ___'_ __ _ _(_)_ __  __ _ \ \ \ \
( ( )\___ | '_ | '_| | '_ \/ _` | \ \ \ \
 \\/  ___)| |_)| | | | | || (_| |  ) ) ) )
  '  |____| .__|_| |_|_| |_\__, | / / / /
 =========|_|==============|___/=/_/_/_/
 :: Spring Boot ::                (v3.1.1)

2023-10-29T14:55:43.339+02:00  INFO 95358 --- [           main] c.e.s.item.ItemIntegrationTest           : Starting ItemIntegrationTest using Java 17.0.2 with PID 95358 (started by iiro in /Users/iiro/Documents/Ohjelmointi/reviews/reviews-backend/reviewsbackend)
2023-10-29T14:55:43.339+02:00  INFO 95358 --- [           main] c.e.s.item.ItemIntegrationTest           : The following 1 profile is active: "test"
2023-10-29T14:55:43.453+02:00  INFO 95358 --- [           main] .s.d.r.c.RepositoryConfigurationDelegate : Bootstrapping Spring Data JPA repositories in DEFAULT mode.
2023-10-29T14:55:43.471+02:00  INFO 95358 --- [           main] .s.d.r.c.RepositoryConfigurationDelegate : Finished Spring Data repository scanning in 17 ms. Found 6 JPA repository interfaces.
2023-10-29T14:55:43.527+02:00  INFO 95358 --- [           main] o.s.b.w.embedded.tomcat.TomcatWebServer  : Tomcat initialized with port(s): 0 (http)
2023-10-29T14:55:43.528+02:00  INFO 95358 --- [           main] o.apache.catalina.core.StandardService   : Starting service [Tomcat]
2023-10-29T14:55:43.528+02:00  INFO 95358 --- [           main] o.apache.catalina.core.StandardEngine    : Starting Servlet engine: [Apache Tomcat/10.1.10]
2023-10-29T14:55:43.540+02:00  INFO 95358 --- [           main] o.a.c.c.C.[Tomcat].[localhost].[/]       : Initializing Spring embedded WebApplicationContext
2023-10-29T14:55:43.540+02:00  INFO 95358 --- [           main] w.s.c.ServletWebServerApplicationContext : Root WebApplicationContext: initialization completed in 200 ms
2023-10-29T14:55:43.566+02:00  INFO 95358 --- [           main] o.hibernate.jpa.internal.util.LogHelper  : HHH000204: Processing PersistenceUnitInfo [name: default]
2023-10-29T14:55:43.569+02:00  INFO 95358 --- [           main] o.h.b.i.BytecodeProviderInitiator        : HHH000021: Bytecode provider name : bytebuddy
2023-10-29T14:55:43.569+02:00  INFO 95358 --- [           main] o.s.o.j.p.SpringPersistenceUnitInfo      : No LoadTimeWeaver setup: ignoring JPA class transformer
2023-10-29T14:55:43.570+02:00  INFO 95358 --- [           main] com.zaxxer.hikari.HikariDataSource       : HikariPool-3 - Starting...
2023-10-29T14:55:43.571+02:00  INFO 95358 --- [           main] com.zaxxer.hikari.pool.HikariPool        : HikariPool-3 - Added connection conn20: url=jdbc:h2:mem:5c2d0361-cc2c-4276-a4ad-c99f43aeecc3 user=SA
2023-10-29T14:55:43.571+02:00  INFO 95358 --- [           main] com.zaxxer.hikari.HikariDataSource       : HikariPool-3 - Start completed.
2023-10-29T14:55:43.571+02:00  WARN 95358 --- [           main] org.hibernate.dialect.Dialect            : HHH000511: The 2.1.0 version for [org.hibernate.dialect.MySQLDialect] is no longer supported, hence certain features may not work properly. The minimum supported version is 5.7.0. Check the community dialects project for available legacy versions.
2023-10-29T14:55:43.584+02:00  INFO 95358 --- [           main] o.h.b.i.BytecodeProviderInitiator        : HHH000021: Bytecode provider name : bytebuddy
2023-10-29T14:55:43.611+02:00  INFO 95358 --- [           main] o.h.e.t.j.p.i.JtaPlatformInitiator       : HHH000490: Using JtaPlatform implementation: [org.hibernate.engine.transaction.jta.platform.internal.NoJtaPlatform]
Hibernate: 
    create table account_roles (
        role_id integer not null auto_increment,
        role_name varchar(255) not null,
        primary key (role_id)
    ) engine=InnoDB
Hibernate: 
    create table accounts (
        account_id integer not null auto_increment,
        account_email varchar(255) not null,
        account_name varchar(255) not null,
        account_password varchar(255) not null,
        account_username varchar(255) not null,
        account_role integer not null,
        primary key (account_id)
    ) engine=InnoDB
Hibernate: 
    create table item_categories (
        category_id integer not null auto_increment,
        category_name varchar(255) not null,
        primary key (category_id)
    ) engine=InnoDB
Hibernate: 
    create table items (
        item_id integer not null auto_increment,
        item_rating float(23),
        item_title varchar(255) not null,
        item_account integer not null,
        item_category integer not null,
        item_words integer,
        primary key (item_id)
    ) engine=InnoDB
Hibernate: 
    create table reviews (
        review_id integer not null auto_increment,
        review_body text not null,
        review_date date not null,
        review_dislikes integer not null,
        review_likes integer not null,
        review_rating integer,
        review_title text not null,
        review_account integer not null,
        review_item integer not null,
        primary key (review_id)
    ) engine=InnoDB
Hibernate: 
    create table words (
        words_id integer not null auto_increment,
        words_negative varbinary(255),
        words_positive varbinary(255),
        primary key (words_id)
    ) engine=InnoDB
Hibernate: 
    alter table accounts 
       drop index UK_mk7tpo481lfhcsngxkcf40nw2
Hibernate: 
    alter table accounts 
       add constraint UK_mk7tpo481lfhcsngxkcf40nw2 unique (account_username)
Hibernate: 
    alter table items 
       drop index UK_l2hh6d3b7gbyk1x3158hnrm8j
Hibernate: 
    alter table items 
       add constraint UK_l2hh6d3b7gbyk1x3158hnrm8j unique (item_words)
Hibernate: 
    alter table accounts 
       add constraint FKa5420c4ple63nlr3aq2ywrn0s 
       foreign key (account_role) 
       references account_roles (role_id)
Hibernate: 
    alter table items 
       add constraint FKowc4sr11bcs0xodrwow85b43a 
       foreign key (item_account) 
       references accounts (account_id)
Hibernate: 
    alter table items 
       add constraint FKr193jj9b62b8lkb7ertq0w36q 
       foreign key (item_category) 
       references item_categories (category_id)
Hibernate: 
    alter table items 
       add constraint FKqct0hrjypd6x1f7ogii60bl9j 
       foreign key (item_words) 
       references words (words_id)
Hibernate: 
    alter table reviews 
       add constraint FKsqysu6con2ua8dn83tfd4cttn 
       foreign key (review_account) 
       references accounts (account_id)
Hibernate: 
    alter table reviews 
       add constraint FKuva164xbjqmhwwbel1m32joo 
       foreign key (review_item) 
       references items (item_id)
2023-10-29T14:55:43.619+02:00  INFO 95358 --- [           main] j.LocalContainerEntityManagerFactoryBean : Initialized JPA EntityManagerFactory for persistence unit 'default'
2023-10-29T14:55:43.717+02:00  WARN 95358 --- [           main] JpaBaseConfiguration$JpaWebConfiguration : spring.jpa.open-in-view is enabled by default. Therefore, database queries may be performed during view rendering. Explicitly configure spring.jpa.open-in-view to disable this warning
2023-10-29T14:55:43.758+02:00  INFO 95358 --- [           main] o.s.s.web.DefaultSecurityFilterChain     : Will secure any request with [org.springframework.security.web.session.DisableEncodeUrlFilter@32865c35, org.springframework.security.web.context.request.async.WebAsyncManagerIntegrationFilter@2b710d92, org.springframework.security.web.context.SecurityContextHolderFilter@734cf1bf, org.springframework.security.web.header.HeaderWriterFilter@768a4fe, org.springframework.web.filter.CorsFilter@62c9625e, org.springframework.web.filter.CorsFilter@5254304d, org.springframework.security.web.authentication.logout.LogoutFilter@3b24595e, com.example.shopBackend.security.JwtAthFilter@7e58471, org.springframework.security.web.savedrequest.RequestCacheAwareFilter@2a53d576, org.springframework.security.web.servletapi.SecurityContextHolderAwareRequestFilter@685edb96, org.springframework.security.web.authentication.AnonymousAuthenticationFilter@52b3a9c6, org.springframework.security.web.session.SessionManagementFilter@2afdb2b1, org.springframework.security.web.access.ExceptionTranslationFilter@7da48c4c, org.springframework.security.web.access.intercept.AuthorizationFilter@11742b29]
2023-10-29T14:55:43.796+02:00  INFO 95358 --- [           main] o.s.b.w.embedded.tomcat.TomcatWebServer  : Tomcat started on port(s): 63480 (http) with context path ''
2023-10-29T14:55:43.798+02:00  INFO 95358 --- [           main] c.e.s.item.ItemIntegrationTest           : Started ItemIntegrationTest in 0.474 seconds (process running for 8.945)
2023-10-29T14:55:43.805+02:00  INFO 95358 --- [o-auto-2-exec-1] o.a.c.c.C.[Tomcat].[localhost].[/]       : Initializing Spring DispatcherServlet 'dispatcherServlet'
2023-10-29T14:55:43.805+02:00  INFO 95358 --- [o-auto-2-exec-1] o.s.web.servlet.DispatcherServlet        : Initializing Servlet 'dispatcherServlet'
2023-10-29T14:55:43.805+02:00  INFO 95358 --- [o-auto-2-exec-1] o.s.web.servlet.DispatcherServlet        : Completed initialization in 0 ms
Hibernate: 
    SELECT
        * 
    FROM
        accounts a 
    WHERE
        a.account_username = ?
Hibernate: 
    select
        r1_0.role_id,
        r1_0.role_name 
    from
        account_roles r1_0 
    where
        r1_0.role_id=?
Hibernate: 
    select
        a1_0.account_id,
        a1_0.account_email,
        a1_0.account_name,
        a1_0.account_password,
        a1_0.account_role,
        r1_0.role_id,
        r1_0.role_name,
        a1_0.account_username 
    from
        accounts a1_0 
    join
        account_roles r1_0 
            on r1_0.role_id=a1_0.account_role 
    where
        a1_0.account_id=?
Hibernate: 
    SELECT
        i.item_id AS id,
        i.item_title AS title,
        ROUND(i.item_rating) as rating,
        COUNT(r.review_id) AS reviews 
    FROM
        items i 
    LEFT JOIN
        reviews r 
            ON r.review_item = i.item_id 
    WHERE
        i.item_account = ? 
    GROUP BY
        i.item_id limit ?,
        ?
Hibernate: 
    SELECT
        i.item_id AS id,
        i.item_title AS title,
        ROUND(i.item_rating) as rating,
        COUNT(r.review_id) AS reviews 
    FROM
        items i 
    LEFT JOIN
        reviews r 
            ON r.review_item = i.item_id 
    WHERE
        i.item_title LIKE ? 
        AND i.item_account = ? 
    GROUP BY
        i.item_id limit ?
2023-10-29T14:55:43.820+02:00  INFO 95358 --- [           main] o.apache.catalina.core.StandardService   : Stopping service [Tomcat]
2023-10-29T14:55:43.820+02:00  INFO 95358 --- [           main] o.a.c.c.C.[Tomcat].[localhost].[/]       : Destroying Spring FrameworkServlet 'dispatcherServlet'
2023-10-29T14:55:43.821+02:00  WARN 95358 --- [           main] o.a.c.loader.WebappClassLoaderBase       : The web application [ROOT] appears to have started a thread named [HikariPool-3 housekeeper] but has failed to stop it. This is very likely to create a memory leak. Stack trace of thread:
 java.base@17.0.2/jdk.internal.misc.Unsafe.park(Native Method)
 java.base@17.0.2/java.util.concurrent.locks.LockSupport.parkNanos(LockSupport.java:252)
 java.base@17.0.2/java.util.concurrent.locks.AbstractQueuedSynchronizer$ConditionObject.awaitNanos(AbstractQueuedSynchronizer.java:1672)
 java.base@17.0.2/java.util.concurrent.ScheduledThreadPoolExecutor$DelayedWorkQueue.take(ScheduledThreadPoolExecutor.java:1182)
 java.base@17.0.2/java.util.concurrent.ScheduledThreadPoolExecutor$DelayedWorkQueue.take(ScheduledThreadPoolExecutor.java:899)
 java.base@17.0.2/java.util.concurrent.ThreadPoolExecutor.getTask(ThreadPoolExecutor.java:1062)
 java.base@17.0.2/java.util.concurrent.ThreadPoolExecutor.runWorker(ThreadPoolExecutor.java:1122)
 java.base@17.0.2/java.util.concurrent.ThreadPoolExecutor$Worker.run(ThreadPoolExecutor.java:635)
 java.base@17.0.2/java.lang.Thread.run(Thread.java:833)
2023-10-29T14:55:43.821+02:00  WARN 95358 --- [           main] o.a.c.loader.WebappClassLoaderBase       : The web application [ROOT] appears to have started a thread named [HikariPool-3 connection adder] but has failed to stop it. This is very likely to create a memory leak. Stack trace of thread:
 java.base@17.0.2/jdk.internal.misc.Unsafe.park(Native Method)
 java.base@17.0.2/java.util.concurrent.locks.LockSupport.parkNanos(LockSupport.java:252)
 java.base@17.0.2/java.util.concurrent.locks.AbstractQueuedSynchronizer$ConditionObject.awaitNanos(AbstractQueuedSynchronizer.java:1672)
 java.base@17.0.2/java.util.concurrent.LinkedBlockingQueue.poll(LinkedBlockingQueue.java:460)
 java.base@17.0.2/java.util.concurrent.ThreadPoolExecutor.getTask(ThreadPoolExecutor.java:1061)
 java.base@17.0.2/java.util.concurrent.ThreadPoolExecutor.runWorker(ThreadPoolExecutor.java:1122)
 java.base@17.0.2/java.util.concurrent.ThreadPoolExecutor$Worker.run(ThreadPoolExecutor.java:635)
 java.base@17.0.2/java.lang.Thread.run(Thread.java:833)
2023-10-29T14:55:45.903+02:00  INFO 95358 --- [           main] j.LocalContainerEntityManagerFactoryBean : Closing JPA EntityManagerFactory for persistence unit 'default'
2023-10-29T14:55:45.904+02:00  INFO 95358 --- [           main] com.zaxxer.hikari.HikariDataSource       : HikariPool-3 - Shutdown initiated...
2023-10-29T14:55:45.905+02:00  INFO 95358 --- [           main] com.zaxxer.hikari.HikariDataSource       : HikariPool-3 - Shutdown completed.
]]></system-out>
  </testcase>
  <testcase name="addItemsWorks" classname="com.example.shopBackend.item.ItemIntegrationTest" time="2.124">
    <system-out><![CDATA[
  .   ____          _            __ _ _
 /\\ / ___'_ __ _ _(_)_ __  __ _ \ \ \ \
( ( )\___ | '_ | '_| | '_ \/ _` | \ \ \ \
 \\/  ___)| |_)| | | | | || (_| |  ) ) ) )
  '  |____| .__|_| |_|_| |_\__, | / / / /
 =========|_|==============|___/=/_/_/_/
 :: Spring Boot ::                (v3.1.1)

2023-10-29T14:55:45.928+02:00  INFO 95358 --- [           main] c.e.s.item.ItemIntegrationTest           : Starting ItemIntegrationTest using Java 17.0.2 with PID 95358 (started by iiro in /Users/iiro/Documents/Ohjelmointi/reviews/reviews-backend/reviewsbackend)
2023-10-29T14:55:45.928+02:00  INFO 95358 --- [           main] c.e.s.item.ItemIntegrationTest           : The following 1 profile is active: "test"
2023-10-29T14:55:46.024+02:00  INFO 95358 --- [           main] .s.d.r.c.RepositoryConfigurationDelegate : Bootstrapping Spring Data JPA repositories in DEFAULT mode.
2023-10-29T14:55:46.034+02:00  INFO 95358 --- [           main] .s.d.r.c.RepositoryConfigurationDelegate : Finished Spring Data repository scanning in 10 ms. Found 6 JPA repository interfaces.
2023-10-29T14:55:46.069+02:00  INFO 95358 --- [           main] o.s.b.w.embedded.tomcat.TomcatWebServer  : Tomcat initialized with port(s): 0 (http)
2023-10-29T14:55:46.069+02:00  INFO 95358 --- [           main] o.apache.catalina.core.StandardService   : Starting service [Tomcat]
2023-10-29T14:55:46.069+02:00  INFO 95358 --- [           main] o.apache.catalina.core.StandardEngine    : Starting Servlet engine: [Apache Tomcat/10.1.10]
2023-10-29T14:55:46.090+02:00  INFO 95358 --- [           main] o.a.c.c.C.[Tomcat].[localhost].[/]       : Initializing Spring embedded WebApplicationContext
2023-10-29T14:55:46.090+02:00  INFO 95358 --- [           main] w.s.c.ServletWebServerApplicationContext : Root WebApplicationContext: initialization completed in 161 ms
2023-10-29T14:55:46.106+02:00  INFO 95358 --- [           main] o.hibernate.jpa.internal.util.LogHelper  : HHH000204: Processing PersistenceUnitInfo [name: default]
2023-10-29T14:55:46.108+02:00  INFO 95358 --- [           main] o.h.b.i.BytecodeProviderInitiator        : HHH000021: Bytecode provider name : bytebuddy
2023-10-29T14:55:46.108+02:00  INFO 95358 --- [           main] o.s.o.j.p.SpringPersistenceUnitInfo      : No LoadTimeWeaver setup: ignoring JPA class transformer
2023-10-29T14:55:46.109+02:00  INFO 95358 --- [           main] com.zaxxer.hikari.HikariDataSource       : HikariPool-4 - Starting...
2023-10-29T14:55:46.110+02:00  INFO 95358 --- [           main] com.zaxxer.hikari.pool.HikariPool        : HikariPool-4 - Added connection conn30: url=jdbc:h2:mem:68d0d6dd-1441-4dc7-b655-168fc1081ece user=SA
2023-10-29T14:55:46.110+02:00  INFO 95358 --- [           main] com.zaxxer.hikari.HikariDataSource       : HikariPool-4 - Start completed.
2023-10-29T14:55:46.110+02:00  WARN 95358 --- [           main] org.hibernate.dialect.Dialect            : HHH000511: The 2.1.0 version for [org.hibernate.dialect.MySQLDialect] is no longer supported, hence certain features may not work properly. The minimum supported version is 5.7.0. Check the community dialects project for available legacy versions.
2023-10-29T14:55:46.118+02:00  INFO 95358 --- [           main] o.h.b.i.BytecodeProviderInitiator        : HHH000021: Bytecode provider name : bytebuddy
2023-10-29T14:55:46.148+02:00  INFO 95358 --- [           main] o.h.e.t.j.p.i.JtaPlatformInitiator       : HHH000490: Using JtaPlatform implementation: [org.hibernate.engine.transaction.jta.platform.internal.NoJtaPlatform]
Hibernate: 
    create table account_roles (
        role_id integer not null auto_increment,
        role_name varchar(255) not null,
        primary key (role_id)
    ) engine=InnoDB
Hibernate: 
    create table accounts (
        account_id integer not null auto_increment,
        account_email varchar(255) not null,
        account_name varchar(255) not null,
        account_password varchar(255) not null,
        account_username varchar(255) not null,
        account_role integer not null,
        primary key (account_id)
    ) engine=InnoDB
Hibernate: 
    create table item_categories (
        category_id integer not null auto_increment,
        category_name varchar(255) not null,
        primary key (category_id)
    ) engine=InnoDB
Hibernate: 
    create table items (
        item_id integer not null auto_increment,
        item_rating float(23),
        item_title varchar(255) not null,
        item_account integer not null,
        item_category integer not null,
        item_words integer,
        primary key (item_id)
    ) engine=InnoDB
Hibernate: 
    create table reviews (
        review_id integer not null auto_increment,
        review_body text not null,
        review_date date not null,
        review_dislikes integer not null,
        review_likes integer not null,
        review_rating integer,
        review_title text not null,
        review_account integer not null,
        review_item integer not null,
        primary key (review_id)
    ) engine=InnoDB
Hibernate: 
    create table words (
        words_id integer not null auto_increment,
        words_negative varbinary(255),
        words_positive varbinary(255),
        primary key (words_id)
    ) engine=InnoDB
Hibernate: 
    alter table accounts 
       drop index UK_mk7tpo481lfhcsngxkcf40nw2
Hibernate: 
    alter table accounts 
       add constraint UK_mk7tpo481lfhcsngxkcf40nw2 unique (account_username)
Hibernate: 
    alter table items 
       drop index UK_l2hh6d3b7gbyk1x3158hnrm8j
Hibernate: 
    alter table items 
       add constraint UK_l2hh6d3b7gbyk1x3158hnrm8j unique (item_words)
Hibernate: 
    alter table accounts 
       add constraint FKa5420c4ple63nlr3aq2ywrn0s 
       foreign key (account_role) 
       references account_roles (role_id)
Hibernate: 
    alter table items 
       add constraint FKowc4sr11bcs0xodrwow85b43a 
       foreign key (item_account) 
       references accounts (account_id)
Hibernate: 
    alter table items 
       add constraint FKr193jj9b62b8lkb7ertq0w36q 
       foreign key (item_category) 
       references item_categories (category_id)
Hibernate: 
    alter table items 
       add constraint FKqct0hrjypd6x1f7ogii60bl9j 
       foreign key (item_words) 
       references words (words_id)
Hibernate: 
    alter table reviews 
       add constraint FKsqysu6con2ua8dn83tfd4cttn 
       foreign key (review_account) 
       references accounts (account_id)
Hibernate: 
    alter table reviews 
       add constraint FKuva164xbjqmhwwbel1m32joo 
       foreign key (review_item) 
       references items (item_id)
2023-10-29T14:55:46.155+02:00  INFO 95358 --- [           main] j.LocalContainerEntityManagerFactoryBean : Initialized JPA EntityManagerFactory for persistence unit 'default'
2023-10-29T14:55:46.228+02:00  WARN 95358 --- [           main] JpaBaseConfiguration$JpaWebConfiguration : spring.jpa.open-in-view is enabled by default. Therefore, database queries may be performed during view rendering. Explicitly configure spring.jpa.open-in-view to disable this warning
2023-10-29T14:55:46.265+02:00  INFO 95358 --- [           main] o.s.s.web.DefaultSecurityFilterChain     : Will secure any request with [org.springframework.security.web.session.DisableEncodeUrlFilter@39cdbc4e, org.springframework.security.web.context.request.async.WebAsyncManagerIntegrationFilter@39a9b3ee, org.springframework.security.web.context.SecurityContextHolderFilter@2587f18d, org.springframework.security.web.header.HeaderWriterFilter@20df25f8, org.springframework.web.filter.CorsFilter@4effe36a, org.springframework.web.filter.CorsFilter@328b60fb, org.springframework.security.web.authentication.logout.LogoutFilter@3e47d465, com.example.shopBackend.security.JwtAthFilter@62ca9413, org.springframework.security.web.savedrequest.RequestCacheAwareFilter@4d17ce84, org.springframework.security.web.servletapi.SecurityContextHolderAwareRequestFilter@143ec23b, org.springframework.security.web.authentication.AnonymousAuthenticationFilter@66709528, org.springframework.security.web.session.SessionManagementFilter@7148320d, org.springframework.security.web.access.ExceptionTranslationFilter@74e3836a, org.springframework.security.web.access.intercept.AuthorizationFilter@2f9a624c]
2023-10-29T14:55:46.300+02:00  INFO 95358 --- [           main] o.s.b.w.embedded.tomcat.TomcatWebServer  : Tomcat started on port(s): 63486 (http) with context path ''
2023-10-29T14:55:46.301+02:00  INFO 95358 --- [           main] c.e.s.item.ItemIntegrationTest           : Started ItemIntegrationTest in 0.394 seconds (process running for 11.448)
Hibernate: 
    select
        i1_0.item_id,
        i1_0.item_account,
        i1_0.item_category,
        i1_0.item_rating,
        i1_0.item_title,
        i1_0.item_words 
    from
        items i1_0
Hibernate: 
    select
        a1_0.account_id,
        a1_0.account_email,
        a1_0.account_name,
        a1_0.account_password,
        a1_0.account_role,
        r1_0.role_id,
        r1_0.role_name,
        a1_0.account_username 
    from
        accounts a1_0 
    join
        account_roles r1_0 
            on r1_0.role_id=a1_0.account_role 
    where
        a1_0.account_id=?
Hibernate: 
    select
        c1_0.category_id,
        c1_0.category_name 
    from
        item_categories c1_0 
    where
        c1_0.category_id=?
Hibernate: 
    select
        w1_0.words_id,
        w1_0.words_negative,
        w1_0.words_positive 
    from
        words w1_0 
    where
        w1_0.words_id=?
Hibernate: 
    select
        a1_0.account_id,
        a1_0.account_email,
        a1_0.account_name,
        a1_0.account_password,
        a1_0.account_role,
        r1_0.role_id,
        r1_0.role_name,
        a1_0.account_username 
    from
        accounts a1_0 
    join
        account_roles r1_0 
            on r1_0.role_id=a1_0.account_role 
    where
        a1_0.account_id=?
Hibernate: 
    select
        w1_0.words_id,
        w1_0.words_negative,
        w1_0.words_positive 
    from
        words w1_0 
    where
        w1_0.words_id=?
2023-10-29T14:55:46.319+02:00  INFO 95358 --- [o-auto-3-exec-1] o.a.c.c.C.[Tomcat].[localhost].[/]       : Initializing Spring DispatcherServlet 'dispatcherServlet'
2023-10-29T14:55:46.319+02:00  INFO 95358 --- [o-auto-3-exec-1] o.s.web.servlet.DispatcherServlet        : Initializing Servlet 'dispatcherServlet'
2023-10-29T14:55:46.319+02:00  INFO 95358 --- [o-auto-3-exec-1] o.s.web.servlet.DispatcherServlet        : Completed initialization in 0 ms
Hibernate: 
    SELECT
        * 
    FROM
        accounts a 
    WHERE
        a.account_username = ?
Hibernate: 
    select
        r1_0.role_id,
        r1_0.role_name 
    from
        account_roles r1_0 
    where
        r1_0.role_id=?
Hibernate: 
    insert 
    into
        words
        (words_negative,words_positive) 
    values
        (?,?)
Hibernate: 
    select
        c1_0.category_id,
        c1_0.category_name 
    from
        item_categories c1_0 
    where
        c1_0.category_id=?
Hibernate: 
    select
        a1_0.account_id,
        a1_0.account_email,
        a1_0.account_name,
        a1_0.account_password,
        a1_0.account_role,
        r1_0.role_id,
        r1_0.role_name,
        a1_0.account_username 
    from
        accounts a1_0 
    join
        account_roles r1_0 
            on r1_0.role_id=a1_0.account_role 
    where
        a1_0.account_id=?
Hibernate: 
    insert 
    into
        items
        (item_account,item_category,item_rating,item_title,item_words) 
    values
        (?,?,?,?,?)
Hibernate: 
    select
        i1_0.item_id,
        i1_0.item_account,
        i1_0.item_category,
        i1_0.item_rating,
        i1_0.item_title,
        i1_0.item_words 
    from
        items i1_0
Hibernate: 
    select
        a1_0.account_id,
        a1_0.account_email,
        a1_0.account_name,
        a1_0.account_password,
        a1_0.account_role,
        r1_0.role_id,
        r1_0.role_name,
        a1_0.account_username 
    from
        accounts a1_0 
    join
        account_roles r1_0 
            on r1_0.role_id=a1_0.account_role 
    where
        a1_0.account_id=?
Hibernate: 
    select
        c1_0.category_id,
        c1_0.category_name 
    from
        item_categories c1_0 
    where
        c1_0.category_id=?
Hibernate: 
    select
        w1_0.words_id,
        w1_0.words_negative,
        w1_0.words_positive 
    from
        words w1_0 
    where
        w1_0.words_id=?
Hibernate: 
    select
        a1_0.account_id,
        a1_0.account_email,
        a1_0.account_name,
        a1_0.account_password,
        a1_0.account_role,
        r1_0.role_id,
        r1_0.role_name,
        a1_0.account_username 
    from
        accounts a1_0 
    join
        account_roles r1_0 
            on r1_0.role_id=a1_0.account_role 
    where
        a1_0.account_id=?
Hibernate: 
    select
        w1_0.words_id,
        w1_0.words_negative,
        w1_0.words_positive 
    from
        words w1_0 
    where
        w1_0.words_id=?
Hibernate: 
    select
        w1_0.words_id,
        w1_0.words_negative,
        w1_0.words_positive 
    from
        words w1_0 
    where
        w1_0.words_id=?
2023-10-29T14:55:46.338+02:00  INFO 95358 --- [           main] o.apache.catalina.core.StandardService   : Stopping service [Tomcat]
2023-10-29T14:55:46.339+02:00  INFO 95358 --- [           main] o.a.c.c.C.[Tomcat].[localhost].[/]       : Destroying Spring FrameworkServlet 'dispatcherServlet'
2023-10-29T14:55:46.339+02:00  WARN 95358 --- [           main] o.a.c.loader.WebappClassLoaderBase       : The web application [ROOT] appears to have started a thread named [HikariPool-4 housekeeper] but has failed to stop it. This is very likely to create a memory leak. Stack trace of thread:
 java.base@17.0.2/jdk.internal.misc.Unsafe.park(Native Method)
 java.base@17.0.2/java.util.concurrent.locks.LockSupport.parkNanos(LockSupport.java:252)
 java.base@17.0.2/java.util.concurrent.locks.AbstractQueuedSynchronizer$ConditionObject.awaitNanos(AbstractQueuedSynchronizer.java:1672)
 java.base@17.0.2/java.util.concurrent.ScheduledThreadPoolExecutor$DelayedWorkQueue.take(ScheduledThreadPoolExecutor.java:1182)
 java.base@17.0.2/java.util.concurrent.ScheduledThreadPoolExecutor$DelayedWorkQueue.take(ScheduledThreadPoolExecutor.java:899)
 java.base@17.0.2/java.util.concurrent.ThreadPoolExecutor.getTask(ThreadPoolExecutor.java:1062)
 java.base@17.0.2/java.util.concurrent.ThreadPoolExecutor.runWorker(ThreadPoolExecutor.java:1122)
 java.base@17.0.2/java.util.concurrent.ThreadPoolExecutor$Worker.run(ThreadPoolExecutor.java:635)
 java.base@17.0.2/java.lang.Thread.run(Thread.java:833)
2023-10-29T14:55:46.340+02:00  WARN 95358 --- [           main] o.a.c.loader.WebappClassLoaderBase       : The web application [ROOT] appears to have started a thread named [HikariPool-4 connection adder] but has failed to stop it. This is very likely to create a memory leak. Stack trace of thread:
 java.base@17.0.2/jdk.internal.misc.Unsafe.park(Native Method)
 java.base@17.0.2/java.util.concurrent.locks.LockSupport.parkNanos(LockSupport.java:252)
 java.base@17.0.2/java.util.concurrent.locks.AbstractQueuedSynchronizer$ConditionObject.awaitNanos(AbstractQueuedSynchronizer.java:1672)
 java.base@17.0.2/java.util.concurrent.LinkedBlockingQueue.poll(LinkedBlockingQueue.java:460)
 java.base@17.0.2/java.util.concurrent.ThreadPoolExecutor.getTask(ThreadPoolExecutor.java:1061)
 java.base@17.0.2/java.util.concurrent.ThreadPoolExecutor.runWorker(ThreadPoolExecutor.java:1122)
 java.base@17.0.2/java.util.concurrent.ThreadPoolExecutor$Worker.run(ThreadPoolExecutor.java:635)
 java.base@17.0.2/java.lang.Thread.run(Thread.java:833)
2023-10-29T14:55:48.426+02:00  INFO 95358 --- [           main] j.LocalContainerEntityManagerFactoryBean : Closing JPA EntityManagerFactory for persistence unit 'default'
2023-10-29T14:55:48.427+02:00  INFO 95358 --- [           main] com.zaxxer.hikari.HikariDataSource       : HikariPool-4 - Shutdown initiated...
2023-10-29T14:55:48.428+02:00  INFO 95358 --- [           main] com.zaxxer.hikari.HikariDataSource       : HikariPool-4 - Shutdown completed.
]]></system-out>
  </testcase>
  <testcase name="deleteItemWorks" classname="com.example.shopBackend.item.ItemIntegrationTest" time="2.111">
    <system-out><![CDATA[
  .   ____          _            __ _ _
 /\\ / ___'_ __ _ _(_)_ __  __ _ \ \ \ \
( ( )\___ | '_ | '_| | '_ \/ _` | \ \ \ \
 \\/  ___)| |_)| | | | | || (_| |  ) ) ) )
  '  |____| .__|_| |_|_| |_\__, | / / / /
 =========|_|==============|___/=/_/_/_/
 :: Spring Boot ::                (v3.1.1)

2023-10-29T14:55:48.449+02:00  INFO 95358 --- [           main] c.e.s.item.ItemIntegrationTest           : Starting ItemIntegrationTest using Java 17.0.2 with PID 95358 (started by iiro in /Users/iiro/Documents/Ohjelmointi/reviews/reviews-backend/reviewsbackend)
2023-10-29T14:55:48.449+02:00  INFO 95358 --- [           main] c.e.s.item.ItemIntegrationTest           : The following 1 profile is active: "test"
2023-10-29T14:55:48.557+02:00  INFO 95358 --- [           main] .s.d.r.c.RepositoryConfigurationDelegate : Bootstrapping Spring Data JPA repositories in DEFAULT mode.
2023-10-29T14:55:48.579+02:00  INFO 95358 --- [           main] .s.d.r.c.RepositoryConfigurationDelegate : Finished Spring Data repository scanning in 21 ms. Found 6 JPA repository interfaces.
2023-10-29T14:55:48.610+02:00  INFO 95358 --- [           main] o.s.b.w.embedded.tomcat.TomcatWebServer  : Tomcat initialized with port(s): 0 (http)
2023-10-29T14:55:48.610+02:00  INFO 95358 --- [           main] o.apache.catalina.core.StandardService   : Starting service [Tomcat]
2023-10-29T14:55:48.611+02:00  INFO 95358 --- [           main] o.apache.catalina.core.StandardEngine    : Starting Servlet engine: [Apache Tomcat/10.1.10]
2023-10-29T14:55:48.618+02:00  INFO 95358 --- [           main] o.a.c.c.C.[Tomcat].[localhost].[/]       : Initializing Spring embedded WebApplicationContext
2023-10-29T14:55:48.619+02:00  INFO 95358 --- [           main] w.s.c.ServletWebServerApplicationContext : Root WebApplicationContext: initialization completed in 169 ms
2023-10-29T14:55:48.634+02:00  INFO 95358 --- [           main] o.hibernate.jpa.internal.util.LogHelper  : HHH000204: Processing PersistenceUnitInfo [name: default]
2023-10-29T14:55:48.637+02:00  INFO 95358 --- [           main] o.h.b.i.BytecodeProviderInitiator        : HHH000021: Bytecode provider name : bytebuddy
2023-10-29T14:55:48.637+02:00  INFO 95358 --- [           main] o.s.o.j.p.SpringPersistenceUnitInfo      : No LoadTimeWeaver setup: ignoring JPA class transformer
2023-10-29T14:55:48.637+02:00  INFO 95358 --- [           main] com.zaxxer.hikari.HikariDataSource       : HikariPool-5 - Starting...
2023-10-29T14:55:48.638+02:00  INFO 95358 --- [           main] com.zaxxer.hikari.pool.HikariPool        : HikariPool-5 - Added connection conn40: url=jdbc:h2:mem:f07e042b-9493-4c7e-97cd-b34b3c1c7c28 user=SA
2023-10-29T14:55:48.638+02:00  INFO 95358 --- [           main] com.zaxxer.hikari.HikariDataSource       : HikariPool-5 - Start completed.
2023-10-29T14:55:48.638+02:00  WARN 95358 --- [           main] org.hibernate.dialect.Dialect            : HHH000511: The 2.1.0 version for [org.hibernate.dialect.MySQLDialect] is no longer supported, hence certain features may not work properly. The minimum supported version is 5.7.0. Check the community dialects project for available legacy versions.
2023-10-29T14:55:48.645+02:00  INFO 95358 --- [           main] o.h.b.i.BytecodeProviderInitiator        : HHH000021: Bytecode provider name : bytebuddy
2023-10-29T14:55:48.668+02:00  INFO 95358 --- [           main] o.h.e.t.j.p.i.JtaPlatformInitiator       : HHH000490: Using JtaPlatform implementation: [org.hibernate.engine.transaction.jta.platform.internal.NoJtaPlatform]
Hibernate: 
    create table account_roles (
        role_id integer not null auto_increment,
        role_name varchar(255) not null,
        primary key (role_id)
    ) engine=InnoDB
Hibernate: 
    create table accounts (
        account_id integer not null auto_increment,
        account_email varchar(255) not null,
        account_name varchar(255) not null,
        account_password varchar(255) not null,
        account_username varchar(255) not null,
        account_role integer not null,
        primary key (account_id)
    ) engine=InnoDB
Hibernate: 
    create table item_categories (
        category_id integer not null auto_increment,
        category_name varchar(255) not null,
        primary key (category_id)
    ) engine=InnoDB
Hibernate: 
    create table items (
        item_id integer not null auto_increment,
        item_rating float(23),
        item_title varchar(255) not null,
        item_account integer not null,
        item_category integer not null,
        item_words integer,
        primary key (item_id)
    ) engine=InnoDB
Hibernate: 
    create table reviews (
        review_id integer not null auto_increment,
        review_body text not null,
        review_date date not null,
        review_dislikes integer not null,
        review_likes integer not null,
        review_rating integer,
        review_title text not null,
        review_account integer not null,
        review_item integer not null,
        primary key (review_id)
    ) engine=InnoDB
Hibernate: 
    create table words (
        words_id integer not null auto_increment,
        words_negative varbinary(255),
        words_positive varbinary(255),
        primary key (words_id)
    ) engine=InnoDB
Hibernate: 
    alter table accounts 
       drop index UK_mk7tpo481lfhcsngxkcf40nw2
Hibernate: 
    alter table accounts 
       add constraint UK_mk7tpo481lfhcsngxkcf40nw2 unique (account_username)
Hibernate: 
    alter table items 
       drop index UK_l2hh6d3b7gbyk1x3158hnrm8j
Hibernate: 
    alter table items 
       add constraint UK_l2hh6d3b7gbyk1x3158hnrm8j unique (item_words)
Hibernate: 
    alter table accounts 
       add constraint FKa5420c4ple63nlr3aq2ywrn0s 
       foreign key (account_role) 
       references account_roles (role_id)
Hibernate: 
    alter table items 
       add constraint FKowc4sr11bcs0xodrwow85b43a 
       foreign key (item_account) 
       references accounts (account_id)
Hibernate: 
    alter table items 
       add constraint FKr193jj9b62b8lkb7ertq0w36q 
       foreign key (item_category) 
       references item_categories (category_id)
Hibernate: 
    alter table items 
       add constraint FKqct0hrjypd6x1f7ogii60bl9j 
       foreign key (item_words) 
       references words (words_id)
Hibernate: 
    alter table reviews 
       add constraint FKsqysu6con2ua8dn83tfd4cttn 
       foreign key (review_account) 
       references accounts (account_id)
Hibernate: 
    alter table reviews 
       add constraint FKuva164xbjqmhwwbel1m32joo 
       foreign key (review_item) 
       references items (item_id)
2023-10-29T14:55:48.675+02:00  INFO 95358 --- [           main] j.LocalContainerEntityManagerFactoryBean : Initialized JPA EntityManagerFactory for persistence unit 'default'
2023-10-29T14:55:48.759+02:00  WARN 95358 --- [           main] JpaBaseConfiguration$JpaWebConfiguration : spring.jpa.open-in-view is enabled by default. Therefore, database queries may be performed during view rendering. Explicitly configure spring.jpa.open-in-view to disable this warning
2023-10-29T14:55:48.793+02:00  INFO 95358 --- [           main] o.s.s.web.DefaultSecurityFilterChain     : Will secure any request with [org.springframework.security.web.session.DisableEncodeUrlFilter@5881d8da, org.springframework.security.web.context.request.async.WebAsyncManagerIntegrationFilter@4cf22d79, org.springframework.security.web.context.SecurityContextHolderFilter@33c440bb, org.springframework.security.web.header.HeaderWriterFilter@6dfd4db2, org.springframework.web.filter.CorsFilter@76be352d, org.springframework.web.filter.CorsFilter@72364ff1, org.springframework.security.web.authentication.logout.LogoutFilter@622ec92a, com.example.shopBackend.security.JwtAthFilter@71faeb31, org.springframework.security.web.savedrequest.RequestCacheAwareFilter@641c872d, org.springframework.security.web.servletapi.SecurityContextHolderAwareRequestFilter@630bd6c1, org.springframework.security.web.authentication.AnonymousAuthenticationFilter@24270e65, org.springframework.security.web.session.SessionManagementFilter@60ae0977, org.springframework.security.web.access.ExceptionTranslationFilter@17adeb0, org.springframework.security.web.access.intercept.AuthorizationFilter@5f8b60f3]
2023-10-29T14:55:48.825+02:00  INFO 95358 --- [           main] o.s.b.w.embedded.tomcat.TomcatWebServer  : Tomcat started on port(s): 63492 (http) with context path ''
2023-10-29T14:55:48.826+02:00  INFO 95358 --- [           main] c.e.s.item.ItemIntegrationTest           : Started ItemIntegrationTest in 0.396 seconds (process running for 13.973)
2023-10-29T14:55:48.834+02:00  INFO 95358 --- [o-auto-4-exec-1] o.a.c.c.C.[Tomcat].[localhost].[/]       : Initializing Spring DispatcherServlet 'dispatcherServlet'
2023-10-29T14:55:48.834+02:00  INFO 95358 --- [o-auto-4-exec-1] o.s.web.servlet.DispatcherServlet        : Initializing Servlet 'dispatcherServlet'
2023-10-29T14:55:48.834+02:00  INFO 95358 --- [o-auto-4-exec-1] o.s.web.servlet.DispatcherServlet        : Completed initialization in 0 ms
Hibernate: 
    SELECT
        * 
    FROM
        accounts a 
    WHERE
        a.account_username = ?
Hibernate: 
    select
        r1_0.role_id,
        r1_0.role_name 
    from
        account_roles r1_0 
    where
        r1_0.role_id=?
Hibernate: 
    select
        i1_0.item_id,
        i1_0.item_account,
        a1_0.account_id,
        a1_0.account_email,
        a1_0.account_name,
        a1_0.account_password,
        a1_0.account_role,
        r1_0.role_id,
        r1_0.role_name,
        a1_0.account_username,
        i1_0.item_category,
        c1_0.category_id,
        c1_0.category_name,
        i1_0.item_rating,
        i1_0.item_title,
        w1_0.words_id,
        w1_0.words_negative,
        w1_0.words_positive 
    from
        items i1_0 
    join
        accounts a1_0 
            on a1_0.account_id=i1_0.item_account 
    left join
        account_roles r1_0 
            on r1_0.role_id=a1_0.account_role 
    join
        item_categories c1_0 
            on c1_0.category_id=i1_0.item_category 
    left join
        words w1_0 
            on w1_0.words_id=i1_0.item_words 
    where
        i1_0.item_id=?
Hibernate: 
    select
        r1_0.review_id,
        r1_0.review_account,
        r1_0.review_body,
        r1_0.review_date,
        r1_0.review_dislikes,
        r1_0.review_item,
        r1_0.review_likes,
        r1_0.review_rating,
        r1_0.review_title 
    from
        reviews r1_0
Hibernate: 
    select
        a1_0.account_id,
        a1_0.account_email,
        a1_0.account_name,
        a1_0.account_password,
        a1_0.account_role,
        r1_0.role_id,
        r1_0.role_name,
        a1_0.account_username 
    from
        accounts a1_0 
    join
        account_roles r1_0 
            on r1_0.role_id=a1_0.account_role 
    where
        a1_0.account_id=?
Hibernate: 
    select
        i1_0.item_id,
        i1_0.item_account,
        a1_0.account_id,
        a1_0.account_email,
        a1_0.account_name,
        a1_0.account_password,
        a1_0.account_role,
        r1_0.role_id,
        r1_0.role_name,
        a1_0.account_username,
        i1_0.item_category,
        c1_0.category_id,
        c1_0.category_name,
        i1_0.item_rating,
        i1_0.item_title,
        w1_0.words_id,
        w1_0.words_negative,
        w1_0.words_positive 
    from
        items i1_0 
    join
        accounts a1_0 
            on a1_0.account_id=i1_0.item_account 
    left join
        account_roles r1_0 
            on r1_0.role_id=a1_0.account_role 
    join
        item_categories c1_0 
            on c1_0.category_id=i1_0.item_category 
    left join
        words w1_0 
            on w1_0.words_id=i1_0.item_words 
    where
        i1_0.item_id=?
Hibernate: 
    delete 
    from
        reviews 
    where
        review_id=?
Hibernate: 
    delete 
    from
        items 
    where
        item_id=?
Hibernate: 
    select
        i1_0.item_id,
        i1_0.item_account,
        a1_0.account_id,
        a1_0.account_email,
        a1_0.account_name,
        a1_0.account_password,
        a1_0.account_role,
        r1_0.role_id,
        r1_0.role_name,
        a1_0.account_username,
        i1_0.item_category,
        c1_0.category_id,
        c1_0.category_name,
        i1_0.item_rating,
        i1_0.item_title,
        w1_0.words_id,
        w1_0.words_negative,
        w1_0.words_positive 
    from
        items i1_0 
    join
        accounts a1_0 
            on a1_0.account_id=i1_0.item_account 
    left join
        account_roles r1_0 
            on r1_0.role_id=a1_0.account_role 
    join
        item_categories c1_0 
            on c1_0.category_id=i1_0.item_category 
    left join
        words w1_0 
            on w1_0.words_id=i1_0.item_words 
    where
        i1_0.item_id=?
Hibernate: 
    select
        i1_0.item_id,
        i1_0.item_account,
        i1_0.item_category,
        i1_0.item_rating,
        i1_0.item_title,
        i1_0.item_words 
    from
        items i1_0
Hibernate: 
    select
        a1_0.account_id,
        a1_0.account_email,
        a1_0.account_name,
        a1_0.account_password,
        a1_0.account_role,
        r1_0.role_id,
        r1_0.role_name,
        a1_0.account_username 
    from
        accounts a1_0 
    join
        account_roles r1_0 
            on r1_0.role_id=a1_0.account_role 
    where
        a1_0.account_id=?
Hibernate: 
    select
        c1_0.category_id,
        c1_0.category_name 
    from
        item_categories c1_0 
    where
        c1_0.category_id=?
Hibernate: 
    select
        w1_0.words_id,
        w1_0.words_negative,
        w1_0.words_positive 
    from
        words w1_0 
    where
        w1_0.words_id=?
2023-10-29T14:55:48.857+02:00  INFO 95358 --- [           main] o.apache.catalina.core.StandardService   : Stopping service [Tomcat]
2023-10-29T14:55:48.858+02:00  INFO 95358 --- [           main] o.a.c.c.C.[Tomcat].[localhost].[/]       : Destroying Spring FrameworkServlet 'dispatcherServlet'
2023-10-29T14:55:48.859+02:00  WARN 95358 --- [           main] o.a.c.loader.WebappClassLoaderBase       : The web application [ROOT] appears to have started a thread named [HikariPool-5 housekeeper] but has failed to stop it. This is very likely to create a memory leak. Stack trace of thread:
 java.base@17.0.2/jdk.internal.misc.Unsafe.park(Native Method)
 java.base@17.0.2/java.util.concurrent.locks.LockSupport.parkNanos(LockSupport.java:252)
 java.base@17.0.2/java.util.concurrent.locks.AbstractQueuedSynchronizer$ConditionObject.awaitNanos(AbstractQueuedSynchronizer.java:1672)
 java.base@17.0.2/java.util.concurrent.ScheduledThreadPoolExecutor$DelayedWorkQueue.take(ScheduledThreadPoolExecutor.java:1182)
 java.base@17.0.2/java.util.concurrent.ScheduledThreadPoolExecutor$DelayedWorkQueue.take(ScheduledThreadPoolExecutor.java:899)
 java.base@17.0.2/java.util.concurrent.ThreadPoolExecutor.getTask(ThreadPoolExecutor.java:1062)
 java.base@17.0.2/java.util.concurrent.ThreadPoolExecutor.runWorker(ThreadPoolExecutor.java:1122)
 java.base@17.0.2/java.util.concurrent.ThreadPoolExecutor$Worker.run(ThreadPoolExecutor.java:635)
 java.base@17.0.2/java.lang.Thread.run(Thread.java:833)
2023-10-29T14:55:48.859+02:00  WARN 95358 --- [           main] o.a.c.loader.WebappClassLoaderBase       : The web application [ROOT] appears to have started a thread named [HikariPool-5 connection adder] but has failed to stop it. This is very likely to create a memory leak. Stack trace of thread:
 java.base@17.0.2/jdk.internal.misc.Unsafe.park(Native Method)
 java.base@17.0.2/java.util.concurrent.locks.LockSupport.parkNanos(LockSupport.java:252)
 java.base@17.0.2/java.util.concurrent.locks.AbstractQueuedSynchronizer$ConditionObject.awaitNanos(AbstractQueuedSynchronizer.java:1672)
 java.base@17.0.2/java.util.concurrent.LinkedBlockingQueue.poll(LinkedBlockingQueue.java:460)
 java.base@17.0.2/java.util.concurrent.ThreadPoolExecutor.getTask(ThreadPoolExecutor.java:1061)
 java.base@17.0.2/java.util.concurrent.ThreadPoolExecutor.runWorker(ThreadPoolExecutor.java:1122)
 java.base@17.0.2/java.util.concurrent.ThreadPoolExecutor$Worker.run(ThreadPoolExecutor.java:635)
 java.base@17.0.2/java.lang.Thread.run(Thread.java:833)
2023-10-29T14:55:50.940+02:00  INFO 95358 --- [           main] j.LocalContainerEntityManagerFactoryBean : Closing JPA EntityManagerFactory for persistence unit 'default'
2023-10-29T14:55:50.940+02:00  INFO 95358 --- [           main] com.zaxxer.hikari.HikariDataSource       : HikariPool-5 - Shutdown initiated...
2023-10-29T14:55:50.941+02:00  INFO 95358 --- [           main] com.zaxxer.hikari.HikariDataSource       : HikariPool-5 - Shutdown completed.
]]></system-out>
  </testcase>
  <testcase name="updateItemWorks" classname="com.example.shopBackend.item.ItemIntegrationTest" time="2.107">
    <system-out><![CDATA[
  .   ____          _            __ _ _
 /\\ / ___'_ __ _ _(_)_ __  __ _ \ \ \ \
( ( )\___ | '_ | '_| | '_ \/ _` | \ \ \ \
 \\/  ___)| |_)| | | | | || (_| |  ) ) ) )
  '  |____| .__|_| |_|_| |_\__, | / / / /
 =========|_|==============|___/=/_/_/_/
 :: Spring Boot ::                (v3.1.1)

2023-10-29T14:55:50.962+02:00  INFO 95358 --- [           main] c.e.s.item.ItemIntegrationTest           : Starting ItemIntegrationTest using Java 17.0.2 with PID 95358 (started by iiro in /Users/iiro/Documents/Ohjelmointi/reviews/reviews-backend/reviewsbackend)
2023-10-29T14:55:50.962+02:00  INFO 95358 --- [           main] c.e.s.item.ItemIntegrationTest           : The following 1 profile is active: "test"
2023-10-29T14:55:51.048+02:00  INFO 95358 --- [           main] .s.d.r.c.RepositoryConfigurationDelegate : Bootstrapping Spring Data JPA repositories in DEFAULT mode.
2023-10-29T14:55:51.058+02:00  INFO 95358 --- [           main] .s.d.r.c.RepositoryConfigurationDelegate : Finished Spring Data repository scanning in 9 ms. Found 6 JPA repository interfaces.
2023-10-29T14:55:51.086+02:00  INFO 95358 --- [           main] o.s.b.w.embedded.tomcat.TomcatWebServer  : Tomcat initialized with port(s): 0 (http)
2023-10-29T14:55:51.087+02:00  INFO 95358 --- [           main] o.apache.catalina.core.StandardService   : Starting service [Tomcat]
2023-10-29T14:55:51.087+02:00  INFO 95358 --- [           main] o.apache.catalina.core.StandardEngine    : Starting Servlet engine: [Apache Tomcat/10.1.10]
2023-10-29T14:55:51.096+02:00  INFO 95358 --- [           main] o.a.c.c.C.[Tomcat].[localhost].[/]       : Initializing Spring embedded WebApplicationContext
2023-10-29T14:55:51.096+02:00  INFO 95358 --- [           main] w.s.c.ServletWebServerApplicationContext : Root WebApplicationContext: initialization completed in 133 ms
2023-10-29T14:55:51.112+02:00  INFO 95358 --- [           main] o.hibernate.jpa.internal.util.LogHelper  : HHH000204: Processing PersistenceUnitInfo [name: default]
2023-10-29T14:55:51.115+02:00  INFO 95358 --- [           main] o.h.b.i.BytecodeProviderInitiator        : HHH000021: Bytecode provider name : bytebuddy
2023-10-29T14:55:51.115+02:00  INFO 95358 --- [           main] o.s.o.j.p.SpringPersistenceUnitInfo      : No LoadTimeWeaver setup: ignoring JPA class transformer
2023-10-29T14:55:51.115+02:00  INFO 95358 --- [           main] com.zaxxer.hikari.HikariDataSource       : HikariPool-6 - Starting...
2023-10-29T14:55:51.116+02:00  INFO 95358 --- [           main] com.zaxxer.hikari.pool.HikariPool        : HikariPool-6 - Added connection conn50: url=jdbc:h2:mem:15cc84a1-67f2-4a54-8a26-67e60fb0fd26 user=SA
2023-10-29T14:55:51.117+02:00  INFO 95358 --- [           main] com.zaxxer.hikari.HikariDataSource       : HikariPool-6 - Start completed.
2023-10-29T14:55:51.117+02:00  WARN 95358 --- [           main] org.hibernate.dialect.Dialect            : HHH000511: The 2.1.0 version for [org.hibernate.dialect.MySQLDialect] is no longer supported, hence certain features may not work properly. The minimum supported version is 5.7.0. Check the community dialects project for available legacy versions.
2023-10-29T14:55:51.124+02:00  INFO 95358 --- [           main] o.h.b.i.BytecodeProviderInitiator        : HHH000021: Bytecode provider name : bytebuddy
2023-10-29T14:55:51.144+02:00  INFO 95358 --- [           main] o.h.e.t.j.p.i.JtaPlatformInitiator       : HHH000490: Using JtaPlatform implementation: [org.hibernate.engine.transaction.jta.platform.internal.NoJtaPlatform]
Hibernate: 
    create table account_roles (
        role_id integer not null auto_increment,
        role_name varchar(255) not null,
        primary key (role_id)
    ) engine=InnoDB
Hibernate: 
    create table accounts (
        account_id integer not null auto_increment,
        account_email varchar(255) not null,
        account_name varchar(255) not null,
        account_password varchar(255) not null,
        account_username varchar(255) not null,
        account_role integer not null,
        primary key (account_id)
    ) engine=InnoDB
Hibernate: 
    create table item_categories (
        category_id integer not null auto_increment,
        category_name varchar(255) not null,
        primary key (category_id)
    ) engine=InnoDB
Hibernate: 
    create table items (
        item_id integer not null auto_increment,
        item_rating float(23),
        item_title varchar(255) not null,
        item_account integer not null,
        item_category integer not null,
        item_words integer,
        primary key (item_id)
    ) engine=InnoDB
Hibernate: 
    create table reviews (
        review_id integer not null auto_increment,
        review_body text not null,
        review_date date not null,
        review_dislikes integer not null,
        review_likes integer not null,
        review_rating integer,
        review_title text not null,
        review_account integer not null,
        review_item integer not null,
        primary key (review_id)
    ) engine=InnoDB
Hibernate: 
    create table words (
        words_id integer not null auto_increment,
        words_negative varbinary(255),
        words_positive varbinary(255),
        primary key (words_id)
    ) engine=InnoDB
Hibernate: 
    alter table accounts 
       drop index UK_mk7tpo481lfhcsngxkcf40nw2
Hibernate: 
    alter table accounts 
       add constraint UK_mk7tpo481lfhcsngxkcf40nw2 unique (account_username)
Hibernate: 
    alter table items 
       drop index UK_l2hh6d3b7gbyk1x3158hnrm8j
Hibernate: 
    alter table items 
       add constraint UK_l2hh6d3b7gbyk1x3158hnrm8j unique (item_words)
Hibernate: 
    alter table accounts 
       add constraint FKa5420c4ple63nlr3aq2ywrn0s 
       foreign key (account_role) 
       references account_roles (role_id)
Hibernate: 
    alter table items 
       add constraint FKowc4sr11bcs0xodrwow85b43a 
       foreign key (item_account) 
       references accounts (account_id)
Hibernate: 
    alter table items 
       add constraint FKr193jj9b62b8lkb7ertq0w36q 
       foreign key (item_category) 
       references item_categories (category_id)
Hibernate: 
    alter table items 
       add constraint FKqct0hrjypd6x1f7ogii60bl9j 
       foreign key (item_words) 
       references words (words_id)
Hibernate: 
    alter table reviews 
       add constraint FKsqysu6con2ua8dn83tfd4cttn 
       foreign key (review_account) 
       references accounts (account_id)
Hibernate: 
    alter table reviews 
       add constraint FKuva164xbjqmhwwbel1m32joo 
       foreign key (review_item) 
       references items (item_id)
2023-10-29T14:55:51.149+02:00  INFO 95358 --- [           main] j.LocalContainerEntityManagerFactoryBean : Initialized JPA EntityManagerFactory for persistence unit 'default'
2023-10-29T14:55:51.218+02:00  WARN 95358 --- [           main] JpaBaseConfiguration$JpaWebConfiguration : spring.jpa.open-in-view is enabled by default. Therefore, database queries may be performed during view rendering. Explicitly configure spring.jpa.open-in-view to disable this warning
2023-10-29T14:55:51.249+02:00  INFO 95358 --- [           main] o.s.s.web.DefaultSecurityFilterChain     : Will secure any request with [org.springframework.security.web.session.DisableEncodeUrlFilter@6906e2e, org.springframework.security.web.context.request.async.WebAsyncManagerIntegrationFilter@16ab7faa, org.springframework.security.web.context.SecurityContextHolderFilter@3cc6d144, org.springframework.security.web.header.HeaderWriterFilter@525230df, org.springframework.web.filter.CorsFilter@7370c288, org.springframework.web.filter.CorsFilter@63796a19, org.springframework.security.web.authentication.logout.LogoutFilter@52f85a6c, com.example.shopBackend.security.JwtAthFilter@59000ae5, org.springframework.security.web.savedrequest.RequestCacheAwareFilter@13253ac7, org.springframework.security.web.servletapi.SecurityContextHolderAwareRequestFilter@503224b4, org.springframework.security.web.authentication.AnonymousAuthenticationFilter@661d8946, org.springframework.security.web.session.SessionManagementFilter@24b5863a, org.springframework.security.web.access.ExceptionTranslationFilter@6009e8ab, org.springframework.security.web.access.intercept.AuthorizationFilter@29673fc0]
2023-10-29T14:55:51.273+02:00  INFO 95358 --- [           main] o.s.b.w.embedded.tomcat.TomcatWebServer  : Tomcat started on port(s): 63497 (http) with context path ''
2023-10-29T14:55:51.275+02:00  INFO 95358 --- [           main] c.e.s.item.ItemIntegrationTest           : Started ItemIntegrationTest in 0.331 seconds (process running for 16.421)
2023-10-29T14:55:51.282+02:00  INFO 95358 --- [o-auto-5-exec-1] o.a.c.c.C.[Tomcat].[localhost].[/]       : Initializing Spring DispatcherServlet 'dispatcherServlet'
2023-10-29T14:55:51.282+02:00  INFO 95358 --- [o-auto-5-exec-1] o.s.web.servlet.DispatcherServlet        : Initializing Servlet 'dispatcherServlet'
2023-10-29T14:55:51.283+02:00  INFO 95358 --- [o-auto-5-exec-1] o.s.web.servlet.DispatcherServlet        : Completed initialization in 0 ms
Hibernate: 
    SELECT
        * 
    FROM
        accounts a 
    WHERE
        a.account_username = ?
Hibernate: 
    select
        r1_0.role_id,
        r1_0.role_name 
    from
        account_roles r1_0 
    where
        r1_0.role_id=?
Hibernate: 
    select
        i1_0.item_id,
        i1_0.item_account,
        a1_0.account_id,
        a1_0.account_email,
        a1_0.account_name,
        a1_0.account_password,
        a1_0.account_role,
        r1_0.role_id,
        r1_0.role_name,
        a1_0.account_username,
        i1_0.item_category,
        c1_0.category_id,
        c1_0.category_name,
        i1_0.item_rating,
        i1_0.item_title,
        w1_0.words_id,
        w1_0.words_negative,
        w1_0.words_positive 
    from
        items i1_0 
    join
        accounts a1_0 
            on a1_0.account_id=i1_0.item_account 
    left join
        account_roles r1_0 
            on r1_0.role_id=a1_0.account_role 
    join
        item_categories c1_0 
            on c1_0.category_id=i1_0.item_category 
    left join
        words w1_0 
            on w1_0.words_id=i1_0.item_words 
    where
        i1_0.item_id=?
Hibernate: 
    update
        items 
    set
        item_account=?,
        item_category=?,
        item_rating=?,
        item_title=?,
        item_words=? 
    where
        item_id=?
2023-10-29T14:55:51.304+02:00  INFO 95358 --- [           main] o.apache.catalina.core.StandardService   : Stopping service [Tomcat]
2023-10-29T14:55:51.304+02:00  INFO 95358 --- [           main] o.a.c.c.C.[Tomcat].[localhost].[/]       : Destroying Spring FrameworkServlet 'dispatcherServlet'
2023-10-29T14:55:51.305+02:00  WARN 95358 --- [           main] o.a.c.loader.WebappClassLoaderBase       : The web application [ROOT] appears to have started a thread named [HikariPool-6 housekeeper] but has failed to stop it. This is very likely to create a memory leak. Stack trace of thread:
 java.base@17.0.2/jdk.internal.misc.Unsafe.park(Native Method)
 java.base@17.0.2/java.util.concurrent.locks.LockSupport.parkNanos(LockSupport.java:252)
 java.base@17.0.2/java.util.concurrent.locks.AbstractQueuedSynchronizer$ConditionObject.awaitNanos(AbstractQueuedSynchronizer.java:1672)
 java.base@17.0.2/java.util.concurrent.ScheduledThreadPoolExecutor$DelayedWorkQueue.take(ScheduledThreadPoolExecutor.java:1182)
 java.base@17.0.2/java.util.concurrent.ScheduledThreadPoolExecutor$DelayedWorkQueue.take(ScheduledThreadPoolExecutor.java:899)
 java.base@17.0.2/java.util.concurrent.ThreadPoolExecutor.getTask(ThreadPoolExecutor.java:1062)
 java.base@17.0.2/java.util.concurrent.ThreadPoolExecutor.runWorker(ThreadPoolExecutor.java:1122)
 java.base@17.0.2/java.util.concurrent.ThreadPoolExecutor$Worker.run(ThreadPoolExecutor.java:635)
 java.base@17.0.2/java.lang.Thread.run(Thread.java:833)
2023-10-29T14:55:51.305+02:00  WARN 95358 --- [           main] o.a.c.loader.WebappClassLoaderBase       : The web application [ROOT] appears to have started a thread named [HikariPool-6 connection adder] but has failed to stop it. This is very likely to create a memory leak. Stack trace of thread:
 java.base@17.0.2/java.lang.Thread.sleep(Native Method)
 app//com.zaxxer.hikari.util.UtilityElf.quietlySleep(UtilityElf.java:53)
 app//com.zaxxer.hikari.pool.HikariPool$PoolEntryCreator.call(HikariPool.java:745)
 app//com.zaxxer.hikari.pool.HikariPool$PoolEntryCreator.call(HikariPool.java:712)
 java.base@17.0.2/java.util.concurrent.FutureTask.run(FutureTask.java:264)
 java.base@17.0.2/java.util.concurrent.ThreadPoolExecutor.runWorker(ThreadPoolExecutor.java:1136)
 java.base@17.0.2/java.util.concurrent.ThreadPoolExecutor$Worker.run(ThreadPoolExecutor.java:635)
 java.base@17.0.2/java.lang.Thread.run(Thread.java:833)
2023-10-29T14:55:53.382+02:00  INFO 95358 --- [           main] j.LocalContainerEntityManagerFactoryBean : Closing JPA EntityManagerFactory for persistence unit 'default'
2023-10-29T14:55:53.383+02:00  INFO 95358 --- [           main] com.zaxxer.hikari.HikariDataSource       : HikariPool-6 - Shutdown initiated...
2023-10-29T14:55:53.383+02:00  INFO 95358 --- [           main] com.zaxxer.hikari.HikariDataSource       : HikariPool-6 - Shutdown completed.
]]></system-out>
  </testcase>
</testsuite>