<?xml version="1.0" encoding="UTF-8"?>
<testsuite xmlns:xsi="http://www.w3.org/2001/XMLSchema-instance" xsi:noNamespaceSchemaLocation="https://maven.apache.org/surefire/maven-surefire-plugin/xsd/surefire-test-report-3.0.xsd" version="3.0" name="com.example.shopBackend.item.ItemIntegrationTest" time="13.614" tests="5" errors="0" skipped="0" failures="0">
  <properties>
    <property name="java.specification.version" value="17"/>
    <property name="sun.jnu.encoding" value="UTF-8"/>
    <property name="java.class.path" value="/Users/iiro/Documents/Ohjelmointi/reviews/reviews-backend/reviewsbackend/target/test-classes:/Users/iiro/Documents/Ohjelmointi/reviews/reviews-backend/reviewsbackend/target/classes:/Users/iiro/.m2/repository/org/springframework/boot/spring-boot-starter-data-jpa/3.1.1/spring-boot-starter-data-jpa-3.1.1.jar:/Users/iiro/.m2/repository/org/springframework/boot/spring-boot-starter-aop/3.1.1/spring-boot-starter-aop-3.1.1.jar:/Users/iiro/.m2/repository/org/aspectj/aspectjweaver/1.9.19/aspectjweaver-1.9.19.jar:/Users/iiro/.m2/repository/org/springframework/boot/spring-boot-starter-jdbc/3.1.1/spring-boot-starter-jdbc-3.1.1.jar:/Users/iiro/.m2/repository/com/zaxxer/HikariCP/5.0.1/HikariCP-5.0.1.jar:/Users/iiro/.m2/repository/org/springframework/spring-jdbc/6.0.10/spring-jdbc-6.0.10.jar:/Users/iiro/.m2/repository/org/hibernate/orm/hibernate-core/6.2.5.Final/hibernate-core-6.2.5.Final.jar:/Users/iiro/.m2/repository/jakarta/persistence/jakarta.persistence-api/3.1.0/jakarta.persistence-api-3.1.0.jar:/Users/iiro/.m2/repository/jakarta/transaction/jakarta.transaction-api/2.0.1/jakarta.transaction-api-2.0.1.jar:/Users/iiro/.m2/repository/org/jboss/logging/jboss-logging/3.5.1.Final/jboss-logging-3.5.1.Final.jar:/Users/iiro/.m2/repository/org/hibernate/common/hibernate-commons-annotations/6.0.6.Final/hibernate-commons-annotations-6.0.6.Final.jar:/Users/iiro/.m2/repository/io/smallrye/jandex/3.0.5/jandex-3.0.5.jar:/Users/iiro/.m2/repository/com/fasterxml/classmate/1.5.1/classmate-1.5.1.jar:/Users/iiro/.m2/repository/net/bytebuddy/byte-buddy/1.14.5/byte-buddy-1.14.5.jar:/Users/iiro/.m2/repository/org/glassfish/jaxb/jaxb-runtime/4.0.3/jaxb-runtime-4.0.3.jar:/Users/iiro/.m2/repository/org/glassfish/jaxb/jaxb-core/4.0.3/jaxb-core-4.0.3.jar:/Users/iiro/.m2/repository/org/eclipse/angus/angus-activation/2.0.1/angus-activation-2.0.1.jar:/Users/iiro/.m2/repository/org/glassfish/jaxb/txw2/4.0.3/txw2-4.0.3.jar:/Users/iiro/.m2/repository/com/sun/istack/istack-commons-runtime/4.1.2/istack-commons-runtime-4.1.2.jar:/Users/iiro/.m2/repository/jakarta/inject/jakarta.inject-api/2.0.1/jakarta.inject-api-2.0.1.jar:/Users/iiro/.m2/repository/org/antlr/antlr4-runtime/4.10.1/antlr4-runtime-4.10.1.jar:/Users/iiro/.m2/repository/org/springframework/data/spring-data-jpa/3.1.1/spring-data-jpa-3.1.1.jar:/Users/iiro/.m2/repository/org/springframework/data/spring-data-commons/3.1.1/spring-data-commons-3.1.1.jar:/Users/iiro/.m2/repository/org/springframework/spring-orm/6.0.10/spring-orm-6.0.10.jar:/Users/iiro/.m2/repository/org/springframework/spring-context/6.0.10/spring-context-6.0.10.jar:/Users/iiro/.m2/repository/org/springframework/spring-tx/6.0.10/spring-tx-6.0.10.jar:/Users/iiro/.m2/repository/org/springframework/spring-beans/6.0.10/spring-beans-6.0.10.jar:/Users/iiro/.m2/repository/jakarta/annotation/jakarta.annotation-api/2.1.1/jakarta.annotation-api-2.1.1.jar:/Users/iiro/.m2/repository/org/slf4j/slf4j-api/2.0.7/slf4j-api-2.0.7.jar:/Users/iiro/.m2/repository/org/springframework/spring-aspects/6.0.10/spring-aspects-6.0.10.jar:/Users/iiro/.m2/repository/org/springframework/boot/spring-boot-starter-web/3.1.1/spring-boot-starter-web-3.1.1.jar:/Users/iiro/.m2/repository/org/springframework/boot/spring-boot-starter/3.1.1/spring-boot-starter-3.1.1.jar:/Users/iiro/.m2/repository/org/springframework/boot/spring-boot/3.1.1/spring-boot-3.1.1.jar:/Users/iiro/.m2/repository/org/springframework/boot/spring-boot-autoconfigure/3.1.1/spring-boot-autoconfigure-3.1.1.jar:/Users/iiro/.m2/repository/org/springframework/boot/spring-boot-starter-logging/3.1.1/spring-boot-starter-logging-3.1.1.jar:/Users/iiro/.m2/repository/ch/qos/logback/logback-classic/1.4.8/logback-classic-1.4.8.jar:/Users/iiro/.m2/repository/ch/qos/logback/logback-core/1.4.8/logback-core-1.4.8.jar:/Users/iiro/.m2/repository/org/apache/logging/log4j/log4j-to-slf4j/2.20.0/log4j-to-slf4j-2.20.0.jar:/Users/iiro/.m2/repository/org/apache/logging/log4j/log4j-api/2.20.0/log4j-api-2.20.0.jar:/Users/iiro/.m2/repository/org/slf4j/jul-to-slf4j/2.0.7/jul-to-slf4j-2.0.7.jar:/Users/iiro/.m2/repository/org/yaml/snakeyaml/1.33/snakeyaml-1.33.jar:/Users/iiro/.m2/repository/org/springframework/boot/spring-boot-starter-json/3.1.1/spring-boot-starter-json-3.1.1.jar:/Users/iiro/.m2/repository/com/fasterxml/jackson/datatype/jackson-datatype-jdk8/2.15.2/jackson-datatype-jdk8-2.15.2.jar:/Users/iiro/.m2/repository/com/fasterxml/jackson/datatype/jackson-datatype-jsr310/2.15.2/jackson-datatype-jsr310-2.15.2.jar:/Users/iiro/.m2/repository/com/fasterxml/jackson/module/jackson-module-parameter-names/2.15.2/jackson-module-parameter-names-2.15.2.jar:/Users/iiro/.m2/repository/org/springframework/boot/spring-boot-starter-tomcat/3.1.1/spring-boot-starter-tomcat-3.1.1.jar:/Users/iiro/.m2/repository/org/apache/tomcat/embed/tomcat-embed-core/10.1.10/tomcat-embed-core-10.1.10.jar:/Users/iiro/.m2/repository/org/apache/tomcat/embed/tomcat-embed-el/10.1.10/tomcat-embed-el-10.1.10.jar:/Users/iiro/.m2/repository/org/apache/tomcat/embed/tomcat-embed-websocket/10.1.10/tomcat-embed-websocket-10.1.10.jar:/Users/iiro/.m2/repository/org/springframework/spring-web/6.0.10/spring-web-6.0.10.jar:/Users/iiro/.m2/repository/io/micrometer/micrometer-observation/1.11.1/micrometer-observation-1.11.1.jar:/Users/iiro/.m2/repository/io/micrometer/micrometer-commons/1.11.1/micrometer-commons-1.11.1.jar:/Users/iiro/.m2/repository/org/springframework/spring-webmvc/6.0.10/spring-webmvc-6.0.10.jar:/Users/iiro/.m2/repository/org/springframework/spring-expression/6.0.10/spring-expression-6.0.10.jar:/Users/iiro/.m2/repository/org/springframework/boot/spring-boot-starter-webflux/3.1.1/spring-boot-starter-webflux-3.1.1.jar:/Users/iiro/.m2/repository/org/springframework/boot/spring-boot-starter-reactor-netty/3.1.1/spring-boot-starter-reactor-netty-3.1.1.jar:/Users/iiro/.m2/repository/io/projectreactor/netty/reactor-netty-http/1.1.8/reactor-netty-http-1.1.8.jar:/Users/iiro/.m2/repository/io/netty/netty-codec-http/4.1.94.Final/netty-codec-http-4.1.94.Final.jar:/Users/iiro/.m2/repository/io/netty/netty-common/4.1.94.Final/netty-common-4.1.94.Final.jar:/Users/iiro/.m2/repository/io/netty/netty-buffer/4.1.94.Final/netty-buffer-4.1.94.Final.jar:/Users/iiro/.m2/repository/io/netty/netty-transport/4.1.94.Final/netty-transport-4.1.94.Final.jar:/Users/iiro/.m2/repository/io/netty/netty-codec/4.1.94.Final/netty-codec-4.1.94.Final.jar:/Users/iiro/.m2/repository/io/netty/netty-handler/4.1.94.Final/netty-handler-4.1.94.Final.jar:/Users/iiro/.m2/repository/io/netty/netty-codec-http2/4.1.94.Final/netty-codec-http2-4.1.94.Final.jar:/Users/iiro/.m2/repository/io/netty/netty-resolver-dns/4.1.94.Final/netty-resolver-dns-4.1.94.Final.jar:/Users/iiro/.m2/repository/io/netty/netty-resolver/4.1.94.Final/netty-resolver-4.1.94.Final.jar:/Users/iiro/.m2/repository/io/netty/netty-codec-dns/4.1.94.Final/netty-codec-dns-4.1.94.Final.jar:/Users/iiro/.m2/repository/io/netty/netty-resolver-dns-native-macos/4.1.94.Final/netty-resolver-dns-native-macos-4.1.94.Final-osx-x86_64.jar:/Users/iiro/.m2/repository/io/netty/netty-resolver-dns-classes-macos/4.1.94.Final/netty-resolver-dns-classes-macos-4.1.94.Final.jar:/Users/iiro/.m2/repository/io/netty/netty-transport-native-epoll/4.1.94.Final/netty-transport-native-epoll-4.1.94.Final-linux-x86_64.jar:/Users/iiro/.m2/repository/io/netty/netty-transport-native-unix-common/4.1.94.Final/netty-transport-native-unix-common-4.1.94.Final.jar:/Users/iiro/.m2/repository/io/netty/netty-transport-classes-epoll/4.1.94.Final/netty-transport-classes-epoll-4.1.94.Final.jar:/Users/iiro/.m2/repository/io/projectreactor/netty/reactor-netty-core/1.1.8/reactor-netty-core-1.1.8.jar:/Users/iiro/.m2/repository/io/netty/netty-handler-proxy/4.1.94.Final/netty-handler-proxy-4.1.94.Final.jar:/Users/iiro/.m2/repository/io/netty/netty-codec-socks/4.1.94.Final/netty-codec-socks-4.1.94.Final.jar:/Users/iiro/.m2/repository/org/springframework/spring-webflux/6.0.10/spring-webflux-6.0.10.jar:/Users/iiro/.m2/repository/io/projectreactor/reactor-core/3.5.7/reactor-core-3.5.7.jar:/Users/iiro/.m2/repository/org/reactivestreams/reactive-streams/1.0.4/reactive-streams-1.0.4.jar:/Users/iiro/.m2/repository/com/mysql/mysql-connector-j/8.0.33/mysql-connector-j-8.0.33.jar:/Users/iiro/.m2/repository/org/springframework/boot/spring-boot-starter-test/3.1.1/spring-boot-starter-test-3.1.1.jar:/Users/iiro/.m2/repository/org/springframework/boot/spring-boot-test/3.1.1/spring-boot-test-3.1.1.jar:/Users/iiro/.m2/repository/org/springframework/boot/spring-boot-test-autoconfigure/3.1.1/spring-boot-test-autoconfigure-3.1.1.jar:/Users/iiro/.m2/repository/com/jayway/jsonpath/json-path/2.8.0/json-path-2.8.0.jar:/Users/iiro/.m2/repository/jakarta/xml/bind/jakarta.xml.bind-api/4.0.0/jakarta.xml.bind-api-4.0.0.jar:/Users/iiro/.m2/repository/jakarta/activation/jakarta.activation-api/2.1.2/jakarta.activation-api-2.1.2.jar:/Users/iiro/.m2/repository/org/assertj/assertj-core/3.24.2/assertj-core-3.24.2.jar:/Users/iiro/.m2/repository/org/hamcrest/hamcrest/2.2/hamcrest-2.2.jar:/Users/iiro/.m2/repository/org/junit/jupiter/junit-jupiter/5.9.3/junit-jupiter-5.9.3.jar:/Users/iiro/.m2/repository/org/junit/jupiter/junit-jupiter-api/5.9.3/junit-jupiter-api-5.9.3.jar:/Users/iiro/.m2/repository/org/opentest4j/opentest4j/1.2.0/opentest4j-1.2.0.jar:/Users/iiro/.m2/repository/org/junit/platform/junit-platform-commons/1.9.3/junit-platform-commons-1.9.3.jar:/Users/iiro/.m2/repository/org/apiguardian/apiguardian-api/1.1.2/apiguardian-api-1.1.2.jar:/Users/iiro/.m2/repository/org/junit/jupiter/junit-jupiter-params/5.9.3/junit-jupiter-params-5.9.3.jar:/Users/iiro/.m2/repository/org/junit/jupiter/junit-jupiter-engine/5.9.3/junit-jupiter-engine-5.9.3.jar:/Users/iiro/.m2/repository/org/junit/platform/junit-platform-engine/1.9.3/junit-platform-engine-1.9.3.jar:/Users/iiro/.m2/repository/org/mockito/mockito-core/5.3.1/mockito-core-5.3.1.jar:/Users/iiro/.m2/repository/net/bytebuddy/byte-buddy-agent/1.14.5/byte-buddy-agent-1.14.5.jar:/Users/iiro/.m2/repository/org/objenesis/objenesis/3.3/objenesis-3.3.jar:/Users/iiro/.m2/repository/org/mockito/mockito-junit-jupiter/5.3.1/mockito-junit-jupiter-5.3.1.jar:/Users/iiro/.m2/repository/org/skyscreamer/jsonassert/1.5.1/jsonassert-1.5.1.jar:/Users/iiro/.m2/repository/com/vaadin/external/google/android-json/0.0.20131108.vaadin1/android-json-0.0.20131108.vaadin1.jar:/Users/iiro/.m2/repository/org/springframework/spring-core/6.0.10/spring-core-6.0.10.jar:/Users/iiro/.m2/repository/org/springframework/spring-jcl/6.0.10/spring-jcl-6.0.10.jar:/Users/iiro/.m2/repository/org/springframework/spring-test/6.0.10/spring-test-6.0.10.jar:/Users/iiro/.m2/repository/org/xmlunit/xmlunit-core/2.9.1/xmlunit-core-2.9.1.jar:/Users/iiro/.m2/repository/com/h2database/h2/2.1.214/h2-2.1.214.jar:/Users/iiro/.m2/repository/net/minidev/json-smart/2.4.11/json-smart-2.4.11.jar:/Users/iiro/.m2/repository/net/minidev/accessors-smart/2.4.11/accessors-smart-2.4.11.jar:/Users/iiro/.m2/repository/org/ow2/asm/asm/9.3/asm-9.3.jar:/Users/iiro/.m2/repository/com/squareup/okhttp3/okhttp/4.10.0/okhttp-4.10.0.jar:/Users/iiro/.m2/repository/com/squareup/okio/okio-jvm/3.0.0/okio-jvm-3.0.0.jar:/Users/iiro/.m2/repository/org/jetbrains/kotlin/kotlin-stdlib-common/1.8.22/kotlin-stdlib-common-1.8.22.jar:/Users/iiro/.m2/repository/org/jetbrains/kotlin/kotlin-stdlib/1.8.22/kotlin-stdlib-1.8.22.jar:/Users/iiro/.m2/repository/org/jetbrains/annotations/13.0/annotations-13.0.jar:/Users/iiro/.m2/repository/com/squareup/okhttp3/mockwebserver/4.10.0/mockwebserver-4.10.0.jar:/Users/iiro/.m2/repository/junit/junit/4.13.2/junit-4.13.2.jar:/Users/iiro/.m2/repository/org/hamcrest/hamcrest-core/2.2/hamcrest-core-2.2.jar:/Users/iiro/.m2/repository/org/jetbrains/kotlin/kotlin-stdlib-jdk8/1.8.22/kotlin-stdlib-jdk8-1.8.22.jar:/Users/iiro/.m2/repository/org/jetbrains/kotlin/kotlin-stdlib-jdk7/1.8.22/kotlin-stdlib-jdk7-1.8.22.jar:/Users/iiro/.m2/repository/org/springframework/boot/spring-boot-starter-security/3.1.1/spring-boot-starter-security-3.1.1.jar:/Users/iiro/.m2/repository/org/springframework/spring-aop/6.0.10/spring-aop-6.0.10.jar:/Users/iiro/.m2/repository/org/springframework/security/spring-security-config/6.1.1/spring-security-config-6.1.1.jar:/Users/iiro/.m2/repository/org/springframework/security/spring-security-web/6.1.1/spring-security-web-6.1.1.jar:/Users/iiro/.m2/repository/io/jsonwebtoken/jjwt-api/0.11.5/jjwt-api-0.11.5.jar:/Users/iiro/.m2/repository/io/jsonwebtoken/jjwt-impl/0.11.5/jjwt-impl-0.11.5.jar:/Users/iiro/.m2/repository/io/jsonwebtoken/jjwt-jackson/0.11.5/jjwt-jackson-0.11.5.jar:/Users/iiro/.m2/repository/com/fasterxml/jackson/core/jackson-databind/2.15.2/jackson-databind-2.15.2.jar:/Users/iiro/.m2/repository/com/fasterxml/jackson/core/jackson-annotations/2.15.2/jackson-annotations-2.15.2.jar:/Users/iiro/.m2/repository/com/fasterxml/jackson/core/jackson-core/2.15.2/jackson-core-2.15.2.jar:/Users/iiro/.m2/repository/org/projectlombok/lombok/1.18.28/lombok-1.18.28.jar:/Users/iiro/.m2/repository/org/springframework/security/spring-security-test/6.1.1/spring-security-test-6.1.1.jar:/Users/iiro/.m2/repository/org/springframework/security/spring-security-core/6.1.1/spring-security-core-6.1.1.jar:/Users/iiro/.m2/repository/org/springframework/security/spring-security-crypto/6.1.1/spring-security-crypto-6.1.1.jar:"/>
    <property name="java.vm.vendor" value="Homebrew"/>
    <property name="sun.arch.data.model" value="64"/>
    <property name="java.vendor.url" value="https://github.com/Homebrew/homebrew-core/issues"/>
    <property name="catalina.useNaming" value="false"/>
    <property name="user.timezone" value="Europe/Helsinki"/>
    <property name="org.jboss.logging.provider" value="slf4j"/>
    <property name="os.name" value="Mac OS X"/>
    <property name="java.vm.specification.version" value="17"/>
    <property name="sun.java.launcher" value="SUN_STANDARD"/>
    <property name="user.country" value="FI"/>
    <property name="sun.boot.library.path" value="/opt/homebrew/Cellar/openjdk/17.0.2/libexec/openjdk.jdk/Contents/Home/lib"/>
    <property name="sun.java.command" value="/Users/iiro/Documents/Ohjelmointi/reviews/reviews-backend/reviewsbackend/target/surefire/surefirebooter-20240202124211474_3.jar /Users/iiro/Documents/Ohjelmointi/reviews/reviews-backend/reviewsbackend/target/surefire 2024-02-02T12-42-11_418-jvmRun1 surefire-20240202124211474_1tmp surefire_0-20240202124211474_2tmp"/>
    <property name="http.nonProxyHosts" value="local|*.local|169.254/16|*.169.254/16"/>
    <property name="jdk.debug" value="release"/>
    <property name="surefire.test.class.path" value="/Users/iiro/Documents/Ohjelmointi/reviews/reviews-backend/reviewsbackend/target/test-classes:/Users/iiro/Documents/Ohjelmointi/reviews/reviews-backend/reviewsbackend/target/classes:/Users/iiro/.m2/repository/org/springframework/boot/spring-boot-starter-data-jpa/3.1.1/spring-boot-starter-data-jpa-3.1.1.jar:/Users/iiro/.m2/repository/org/springframework/boot/spring-boot-starter-aop/3.1.1/spring-boot-starter-aop-3.1.1.jar:/Users/iiro/.m2/repository/org/aspectj/aspectjweaver/1.9.19/aspectjweaver-1.9.19.jar:/Users/iiro/.m2/repository/org/springframework/boot/spring-boot-starter-jdbc/3.1.1/spring-boot-starter-jdbc-3.1.1.jar:/Users/iiro/.m2/repository/com/zaxxer/HikariCP/5.0.1/HikariCP-5.0.1.jar:/Users/iiro/.m2/repository/org/springframework/spring-jdbc/6.0.10/spring-jdbc-6.0.10.jar:/Users/iiro/.m2/repository/org/hibernate/orm/hibernate-core/6.2.5.Final/hibernate-core-6.2.5.Final.jar:/Users/iiro/.m2/repository/jakarta/persistence/jakarta.persistence-api/3.1.0/jakarta.persistence-api-3.1.0.jar:/Users/iiro/.m2/repository/jakarta/transaction/jakarta.transaction-api/2.0.1/jakarta.transaction-api-2.0.1.jar:/Users/iiro/.m2/repository/org/jboss/logging/jboss-logging/3.5.1.Final/jboss-logging-3.5.1.Final.jar:/Users/iiro/.m2/repository/org/hibernate/common/hibernate-commons-annotations/6.0.6.Final/hibernate-commons-annotations-6.0.6.Final.jar:/Users/iiro/.m2/repository/io/smallrye/jandex/3.0.5/jandex-3.0.5.jar:/Users/iiro/.m2/repository/com/fasterxml/classmate/1.5.1/classmate-1.5.1.jar:/Users/iiro/.m2/repository/net/bytebuddy/byte-buddy/1.14.5/byte-buddy-1.14.5.jar:/Users/iiro/.m2/repository/org/glassfish/jaxb/jaxb-runtime/4.0.3/jaxb-runtime-4.0.3.jar:/Users/iiro/.m2/repository/org/glassfish/jaxb/jaxb-core/4.0.3/jaxb-core-4.0.3.jar:/Users/iiro/.m2/repository/org/eclipse/angus/angus-activation/2.0.1/angus-activation-2.0.1.jar:/Users/iiro/.m2/repository/org/glassfish/jaxb/txw2/4.0.3/txw2-4.0.3.jar:/Users/iiro/.m2/repository/com/sun/istack/istack-commons-runtime/4.1.2/istack-commons-runtime-4.1.2.jar:/Users/iiro/.m2/repository/jakarta/inject/jakarta.inject-api/2.0.1/jakarta.inject-api-2.0.1.jar:/Users/iiro/.m2/repository/org/antlr/antlr4-runtime/4.10.1/antlr4-runtime-4.10.1.jar:/Users/iiro/.m2/repository/org/springframework/data/spring-data-jpa/3.1.1/spring-data-jpa-3.1.1.jar:/Users/iiro/.m2/repository/org/springframework/data/spring-data-commons/3.1.1/spring-data-commons-3.1.1.jar:/Users/iiro/.m2/repository/org/springframework/spring-orm/6.0.10/spring-orm-6.0.10.jar:/Users/iiro/.m2/repository/org/springframework/spring-context/6.0.10/spring-context-6.0.10.jar:/Users/iiro/.m2/repository/org/springframework/spring-tx/6.0.10/spring-tx-6.0.10.jar:/Users/iiro/.m2/repository/org/springframework/spring-beans/6.0.10/spring-beans-6.0.10.jar:/Users/iiro/.m2/repository/jakarta/annotation/jakarta.annotation-api/2.1.1/jakarta.annotation-api-2.1.1.jar:/Users/iiro/.m2/repository/org/slf4j/slf4j-api/2.0.7/slf4j-api-2.0.7.jar:/Users/iiro/.m2/repository/org/springframework/spring-aspects/6.0.10/spring-aspects-6.0.10.jar:/Users/iiro/.m2/repository/org/springframework/boot/spring-boot-starter-web/3.1.1/spring-boot-starter-web-3.1.1.jar:/Users/iiro/.m2/repository/org/springframework/boot/spring-boot-starter/3.1.1/spring-boot-starter-3.1.1.jar:/Users/iiro/.m2/repository/org/springframework/boot/spring-boot/3.1.1/spring-boot-3.1.1.jar:/Users/iiro/.m2/repository/org/springframework/boot/spring-boot-autoconfigure/3.1.1/spring-boot-autoconfigure-3.1.1.jar:/Users/iiro/.m2/repository/org/springframework/boot/spring-boot-starter-logging/3.1.1/spring-boot-starter-logging-3.1.1.jar:/Users/iiro/.m2/repository/ch/qos/logback/logback-classic/1.4.8/logback-classic-1.4.8.jar:/Users/iiro/.m2/repository/ch/qos/logback/logback-core/1.4.8/logback-core-1.4.8.jar:/Users/iiro/.m2/repository/org/apache/logging/log4j/log4j-to-slf4j/2.20.0/log4j-to-slf4j-2.20.0.jar:/Users/iiro/.m2/repository/org/apache/logging/log4j/log4j-api/2.20.0/log4j-api-2.20.0.jar:/Users/iiro/.m2/repository/org/slf4j/jul-to-slf4j/2.0.7/jul-to-slf4j-2.0.7.jar:/Users/iiro/.m2/repository/org/yaml/snakeyaml/1.33/snakeyaml-1.33.jar:/Users/iiro/.m2/repository/org/springframework/boot/spring-boot-starter-json/3.1.1/spring-boot-starter-json-3.1.1.jar:/Users/iiro/.m2/repository/com/fasterxml/jackson/datatype/jackson-datatype-jdk8/2.15.2/jackson-datatype-jdk8-2.15.2.jar:/Users/iiro/.m2/repository/com/fasterxml/jackson/datatype/jackson-datatype-jsr310/2.15.2/jackson-datatype-jsr310-2.15.2.jar:/Users/iiro/.m2/repository/com/fasterxml/jackson/module/jackson-module-parameter-names/2.15.2/jackson-module-parameter-names-2.15.2.jar:/Users/iiro/.m2/repository/org/springframework/boot/spring-boot-starter-tomcat/3.1.1/spring-boot-starter-tomcat-3.1.1.jar:/Users/iiro/.m2/repository/org/apache/tomcat/embed/tomcat-embed-core/10.1.10/tomcat-embed-core-10.1.10.jar:/Users/iiro/.m2/repository/org/apache/tomcat/embed/tomcat-embed-el/10.1.10/tomcat-embed-el-10.1.10.jar:/Users/iiro/.m2/repository/org/apache/tomcat/embed/tomcat-embed-websocket/10.1.10/tomcat-embed-websocket-10.1.10.jar:/Users/iiro/.m2/repository/org/springframework/spring-web/6.0.10/spring-web-6.0.10.jar:/Users/iiro/.m2/repository/io/micrometer/micrometer-observation/1.11.1/micrometer-observation-1.11.1.jar:/Users/iiro/.m2/repository/io/micrometer/micrometer-commons/1.11.1/micrometer-commons-1.11.1.jar:/Users/iiro/.m2/repository/org/springframework/spring-webmvc/6.0.10/spring-webmvc-6.0.10.jar:/Users/iiro/.m2/repository/org/springframework/spring-expression/6.0.10/spring-expression-6.0.10.jar:/Users/iiro/.m2/repository/org/springframework/boot/spring-boot-starter-webflux/3.1.1/spring-boot-starter-webflux-3.1.1.jar:/Users/iiro/.m2/repository/org/springframework/boot/spring-boot-starter-reactor-netty/3.1.1/spring-boot-starter-reactor-netty-3.1.1.jar:/Users/iiro/.m2/repository/io/projectreactor/netty/reactor-netty-http/1.1.8/reactor-netty-http-1.1.8.jar:/Users/iiro/.m2/repository/io/netty/netty-codec-http/4.1.94.Final/netty-codec-http-4.1.94.Final.jar:/Users/iiro/.m2/repository/io/netty/netty-common/4.1.94.Final/netty-common-4.1.94.Final.jar:/Users/iiro/.m2/repository/io/netty/netty-buffer/4.1.94.Final/netty-buffer-4.1.94.Final.jar:/Users/iiro/.m2/repository/io/netty/netty-transport/4.1.94.Final/netty-transport-4.1.94.Final.jar:/Users/iiro/.m2/repository/io/netty/netty-codec/4.1.94.Final/netty-codec-4.1.94.Final.jar:/Users/iiro/.m2/repository/io/netty/netty-handler/4.1.94.Final/netty-handler-4.1.94.Final.jar:/Users/iiro/.m2/repository/io/netty/netty-codec-http2/4.1.94.Final/netty-codec-http2-4.1.94.Final.jar:/Users/iiro/.m2/repository/io/netty/netty-resolver-dns/4.1.94.Final/netty-resolver-dns-4.1.94.Final.jar:/Users/iiro/.m2/repository/io/netty/netty-resolver/4.1.94.Final/netty-resolver-4.1.94.Final.jar:/Users/iiro/.m2/repository/io/netty/netty-codec-dns/4.1.94.Final/netty-codec-dns-4.1.94.Final.jar:/Users/iiro/.m2/repository/io/netty/netty-resolver-dns-native-macos/4.1.94.Final/netty-resolver-dns-native-macos-4.1.94.Final-osx-x86_64.jar:/Users/iiro/.m2/repository/io/netty/netty-resolver-dns-classes-macos/4.1.94.Final/netty-resolver-dns-classes-macos-4.1.94.Final.jar:/Users/iiro/.m2/repository/io/netty/netty-transport-native-epoll/4.1.94.Final/netty-transport-native-epoll-4.1.94.Final-linux-x86_64.jar:/Users/iiro/.m2/repository/io/netty/netty-transport-native-unix-common/4.1.94.Final/netty-transport-native-unix-common-4.1.94.Final.jar:/Users/iiro/.m2/repository/io/netty/netty-transport-classes-epoll/4.1.94.Final/netty-transport-classes-epoll-4.1.94.Final.jar:/Users/iiro/.m2/repository/io/projectreactor/netty/reactor-netty-core/1.1.8/reactor-netty-core-1.1.8.jar:/Users/iiro/.m2/repository/io/netty/netty-handler-proxy/4.1.94.Final/netty-handler-proxy-4.1.94.Final.jar:/Users/iiro/.m2/repository/io/netty/netty-codec-socks/4.1.94.Final/netty-codec-socks-4.1.94.Final.jar:/Users/iiro/.m2/repository/org/springframework/spring-webflux/6.0.10/spring-webflux-6.0.10.jar:/Users/iiro/.m2/repository/io/projectreactor/reactor-core/3.5.7/reactor-core-3.5.7.jar:/Users/iiro/.m2/repository/org/reactivestreams/reactive-streams/1.0.4/reactive-streams-1.0.4.jar:/Users/iiro/.m2/repository/com/mysql/mysql-connector-j/8.0.33/mysql-connector-j-8.0.33.jar:/Users/iiro/.m2/repository/org/springframework/boot/spring-boot-starter-test/3.1.1/spring-boot-starter-test-3.1.1.jar:/Users/iiro/.m2/repository/org/springframework/boot/spring-boot-test/3.1.1/spring-boot-test-3.1.1.jar:/Users/iiro/.m2/repository/org/springframework/boot/spring-boot-test-autoconfigure/3.1.1/spring-boot-test-autoconfigure-3.1.1.jar:/Users/iiro/.m2/repository/com/jayway/jsonpath/json-path/2.8.0/json-path-2.8.0.jar:/Users/iiro/.m2/repository/jakarta/xml/bind/jakarta.xml.bind-api/4.0.0/jakarta.xml.bind-api-4.0.0.jar:/Users/iiro/.m2/repository/jakarta/activation/jakarta.activation-api/2.1.2/jakarta.activation-api-2.1.2.jar:/Users/iiro/.m2/repository/org/assertj/assertj-core/3.24.2/assertj-core-3.24.2.jar:/Users/iiro/.m2/repository/org/hamcrest/hamcrest/2.2/hamcrest-2.2.jar:/Users/iiro/.m2/repository/org/junit/jupiter/junit-jupiter/5.9.3/junit-jupiter-5.9.3.jar:/Users/iiro/.m2/repository/org/junit/jupiter/junit-jupiter-api/5.9.3/junit-jupiter-api-5.9.3.jar:/Users/iiro/.m2/repository/org/opentest4j/opentest4j/1.2.0/opentest4j-1.2.0.jar:/Users/iiro/.m2/repository/org/junit/platform/junit-platform-commons/1.9.3/junit-platform-commons-1.9.3.jar:/Users/iiro/.m2/repository/org/apiguardian/apiguardian-api/1.1.2/apiguardian-api-1.1.2.jar:/Users/iiro/.m2/repository/org/junit/jupiter/junit-jupiter-params/5.9.3/junit-jupiter-params-5.9.3.jar:/Users/iiro/.m2/repository/org/junit/jupiter/junit-jupiter-engine/5.9.3/junit-jupiter-engine-5.9.3.jar:/Users/iiro/.m2/repository/org/junit/platform/junit-platform-engine/1.9.3/junit-platform-engine-1.9.3.jar:/Users/iiro/.m2/repository/org/mockito/mockito-core/5.3.1/mockito-core-5.3.1.jar:/Users/iiro/.m2/repository/net/bytebuddy/byte-buddy-agent/1.14.5/byte-buddy-agent-1.14.5.jar:/Users/iiro/.m2/repository/org/objenesis/objenesis/3.3/objenesis-3.3.jar:/Users/iiro/.m2/repository/org/mockito/mockito-junit-jupiter/5.3.1/mockito-junit-jupiter-5.3.1.jar:/Users/iiro/.m2/repository/org/skyscreamer/jsonassert/1.5.1/jsonassert-1.5.1.jar:/Users/iiro/.m2/repository/com/vaadin/external/google/android-json/0.0.20131108.vaadin1/android-json-0.0.20131108.vaadin1.jar:/Users/iiro/.m2/repository/org/springframework/spring-core/6.0.10/spring-core-6.0.10.jar:/Users/iiro/.m2/repository/org/springframework/spring-jcl/6.0.10/spring-jcl-6.0.10.jar:/Users/iiro/.m2/repository/org/springframework/spring-test/6.0.10/spring-test-6.0.10.jar:/Users/iiro/.m2/repository/org/xmlunit/xmlunit-core/2.9.1/xmlunit-core-2.9.1.jar:/Users/iiro/.m2/repository/com/h2database/h2/2.1.214/h2-2.1.214.jar:/Users/iiro/.m2/repository/net/minidev/json-smart/2.4.11/json-smart-2.4.11.jar:/Users/iiro/.m2/repository/net/minidev/accessors-smart/2.4.11/accessors-smart-2.4.11.jar:/Users/iiro/.m2/repository/org/ow2/asm/asm/9.3/asm-9.3.jar:/Users/iiro/.m2/repository/com/squareup/okhttp3/okhttp/4.10.0/okhttp-4.10.0.jar:/Users/iiro/.m2/repository/com/squareup/okio/okio-jvm/3.0.0/okio-jvm-3.0.0.jar:/Users/iiro/.m2/repository/org/jetbrains/kotlin/kotlin-stdlib-common/1.8.22/kotlin-stdlib-common-1.8.22.jar:/Users/iiro/.m2/repository/org/jetbrains/kotlin/kotlin-stdlib/1.8.22/kotlin-stdlib-1.8.22.jar:/Users/iiro/.m2/repository/org/jetbrains/annotations/13.0/annotations-13.0.jar:/Users/iiro/.m2/repository/com/squareup/okhttp3/mockwebserver/4.10.0/mockwebserver-4.10.0.jar:/Users/iiro/.m2/repository/junit/junit/4.13.2/junit-4.13.2.jar:/Users/iiro/.m2/repository/org/hamcrest/hamcrest-core/2.2/hamcrest-core-2.2.jar:/Users/iiro/.m2/repository/org/jetbrains/kotlin/kotlin-stdlib-jdk8/1.8.22/kotlin-stdlib-jdk8-1.8.22.jar:/Users/iiro/.m2/repository/org/jetbrains/kotlin/kotlin-stdlib-jdk7/1.8.22/kotlin-stdlib-jdk7-1.8.22.jar:/Users/iiro/.m2/repository/org/springframework/boot/spring-boot-starter-security/3.1.1/spring-boot-starter-security-3.1.1.jar:/Users/iiro/.m2/repository/org/springframework/spring-aop/6.0.10/spring-aop-6.0.10.jar:/Users/iiro/.m2/repository/org/springframework/security/spring-security-config/6.1.1/spring-security-config-6.1.1.jar:/Users/iiro/.m2/repository/org/springframework/security/spring-security-web/6.1.1/spring-security-web-6.1.1.jar:/Users/iiro/.m2/repository/io/jsonwebtoken/jjwt-api/0.11.5/jjwt-api-0.11.5.jar:/Users/iiro/.m2/repository/io/jsonwebtoken/jjwt-impl/0.11.5/jjwt-impl-0.11.5.jar:/Users/iiro/.m2/repository/io/jsonwebtoken/jjwt-jackson/0.11.5/jjwt-jackson-0.11.5.jar:/Users/iiro/.m2/repository/com/fasterxml/jackson/core/jackson-databind/2.15.2/jackson-databind-2.15.2.jar:/Users/iiro/.m2/repository/com/fasterxml/jackson/core/jackson-annotations/2.15.2/jackson-annotations-2.15.2.jar:/Users/iiro/.m2/repository/com/fasterxml/jackson/core/jackson-core/2.15.2/jackson-core-2.15.2.jar:/Users/iiro/.m2/repository/org/projectlombok/lombok/1.18.28/lombok-1.18.28.jar:/Users/iiro/.m2/repository/org/springframework/security/spring-security-test/6.1.1/spring-security-test-6.1.1.jar:/Users/iiro/.m2/repository/org/springframework/security/spring-security-core/6.1.1/spring-security-core-6.1.1.jar:/Users/iiro/.m2/repository/org/springframework/security/spring-security-crypto/6.1.1/spring-security-crypto-6.1.1.jar:"/>
    <property name="sun.cpu.endian" value="little"/>
    <property name="user.home" value="/Users/iiro"/>
    <property name="user.language" value="en"/>
    <property name="java.specification.vendor" value="Oracle Corporation"/>
    <property name="java.version.date" value="2022-01-18"/>
    <property name="java.home" value="/opt/homebrew/Cellar/openjdk/17.0.2/libexec/openjdk.jdk/Contents/Home"/>
    <property name="file.separator" value="/"/>
    <property name="basedir" value="/Users/iiro/Documents/Ohjelmointi/reviews/reviews-backend/reviewsbackend"/>
    <property name="java.vm.compressedOopsMode" value="Zero based"/>
    <property name="line.separator" value="&#10;"/>
    <property name="java.specification.name" value="Java Platform API Specification"/>
    <property name="java.vm.specification.vendor" value="Oracle Corporation"/>
    <property name="FILE_LOG_CHARSET" value="UTF-8"/>
    <property name="java.awt.headless" value="true"/>
    <property name="surefire.real.class.path" value="/Users/iiro/Documents/Ohjelmointi/reviews/reviews-backend/reviewsbackend/target/surefire/surefirebooter-20240202124211474_3.jar"/>
    <property name="sun.management.compiler" value="HotSpot 64-Bit Tiered Compilers"/>
    <property name="ftp.nonProxyHosts" value="local|*.local|169.254/16|*.169.254/16"/>
    <property name="java.runtime.version" value="17.0.2+0"/>
    <property name="user.name" value="iiro"/>
    <property name="path.separator" value=":"/>
    <property name="os.version" value="13.4.1"/>
    <property name="java.runtime.name" value="OpenJDK Runtime Environment"/>
    <property name="file.encoding" value="UTF-8"/>
    <property name="java.vm.name" value="OpenJDK 64-Bit Server VM"/>
    <property name="java.vendor.version" value="Homebrew"/>
    <property name="localRepository" value="/Users/iiro/.m2/repository"/>
    <property name="java.vendor.url.bug" value="https://github.com/Homebrew/homebrew-core/issues"/>
    <property name="java.io.tmpdir" value="/var/folders/xm/f__fpvcd74jg4d0ktvzdw5hr0000gn/T/"/>
    <property name="com.zaxxer.hikari.pool_number" value="6"/>
    <property name="catalina.home" value="/private/var/folders/xm/f__fpvcd74jg4d0ktvzdw5hr0000gn/T/tomcat.0.17691879504658625702"/>
    <property name="java.version" value="17.0.2"/>
    <property name="user.dir" value="/Users/iiro/Documents/Ohjelmointi/reviews/reviews-backend/reviewsbackend"/>
    <property name="os.arch" value="aarch64"/>
    <property name="java.vm.specification.name" value="Java Virtual Machine Specification"/>
    <property name="PID" value="16300"/>
    <property name="CONSOLE_LOG_CHARSET" value="UTF-8"/>
    <property name="catalina.base" value="/private/var/folders/xm/f__fpvcd74jg4d0ktvzdw5hr0000gn/T/tomcat.0.10123082265561730352"/>
    <property name="native.encoding" value="UTF-8"/>
    <property name="java.library.path" value="/Users/iiro/Library/Java/Extensions:/Library/Java/Extensions:/Network/Library/Java/Extensions:/System/Library/Java/Extensions:/usr/lib/java:."/>
    <property name="java.vm.info" value="mixed mode, sharing"/>
    <property name="java.vendor" value="Homebrew"/>
    <property name="java.vm.version" value="17.0.2+0"/>
    <property name="sun.io.unicode.encoding" value="UnicodeBig"/>
    <property name="socksNonProxyHosts" value="local|*.local|169.254/16|*.169.254/16"/>
    <property name="java.class.version" value="61.0"/>
  </properties>
  <testcase name="getItemsWorks" classname="com.example.shopBackend.item.ItemIntegrationTest" time="2.365">
    <system-out><![CDATA[2024-02-02T12:42:16.032+02:00  INFO 16300 --- [           main] t.c.s.AnnotationConfigContextLoaderUtils : Could not detect default configuration classes for test class [com.example.shopBackend.item.ItemIntegrationTest]: ItemIntegrationTest does not declare any static, non-private, non-final, nested classes annotated with @Configuration.
2024-02-02T12:42:16.055+02:00  INFO 16300 --- [           main] .b.t.c.SpringBootTestContextBootstrapper : Found @SpringBootConfiguration com.example.shopBackend.ShopBackendApplication for test class com.example.shopBackend.item.ItemIntegrationTest

  .   ____          _            __ _ _
 /\\ / ___'_ __ _ _(_)_ __  __ _ \ \ \ \
( ( )\___ | '_ | '_| | '_ \/ _` | \ \ \ \
 \\/  ___)| |_)| | | | | || (_| |  ) ) ) )
  '  |____| .__|_| |_|_| |_\__, | / / / /
 =========|_|==============|___/=/_/_/_/
 :: Spring Boot ::                (v3.1.1)

2024-02-02T12:42:16.077+02:00  INFO 16300 --- [           main] c.e.s.item.ItemIntegrationTest           : Starting ItemIntegrationTest using Java 17.0.2 with PID 16300 (started by iiro in /Users/iiro/Documents/Ohjelmointi/reviews/reviews-backend/reviewsbackend)
2024-02-02T12:42:16.077+02:00  INFO 16300 --- [           main] c.e.s.item.ItemIntegrationTest           : The following 1 profile is active: "test"
2024-02-02T12:42:16.213+02:00  INFO 16300 --- [           main] .s.d.r.c.RepositoryConfigurationDelegate : Bootstrapping Spring Data JPA repositories in DEFAULT mode.
2024-02-02T12:42:16.229+02:00  INFO 16300 --- [           main] .s.d.r.c.RepositoryConfigurationDelegate : Finished Spring Data repository scanning in 16 ms. Found 6 JPA repository interfaces.
2024-02-02T12:42:16.417+02:00  INFO 16300 --- [           main] o.s.b.w.embedded.tomcat.TomcatWebServer  : Tomcat initialized with port(s): 0 (http)
2024-02-02T12:42:16.422+02:00  INFO 16300 --- [           main] o.apache.catalina.core.StandardService   : Starting service [Tomcat]
2024-02-02T12:42:16.422+02:00  INFO 16300 --- [           main] o.apache.catalina.core.StandardEngine    : Starting Servlet engine: [Apache Tomcat/10.1.10]
2024-02-02T12:42:16.464+02:00  INFO 16300 --- [           main] o.a.c.c.C.[Tomcat].[localhost].[/]       : Initializing Spring embedded WebApplicationContext
2024-02-02T12:42:16.464+02:00  INFO 16300 --- [           main] w.s.c.ServletWebServerApplicationContext : Root WebApplicationContext: initialization completed in 387 ms
2024-02-02T12:42:16.490+02:00  INFO 16300 --- [           main] o.hibernate.jpa.internal.util.LogHelper  : HHH000204: Processing PersistenceUnitInfo [name: default]
2024-02-02T12:42:16.493+02:00  INFO 16300 --- [           main] o.h.b.i.BytecodeProviderInitiator        : HHH000021: Bytecode provider name : bytebuddy
2024-02-02T12:42:16.493+02:00  INFO 16300 --- [           main] o.s.o.j.p.SpringPersistenceUnitInfo      : No LoadTimeWeaver setup: ignoring JPA class transformer
2024-02-02T12:42:16.493+02:00  INFO 16300 --- [           main] com.zaxxer.hikari.HikariDataSource       : HikariPool-2 - Starting...
2024-02-02T12:42:16.495+02:00  INFO 16300 --- [           main] com.zaxxer.hikari.pool.HikariPool        : HikariPool-2 - Added connection conn10: url=jdbc:h2:mem:457fdf3c-ac10-4617-ab0c-a8d296d65118 user=SA
2024-02-02T12:42:16.495+02:00  INFO 16300 --- [           main] com.zaxxer.hikari.HikariDataSource       : HikariPool-2 - Start completed.
2024-02-02T12:42:16.495+02:00  WARN 16300 --- [           main] org.hibernate.dialect.Dialect            : HHH000511: The 2.1.0 version for [org.hibernate.dialect.MySQLDialect] is no longer supported, hence certain features may not work properly. The minimum supported version is 5.7.0. Check the community dialects project for available legacy versions.
2024-02-02T12:42:16.504+02:00  INFO 16300 --- [           main] o.h.b.i.BytecodeProviderInitiator        : HHH000021: Bytecode provider name : bytebuddy
2024-02-02T12:42:16.541+02:00  INFO 16300 --- [           main] o.h.e.t.j.p.i.JtaPlatformInitiator       : HHH000490: Using JtaPlatform implementation: [org.hibernate.engine.transaction.jta.platform.internal.NoJtaPlatform]
Hibernate: 
    create table account_roles (
        role_id integer not null auto_increment,
        role_name varchar(255) not null,
        primary key (role_id)
    ) engine=InnoDB
Hibernate: 
    create table accounts (
        account_id integer not null auto_increment,
        account_email varchar(255) not null,
        account_name varchar(255) not null,
        account_password varchar(255) not null,
        account_username varchar(255) not null,
        account_role integer not null,
        primary key (account_id)
    ) engine=InnoDB
Hibernate: 
    create table item_categories (
        category_id integer not null auto_increment,
        category_name varchar(255) not null,
        primary key (category_id)
    ) engine=InnoDB
Hibernate: 
    create table items (
        item_id integer not null auto_increment,
        item_rating float(23),
        item_title varchar(255) not null,
        item_account integer not null,
        item_category integer not null,
        item_words integer,
        primary key (item_id)
    ) engine=InnoDB
Hibernate: 
    create table reviews (
        review_id integer not null auto_increment,
        review_body text not null,
        review_date date not null,
        review_dislikes integer not null,
        review_likes integer not null,
        review_rating integer,
        review_title text not null,
        review_account integer not null,
        review_item integer not null,
        primary key (review_id)
    ) engine=InnoDB
Hibernate: 
    create table words (
        words_id integer not null auto_increment,
        words_negative varbinary(255),
        words_positive varbinary(255),
        primary key (words_id)
    ) engine=InnoDB
Hibernate: 
    alter table accounts 
       drop index UK_mk7tpo481lfhcsngxkcf40nw2
Hibernate: 
    alter table accounts 
       add constraint UK_mk7tpo481lfhcsngxkcf40nw2 unique (account_username)
Hibernate: 
    alter table items 
       drop index UK_l2hh6d3b7gbyk1x3158hnrm8j
Hibernate: 
    alter table items 
       add constraint UK_l2hh6d3b7gbyk1x3158hnrm8j unique (item_words)
Hibernate: 
    alter table accounts 
       add constraint FKa5420c4ple63nlr3aq2ywrn0s 
       foreign key (account_role) 
       references account_roles (role_id)
Hibernate: 
    alter table items 
       add constraint FKowc4sr11bcs0xodrwow85b43a 
       foreign key (item_account) 
       references accounts (account_id)
Hibernate: 
    alter table items 
       add constraint FKr193jj9b62b8lkb7ertq0w36q 
       foreign key (item_category) 
       references item_categories (category_id)
Hibernate: 
    alter table items 
       add constraint FKqct0hrjypd6x1f7ogii60bl9j 
       foreign key (item_words) 
       references words (words_id)
Hibernate: 
    alter table reviews 
       add constraint FKsqysu6con2ua8dn83tfd4cttn 
       foreign key (review_account) 
       references accounts (account_id)
Hibernate: 
    alter table reviews 
       add constraint FKuva164xbjqmhwwbel1m32joo 
       foreign key (review_item) 
       references items (item_id)
2024-02-02T12:42:16.550+02:00  INFO 16300 --- [           main] j.LocalContainerEntityManagerFactoryBean : Initialized JPA EntityManagerFactory for persistence unit 'default'
2024-02-02T12:42:16.717+02:00  WARN 16300 --- [           main] JpaBaseConfiguration$JpaWebConfiguration : spring.jpa.open-in-view is enabled by default. Therefore, database queries may be performed during view rendering. Explicitly configure spring.jpa.open-in-view to disable this warning
2024-02-02T12:42:16.788+02:00  INFO 16300 --- [           main] o.s.s.web.DefaultSecurityFilterChain     : Will secure any request with [org.springframework.security.web.session.DisableEncodeUrlFilter@1f978bb1, org.springframework.security.web.context.request.async.WebAsyncManagerIntegrationFilter@11987483, org.springframework.security.web.context.SecurityContextHolderFilter@c8293cb, org.springframework.security.web.header.HeaderWriterFilter@223c1a82, org.springframework.web.filter.CorsFilter@c5c7db1, org.springframework.web.filter.CorsFilter@64b1d0ab, org.springframework.security.web.authentication.logout.LogoutFilter@4a28852d, com.example.shopBackend.security.JwtAthFilter@2afce1ae, org.springframework.security.web.savedrequest.RequestCacheAwareFilter@4e2860d3, org.springframework.security.web.servletapi.SecurityContextHolderAwareRequestFilter@322b500a, org.springframework.security.web.authentication.AnonymousAuthenticationFilter@4758158f, org.springframework.security.web.session.SessionManagementFilter@282919de, org.springframework.security.web.access.ExceptionTranslationFilter@7c0b0090, org.springframework.security.web.access.intercept.AuthorizationFilter@2fc8e9b8]
2024-02-02T12:42:17.021+02:00  INFO 16300 --- [           main] o.s.b.w.embedded.tomcat.TomcatWebServer  : Tomcat started on port(s): 63932 (http) with context path ''
2024-02-02T12:42:17.024+02:00  INFO 16300 --- [           main] c.e.s.item.ItemIntegrationTest           : Started ItemIntegrationTest in 0.966 seconds (process running for 5.301)
2024-02-02T12:42:17.154+02:00 ERROR 16300 --- [           main] i.n.r.d.DnsServerAddressStreamProviders  : Unable to load io.netty.resolver.dns.macos.MacOSDnsServerAddressStreamProvider, fallback to system defaults. This may result in incorrect DNS resolutions on MacOS. Check whether you have a dependency on 'io.netty:netty-resolver-dns-native-macos'. Use DEBUG level to see the full stack: java.lang.UnsatisfiedLinkError: failed to load the required native library
2024-02-02T12:42:17.262+02:00  INFO 16300 --- [0-auto-1-exec-1] o.a.c.c.C.[Tomcat].[localhost].[/]       : Initializing Spring DispatcherServlet 'dispatcherServlet'
2024-02-02T12:42:17.262+02:00  INFO 16300 --- [0-auto-1-exec-1] o.s.web.servlet.DispatcherServlet        : Initializing Servlet 'dispatcherServlet'
2024-02-02T12:42:17.262+02:00  INFO 16300 --- [0-auto-1-exec-1] o.s.web.servlet.DispatcherServlet        : Completed initialization in 0 ms
Hibernate: 
    SELECT
        * 
    FROM
        accounts a 
    WHERE
        a.account_username = ?
Hibernate: 
    select
        r1_0.role_id,
        r1_0.role_name 
    from
        account_roles r1_0 
    where
        r1_0.role_id=?
Hibernate: 
    select
        a1_0.account_id,
        a1_0.account_email,
        a1_0.account_name,
        a1_0.account_password,
        a1_0.account_role,
        r1_0.role_id,
        r1_0.role_name,
        a1_0.account_username 
    from
        accounts a1_0 
    join
        account_roles r1_0 
            on r1_0.role_id=a1_0.account_role 
    where
        a1_0.account_id=?
Hibernate: 
    SELECT
        i.item_id AS id,
        i.item_title AS title,
        ROUND(i.item_rating) as rating,
        COUNT(r.review_id) AS reviews 
    FROM
        items i 
    LEFT JOIN
        reviews r 
            ON r.review_item = i.item_id 
    WHERE
        i.item_account = ? 
    GROUP BY
        i.item_id limit ?,
        ?
Hibernate: 
    SELECT
        i.item_id AS id,
        i.item_title AS title,
        ROUND(i.item_rating) as rating,
        COUNT(r.review_id) AS reviews 
    FROM
        items i 
    LEFT JOIN
        reviews r 
            ON r.review_item = i.item_id 
    WHERE
        i.item_account = ? 
    GROUP BY
        i.item_id limit ?
2024-02-02T12:42:17.338+02:00  INFO 16300 --- [           main] o.apache.catalina.core.StandardService   : Stopping service [Tomcat]
2024-02-02T12:42:17.338+02:00  INFO 16300 --- [           main] o.a.c.c.C.[Tomcat].[localhost].[/]       : Destroying Spring FrameworkServlet 'dispatcherServlet'
2024-02-02T12:42:17.339+02:00  WARN 16300 --- [           main] o.a.c.loader.WebappClassLoaderBase       : The web application [ROOT] appears to have started a thread named [HikariPool-2 housekeeper] but has failed to stop it. This is very likely to create a memory leak. Stack trace of thread:
 java.base@17.0.2/jdk.internal.misc.Unsafe.park(Native Method)
 java.base@17.0.2/java.util.concurrent.locks.LockSupport.parkNanos(LockSupport.java:252)
 java.base@17.0.2/java.util.concurrent.locks.AbstractQueuedSynchronizer$ConditionObject.awaitNanos(AbstractQueuedSynchronizer.java:1672)
 java.base@17.0.2/java.util.concurrent.ScheduledThreadPoolExecutor$DelayedWorkQueue.take(ScheduledThreadPoolExecutor.java:1182)
 java.base@17.0.2/java.util.concurrent.ScheduledThreadPoolExecutor$DelayedWorkQueue.take(ScheduledThreadPoolExecutor.java:899)
 java.base@17.0.2/java.util.concurrent.ThreadPoolExecutor.getTask(ThreadPoolExecutor.java:1062)
 java.base@17.0.2/java.util.concurrent.ThreadPoolExecutor.runWorker(ThreadPoolExecutor.java:1122)
 java.base@17.0.2/java.util.concurrent.ThreadPoolExecutor$Worker.run(ThreadPoolExecutor.java:635)
 java.base@17.0.2/java.lang.Thread.run(Thread.java:833)
2024-02-02T12:42:17.339+02:00  WARN 16300 --- [           main] o.a.c.loader.WebappClassLoaderBase       : The web application [ROOT] appears to have started a thread named [HikariPool-2 connection adder] but has failed to stop it. This is very likely to create a memory leak. Stack trace of thread:
 java.base@17.0.2/jdk.internal.misc.Unsafe.park(Native Method)
 java.base@17.0.2/java.util.concurrent.locks.LockSupport.parkNanos(LockSupport.java:252)
 java.base@17.0.2/java.util.concurrent.locks.AbstractQueuedSynchronizer$ConditionObject.awaitNanos(AbstractQueuedSynchronizer.java:1672)
 java.base@17.0.2/java.util.concurrent.LinkedBlockingQueue.poll(LinkedBlockingQueue.java:460)
 java.base@17.0.2/java.util.concurrent.ThreadPoolExecutor.getTask(ThreadPoolExecutor.java:1061)
 java.base@17.0.2/java.util.concurrent.ThreadPoolExecutor.runWorker(ThreadPoolExecutor.java:1122)
 java.base@17.0.2/java.util.concurrent.ThreadPoolExecutor$Worker.run(ThreadPoolExecutor.java:635)
 java.base@17.0.2/java.lang.Thread.run(Thread.java:833)
2024-02-02T12:42:19.419+02:00  INFO 16300 --- [           main] j.LocalContainerEntityManagerFactoryBean : Closing JPA EntityManagerFactory for persistence unit 'default'
2024-02-02T12:42:19.423+02:00  INFO 16300 --- [           main] com.zaxxer.hikari.HikariDataSource       : HikariPool-2 - Shutdown initiated...
2024-02-02T12:42:19.425+02:00  INFO 16300 --- [           main] com.zaxxer.hikari.HikariDataSource       : HikariPool-2 - Shutdown completed.
]]></system-out>
  </testcase>
  <testcase name="getItemsWithTitleWorks" classname="com.example.shopBackend.item.ItemIntegrationTest" time="2.114">
    <system-out><![CDATA[
  .   ____          _            __ _ _
 /\\ / ___'_ __ _ _(_)_ __  __ _ \ \ \ \
( ( )\___ | '_ | '_| | '_ \/ _` | \ \ \ \
 \\/  ___)| |_)| | | | | || (_| |  ) ) ) )
  '  |____| .__|_| |_|_| |_\__, | / / / /
 =========|_|==============|___/=/_/_/_/
 :: Spring Boot ::                (v3.1.1)

2024-02-02T12:42:19.449+02:00  INFO 16300 --- [           main] c.e.s.item.ItemIntegrationTest           : Starting ItemIntegrationTest using Java 17.0.2 with PID 16300 (started by iiro in /Users/iiro/Documents/Ohjelmointi/reviews/reviews-backend/reviewsbackend)
2024-02-02T12:42:19.449+02:00  INFO 16300 --- [           main] c.e.s.item.ItemIntegrationTest           : The following 1 profile is active: "test"
2024-02-02T12:42:19.542+02:00  INFO 16300 --- [           main] .s.d.r.c.RepositoryConfigurationDelegate : Bootstrapping Spring Data JPA repositories in DEFAULT mode.
2024-02-02T12:42:19.552+02:00  INFO 16300 --- [           main] .s.d.r.c.RepositoryConfigurationDelegate : Finished Spring Data repository scanning in 10 ms. Found 6 JPA repository interfaces.
2024-02-02T12:42:19.599+02:00  INFO 16300 --- [           main] o.s.b.w.embedded.tomcat.TomcatWebServer  : Tomcat initialized with port(s): 0 (http)
2024-02-02T12:42:19.599+02:00  INFO 16300 --- [           main] o.apache.catalina.core.StandardService   : Starting service [Tomcat]
2024-02-02T12:42:19.599+02:00  INFO 16300 --- [           main] o.apache.catalina.core.StandardEngine    : Starting Servlet engine: [Apache Tomcat/10.1.10]
2024-02-02T12:42:19.619+02:00  INFO 16300 --- [           main] o.a.c.c.C.[Tomcat].[localhost].[/]       : Initializing Spring embedded WebApplicationContext
2024-02-02T12:42:19.619+02:00  INFO 16300 --- [           main] w.s.c.ServletWebServerApplicationContext : Root WebApplicationContext: initialization completed in 168 ms
2024-02-02T12:42:19.646+02:00  INFO 16300 --- [           main] o.hibernate.jpa.internal.util.LogHelper  : HHH000204: Processing PersistenceUnitInfo [name: default]
2024-02-02T12:42:19.649+02:00  INFO 16300 --- [           main] o.h.b.i.BytecodeProviderInitiator        : HHH000021: Bytecode provider name : bytebuddy
2024-02-02T12:42:19.649+02:00  INFO 16300 --- [           main] o.s.o.j.p.SpringPersistenceUnitInfo      : No LoadTimeWeaver setup: ignoring JPA class transformer
2024-02-02T12:42:19.649+02:00  INFO 16300 --- [           main] com.zaxxer.hikari.HikariDataSource       : HikariPool-3 - Starting...
2024-02-02T12:42:19.651+02:00  INFO 16300 --- [           main] com.zaxxer.hikari.pool.HikariPool        : HikariPool-3 - Added connection conn20: url=jdbc:h2:mem:bb14bbc9-0d31-40df-b58a-d15cf5665778 user=SA
2024-02-02T12:42:19.651+02:00  INFO 16300 --- [           main] com.zaxxer.hikari.HikariDataSource       : HikariPool-3 - Start completed.
2024-02-02T12:42:19.651+02:00  WARN 16300 --- [           main] org.hibernate.dialect.Dialect            : HHH000511: The 2.1.0 version for [org.hibernate.dialect.MySQLDialect] is no longer supported, hence certain features may not work properly. The minimum supported version is 5.7.0. Check the community dialects project for available legacy versions.
2024-02-02T12:42:19.660+02:00  INFO 16300 --- [           main] o.h.b.i.BytecodeProviderInitiator        : HHH000021: Bytecode provider name : bytebuddy
2024-02-02T12:42:19.686+02:00  INFO 16300 --- [           main] o.h.e.t.j.p.i.JtaPlatformInitiator       : HHH000490: Using JtaPlatform implementation: [org.hibernate.engine.transaction.jta.platform.internal.NoJtaPlatform]
Hibernate: 
    create table account_roles (
        role_id integer not null auto_increment,
        role_name varchar(255) not null,
        primary key (role_id)
    ) engine=InnoDB
Hibernate: 
    create table accounts (
        account_id integer not null auto_increment,
        account_email varchar(255) not null,
        account_name varchar(255) not null,
        account_password varchar(255) not null,
        account_username varchar(255) not null,
        account_role integer not null,
        primary key (account_id)
    ) engine=InnoDB
Hibernate: 
    create table item_categories (
        category_id integer not null auto_increment,
        category_name varchar(255) not null,
        primary key (category_id)
    ) engine=InnoDB
Hibernate: 
    create table items (
        item_id integer not null auto_increment,
        item_rating float(23),
        item_title varchar(255) not null,
        item_account integer not null,
        item_category integer not null,
        item_words integer,
        primary key (item_id)
    ) engine=InnoDB
Hibernate: 
    create table reviews (
        review_id integer not null auto_increment,
        review_body text not null,
        review_date date not null,
        review_dislikes integer not null,
        review_likes integer not null,
        review_rating integer,
        review_title text not null,
        review_account integer not null,
        review_item integer not null,
        primary key (review_id)
    ) engine=InnoDB
Hibernate: 
    create table words (
        words_id integer not null auto_increment,
        words_negative varbinary(255),
        words_positive varbinary(255),
        primary key (words_id)
    ) engine=InnoDB
Hibernate: 
    alter table accounts 
       drop index UK_mk7tpo481lfhcsngxkcf40nw2
Hibernate: 
    alter table accounts 
       add constraint UK_mk7tpo481lfhcsngxkcf40nw2 unique (account_username)
Hibernate: 
    alter table items 
       drop index UK_l2hh6d3b7gbyk1x3158hnrm8j
Hibernate: 
    alter table items 
       add constraint UK_l2hh6d3b7gbyk1x3158hnrm8j unique (item_words)
Hibernate: 
    alter table accounts 
       add constraint FKa5420c4ple63nlr3aq2ywrn0s 
       foreign key (account_role) 
       references account_roles (role_id)
Hibernate: 
    alter table items 
       add constraint FKowc4sr11bcs0xodrwow85b43a 
       foreign key (item_account) 
       references accounts (account_id)
Hibernate: 
    alter table items 
       add constraint FKr193jj9b62b8lkb7ertq0w36q 
       foreign key (item_category) 
       references item_categories (category_id)
Hibernate: 
    alter table items 
       add constraint FKqct0hrjypd6x1f7ogii60bl9j 
       foreign key (item_words) 
       references words (words_id)
Hibernate: 
    alter table reviews 
       add constraint FKsqysu6con2ua8dn83tfd4cttn 
       foreign key (review_account) 
       references accounts (account_id)
Hibernate: 
    alter table reviews 
       add constraint FKuva164xbjqmhwwbel1m32joo 
       foreign key (review_item) 
       references items (item_id)
2024-02-02T12:42:19.694+02:00  INFO 16300 --- [           main] j.LocalContainerEntityManagerFactoryBean : Initialized JPA EntityManagerFactory for persistence unit 'default'
2024-02-02T12:42:19.788+02:00  WARN 16300 --- [           main] JpaBaseConfiguration$JpaWebConfiguration : spring.jpa.open-in-view is enabled by default. Therefore, database queries may be performed during view rendering. Explicitly configure spring.jpa.open-in-view to disable this warning
2024-02-02T12:42:19.822+02:00  INFO 16300 --- [           main] o.s.s.web.DefaultSecurityFilterChain     : Will secure any request with [org.springframework.security.web.session.DisableEncodeUrlFilter@2ff19416, org.springframework.security.web.context.request.async.WebAsyncManagerIntegrationFilter@3b24595e, org.springframework.security.web.context.SecurityContextHolderFilter@235f56ff, org.springframework.security.web.header.HeaderWriterFilter@bfe3907, org.springframework.web.filter.CorsFilter@fe8c329, org.springframework.web.filter.CorsFilter@11742b29, org.springframework.security.web.authentication.logout.LogoutFilter@734cf1bf, com.example.shopBackend.security.JwtAthFilter@18aa9b83, org.springframework.security.web.savedrequest.RequestCacheAwareFilter@7da48c4c, org.springframework.security.web.servletapi.SecurityContextHolderAwareRequestFilter@768a4fe, org.springframework.security.web.authentication.AnonymousAuthenticationFilter@32865c35, org.springframework.security.web.session.SessionManagementFilter@6bc8ce0c, org.springframework.security.web.access.ExceptionTranslationFilter@1938f3b3, org.springframework.security.web.access.intercept.AuthorizationFilter@685edb96]
2024-02-02T12:42:19.869+02:00  INFO 16300 --- [           main] o.s.b.w.embedded.tomcat.TomcatWebServer  : Tomcat started on port(s): 63936 (http) with context path ''
2024-02-02T12:42:19.874+02:00  INFO 16300 --- [           main] c.e.s.item.ItemIntegrationTest           : Started ItemIntegrationTest in 0.444 seconds (process running for 8.151)
2024-02-02T12:42:19.882+02:00  INFO 16300 --- [0-auto-2-exec-1] o.a.c.c.C.[Tomcat].[localhost].[/]       : Initializing Spring DispatcherServlet 'dispatcherServlet'
2024-02-02T12:42:19.883+02:00  INFO 16300 --- [0-auto-2-exec-1] o.s.web.servlet.DispatcherServlet        : Initializing Servlet 'dispatcherServlet'
2024-02-02T12:42:19.883+02:00  INFO 16300 --- [0-auto-2-exec-1] o.s.web.servlet.DispatcherServlet        : Completed initialization in 0 ms
Hibernate: 
    SELECT
        * 
    FROM
        accounts a 
    WHERE
        a.account_username = ?
Hibernate: 
    select
        r1_0.role_id,
        r1_0.role_name 
    from
        account_roles r1_0 
    where
        r1_0.role_id=?
Hibernate: 
    select
        a1_0.account_id,
        a1_0.account_email,
        a1_0.account_name,
        a1_0.account_password,
        a1_0.account_role,
        r1_0.role_id,
        r1_0.role_name,
        a1_0.account_username 
    from
        accounts a1_0 
    join
        account_roles r1_0 
            on r1_0.role_id=a1_0.account_role 
    where
        a1_0.account_id=?
Hibernate: 
    SELECT
        i.item_id AS id,
        i.item_title AS title,
        ROUND(i.item_rating) as rating,
        COUNT(r.review_id) AS reviews 
    FROM
        items i 
    LEFT JOIN
        reviews r 
            ON r.review_item = i.item_id 
    WHERE
        i.item_account = ? 
    GROUP BY
        i.item_id limit ?,
        ?
Hibernate: 
    SELECT
        i.item_id AS id,
        i.item_title AS title,
        ROUND(i.item_rating) as rating,
        COUNT(r.review_id) AS reviews 
    FROM
        items i 
    LEFT JOIN
        reviews r 
            ON r.review_item = i.item_id 
    WHERE
        i.item_title LIKE ? 
        AND i.item_account = ? 
    GROUP BY
        i.item_id limit ?
2024-02-02T12:42:19.897+02:00  INFO 16300 --- [           main] o.apache.catalina.core.StandardService   : Stopping service [Tomcat]
2024-02-02T12:42:19.897+02:00  INFO 16300 --- [           main] o.a.c.c.C.[Tomcat].[localhost].[/]       : Destroying Spring FrameworkServlet 'dispatcherServlet'
2024-02-02T12:42:19.897+02:00  WARN 16300 --- [           main] o.a.c.loader.WebappClassLoaderBase       : The web application [ROOT] appears to have started a thread named [HikariPool-3 housekeeper] but has failed to stop it. This is very likely to create a memory leak. Stack trace of thread:
 java.base@17.0.2/jdk.internal.misc.Unsafe.park(Native Method)
 java.base@17.0.2/java.util.concurrent.locks.LockSupport.parkNanos(LockSupport.java:252)
 java.base@17.0.2/java.util.concurrent.locks.AbstractQueuedSynchronizer$ConditionObject.awaitNanos(AbstractQueuedSynchronizer.java:1672)
 java.base@17.0.2/java.util.concurrent.ScheduledThreadPoolExecutor$DelayedWorkQueue.take(ScheduledThreadPoolExecutor.java:1182)
 java.base@17.0.2/java.util.concurrent.ScheduledThreadPoolExecutor$DelayedWorkQueue.take(ScheduledThreadPoolExecutor.java:899)
 java.base@17.0.2/java.util.concurrent.ThreadPoolExecutor.getTask(ThreadPoolExecutor.java:1062)
 java.base@17.0.2/java.util.concurrent.ThreadPoolExecutor.runWorker(ThreadPoolExecutor.java:1122)
 java.base@17.0.2/java.util.concurrent.ThreadPoolExecutor$Worker.run(ThreadPoolExecutor.java:635)
 java.base@17.0.2/java.lang.Thread.run(Thread.java:833)
2024-02-02T12:42:19.898+02:00  WARN 16300 --- [           main] o.a.c.loader.WebappClassLoaderBase       : The web application [ROOT] appears to have started a thread named [HikariPool-3 connection adder] but has failed to stop it. This is very likely to create a memory leak. Stack trace of thread:
 java.base@17.0.2/jdk.internal.misc.Unsafe.park(Native Method)
 java.base@17.0.2/java.util.concurrent.locks.LockSupport.parkNanos(LockSupport.java:252)
 java.base@17.0.2/java.util.concurrent.locks.AbstractQueuedSynchronizer$ConditionObject.awaitNanos(AbstractQueuedSynchronizer.java:1672)
 java.base@17.0.2/java.util.concurrent.LinkedBlockingQueue.poll(LinkedBlockingQueue.java:460)
 java.base@17.0.2/java.util.concurrent.ThreadPoolExecutor.getTask(ThreadPoolExecutor.java:1061)
 java.base@17.0.2/java.util.concurrent.ThreadPoolExecutor.runWorker(ThreadPoolExecutor.java:1122)
 java.base@17.0.2/java.util.concurrent.ThreadPoolExecutor$Worker.run(ThreadPoolExecutor.java:635)
 java.base@17.0.2/java.lang.Thread.run(Thread.java:833)
2024-02-02T12:42:21.987+02:00  INFO 16300 --- [           main] j.LocalContainerEntityManagerFactoryBean : Closing JPA EntityManagerFactory for persistence unit 'default'
2024-02-02T12:42:21.989+02:00  INFO 16300 --- [           main] com.zaxxer.hikari.HikariDataSource       : HikariPool-3 - Shutdown initiated...
2024-02-02T12:42:21.990+02:00  INFO 16300 --- [           main] com.zaxxer.hikari.HikariDataSource       : HikariPool-3 - Shutdown completed.
]]></system-out>
  </testcase>
  <testcase name="addItemsWorks" classname="com.example.shopBackend.item.ItemIntegrationTest" time="2.125">
    <system-out><![CDATA[
  .   ____          _            __ _ _
 /\\ / ___'_ __ _ _(_)_ __  __ _ \ \ \ \
( ( )\___ | '_ | '_| | '_ \/ _` | \ \ \ \
 \\/  ___)| |_)| | | | | || (_| |  ) ) ) )
  '  |____| .__|_| |_|_| |_\__, | / / / /
 =========|_|==============|___/=/_/_/_/
 :: Spring Boot ::                (v3.1.1)

2024-02-02T12:42:22.007+02:00  INFO 16300 --- [           main] c.e.s.item.ItemIntegrationTest           : Starting ItemIntegrationTest using Java 17.0.2 with PID 16300 (started by iiro in /Users/iiro/Documents/Ohjelmointi/reviews/reviews-backend/reviewsbackend)
2024-02-02T12:42:22.007+02:00  INFO 16300 --- [           main] c.e.s.item.ItemIntegrationTest           : The following 1 profile is active: "test"
2024-02-02T12:42:22.117+02:00  INFO 16300 --- [           main] .s.d.r.c.RepositoryConfigurationDelegate : Bootstrapping Spring Data JPA repositories in DEFAULT mode.
2024-02-02T12:42:22.129+02:00  INFO 16300 --- [           main] .s.d.r.c.RepositoryConfigurationDelegate : Finished Spring Data repository scanning in 11 ms. Found 6 JPA repository interfaces.
2024-02-02T12:42:22.173+02:00  INFO 16300 --- [           main] o.s.b.w.embedded.tomcat.TomcatWebServer  : Tomcat initialized with port(s): 0 (http)
2024-02-02T12:42:22.173+02:00  INFO 16300 --- [           main] o.apache.catalina.core.StandardService   : Starting service [Tomcat]
2024-02-02T12:42:22.173+02:00  INFO 16300 --- [           main] o.apache.catalina.core.StandardEngine    : Starting Servlet engine: [Apache Tomcat/10.1.10]
2024-02-02T12:42:22.184+02:00  INFO 16300 --- [           main] o.a.c.c.C.[Tomcat].[localhost].[/]       : Initializing Spring embedded WebApplicationContext
2024-02-02T12:42:22.184+02:00  INFO 16300 --- [           main] w.s.c.ServletWebServerApplicationContext : Root WebApplicationContext: initialization completed in 176 ms
2024-02-02T12:42:22.244+02:00  INFO 16300 --- [           main] o.hibernate.jpa.internal.util.LogHelper  : HHH000204: Processing PersistenceUnitInfo [name: default]
2024-02-02T12:42:22.248+02:00  INFO 16300 --- [           main] o.h.b.i.BytecodeProviderInitiator        : HHH000021: Bytecode provider name : bytebuddy
2024-02-02T12:42:22.248+02:00  INFO 16300 --- [           main] o.s.o.j.p.SpringPersistenceUnitInfo      : No LoadTimeWeaver setup: ignoring JPA class transformer
2024-02-02T12:42:22.248+02:00  INFO 16300 --- [           main] com.zaxxer.hikari.HikariDataSource       : HikariPool-4 - Starting...
2024-02-02T12:42:22.251+02:00  INFO 16300 --- [           main] com.zaxxer.hikari.pool.HikariPool        : HikariPool-4 - Added connection conn30: url=jdbc:h2:mem:277870ae-ca83-4984-a5b6-e46e7e743fbd user=SA
2024-02-02T12:42:22.251+02:00  INFO 16300 --- [           main] com.zaxxer.hikari.HikariDataSource       : HikariPool-4 - Start completed.
2024-02-02T12:42:22.253+02:00  WARN 16300 --- [           main] org.hibernate.dialect.Dialect            : HHH000511: The 2.1.0 version for [org.hibernate.dialect.MySQLDialect] is no longer supported, hence certain features may not work properly. The minimum supported version is 5.7.0. Check the community dialects project for available legacy versions.
2024-02-02T12:42:22.262+02:00  INFO 16300 --- [           main] o.h.b.i.BytecodeProviderInitiator        : HHH000021: Bytecode provider name : bytebuddy
2024-02-02T12:42:22.295+02:00  INFO 16300 --- [           main] o.h.e.t.j.p.i.JtaPlatformInitiator       : HHH000490: Using JtaPlatform implementation: [org.hibernate.engine.transaction.jta.platform.internal.NoJtaPlatform]
Hibernate: 
    create table account_roles (
        role_id integer not null auto_increment,
        role_name varchar(255) not null,
        primary key (role_id)
    ) engine=InnoDB
Hibernate: 
    create table accounts (
        account_id integer not null auto_increment,
        account_email varchar(255) not null,
        account_name varchar(255) not null,
        account_password varchar(255) not null,
        account_username varchar(255) not null,
        account_role integer not null,
        primary key (account_id)
    ) engine=InnoDB
Hibernate: 
    create table item_categories (
        category_id integer not null auto_increment,
        category_name varchar(255) not null,
        primary key (category_id)
    ) engine=InnoDB
Hibernate: 
    create table items (
        item_id integer not null auto_increment,
        item_rating float(23),
        item_title varchar(255) not null,
        item_account integer not null,
        item_category integer not null,
        item_words integer,
        primary key (item_id)
    ) engine=InnoDB
Hibernate: 
    create table reviews (
        review_id integer not null auto_increment,
        review_body text not null,
        review_date date not null,
        review_dislikes integer not null,
        review_likes integer not null,
        review_rating integer,
        review_title text not null,
        review_account integer not null,
        review_item integer not null,
        primary key (review_id)
    ) engine=InnoDB
Hibernate: 
    create table words (
        words_id integer not null auto_increment,
        words_negative varbinary(255),
        words_positive varbinary(255),
        primary key (words_id)
    ) engine=InnoDB
Hibernate: 
    alter table accounts 
       drop index UK_mk7tpo481lfhcsngxkcf40nw2
Hibernate: 
    alter table accounts 
       add constraint UK_mk7tpo481lfhcsngxkcf40nw2 unique (account_username)
Hibernate: 
    alter table items 
       drop index UK_l2hh6d3b7gbyk1x3158hnrm8j
Hibernate: 
    alter table items 
       add constraint UK_l2hh6d3b7gbyk1x3158hnrm8j unique (item_words)
Hibernate: 
    alter table accounts 
       add constraint FKa5420c4ple63nlr3aq2ywrn0s 
       foreign key (account_role) 
       references account_roles (role_id)
Hibernate: 
    alter table items 
       add constraint FKowc4sr11bcs0xodrwow85b43a 
       foreign key (item_account) 
       references accounts (account_id)
Hibernate: 
    alter table items 
       add constraint FKr193jj9b62b8lkb7ertq0w36q 
       foreign key (item_category) 
       references item_categories (category_id)
Hibernate: 
    alter table items 
       add constraint FKqct0hrjypd6x1f7ogii60bl9j 
       foreign key (item_words) 
       references words (words_id)
Hibernate: 
    alter table reviews 
       add constraint FKsqysu6con2ua8dn83tfd4cttn 
       foreign key (review_account) 
       references accounts (account_id)
Hibernate: 
    alter table reviews 
       add constraint FKuva164xbjqmhwwbel1m32joo 
       foreign key (review_item) 
       references items (item_id)
2024-02-02T12:42:22.309+02:00  INFO 16300 --- [           main] j.LocalContainerEntityManagerFactoryBean : Initialized JPA EntityManagerFactory for persistence unit 'default'
2024-02-02T12:42:22.424+02:00  WARN 16300 --- [           main] JpaBaseConfiguration$JpaWebConfiguration : spring.jpa.open-in-view is enabled by default. Therefore, database queries may be performed during view rendering. Explicitly configure spring.jpa.open-in-view to disable this warning
2024-02-02T12:42:22.471+02:00  INFO 16300 --- [           main] o.s.s.web.DefaultSecurityFilterChain     : Will secure any request with [org.springframework.security.web.session.DisableEncodeUrlFilter@3e47d465, org.springframework.security.web.context.request.async.WebAsyncManagerIntegrationFilter@4d574ec7, org.springframework.security.web.context.SecurityContextHolderFilter@74e3836a, org.springframework.security.web.header.HeaderWriterFilter@29af0d3b, org.springframework.web.filter.CorsFilter@2f9a624c, org.springframework.web.filter.CorsFilter@39cdbc4e, org.springframework.security.web.authentication.logout.LogoutFilter@4d17ce84, com.example.shopBackend.security.JwtAthFilter@62ca9413, org.springframework.security.web.savedrequest.RequestCacheAwareFilter@20df25f8, org.springframework.security.web.servletapi.SecurityContextHolderAwareRequestFilter@7148320d, org.springframework.security.web.authentication.AnonymousAuthenticationFilter@39a9b3ee, org.springframework.security.web.session.SessionManagementFilter@15682e7f, org.springframework.security.web.access.ExceptionTranslationFilter@21eeb0ce, org.springframework.security.web.access.intercept.AuthorizationFilter@24d642eb]
2024-02-02T12:42:22.507+02:00  INFO 16300 --- [           main] o.s.b.w.embedded.tomcat.TomcatWebServer  : Tomcat started on port(s): 63939 (http) with context path ''
2024-02-02T12:42:22.508+02:00  INFO 16300 --- [           main] c.e.s.item.ItemIntegrationTest           : Started ItemIntegrationTest in 0.514 seconds (process running for 10.786)
Hibernate: 
    select
        i1_0.item_id,
        i1_0.item_account,
        i1_0.item_category,
        i1_0.item_rating,
        i1_0.item_title,
        i1_0.item_words 
    from
        items i1_0
Hibernate: 
    select
        a1_0.account_id,
        a1_0.account_email,
        a1_0.account_name,
        a1_0.account_password,
        a1_0.account_role,
        r1_0.role_id,
        r1_0.role_name,
        a1_0.account_username 
    from
        accounts a1_0 
    join
        account_roles r1_0 
            on r1_0.role_id=a1_0.account_role 
    where
        a1_0.account_id=?
Hibernate: 
    select
        c1_0.category_id,
        c1_0.category_name 
    from
        item_categories c1_0 
    where
        c1_0.category_id=?
Hibernate: 
    select
        w1_0.words_id,
        w1_0.words_negative,
        w1_0.words_positive 
    from
        words w1_0 
    where
        w1_0.words_id=?
Hibernate: 
    select
        a1_0.account_id,
        a1_0.account_email,
        a1_0.account_name,
        a1_0.account_password,
        a1_0.account_role,
        r1_0.role_id,
        r1_0.role_name,
        a1_0.account_username 
    from
        accounts a1_0 
    join
        account_roles r1_0 
            on r1_0.role_id=a1_0.account_role 
    where
        a1_0.account_id=?
Hibernate: 
    select
        w1_0.words_id,
        w1_0.words_negative,
        w1_0.words_positive 
    from
        words w1_0 
    where
        w1_0.words_id=?
2024-02-02T12:42:22.523+02:00  INFO 16300 --- [0-auto-3-exec-1] o.a.c.c.C.[Tomcat].[localhost].[/]       : Initializing Spring DispatcherServlet 'dispatcherServlet'
2024-02-02T12:42:22.523+02:00  INFO 16300 --- [0-auto-3-exec-1] o.s.web.servlet.DispatcherServlet        : Initializing Servlet 'dispatcherServlet'
2024-02-02T12:42:22.524+02:00  INFO 16300 --- [0-auto-3-exec-1] o.s.web.servlet.DispatcherServlet        : Completed initialization in 1 ms
Hibernate: 
    SELECT
        * 
    FROM
        accounts a 
    WHERE
        a.account_username = ?
Hibernate: 
    select
        r1_0.role_id,
        r1_0.role_name 
    from
        account_roles r1_0 
    where
        r1_0.role_id=?
Hibernate: 
    insert 
    into
        words
        (words_negative,words_positive) 
    values
        (?,?)
Hibernate: 
    select
        c1_0.category_id,
        c1_0.category_name 
    from
        item_categories c1_0 
    where
        c1_0.category_id=?
Hibernate: 
    select
        a1_0.account_id,
        a1_0.account_email,
        a1_0.account_name,
        a1_0.account_password,
        a1_0.account_role,
        r1_0.role_id,
        r1_0.role_name,
        a1_0.account_username 
    from
        accounts a1_0 
    join
        account_roles r1_0 
            on r1_0.role_id=a1_0.account_role 
    where
        a1_0.account_id=?
Hibernate: 
    insert 
    into
        items
        (item_account,item_category,item_rating,item_title,item_words) 
    values
        (?,?,?,?,?)
Hibernate: 
    select
        i1_0.item_id,
        i1_0.item_account,
        i1_0.item_category,
        i1_0.item_rating,
        i1_0.item_title,
        i1_0.item_words 
    from
        items i1_0
Hibernate: 
    select
        a1_0.account_id,
        a1_0.account_email,
        a1_0.account_name,
        a1_0.account_password,
        a1_0.account_role,
        r1_0.role_id,
        r1_0.role_name,
        a1_0.account_username 
    from
        accounts a1_0 
    join
        account_roles r1_0 
            on r1_0.role_id=a1_0.account_role 
    where
        a1_0.account_id=?
Hibernate: 
    select
        c1_0.category_id,
        c1_0.category_name 
    from
        item_categories c1_0 
    where
        c1_0.category_id=?
Hibernate: 
    select
        w1_0.words_id,
        w1_0.words_negative,
        w1_0.words_positive 
    from
        words w1_0 
    where
        w1_0.words_id=?
Hibernate: 
    select
        a1_0.account_id,
        a1_0.account_email,
        a1_0.account_name,
        a1_0.account_password,
        a1_0.account_role,
        r1_0.role_id,
        r1_0.role_name,
        a1_0.account_username 
    from
        accounts a1_0 
    join
        account_roles r1_0 
            on r1_0.role_id=a1_0.account_role 
    where
        a1_0.account_id=?
Hibernate: 
    select
        w1_0.words_id,
        w1_0.words_negative,
        w1_0.words_positive 
    from
        words w1_0 
    where
        w1_0.words_id=?
Hibernate: 
    select
        w1_0.words_id,
        w1_0.words_negative,
        w1_0.words_positive 
    from
        words w1_0 
    where
        w1_0.words_id=?
2024-02-02T12:42:22.544+02:00  INFO 16300 --- [           main] o.apache.catalina.core.StandardService   : Stopping service [Tomcat]
2024-02-02T12:42:22.545+02:00  INFO 16300 --- [           main] o.a.c.c.C.[Tomcat].[localhost].[/]       : Destroying Spring FrameworkServlet 'dispatcherServlet'
2024-02-02T12:42:22.545+02:00  WARN 16300 --- [           main] o.a.c.loader.WebappClassLoaderBase       : The web application [ROOT] appears to have started a thread named [HikariPool-4 housekeeper] but has failed to stop it. This is very likely to create a memory leak. Stack trace of thread:
 java.base@17.0.2/jdk.internal.misc.Unsafe.park(Native Method)
 java.base@17.0.2/java.util.concurrent.locks.LockSupport.parkNanos(LockSupport.java:252)
 java.base@17.0.2/java.util.concurrent.locks.AbstractQueuedSynchronizer$ConditionObject.awaitNanos(AbstractQueuedSynchronizer.java:1672)
 java.base@17.0.2/java.util.concurrent.ScheduledThreadPoolExecutor$DelayedWorkQueue.take(ScheduledThreadPoolExecutor.java:1182)
 java.base@17.0.2/java.util.concurrent.ScheduledThreadPoolExecutor$DelayedWorkQueue.take(ScheduledThreadPoolExecutor.java:899)
 java.base@17.0.2/java.util.concurrent.ThreadPoolExecutor.getTask(ThreadPoolExecutor.java:1062)
 java.base@17.0.2/java.util.concurrent.ThreadPoolExecutor.runWorker(ThreadPoolExecutor.java:1122)
 java.base@17.0.2/java.util.concurrent.ThreadPoolExecutor$Worker.run(ThreadPoolExecutor.java:635)
 java.base@17.0.2/java.lang.Thread.run(Thread.java:833)
2024-02-02T12:42:22.546+02:00  WARN 16300 --- [           main] o.a.c.loader.WebappClassLoaderBase       : The web application [ROOT] appears to have started a thread named [HikariPool-4 connection adder] but has failed to stop it. This is very likely to create a memory leak. Stack trace of thread:
 java.base@17.0.2/jdk.internal.misc.Unsafe.park(Native Method)
 java.base@17.0.2/java.util.concurrent.locks.LockSupport.parkNanos(LockSupport.java:252)
 java.base@17.0.2/java.util.concurrent.locks.AbstractQueuedSynchronizer$ConditionObject.awaitNanos(AbstractQueuedSynchronizer.java:1672)
 java.base@17.0.2/java.util.concurrent.LinkedBlockingQueue.poll(LinkedBlockingQueue.java:460)
 java.base@17.0.2/java.util.concurrent.ThreadPoolExecutor.getTask(ThreadPoolExecutor.java:1061)
 java.base@17.0.2/java.util.concurrent.ThreadPoolExecutor.runWorker(ThreadPoolExecutor.java:1122)
 java.base@17.0.2/java.util.concurrent.ThreadPoolExecutor$Worker.run(ThreadPoolExecutor.java:635)
 java.base@17.0.2/java.lang.Thread.run(Thread.java:833)
2024-02-02T12:42:24.629+02:00  INFO 16300 --- [           main] j.LocalContainerEntityManagerFactoryBean : Closing JPA EntityManagerFactory for persistence unit 'default'
2024-02-02T12:42:24.632+02:00  INFO 16300 --- [           main] com.zaxxer.hikari.HikariDataSource       : HikariPool-4 - Shutdown initiated...
2024-02-02T12:42:24.634+02:00  INFO 16300 --- [           main] com.zaxxer.hikari.HikariDataSource       : HikariPool-4 - Shutdown completed.
]]></system-out>
  </testcase>
  <testcase name="deleteItemWorks" classname="com.example.shopBackend.item.ItemIntegrationTest" time="2.123">
    <system-out><![CDATA[
  .   ____          _            __ _ _
 /\\ / ___'_ __ _ _(_)_ __  __ _ \ \ \ \
( ( )\___ | '_ | '_| | '_ \/ _` | \ \ \ \
 \\/  ___)| |_)| | | | | || (_| |  ) ) ) )
  '  |____| .__|_| |_|_| |_\__, | / / / /
 =========|_|==============|___/=/_/_/_/
 :: Spring Boot ::                (v3.1.1)

2024-02-02T12:42:24.666+02:00  INFO 16300 --- [           main] c.e.s.item.ItemIntegrationTest           : Starting ItemIntegrationTest using Java 17.0.2 with PID 16300 (started by iiro in /Users/iiro/Documents/Ohjelmointi/reviews/reviews-backend/reviewsbackend)
2024-02-02T12:42:24.666+02:00  INFO 16300 --- [           main] c.e.s.item.ItemIntegrationTest           : The following 1 profile is active: "test"
2024-02-02T12:42:24.748+02:00  INFO 16300 --- [           main] .s.d.r.c.RepositoryConfigurationDelegate : Bootstrapping Spring Data JPA repositories in DEFAULT mode.
2024-02-02T12:42:24.760+02:00  INFO 16300 --- [           main] .s.d.r.c.RepositoryConfigurationDelegate : Finished Spring Data repository scanning in 11 ms. Found 6 JPA repository interfaces.
2024-02-02T12:42:24.789+02:00  INFO 16300 --- [           main] o.s.b.w.embedded.tomcat.TomcatWebServer  : Tomcat initialized with port(s): 0 (http)
2024-02-02T12:42:24.790+02:00  INFO 16300 --- [           main] o.apache.catalina.core.StandardService   : Starting service [Tomcat]
2024-02-02T12:42:24.790+02:00  INFO 16300 --- [           main] o.apache.catalina.core.StandardEngine    : Starting Servlet engine: [Apache Tomcat/10.1.10]
2024-02-02T12:42:24.799+02:00  INFO 16300 --- [           main] o.a.c.c.C.[Tomcat].[localhost].[/]       : Initializing Spring embedded WebApplicationContext
2024-02-02T12:42:24.799+02:00  INFO 16300 --- [           main] w.s.c.ServletWebServerApplicationContext : Root WebApplicationContext: initialization completed in 132 ms
2024-02-02T12:42:24.817+02:00  INFO 16300 --- [           main] o.hibernate.jpa.internal.util.LogHelper  : HHH000204: Processing PersistenceUnitInfo [name: default]
2024-02-02T12:42:24.820+02:00  INFO 16300 --- [           main] o.h.b.i.BytecodeProviderInitiator        : HHH000021: Bytecode provider name : bytebuddy
2024-02-02T12:42:24.820+02:00  INFO 16300 --- [           main] o.s.o.j.p.SpringPersistenceUnitInfo      : No LoadTimeWeaver setup: ignoring JPA class transformer
2024-02-02T12:42:24.820+02:00  INFO 16300 --- [           main] com.zaxxer.hikari.HikariDataSource       : HikariPool-5 - Starting...
2024-02-02T12:42:24.821+02:00  INFO 16300 --- [           main] com.zaxxer.hikari.pool.HikariPool        : HikariPool-5 - Added connection conn40: url=jdbc:h2:mem:77bd03fe-8aaf-4af3-b7c8-52acc3f1cd6d user=SA
2024-02-02T12:42:24.821+02:00  INFO 16300 --- [           main] com.zaxxer.hikari.HikariDataSource       : HikariPool-5 - Start completed.
2024-02-02T12:42:24.822+02:00  WARN 16300 --- [           main] org.hibernate.dialect.Dialect            : HHH000511: The 2.1.0 version for [org.hibernate.dialect.MySQLDialect] is no longer supported, hence certain features may not work properly. The minimum supported version is 5.7.0. Check the community dialects project for available legacy versions.
2024-02-02T12:42:24.829+02:00  INFO 16300 --- [           main] o.h.b.i.BytecodeProviderInitiator        : HHH000021: Bytecode provider name : bytebuddy
2024-02-02T12:42:24.853+02:00  INFO 16300 --- [           main] o.h.e.t.j.p.i.JtaPlatformInitiator       : HHH000490: Using JtaPlatform implementation: [org.hibernate.engine.transaction.jta.platform.internal.NoJtaPlatform]
Hibernate: 
    create table account_roles (
        role_id integer not null auto_increment,
        role_name varchar(255) not null,
        primary key (role_id)
    ) engine=InnoDB
Hibernate: 
    create table accounts (
        account_id integer not null auto_increment,
        account_email varchar(255) not null,
        account_name varchar(255) not null,
        account_password varchar(255) not null,
        account_username varchar(255) not null,
        account_role integer not null,
        primary key (account_id)
    ) engine=InnoDB
Hibernate: 
    create table item_categories (
        category_id integer not null auto_increment,
        category_name varchar(255) not null,
        primary key (category_id)
    ) engine=InnoDB
Hibernate: 
    create table items (
        item_id integer not null auto_increment,
        item_rating float(23),
        item_title varchar(255) not null,
        item_account integer not null,
        item_category integer not null,
        item_words integer,
        primary key (item_id)
    ) engine=InnoDB
Hibernate: 
    create table reviews (
        review_id integer not null auto_increment,
        review_body text not null,
        review_date date not null,
        review_dislikes integer not null,
        review_likes integer not null,
        review_rating integer,
        review_title text not null,
        review_account integer not null,
        review_item integer not null,
        primary key (review_id)
    ) engine=InnoDB
Hibernate: 
    create table words (
        words_id integer not null auto_increment,
        words_negative varbinary(255),
        words_positive varbinary(255),
        primary key (words_id)
    ) engine=InnoDB
Hibernate: 
    alter table accounts 
       drop index UK_mk7tpo481lfhcsngxkcf40nw2
Hibernate: 
    alter table accounts 
       add constraint UK_mk7tpo481lfhcsngxkcf40nw2 unique (account_username)
Hibernate: 
    alter table items 
       drop index UK_l2hh6d3b7gbyk1x3158hnrm8j
Hibernate: 
    alter table items 
       add constraint UK_l2hh6d3b7gbyk1x3158hnrm8j unique (item_words)
Hibernate: 
    alter table accounts 
       add constraint FKa5420c4ple63nlr3aq2ywrn0s 
       foreign key (account_role) 
       references account_roles (role_id)
Hibernate: 
    alter table items 
       add constraint FKowc4sr11bcs0xodrwow85b43a 
       foreign key (item_account) 
       references accounts (account_id)
Hibernate: 
    alter table items 
       add constraint FKr193jj9b62b8lkb7ertq0w36q 
       foreign key (item_category) 
       references item_categories (category_id)
Hibernate: 
    alter table items 
       add constraint FKqct0hrjypd6x1f7ogii60bl9j 
       foreign key (item_words) 
       references words (words_id)
Hibernate: 
    alter table reviews 
       add constraint FKsqysu6con2ua8dn83tfd4cttn 
       foreign key (review_account) 
       references accounts (account_id)
Hibernate: 
    alter table reviews 
       add constraint FKuva164xbjqmhwwbel1m32joo 
       foreign key (review_item) 
       references items (item_id)
2024-02-02T12:42:24.859+02:00  INFO 16300 --- [           main] j.LocalContainerEntityManagerFactoryBean : Initialized JPA EntityManagerFactory for persistence unit 'default'
2024-02-02T12:42:24.948+02:00  WARN 16300 --- [           main] JpaBaseConfiguration$JpaWebConfiguration : spring.jpa.open-in-view is enabled by default. Therefore, database queries may be performed during view rendering. Explicitly configure spring.jpa.open-in-view to disable this warning
2024-02-02T12:42:25.018+02:00  INFO 16300 --- [           main] o.s.s.web.DefaultSecurityFilterChain     : Will secure any request with [org.springframework.security.web.session.DisableEncodeUrlFilter@5f8b60f3, org.springframework.security.web.context.request.async.WebAsyncManagerIntegrationFilter@5881d8da, org.springframework.security.web.context.SecurityContextHolderFilter@60ae0977, org.springframework.security.web.header.HeaderWriterFilter@17adeb0, org.springframework.web.filter.CorsFilter@4cf22d79, org.springframework.web.filter.CorsFilter@76be352d, org.springframework.security.web.authentication.logout.LogoutFilter@737e8e66, com.example.shopBackend.security.JwtAthFilter@68eb7c52, org.springframework.security.web.savedrequest.RequestCacheAwareFilter@33c440bb, org.springframework.security.web.servletapi.SecurityContextHolderAwareRequestFilter@641c872d, org.springframework.security.web.authentication.AnonymousAuthenticationFilter@72364ff1, org.springframework.security.web.session.SessionManagementFilter@6dfd4db2, org.springframework.security.web.access.ExceptionTranslationFilter@351cc4b5, org.springframework.security.web.access.intercept.AuthorizationFilter@620b0fad]
2024-02-02T12:42:25.054+02:00  INFO 16300 --- [           main] o.s.b.w.embedded.tomcat.TomcatWebServer  : Tomcat started on port(s): 63942 (http) with context path ''
2024-02-02T12:42:25.056+02:00  INFO 16300 --- [           main] c.e.s.item.ItemIntegrationTest           : Started ItemIntegrationTest in 0.416 seconds (process running for 13.334)
2024-02-02T12:42:25.071+02:00  INFO 16300 --- [0-auto-4-exec-1] o.a.c.c.C.[Tomcat].[localhost].[/]       : Initializing Spring DispatcherServlet 'dispatcherServlet'
2024-02-02T12:42:25.072+02:00  INFO 16300 --- [0-auto-4-exec-1] o.s.web.servlet.DispatcherServlet        : Initializing Servlet 'dispatcherServlet'
2024-02-02T12:42:25.072+02:00  INFO 16300 --- [0-auto-4-exec-1] o.s.web.servlet.DispatcherServlet        : Completed initialization in 0 ms
Hibernate: 
    SELECT
        * 
    FROM
        accounts a 
    WHERE
        a.account_username = ?
Hibernate: 
    select
        r1_0.role_id,
        r1_0.role_name 
    from
        account_roles r1_0 
    where
        r1_0.role_id=?
Hibernate: 
    select
        i1_0.item_id,
        i1_0.item_account,
        a1_0.account_id,
        a1_0.account_email,
        a1_0.account_name,
        a1_0.account_password,
        a1_0.account_role,
        r1_0.role_id,
        r1_0.role_name,
        a1_0.account_username,
        i1_0.item_category,
        c1_0.category_id,
        c1_0.category_name,
        i1_0.item_rating,
        i1_0.item_title,
        w1_0.words_id,
        w1_0.words_negative,
        w1_0.words_positive 
    from
        items i1_0 
    join
        accounts a1_0 
            on a1_0.account_id=i1_0.item_account 
    left join
        account_roles r1_0 
            on r1_0.role_id=a1_0.account_role 
    join
        item_categories c1_0 
            on c1_0.category_id=i1_0.item_category 
    left join
        words w1_0 
            on w1_0.words_id=i1_0.item_words 
    where
        i1_0.item_id=?
Hibernate: 
    select
        r1_0.review_id,
        r1_0.review_account,
        r1_0.review_body,
        r1_0.review_date,
        r1_0.review_dislikes,
        r1_0.review_item,
        r1_0.review_likes,
        r1_0.review_rating,
        r1_0.review_title 
    from
        reviews r1_0
Hibernate: 
    select
        a1_0.account_id,
        a1_0.account_email,
        a1_0.account_name,
        a1_0.account_password,
        a1_0.account_role,
        r1_0.role_id,
        r1_0.role_name,
        a1_0.account_username 
    from
        accounts a1_0 
    join
        account_roles r1_0 
            on r1_0.role_id=a1_0.account_role 
    where
        a1_0.account_id=?
Hibernate: 
    select
        i1_0.item_id,
        i1_0.item_account,
        a1_0.account_id,
        a1_0.account_email,
        a1_0.account_name,
        a1_0.account_password,
        a1_0.account_role,
        r1_0.role_id,
        r1_0.role_name,
        a1_0.account_username,
        i1_0.item_category,
        c1_0.category_id,
        c1_0.category_name,
        i1_0.item_rating,
        i1_0.item_title,
        w1_0.words_id,
        w1_0.words_negative,
        w1_0.words_positive 
    from
        items i1_0 
    join
        accounts a1_0 
            on a1_0.account_id=i1_0.item_account 
    left join
        account_roles r1_0 
            on r1_0.role_id=a1_0.account_role 
    join
        item_categories c1_0 
            on c1_0.category_id=i1_0.item_category 
    left join
        words w1_0 
            on w1_0.words_id=i1_0.item_words 
    where
        i1_0.item_id=?
Hibernate: 
    delete 
    from
        reviews 
    where
        review_id=?
Hibernate: 
    delete 
    from
        items 
    where
        item_id=?
Hibernate: 
    select
        i1_0.item_id,
        i1_0.item_account,
        a1_0.account_id,
        a1_0.account_email,
        a1_0.account_name,
        a1_0.account_password,
        a1_0.account_role,
        r1_0.role_id,
        r1_0.role_name,
        a1_0.account_username,
        i1_0.item_category,
        c1_0.category_id,
        c1_0.category_name,
        i1_0.item_rating,
        i1_0.item_title,
        w1_0.words_id,
        w1_0.words_negative,
        w1_0.words_positive 
    from
        items i1_0 
    join
        accounts a1_0 
            on a1_0.account_id=i1_0.item_account 
    left join
        account_roles r1_0 
            on r1_0.role_id=a1_0.account_role 
    join
        item_categories c1_0 
            on c1_0.category_id=i1_0.item_category 
    left join
        words w1_0 
            on w1_0.words_id=i1_0.item_words 
    where
        i1_0.item_id=?
Hibernate: 
    select
        i1_0.item_id,
        i1_0.item_account,
        i1_0.item_category,
        i1_0.item_rating,
        i1_0.item_title,
        i1_0.item_words 
    from
        items i1_0
Hibernate: 
    select
        a1_0.account_id,
        a1_0.account_email,
        a1_0.account_name,
        a1_0.account_password,
        a1_0.account_role,
        r1_0.role_id,
        r1_0.role_name,
        a1_0.account_username 
    from
        accounts a1_0 
    join
        account_roles r1_0 
            on r1_0.role_id=a1_0.account_role 
    where
        a1_0.account_id=?
Hibernate: 
    select
        c1_0.category_id,
        c1_0.category_name 
    from
        item_categories c1_0 
    where
        c1_0.category_id=?
Hibernate: 
    select
        w1_0.words_id,
        w1_0.words_negative,
        w1_0.words_positive 
    from
        words w1_0 
    where
        w1_0.words_id=?
2024-02-02T12:42:25.098+02:00  INFO 16300 --- [           main] o.apache.catalina.core.StandardService   : Stopping service [Tomcat]
2024-02-02T12:42:25.098+02:00  INFO 16300 --- [           main] o.a.c.c.C.[Tomcat].[localhost].[/]       : Destroying Spring FrameworkServlet 'dispatcherServlet'
2024-02-02T12:42:25.098+02:00  WARN 16300 --- [           main] o.a.c.loader.WebappClassLoaderBase       : The web application [ROOT] appears to have started a thread named [HikariPool-5 housekeeper] but has failed to stop it. This is very likely to create a memory leak. Stack trace of thread:
 java.base@17.0.2/jdk.internal.misc.Unsafe.park(Native Method)
 java.base@17.0.2/java.util.concurrent.locks.LockSupport.parkNanos(LockSupport.java:252)
 java.base@17.0.2/java.util.concurrent.locks.AbstractQueuedSynchronizer$ConditionObject.awaitNanos(AbstractQueuedSynchronizer.java:1672)
 java.base@17.0.2/java.util.concurrent.ScheduledThreadPoolExecutor$DelayedWorkQueue.take(ScheduledThreadPoolExecutor.java:1182)
 java.base@17.0.2/java.util.concurrent.ScheduledThreadPoolExecutor$DelayedWorkQueue.take(ScheduledThreadPoolExecutor.java:899)
 java.base@17.0.2/java.util.concurrent.ThreadPoolExecutor.getTask(ThreadPoolExecutor.java:1062)
 java.base@17.0.2/java.util.concurrent.ThreadPoolExecutor.runWorker(ThreadPoolExecutor.java:1122)
 java.base@17.0.2/java.util.concurrent.ThreadPoolExecutor$Worker.run(ThreadPoolExecutor.java:635)
 java.base@17.0.2/java.lang.Thread.run(Thread.java:833)
2024-02-02T12:42:25.098+02:00  WARN 16300 --- [           main] o.a.c.loader.WebappClassLoaderBase       : The web application [ROOT] appears to have started a thread named [HikariPool-5 connection adder] but has failed to stop it. This is very likely to create a memory leak. Stack trace of thread:
 java.base@17.0.2/jdk.internal.misc.Unsafe.park(Native Method)
 java.base@17.0.2/java.util.concurrent.locks.LockSupport.parkNanos(LockSupport.java:252)
 java.base@17.0.2/java.util.concurrent.locks.AbstractQueuedSynchronizer$ConditionObject.awaitNanos(AbstractQueuedSynchronizer.java:1672)
 java.base@17.0.2/java.util.concurrent.LinkedBlockingQueue.poll(LinkedBlockingQueue.java:460)
 java.base@17.0.2/java.util.concurrent.ThreadPoolExecutor.getTask(ThreadPoolExecutor.java:1061)
 java.base@17.0.2/java.util.concurrent.ThreadPoolExecutor.runWorker(ThreadPoolExecutor.java:1122)
 java.base@17.0.2/java.util.concurrent.ThreadPoolExecutor$Worker.run(ThreadPoolExecutor.java:635)
 java.base@17.0.2/java.lang.Thread.run(Thread.java:833)
2024-02-02T12:42:27.184+02:00  INFO 16300 --- [           main] j.LocalContainerEntityManagerFactoryBean : Closing JPA EntityManagerFactory for persistence unit 'default'
2024-02-02T12:42:27.185+02:00  INFO 16300 --- [           main] com.zaxxer.hikari.HikariDataSource       : HikariPool-5 - Shutdown initiated...
2024-02-02T12:42:27.186+02:00  INFO 16300 --- [           main] com.zaxxer.hikari.HikariDataSource       : HikariPool-5 - Shutdown completed.
]]></system-out>
  </testcase>
  <testcase name="updateItemWorks" classname="com.example.shopBackend.item.ItemIntegrationTest" time="2.1">
    <system-out><![CDATA[
  .   ____          _            __ _ _
 /\\ / ___'_ __ _ _(_)_ __  __ _ \ \ \ \
( ( )\___ | '_ | '_| | '_ \/ _` | \ \ \ \
 \\/  ___)| |_)| | | | | || (_| |  ) ) ) )
  '  |____| .__|_| |_|_| |_\__, | / / / /
 =========|_|==============|___/=/_/_/_/
 :: Spring Boot ::                (v3.1.1)

2024-02-02T12:42:27.209+02:00  INFO 16300 --- [           main] c.e.s.item.ItemIntegrationTest           : Starting ItemIntegrationTest using Java 17.0.2 with PID 16300 (started by iiro in /Users/iiro/Documents/Ohjelmointi/reviews/reviews-backend/reviewsbackend)
2024-02-02T12:42:27.209+02:00  INFO 16300 --- [           main] c.e.s.item.ItemIntegrationTest           : The following 1 profile is active: "test"
2024-02-02T12:42:27.291+02:00  INFO 16300 --- [           main] .s.d.r.c.RepositoryConfigurationDelegate : Bootstrapping Spring Data JPA repositories in DEFAULT mode.
2024-02-02T12:42:27.301+02:00  INFO 16300 --- [           main] .s.d.r.c.RepositoryConfigurationDelegate : Finished Spring Data repository scanning in 9 ms. Found 6 JPA repository interfaces.
2024-02-02T12:42:27.328+02:00  INFO 16300 --- [           main] o.s.b.w.embedded.tomcat.TomcatWebServer  : Tomcat initialized with port(s): 0 (http)
2024-02-02T12:42:27.329+02:00  INFO 16300 --- [           main] o.apache.catalina.core.StandardService   : Starting service [Tomcat]
2024-02-02T12:42:27.329+02:00  INFO 16300 --- [           main] o.apache.catalina.core.StandardEngine    : Starting Servlet engine: [Apache Tomcat/10.1.10]
2024-02-02T12:42:27.344+02:00  INFO 16300 --- [           main] o.a.c.c.C.[Tomcat].[localhost].[/]       : Initializing Spring embedded WebApplicationContext
2024-02-02T12:42:27.345+02:00  INFO 16300 --- [           main] w.s.c.ServletWebServerApplicationContext : Root WebApplicationContext: initialization completed in 135 ms
2024-02-02T12:42:27.362+02:00  INFO 16300 --- [           main] o.hibernate.jpa.internal.util.LogHelper  : HHH000204: Processing PersistenceUnitInfo [name: default]
2024-02-02T12:42:27.365+02:00  INFO 16300 --- [           main] o.h.b.i.BytecodeProviderInitiator        : HHH000021: Bytecode provider name : bytebuddy
2024-02-02T12:42:27.365+02:00  INFO 16300 --- [           main] o.s.o.j.p.SpringPersistenceUnitInfo      : No LoadTimeWeaver setup: ignoring JPA class transformer
2024-02-02T12:42:27.365+02:00  INFO 16300 --- [           main] com.zaxxer.hikari.HikariDataSource       : HikariPool-6 - Starting...
2024-02-02T12:42:27.366+02:00  INFO 16300 --- [           main] com.zaxxer.hikari.pool.HikariPool        : HikariPool-6 - Added connection conn50: url=jdbc:h2:mem:b90f8776-a3db-4e60-a2bf-9492c0d69dbc user=SA
2024-02-02T12:42:27.366+02:00  INFO 16300 --- [           main] com.zaxxer.hikari.HikariDataSource       : HikariPool-6 - Start completed.
2024-02-02T12:42:27.366+02:00  WARN 16300 --- [           main] org.hibernate.dialect.Dialect            : HHH000511: The 2.1.0 version for [org.hibernate.dialect.MySQLDialect] is no longer supported, hence certain features may not work properly. The minimum supported version is 5.7.0. Check the community dialects project for available legacy versions.
2024-02-02T12:42:27.374+02:00  INFO 16300 --- [           main] o.h.b.i.BytecodeProviderInitiator        : HHH000021: Bytecode provider name : bytebuddy
2024-02-02T12:42:27.398+02:00  INFO 16300 --- [           main] o.h.e.t.j.p.i.JtaPlatformInitiator       : HHH000490: Using JtaPlatform implementation: [org.hibernate.engine.transaction.jta.platform.internal.NoJtaPlatform]
Hibernate: 
    create table account_roles (
        role_id integer not null auto_increment,
        role_name varchar(255) not null,
        primary key (role_id)
    ) engine=InnoDB
Hibernate: 
    create table accounts (
        account_id integer not null auto_increment,
        account_email varchar(255) not null,
        account_name varchar(255) not null,
        account_password varchar(255) not null,
        account_username varchar(255) not null,
        account_role integer not null,
        primary key (account_id)
    ) engine=InnoDB
Hibernate: 
    create table item_categories (
        category_id integer not null auto_increment,
        category_name varchar(255) not null,
        primary key (category_id)
    ) engine=InnoDB
Hibernate: 
    create table items (
        item_id integer not null auto_increment,
        item_rating float(23),
        item_title varchar(255) not null,
        item_account integer not null,
        item_category integer not null,
        item_words integer,
        primary key (item_id)
    ) engine=InnoDB
Hibernate: 
    create table reviews (
        review_id integer not null auto_increment,
        review_body text not null,
        review_date date not null,
        review_dislikes integer not null,
        review_likes integer not null,
        review_rating integer,
        review_title text not null,
        review_account integer not null,
        review_item integer not null,
        primary key (review_id)
    ) engine=InnoDB
Hibernate: 
    create table words (
        words_id integer not null auto_increment,
        words_negative varbinary(255),
        words_positive varbinary(255),
        primary key (words_id)
    ) engine=InnoDB
Hibernate: 
    alter table accounts 
       drop index UK_mk7tpo481lfhcsngxkcf40nw2
Hibernate: 
    alter table accounts 
       add constraint UK_mk7tpo481lfhcsngxkcf40nw2 unique (account_username)
Hibernate: 
    alter table items 
       drop index UK_l2hh6d3b7gbyk1x3158hnrm8j
Hibernate: 
    alter table items 
       add constraint UK_l2hh6d3b7gbyk1x3158hnrm8j unique (item_words)
Hibernate: 
    alter table accounts 
       add constraint FKa5420c4ple63nlr3aq2ywrn0s 
       foreign key (account_role) 
       references account_roles (role_id)
Hibernate: 
    alter table items 
       add constraint FKowc4sr11bcs0xodrwow85b43a 
       foreign key (item_account) 
       references accounts (account_id)
Hibernate: 
    alter table items 
       add constraint FKr193jj9b62b8lkb7ertq0w36q 
       foreign key (item_category) 
       references item_categories (category_id)
Hibernate: 
    alter table items 
       add constraint FKqct0hrjypd6x1f7ogii60bl9j 
       foreign key (item_words) 
       references words (words_id)
Hibernate: 
    alter table reviews 
       add constraint FKsqysu6con2ua8dn83tfd4cttn 
       foreign key (review_account) 
       references accounts (account_id)
Hibernate: 
    alter table reviews 
       add constraint FKuva164xbjqmhwwbel1m32joo 
       foreign key (review_item) 
       references items (item_id)
2024-02-02T12:42:27.404+02:00  INFO 16300 --- [           main] j.LocalContainerEntityManagerFactoryBean : Initialized JPA EntityManagerFactory for persistence unit 'default'
2024-02-02T12:42:27.483+02:00  WARN 16300 --- [           main] JpaBaseConfiguration$JpaWebConfiguration : spring.jpa.open-in-view is enabled by default. Therefore, database queries may be performed during view rendering. Explicitly configure spring.jpa.open-in-view to disable this warning
2024-02-02T12:42:27.513+02:00  INFO 16300 --- [           main] o.s.s.web.DefaultSecurityFilterChain     : Will secure any request with [org.springframework.security.web.session.DisableEncodeUrlFilter@29673fc0, org.springframework.security.web.context.request.async.WebAsyncManagerIntegrationFilter@6906e2e, org.springframework.security.web.context.SecurityContextHolderFilter@24b5863a, org.springframework.security.web.header.HeaderWriterFilter@6009e8ab, org.springframework.web.filter.CorsFilter@16ab7faa, org.springframework.web.filter.CorsFilter@7370c288, org.springframework.security.web.authentication.logout.LogoutFilter@583eecde, com.example.shopBackend.security.JwtAthFilter@22cf2c40, org.springframework.security.web.savedrequest.RequestCacheAwareFilter@3cc6d144, org.springframework.security.web.servletapi.SecurityContextHolderAwareRequestFilter@13253ac7, org.springframework.security.web.authentication.AnonymousAuthenticationFilter@63796a19, org.springframework.security.web.session.SessionManagementFilter@525230df, org.springframework.security.web.access.ExceptionTranslationFilter@51293850, org.springframework.security.web.access.intercept.AuthorizationFilter@6831b1f6]
2024-02-02T12:42:27.541+02:00  INFO 16300 --- [           main] o.s.b.w.embedded.tomcat.TomcatWebServer  : Tomcat started on port(s): 63945 (http) with context path ''
2024-02-02T12:42:27.542+02:00  INFO 16300 --- [           main] c.e.s.item.ItemIntegrationTest           : Started ItemIntegrationTest in 0.353 seconds (process running for 15.82)
2024-02-02T12:42:27.550+02:00  INFO 16300 --- [0-auto-5-exec-1] o.a.c.c.C.[Tomcat].[localhost].[/]       : Initializing Spring DispatcherServlet 'dispatcherServlet'
2024-02-02T12:42:27.550+02:00  INFO 16300 --- [0-auto-5-exec-1] o.s.web.servlet.DispatcherServlet        : Initializing Servlet 'dispatcherServlet'
2024-02-02T12:42:27.550+02:00  INFO 16300 --- [0-auto-5-exec-1] o.s.web.servlet.DispatcherServlet        : Completed initialization in 0 ms
Hibernate: 
    SELECT
        * 
    FROM
        accounts a 
    WHERE
        a.account_username = ?
Hibernate: 
    select
        r1_0.role_id,
        r1_0.role_name 
    from
        account_roles r1_0 
    where
        r1_0.role_id=?
Hibernate: 
    select
        i1_0.item_id,
        i1_0.item_account,
        a1_0.account_id,
        a1_0.account_email,
        a1_0.account_name,
        a1_0.account_password,
        a1_0.account_role,
        r1_0.role_id,
        r1_0.role_name,
        a1_0.account_username,
        i1_0.item_category,
        c1_0.category_id,
        c1_0.category_name,
        i1_0.item_rating,
        i1_0.item_title,
        w1_0.words_id,
        w1_0.words_negative,
        w1_0.words_positive 
    from
        items i1_0 
    join
        accounts a1_0 
            on a1_0.account_id=i1_0.item_account 
    left join
        account_roles r1_0 
            on r1_0.role_id=a1_0.account_role 
    join
        item_categories c1_0 
            on c1_0.category_id=i1_0.item_category 
    left join
        words w1_0 
            on w1_0.words_id=i1_0.item_words 
    where
        i1_0.item_id=?
Hibernate: 
    update
        items 
    set
        item_account=?,
        item_category=?,
        item_rating=?,
        item_title=?,
        item_words=? 
    where
        item_id=?
2024-02-02T12:42:27.572+02:00  INFO 16300 --- [           main] o.apache.catalina.core.StandardService   : Stopping service [Tomcat]
2024-02-02T12:42:27.572+02:00  INFO 16300 --- [           main] o.a.c.c.C.[Tomcat].[localhost].[/]       : Destroying Spring FrameworkServlet 'dispatcherServlet'
2024-02-02T12:42:27.573+02:00  WARN 16300 --- [           main] o.a.c.loader.WebappClassLoaderBase       : The web application [ROOT] appears to have started a thread named [HikariPool-6 housekeeper] but has failed to stop it. This is very likely to create a memory leak. Stack trace of thread:
 java.base@17.0.2/jdk.internal.misc.Unsafe.park(Native Method)
 java.base@17.0.2/java.util.concurrent.locks.LockSupport.parkNanos(LockSupport.java:252)
 java.base@17.0.2/java.util.concurrent.locks.AbstractQueuedSynchronizer$ConditionObject.awaitNanos(AbstractQueuedSynchronizer.java:1672)
 java.base@17.0.2/java.util.concurrent.ScheduledThreadPoolExecutor$DelayedWorkQueue.take(ScheduledThreadPoolExecutor.java:1182)
 java.base@17.0.2/java.util.concurrent.ScheduledThreadPoolExecutor$DelayedWorkQueue.take(ScheduledThreadPoolExecutor.java:899)
 java.base@17.0.2/java.util.concurrent.ThreadPoolExecutor.getTask(ThreadPoolExecutor.java:1062)
 java.base@17.0.2/java.util.concurrent.ThreadPoolExecutor.runWorker(ThreadPoolExecutor.java:1122)
 java.base@17.0.2/java.util.concurrent.ThreadPoolExecutor$Worker.run(ThreadPoolExecutor.java:635)
 java.base@17.0.2/java.lang.Thread.run(Thread.java:833)
2024-02-02T12:42:27.573+02:00  WARN 16300 --- [           main] o.a.c.loader.WebappClassLoaderBase       : The web application [ROOT] appears to have started a thread named [HikariPool-6 connection adder] but has failed to stop it. This is very likely to create a memory leak. Stack trace of thread:
 java.base@17.0.2/java.lang.Thread.sleep(Native Method)
 app//com.zaxxer.hikari.util.UtilityElf.quietlySleep(UtilityElf.java:53)
 app//com.zaxxer.hikari.pool.HikariPool$PoolEntryCreator.call(HikariPool.java:745)
 app//com.zaxxer.hikari.pool.HikariPool$PoolEntryCreator.call(HikariPool.java:712)
 java.base@17.0.2/java.util.concurrent.FutureTask.run(FutureTask.java:264)
 java.base@17.0.2/java.util.concurrent.ThreadPoolExecutor.runWorker(ThreadPoolExecutor.java:1136)
 java.base@17.0.2/java.util.concurrent.ThreadPoolExecutor$Worker.run(ThreadPoolExecutor.java:635)
 java.base@17.0.2/java.lang.Thread.run(Thread.java:833)
2024-02-02T12:42:29.639+02:00  INFO 16300 --- [           main] j.LocalContainerEntityManagerFactoryBean : Closing JPA EntityManagerFactory for persistence unit 'default'
2024-02-02T12:42:29.641+02:00  INFO 16300 --- [           main] com.zaxxer.hikari.HikariDataSource       : HikariPool-6 - Shutdown initiated...
2024-02-02T12:42:29.643+02:00  INFO 16300 --- [           main] com.zaxxer.hikari.HikariDataSource       : HikariPool-6 - Shutdown completed.
]]></system-out>
  </testcase>
</testsuite>