<?xml version="1.0" encoding="UTF-8"?>
<testsuite xmlns:xsi="http://www.w3.org/2001/XMLSchema-instance" xsi:noNamespaceSchemaLocation="https://maven.apache.org/surefire/maven-surefire-plugin/xsd/surefire-test-report-3.0.xsd" version="3.0" name="com.example.shopBackend.review.ReviewServiceTest" time="0.174" tests="39" errors="0" skipped="0" failures="0">
  <properties>
    <property name="java.specification.version" value="17"/>
    <property name="sun.jnu.encoding" value="UTF-8"/>
    <property name="java.class.path" value="/Users/iiro/Documents/Ohjelmointi/reviews/reviews-backend/reviewsbackend/target/test-classes:/Users/iiro/Documents/Ohjelmointi/reviews/reviews-backend/reviewsbackend/target/classes:/Users/iiro/.m2/repository/org/springframework/boot/spring-boot-starter-data-jpa/3.1.1/spring-boot-starter-data-jpa-3.1.1.jar:/Users/iiro/.m2/repository/org/springframework/boot/spring-boot-starter-aop/3.1.1/spring-boot-starter-aop-3.1.1.jar:/Users/iiro/.m2/repository/org/aspectj/aspectjweaver/1.9.19/aspectjweaver-1.9.19.jar:/Users/iiro/.m2/repository/org/springframework/boot/spring-boot-starter-jdbc/3.1.1/spring-boot-starter-jdbc-3.1.1.jar:/Users/iiro/.m2/repository/com/zaxxer/HikariCP/5.0.1/HikariCP-5.0.1.jar:/Users/iiro/.m2/repository/org/springframework/spring-jdbc/6.0.10/spring-jdbc-6.0.10.jar:/Users/iiro/.m2/repository/org/hibernate/orm/hibernate-core/6.2.5.Final/hibernate-core-6.2.5.Final.jar:/Users/iiro/.m2/repository/jakarta/persistence/jakarta.persistence-api/3.1.0/jakarta.persistence-api-3.1.0.jar:/Users/iiro/.m2/repository/jakarta/transaction/jakarta.transaction-api/2.0.1/jakarta.transaction-api-2.0.1.jar:/Users/iiro/.m2/repository/org/jboss/logging/jboss-logging/3.5.1.Final/jboss-logging-3.5.1.Final.jar:/Users/iiro/.m2/repository/org/hibernate/common/hibernate-commons-annotations/6.0.6.Final/hibernate-commons-annotations-6.0.6.Final.jar:/Users/iiro/.m2/repository/io/smallrye/jandex/3.0.5/jandex-3.0.5.jar:/Users/iiro/.m2/repository/com/fasterxml/classmate/1.5.1/classmate-1.5.1.jar:/Users/iiro/.m2/repository/net/bytebuddy/byte-buddy/1.14.5/byte-buddy-1.14.5.jar:/Users/iiro/.m2/repository/org/glassfish/jaxb/jaxb-runtime/4.0.3/jaxb-runtime-4.0.3.jar:/Users/iiro/.m2/repository/org/glassfish/jaxb/jaxb-core/4.0.3/jaxb-core-4.0.3.jar:/Users/iiro/.m2/repository/org/eclipse/angus/angus-activation/2.0.1/angus-activation-2.0.1.jar:/Users/iiro/.m2/repository/org/glassfish/jaxb/txw2/4.0.3/txw2-4.0.3.jar:/Users/iiro/.m2/repository/com/sun/istack/istack-commons-runtime/4.1.2/istack-commons-runtime-4.1.2.jar:/Users/iiro/.m2/repository/jakarta/inject/jakarta.inject-api/2.0.1/jakarta.inject-api-2.0.1.jar:/Users/iiro/.m2/repository/org/antlr/antlr4-runtime/4.10.1/antlr4-runtime-4.10.1.jar:/Users/iiro/.m2/repository/org/springframework/data/spring-data-jpa/3.1.1/spring-data-jpa-3.1.1.jar:/Users/iiro/.m2/repository/org/springframework/data/spring-data-commons/3.1.1/spring-data-commons-3.1.1.jar:/Users/iiro/.m2/repository/org/springframework/spring-orm/6.0.10/spring-orm-6.0.10.jar:/Users/iiro/.m2/repository/org/springframework/spring-context/6.0.10/spring-context-6.0.10.jar:/Users/iiro/.m2/repository/org/springframework/spring-tx/6.0.10/spring-tx-6.0.10.jar:/Users/iiro/.m2/repository/org/springframework/spring-beans/6.0.10/spring-beans-6.0.10.jar:/Users/iiro/.m2/repository/jakarta/annotation/jakarta.annotation-api/2.1.1/jakarta.annotation-api-2.1.1.jar:/Users/iiro/.m2/repository/org/slf4j/slf4j-api/2.0.7/slf4j-api-2.0.7.jar:/Users/iiro/.m2/repository/org/springframework/spring-aspects/6.0.10/spring-aspects-6.0.10.jar:/Users/iiro/.m2/repository/org/springframework/boot/spring-boot-starter-web/3.1.1/spring-boot-starter-web-3.1.1.jar:/Users/iiro/.m2/repository/org/springframework/boot/spring-boot-starter/3.1.1/spring-boot-starter-3.1.1.jar:/Users/iiro/.m2/repository/org/springframework/boot/spring-boot/3.1.1/spring-boot-3.1.1.jar:/Users/iiro/.m2/repository/org/springframework/boot/spring-boot-autoconfigure/3.1.1/spring-boot-autoconfigure-3.1.1.jar:/Users/iiro/.m2/repository/org/springframework/boot/spring-boot-starter-logging/3.1.1/spring-boot-starter-logging-3.1.1.jar:/Users/iiro/.m2/repository/ch/qos/logback/logback-classic/1.4.8/logback-classic-1.4.8.jar:/Users/iiro/.m2/repository/ch/qos/logback/logback-core/1.4.8/logback-core-1.4.8.jar:/Users/iiro/.m2/repository/org/apache/logging/log4j/log4j-to-slf4j/2.20.0/log4j-to-slf4j-2.20.0.jar:/Users/iiro/.m2/repository/org/apache/logging/log4j/log4j-api/2.20.0/log4j-api-2.20.0.jar:/Users/iiro/.m2/repository/org/slf4j/jul-to-slf4j/2.0.7/jul-to-slf4j-2.0.7.jar:/Users/iiro/.m2/repository/org/yaml/snakeyaml/1.33/snakeyaml-1.33.jar:/Users/iiro/.m2/repository/org/springframework/boot/spring-boot-starter-json/3.1.1/spring-boot-starter-json-3.1.1.jar:/Users/iiro/.m2/repository/com/fasterxml/jackson/datatype/jackson-datatype-jdk8/2.15.2/jackson-datatype-jdk8-2.15.2.jar:/Users/iiro/.m2/repository/com/fasterxml/jackson/datatype/jackson-datatype-jsr310/2.15.2/jackson-datatype-jsr310-2.15.2.jar:/Users/iiro/.m2/repository/com/fasterxml/jackson/module/jackson-module-parameter-names/2.15.2/jackson-module-parameter-names-2.15.2.jar:/Users/iiro/.m2/repository/org/springframework/boot/spring-boot-starter-tomcat/3.1.1/spring-boot-starter-tomcat-3.1.1.jar:/Users/iiro/.m2/repository/org/apache/tomcat/embed/tomcat-embed-core/10.1.10/tomcat-embed-core-10.1.10.jar:/Users/iiro/.m2/repository/org/apache/tomcat/embed/tomcat-embed-el/10.1.10/tomcat-embed-el-10.1.10.jar:/Users/iiro/.m2/repository/org/apache/tomcat/embed/tomcat-embed-websocket/10.1.10/tomcat-embed-websocket-10.1.10.jar:/Users/iiro/.m2/repository/org/springframework/spring-web/6.0.10/spring-web-6.0.10.jar:/Users/iiro/.m2/repository/io/micrometer/micrometer-observation/1.11.1/micrometer-observation-1.11.1.jar:/Users/iiro/.m2/repository/io/micrometer/micrometer-commons/1.11.1/micrometer-commons-1.11.1.jar:/Users/iiro/.m2/repository/org/springframework/spring-webmvc/6.0.10/spring-webmvc-6.0.10.jar:/Users/iiro/.m2/repository/org/springframework/spring-expression/6.0.10/spring-expression-6.0.10.jar:/Users/iiro/.m2/repository/org/springframework/boot/spring-boot-starter-webflux/3.1.1/spring-boot-starter-webflux-3.1.1.jar:/Users/iiro/.m2/repository/org/springframework/boot/spring-boot-starter-reactor-netty/3.1.1/spring-boot-starter-reactor-netty-3.1.1.jar:/Users/iiro/.m2/repository/io/projectreactor/netty/reactor-netty-http/1.1.8/reactor-netty-http-1.1.8.jar:/Users/iiro/.m2/repository/io/netty/netty-codec-http/4.1.94.Final/netty-codec-http-4.1.94.Final.jar:/Users/iiro/.m2/repository/io/netty/netty-common/4.1.94.Final/netty-common-4.1.94.Final.jar:/Users/iiro/.m2/repository/io/netty/netty-buffer/4.1.94.Final/netty-buffer-4.1.94.Final.jar:/Users/iiro/.m2/repository/io/netty/netty-transport/4.1.94.Final/netty-transport-4.1.94.Final.jar:/Users/iiro/.m2/repository/io/netty/netty-codec/4.1.94.Final/netty-codec-4.1.94.Final.jar:/Users/iiro/.m2/repository/io/netty/netty-handler/4.1.94.Final/netty-handler-4.1.94.Final.jar:/Users/iiro/.m2/repository/io/netty/netty-codec-http2/4.1.94.Final/netty-codec-http2-4.1.94.Final.jar:/Users/iiro/.m2/repository/io/netty/netty-resolver-dns/4.1.94.Final/netty-resolver-dns-4.1.94.Final.jar:/Users/iiro/.m2/repository/io/netty/netty-resolver/4.1.94.Final/netty-resolver-4.1.94.Final.jar:/Users/iiro/.m2/repository/io/netty/netty-codec-dns/4.1.94.Final/netty-codec-dns-4.1.94.Final.jar:/Users/iiro/.m2/repository/io/netty/netty-resolver-dns-native-macos/4.1.94.Final/netty-resolver-dns-native-macos-4.1.94.Final-osx-x86_64.jar:/Users/iiro/.m2/repository/io/netty/netty-resolver-dns-classes-macos/4.1.94.Final/netty-resolver-dns-classes-macos-4.1.94.Final.jar:/Users/iiro/.m2/repository/io/netty/netty-transport-native-epoll/4.1.94.Final/netty-transport-native-epoll-4.1.94.Final-linux-x86_64.jar:/Users/iiro/.m2/repository/io/netty/netty-transport-native-unix-common/4.1.94.Final/netty-transport-native-unix-common-4.1.94.Final.jar:/Users/iiro/.m2/repository/io/netty/netty-transport-classes-epoll/4.1.94.Final/netty-transport-classes-epoll-4.1.94.Final.jar:/Users/iiro/.m2/repository/io/projectreactor/netty/reactor-netty-core/1.1.8/reactor-netty-core-1.1.8.jar:/Users/iiro/.m2/repository/io/netty/netty-handler-proxy/4.1.94.Final/netty-handler-proxy-4.1.94.Final.jar:/Users/iiro/.m2/repository/io/netty/netty-codec-socks/4.1.94.Final/netty-codec-socks-4.1.94.Final.jar:/Users/iiro/.m2/repository/org/springframework/spring-webflux/6.0.10/spring-webflux-6.0.10.jar:/Users/iiro/.m2/repository/io/projectreactor/reactor-core/3.5.7/reactor-core-3.5.7.jar:/Users/iiro/.m2/repository/org/reactivestreams/reactive-streams/1.0.4/reactive-streams-1.0.4.jar:/Users/iiro/.m2/repository/com/mysql/mysql-connector-j/8.0.33/mysql-connector-j-8.0.33.jar:/Users/iiro/.m2/repository/org/springframework/boot/spring-boot-starter-test/3.1.1/spring-boot-starter-test-3.1.1.jar:/Users/iiro/.m2/repository/org/springframework/boot/spring-boot-test/3.1.1/spring-boot-test-3.1.1.jar:/Users/iiro/.m2/repository/org/springframework/boot/spring-boot-test-autoconfigure/3.1.1/spring-boot-test-autoconfigure-3.1.1.jar:/Users/iiro/.m2/repository/com/jayway/jsonpath/json-path/2.8.0/json-path-2.8.0.jar:/Users/iiro/.m2/repository/jakarta/xml/bind/jakarta.xml.bind-api/4.0.0/jakarta.xml.bind-api-4.0.0.jar:/Users/iiro/.m2/repository/jakarta/activation/jakarta.activation-api/2.1.2/jakarta.activation-api-2.1.2.jar:/Users/iiro/.m2/repository/org/assertj/assertj-core/3.24.2/assertj-core-3.24.2.jar:/Users/iiro/.m2/repository/org/hamcrest/hamcrest/2.2/hamcrest-2.2.jar:/Users/iiro/.m2/repository/org/junit/jupiter/junit-jupiter/5.9.3/junit-jupiter-5.9.3.jar:/Users/iiro/.m2/repository/org/junit/jupiter/junit-jupiter-api/5.9.3/junit-jupiter-api-5.9.3.jar:/Users/iiro/.m2/repository/org/opentest4j/opentest4j/1.2.0/opentest4j-1.2.0.jar:/Users/iiro/.m2/repository/org/junit/platform/junit-platform-commons/1.9.3/junit-platform-commons-1.9.3.jar:/Users/iiro/.m2/repository/org/apiguardian/apiguardian-api/1.1.2/apiguardian-api-1.1.2.jar:/Users/iiro/.m2/repository/org/junit/jupiter/junit-jupiter-params/5.9.3/junit-jupiter-params-5.9.3.jar:/Users/iiro/.m2/repository/org/junit/jupiter/junit-jupiter-engine/5.9.3/junit-jupiter-engine-5.9.3.jar:/Users/iiro/.m2/repository/org/junit/platform/junit-platform-engine/1.9.3/junit-platform-engine-1.9.3.jar:/Users/iiro/.m2/repository/org/mockito/mockito-core/5.3.1/mockito-core-5.3.1.jar:/Users/iiro/.m2/repository/net/bytebuddy/byte-buddy-agent/1.14.5/byte-buddy-agent-1.14.5.jar:/Users/iiro/.m2/repository/org/objenesis/objenesis/3.3/objenesis-3.3.jar:/Users/iiro/.m2/repository/org/mockito/mockito-junit-jupiter/5.3.1/mockito-junit-jupiter-5.3.1.jar:/Users/iiro/.m2/repository/org/skyscreamer/jsonassert/1.5.1/jsonassert-1.5.1.jar:/Users/iiro/.m2/repository/com/vaadin/external/google/android-json/0.0.20131108.vaadin1/android-json-0.0.20131108.vaadin1.jar:/Users/iiro/.m2/repository/org/springframework/spring-core/6.0.10/spring-core-6.0.10.jar:/Users/iiro/.m2/repository/org/springframework/spring-jcl/6.0.10/spring-jcl-6.0.10.jar:/Users/iiro/.m2/repository/org/springframework/spring-test/6.0.10/spring-test-6.0.10.jar:/Users/iiro/.m2/repository/org/xmlunit/xmlunit-core/2.9.1/xmlunit-core-2.9.1.jar:/Users/iiro/.m2/repository/com/h2database/h2/2.1.214/h2-2.1.214.jar:/Users/iiro/.m2/repository/net/minidev/json-smart/2.4.11/json-smart-2.4.11.jar:/Users/iiro/.m2/repository/net/minidev/accessors-smart/2.4.11/accessors-smart-2.4.11.jar:/Users/iiro/.m2/repository/org/ow2/asm/asm/9.3/asm-9.3.jar:/Users/iiro/.m2/repository/com/squareup/okhttp3/okhttp/4.10.0/okhttp-4.10.0.jar:/Users/iiro/.m2/repository/com/squareup/okio/okio-jvm/3.0.0/okio-jvm-3.0.0.jar:/Users/iiro/.m2/repository/org/jetbrains/kotlin/kotlin-stdlib-common/1.8.22/kotlin-stdlib-common-1.8.22.jar:/Users/iiro/.m2/repository/org/jetbrains/kotlin/kotlin-stdlib/1.8.22/kotlin-stdlib-1.8.22.jar:/Users/iiro/.m2/repository/org/jetbrains/annotations/13.0/annotations-13.0.jar:/Users/iiro/.m2/repository/com/squareup/okhttp3/mockwebserver/4.10.0/mockwebserver-4.10.0.jar:/Users/iiro/.m2/repository/junit/junit/4.13.2/junit-4.13.2.jar:/Users/iiro/.m2/repository/org/hamcrest/hamcrest-core/2.2/hamcrest-core-2.2.jar:/Users/iiro/.m2/repository/org/jetbrains/kotlin/kotlin-stdlib-jdk8/1.8.22/kotlin-stdlib-jdk8-1.8.22.jar:/Users/iiro/.m2/repository/org/jetbrains/kotlin/kotlin-stdlib-jdk7/1.8.22/kotlin-stdlib-jdk7-1.8.22.jar:/Users/iiro/.m2/repository/org/springframework/boot/spring-boot-starter-security/3.1.1/spring-boot-starter-security-3.1.1.jar:/Users/iiro/.m2/repository/org/springframework/spring-aop/6.0.10/spring-aop-6.0.10.jar:/Users/iiro/.m2/repository/org/springframework/security/spring-security-config/6.1.1/spring-security-config-6.1.1.jar:/Users/iiro/.m2/repository/org/springframework/security/spring-security-web/6.1.1/spring-security-web-6.1.1.jar:/Users/iiro/.m2/repository/io/jsonwebtoken/jjwt-api/0.11.5/jjwt-api-0.11.5.jar:/Users/iiro/.m2/repository/io/jsonwebtoken/jjwt-impl/0.11.5/jjwt-impl-0.11.5.jar:/Users/iiro/.m2/repository/io/jsonwebtoken/jjwt-jackson/0.11.5/jjwt-jackson-0.11.5.jar:/Users/iiro/.m2/repository/com/fasterxml/jackson/core/jackson-databind/2.15.2/jackson-databind-2.15.2.jar:/Users/iiro/.m2/repository/com/fasterxml/jackson/core/jackson-annotations/2.15.2/jackson-annotations-2.15.2.jar:/Users/iiro/.m2/repository/com/fasterxml/jackson/core/jackson-core/2.15.2/jackson-core-2.15.2.jar:/Users/iiro/.m2/repository/org/projectlombok/lombok/1.18.28/lombok-1.18.28.jar:/Users/iiro/.m2/repository/org/springframework/security/spring-security-test/6.1.1/spring-security-test-6.1.1.jar:/Users/iiro/.m2/repository/org/springframework/security/spring-security-core/6.1.1/spring-security-core-6.1.1.jar:/Users/iiro/.m2/repository/org/springframework/security/spring-security-crypto/6.1.1/spring-security-crypto-6.1.1.jar:"/>
    <property name="java.vm.vendor" value="Homebrew"/>
    <property name="sun.arch.data.model" value="64"/>
    <property name="java.vendor.url" value="https://github.com/Homebrew/homebrew-core/issues"/>
    <property name="catalina.useNaming" value="false"/>
    <property name="user.timezone" value="Europe/Helsinki"/>
    <property name="org.jboss.logging.provider" value="slf4j"/>
    <property name="os.name" value="Mac OS X"/>
    <property name="java.vm.specification.version" value="17"/>
    <property name="sun.java.launcher" value="SUN_STANDARD"/>
    <property name="user.country" value="FI"/>
    <property name="sun.boot.library.path" value="/opt/homebrew/Cellar/openjdk/17.0.2/libexec/openjdk.jdk/Contents/Home/lib"/>
    <property name="sun.java.command" value="/Users/iiro/Documents/Ohjelmointi/reviews/reviews-backend/reviewsbackend/target/surefire/surefirebooter-20240204175726360_3.jar /Users/iiro/Documents/Ohjelmointi/reviews/reviews-backend/reviewsbackend/target/surefire 2024-02-04T17-57-26_301-jvmRun1 surefire-20240204175726360_1tmp surefire_0-20240204175726360_2tmp"/>
    <property name="http.nonProxyHosts" value="local|*.local|169.254/16|*.169.254/16"/>
    <property name="jdk.debug" value="release"/>
    <property name="surefire.test.class.path" value="/Users/iiro/Documents/Ohjelmointi/reviews/reviews-backend/reviewsbackend/target/test-classes:/Users/iiro/Documents/Ohjelmointi/reviews/reviews-backend/reviewsbackend/target/classes:/Users/iiro/.m2/repository/org/springframework/boot/spring-boot-starter-data-jpa/3.1.1/spring-boot-starter-data-jpa-3.1.1.jar:/Users/iiro/.m2/repository/org/springframework/boot/spring-boot-starter-aop/3.1.1/spring-boot-starter-aop-3.1.1.jar:/Users/iiro/.m2/repository/org/aspectj/aspectjweaver/1.9.19/aspectjweaver-1.9.19.jar:/Users/iiro/.m2/repository/org/springframework/boot/spring-boot-starter-jdbc/3.1.1/spring-boot-starter-jdbc-3.1.1.jar:/Users/iiro/.m2/repository/com/zaxxer/HikariCP/5.0.1/HikariCP-5.0.1.jar:/Users/iiro/.m2/repository/org/springframework/spring-jdbc/6.0.10/spring-jdbc-6.0.10.jar:/Users/iiro/.m2/repository/org/hibernate/orm/hibernate-core/6.2.5.Final/hibernate-core-6.2.5.Final.jar:/Users/iiro/.m2/repository/jakarta/persistence/jakarta.persistence-api/3.1.0/jakarta.persistence-api-3.1.0.jar:/Users/iiro/.m2/repository/jakarta/transaction/jakarta.transaction-api/2.0.1/jakarta.transaction-api-2.0.1.jar:/Users/iiro/.m2/repository/org/jboss/logging/jboss-logging/3.5.1.Final/jboss-logging-3.5.1.Final.jar:/Users/iiro/.m2/repository/org/hibernate/common/hibernate-commons-annotations/6.0.6.Final/hibernate-commons-annotations-6.0.6.Final.jar:/Users/iiro/.m2/repository/io/smallrye/jandex/3.0.5/jandex-3.0.5.jar:/Users/iiro/.m2/repository/com/fasterxml/classmate/1.5.1/classmate-1.5.1.jar:/Users/iiro/.m2/repository/net/bytebuddy/byte-buddy/1.14.5/byte-buddy-1.14.5.jar:/Users/iiro/.m2/repository/org/glassfish/jaxb/jaxb-runtime/4.0.3/jaxb-runtime-4.0.3.jar:/Users/iiro/.m2/repository/org/glassfish/jaxb/jaxb-core/4.0.3/jaxb-core-4.0.3.jar:/Users/iiro/.m2/repository/org/eclipse/angus/angus-activation/2.0.1/angus-activation-2.0.1.jar:/Users/iiro/.m2/repository/org/glassfish/jaxb/txw2/4.0.3/txw2-4.0.3.jar:/Users/iiro/.m2/repository/com/sun/istack/istack-commons-runtime/4.1.2/istack-commons-runtime-4.1.2.jar:/Users/iiro/.m2/repository/jakarta/inject/jakarta.inject-api/2.0.1/jakarta.inject-api-2.0.1.jar:/Users/iiro/.m2/repository/org/antlr/antlr4-runtime/4.10.1/antlr4-runtime-4.10.1.jar:/Users/iiro/.m2/repository/org/springframework/data/spring-data-jpa/3.1.1/spring-data-jpa-3.1.1.jar:/Users/iiro/.m2/repository/org/springframework/data/spring-data-commons/3.1.1/spring-data-commons-3.1.1.jar:/Users/iiro/.m2/repository/org/springframework/spring-orm/6.0.10/spring-orm-6.0.10.jar:/Users/iiro/.m2/repository/org/springframework/spring-context/6.0.10/spring-context-6.0.10.jar:/Users/iiro/.m2/repository/org/springframework/spring-tx/6.0.10/spring-tx-6.0.10.jar:/Users/iiro/.m2/repository/org/springframework/spring-beans/6.0.10/spring-beans-6.0.10.jar:/Users/iiro/.m2/repository/jakarta/annotation/jakarta.annotation-api/2.1.1/jakarta.annotation-api-2.1.1.jar:/Users/iiro/.m2/repository/org/slf4j/slf4j-api/2.0.7/slf4j-api-2.0.7.jar:/Users/iiro/.m2/repository/org/springframework/spring-aspects/6.0.10/spring-aspects-6.0.10.jar:/Users/iiro/.m2/repository/org/springframework/boot/spring-boot-starter-web/3.1.1/spring-boot-starter-web-3.1.1.jar:/Users/iiro/.m2/repository/org/springframework/boot/spring-boot-starter/3.1.1/spring-boot-starter-3.1.1.jar:/Users/iiro/.m2/repository/org/springframework/boot/spring-boot/3.1.1/spring-boot-3.1.1.jar:/Users/iiro/.m2/repository/org/springframework/boot/spring-boot-autoconfigure/3.1.1/spring-boot-autoconfigure-3.1.1.jar:/Users/iiro/.m2/repository/org/springframework/boot/spring-boot-starter-logging/3.1.1/spring-boot-starter-logging-3.1.1.jar:/Users/iiro/.m2/repository/ch/qos/logback/logback-classic/1.4.8/logback-classic-1.4.8.jar:/Users/iiro/.m2/repository/ch/qos/logback/logback-core/1.4.8/logback-core-1.4.8.jar:/Users/iiro/.m2/repository/org/apache/logging/log4j/log4j-to-slf4j/2.20.0/log4j-to-slf4j-2.20.0.jar:/Users/iiro/.m2/repository/org/apache/logging/log4j/log4j-api/2.20.0/log4j-api-2.20.0.jar:/Users/iiro/.m2/repository/org/slf4j/jul-to-slf4j/2.0.7/jul-to-slf4j-2.0.7.jar:/Users/iiro/.m2/repository/org/yaml/snakeyaml/1.33/snakeyaml-1.33.jar:/Users/iiro/.m2/repository/org/springframework/boot/spring-boot-starter-json/3.1.1/spring-boot-starter-json-3.1.1.jar:/Users/iiro/.m2/repository/com/fasterxml/jackson/datatype/jackson-datatype-jdk8/2.15.2/jackson-datatype-jdk8-2.15.2.jar:/Users/iiro/.m2/repository/com/fasterxml/jackson/datatype/jackson-datatype-jsr310/2.15.2/jackson-datatype-jsr310-2.15.2.jar:/Users/iiro/.m2/repository/com/fasterxml/jackson/module/jackson-module-parameter-names/2.15.2/jackson-module-parameter-names-2.15.2.jar:/Users/iiro/.m2/repository/org/springframework/boot/spring-boot-starter-tomcat/3.1.1/spring-boot-starter-tomcat-3.1.1.jar:/Users/iiro/.m2/repository/org/apache/tomcat/embed/tomcat-embed-core/10.1.10/tomcat-embed-core-10.1.10.jar:/Users/iiro/.m2/repository/org/apache/tomcat/embed/tomcat-embed-el/10.1.10/tomcat-embed-el-10.1.10.jar:/Users/iiro/.m2/repository/org/apache/tomcat/embed/tomcat-embed-websocket/10.1.10/tomcat-embed-websocket-10.1.10.jar:/Users/iiro/.m2/repository/org/springframework/spring-web/6.0.10/spring-web-6.0.10.jar:/Users/iiro/.m2/repository/io/micrometer/micrometer-observation/1.11.1/micrometer-observation-1.11.1.jar:/Users/iiro/.m2/repository/io/micrometer/micrometer-commons/1.11.1/micrometer-commons-1.11.1.jar:/Users/iiro/.m2/repository/org/springframework/spring-webmvc/6.0.10/spring-webmvc-6.0.10.jar:/Users/iiro/.m2/repository/org/springframework/spring-expression/6.0.10/spring-expression-6.0.10.jar:/Users/iiro/.m2/repository/org/springframework/boot/spring-boot-starter-webflux/3.1.1/spring-boot-starter-webflux-3.1.1.jar:/Users/iiro/.m2/repository/org/springframework/boot/spring-boot-starter-reactor-netty/3.1.1/spring-boot-starter-reactor-netty-3.1.1.jar:/Users/iiro/.m2/repository/io/projectreactor/netty/reactor-netty-http/1.1.8/reactor-netty-http-1.1.8.jar:/Users/iiro/.m2/repository/io/netty/netty-codec-http/4.1.94.Final/netty-codec-http-4.1.94.Final.jar:/Users/iiro/.m2/repository/io/netty/netty-common/4.1.94.Final/netty-common-4.1.94.Final.jar:/Users/iiro/.m2/repository/io/netty/netty-buffer/4.1.94.Final/netty-buffer-4.1.94.Final.jar:/Users/iiro/.m2/repository/io/netty/netty-transport/4.1.94.Final/netty-transport-4.1.94.Final.jar:/Users/iiro/.m2/repository/io/netty/netty-codec/4.1.94.Final/netty-codec-4.1.94.Final.jar:/Users/iiro/.m2/repository/io/netty/netty-handler/4.1.94.Final/netty-handler-4.1.94.Final.jar:/Users/iiro/.m2/repository/io/netty/netty-codec-http2/4.1.94.Final/netty-codec-http2-4.1.94.Final.jar:/Users/iiro/.m2/repository/io/netty/netty-resolver-dns/4.1.94.Final/netty-resolver-dns-4.1.94.Final.jar:/Users/iiro/.m2/repository/io/netty/netty-resolver/4.1.94.Final/netty-resolver-4.1.94.Final.jar:/Users/iiro/.m2/repository/io/netty/netty-codec-dns/4.1.94.Final/netty-codec-dns-4.1.94.Final.jar:/Users/iiro/.m2/repository/io/netty/netty-resolver-dns-native-macos/4.1.94.Final/netty-resolver-dns-native-macos-4.1.94.Final-osx-x86_64.jar:/Users/iiro/.m2/repository/io/netty/netty-resolver-dns-classes-macos/4.1.94.Final/netty-resolver-dns-classes-macos-4.1.94.Final.jar:/Users/iiro/.m2/repository/io/netty/netty-transport-native-epoll/4.1.94.Final/netty-transport-native-epoll-4.1.94.Final-linux-x86_64.jar:/Users/iiro/.m2/repository/io/netty/netty-transport-native-unix-common/4.1.94.Final/netty-transport-native-unix-common-4.1.94.Final.jar:/Users/iiro/.m2/repository/io/netty/netty-transport-classes-epoll/4.1.94.Final/netty-transport-classes-epoll-4.1.94.Final.jar:/Users/iiro/.m2/repository/io/projectreactor/netty/reactor-netty-core/1.1.8/reactor-netty-core-1.1.8.jar:/Users/iiro/.m2/repository/io/netty/netty-handler-proxy/4.1.94.Final/netty-handler-proxy-4.1.94.Final.jar:/Users/iiro/.m2/repository/io/netty/netty-codec-socks/4.1.94.Final/netty-codec-socks-4.1.94.Final.jar:/Users/iiro/.m2/repository/org/springframework/spring-webflux/6.0.10/spring-webflux-6.0.10.jar:/Users/iiro/.m2/repository/io/projectreactor/reactor-core/3.5.7/reactor-core-3.5.7.jar:/Users/iiro/.m2/repository/org/reactivestreams/reactive-streams/1.0.4/reactive-streams-1.0.4.jar:/Users/iiro/.m2/repository/com/mysql/mysql-connector-j/8.0.33/mysql-connector-j-8.0.33.jar:/Users/iiro/.m2/repository/org/springframework/boot/spring-boot-starter-test/3.1.1/spring-boot-starter-test-3.1.1.jar:/Users/iiro/.m2/repository/org/springframework/boot/spring-boot-test/3.1.1/spring-boot-test-3.1.1.jar:/Users/iiro/.m2/repository/org/springframework/boot/spring-boot-test-autoconfigure/3.1.1/spring-boot-test-autoconfigure-3.1.1.jar:/Users/iiro/.m2/repository/com/jayway/jsonpath/json-path/2.8.0/json-path-2.8.0.jar:/Users/iiro/.m2/repository/jakarta/xml/bind/jakarta.xml.bind-api/4.0.0/jakarta.xml.bind-api-4.0.0.jar:/Users/iiro/.m2/repository/jakarta/activation/jakarta.activation-api/2.1.2/jakarta.activation-api-2.1.2.jar:/Users/iiro/.m2/repository/org/assertj/assertj-core/3.24.2/assertj-core-3.24.2.jar:/Users/iiro/.m2/repository/org/hamcrest/hamcrest/2.2/hamcrest-2.2.jar:/Users/iiro/.m2/repository/org/junit/jupiter/junit-jupiter/5.9.3/junit-jupiter-5.9.3.jar:/Users/iiro/.m2/repository/org/junit/jupiter/junit-jupiter-api/5.9.3/junit-jupiter-api-5.9.3.jar:/Users/iiro/.m2/repository/org/opentest4j/opentest4j/1.2.0/opentest4j-1.2.0.jar:/Users/iiro/.m2/repository/org/junit/platform/junit-platform-commons/1.9.3/junit-platform-commons-1.9.3.jar:/Users/iiro/.m2/repository/org/apiguardian/apiguardian-api/1.1.2/apiguardian-api-1.1.2.jar:/Users/iiro/.m2/repository/org/junit/jupiter/junit-jupiter-params/5.9.3/junit-jupiter-params-5.9.3.jar:/Users/iiro/.m2/repository/org/junit/jupiter/junit-jupiter-engine/5.9.3/junit-jupiter-engine-5.9.3.jar:/Users/iiro/.m2/repository/org/junit/platform/junit-platform-engine/1.9.3/junit-platform-engine-1.9.3.jar:/Users/iiro/.m2/repository/org/mockito/mockito-core/5.3.1/mockito-core-5.3.1.jar:/Users/iiro/.m2/repository/net/bytebuddy/byte-buddy-agent/1.14.5/byte-buddy-agent-1.14.5.jar:/Users/iiro/.m2/repository/org/objenesis/objenesis/3.3/objenesis-3.3.jar:/Users/iiro/.m2/repository/org/mockito/mockito-junit-jupiter/5.3.1/mockito-junit-jupiter-5.3.1.jar:/Users/iiro/.m2/repository/org/skyscreamer/jsonassert/1.5.1/jsonassert-1.5.1.jar:/Users/iiro/.m2/repository/com/vaadin/external/google/android-json/0.0.20131108.vaadin1/android-json-0.0.20131108.vaadin1.jar:/Users/iiro/.m2/repository/org/springframework/spring-core/6.0.10/spring-core-6.0.10.jar:/Users/iiro/.m2/repository/org/springframework/spring-jcl/6.0.10/spring-jcl-6.0.10.jar:/Users/iiro/.m2/repository/org/springframework/spring-test/6.0.10/spring-test-6.0.10.jar:/Users/iiro/.m2/repository/org/xmlunit/xmlunit-core/2.9.1/xmlunit-core-2.9.1.jar:/Users/iiro/.m2/repository/com/h2database/h2/2.1.214/h2-2.1.214.jar:/Users/iiro/.m2/repository/net/minidev/json-smart/2.4.11/json-smart-2.4.11.jar:/Users/iiro/.m2/repository/net/minidev/accessors-smart/2.4.11/accessors-smart-2.4.11.jar:/Users/iiro/.m2/repository/org/ow2/asm/asm/9.3/asm-9.3.jar:/Users/iiro/.m2/repository/com/squareup/okhttp3/okhttp/4.10.0/okhttp-4.10.0.jar:/Users/iiro/.m2/repository/com/squareup/okio/okio-jvm/3.0.0/okio-jvm-3.0.0.jar:/Users/iiro/.m2/repository/org/jetbrains/kotlin/kotlin-stdlib-common/1.8.22/kotlin-stdlib-common-1.8.22.jar:/Users/iiro/.m2/repository/org/jetbrains/kotlin/kotlin-stdlib/1.8.22/kotlin-stdlib-1.8.22.jar:/Users/iiro/.m2/repository/org/jetbrains/annotations/13.0/annotations-13.0.jar:/Users/iiro/.m2/repository/com/squareup/okhttp3/mockwebserver/4.10.0/mockwebserver-4.10.0.jar:/Users/iiro/.m2/repository/junit/junit/4.13.2/junit-4.13.2.jar:/Users/iiro/.m2/repository/org/hamcrest/hamcrest-core/2.2/hamcrest-core-2.2.jar:/Users/iiro/.m2/repository/org/jetbrains/kotlin/kotlin-stdlib-jdk8/1.8.22/kotlin-stdlib-jdk8-1.8.22.jar:/Users/iiro/.m2/repository/org/jetbrains/kotlin/kotlin-stdlib-jdk7/1.8.22/kotlin-stdlib-jdk7-1.8.22.jar:/Users/iiro/.m2/repository/org/springframework/boot/spring-boot-starter-security/3.1.1/spring-boot-starter-security-3.1.1.jar:/Users/iiro/.m2/repository/org/springframework/spring-aop/6.0.10/spring-aop-6.0.10.jar:/Users/iiro/.m2/repository/org/springframework/security/spring-security-config/6.1.1/spring-security-config-6.1.1.jar:/Users/iiro/.m2/repository/org/springframework/security/spring-security-web/6.1.1/spring-security-web-6.1.1.jar:/Users/iiro/.m2/repository/io/jsonwebtoken/jjwt-api/0.11.5/jjwt-api-0.11.5.jar:/Users/iiro/.m2/repository/io/jsonwebtoken/jjwt-impl/0.11.5/jjwt-impl-0.11.5.jar:/Users/iiro/.m2/repository/io/jsonwebtoken/jjwt-jackson/0.11.5/jjwt-jackson-0.11.5.jar:/Users/iiro/.m2/repository/com/fasterxml/jackson/core/jackson-databind/2.15.2/jackson-databind-2.15.2.jar:/Users/iiro/.m2/repository/com/fasterxml/jackson/core/jackson-annotations/2.15.2/jackson-annotations-2.15.2.jar:/Users/iiro/.m2/repository/com/fasterxml/jackson/core/jackson-core/2.15.2/jackson-core-2.15.2.jar:/Users/iiro/.m2/repository/org/projectlombok/lombok/1.18.28/lombok-1.18.28.jar:/Users/iiro/.m2/repository/org/springframework/security/spring-security-test/6.1.1/spring-security-test-6.1.1.jar:/Users/iiro/.m2/repository/org/springframework/security/spring-security-core/6.1.1/spring-security-core-6.1.1.jar:/Users/iiro/.m2/repository/org/springframework/security/spring-security-crypto/6.1.1/spring-security-crypto-6.1.1.jar:"/>
    <property name="sun.cpu.endian" value="little"/>
    <property name="user.home" value="/Users/iiro"/>
    <property name="user.language" value="en"/>
    <property name="java.specification.vendor" value="Oracle Corporation"/>
    <property name="java.version.date" value="2022-01-18"/>
    <property name="java.home" value="/opt/homebrew/Cellar/openjdk/17.0.2/libexec/openjdk.jdk/Contents/Home"/>
    <property name="file.separator" value="/"/>
    <property name="basedir" value="/Users/iiro/Documents/Ohjelmointi/reviews/reviews-backend/reviewsbackend"/>
    <property name="java.vm.compressedOopsMode" value="Zero based"/>
    <property name="line.separator" value="&#10;"/>
    <property name="java.specification.name" value="Java Platform API Specification"/>
    <property name="java.vm.specification.vendor" value="Oracle Corporation"/>
    <property name="FILE_LOG_CHARSET" value="UTF-8"/>
    <property name="java.awt.headless" value="true"/>
    <property name="surefire.real.class.path" value="/Users/iiro/Documents/Ohjelmointi/reviews/reviews-backend/reviewsbackend/target/surefire/surefirebooter-20240204175726360_3.jar"/>
    <property name="sun.management.compiler" value="HotSpot 64-Bit Tiered Compilers"/>
    <property name="ftp.nonProxyHosts" value="local|*.local|169.254/16|*.169.254/16"/>
    <property name="java.runtime.version" value="17.0.2+0"/>
    <property name="user.name" value="iiro"/>
    <property name="path.separator" value=":"/>
    <property name="os.version" value="13.4.1"/>
    <property name="java.runtime.name" value="OpenJDK Runtime Environment"/>
    <property name="file.encoding" value="UTF-8"/>
    <property name="java.vm.name" value="OpenJDK 64-Bit Server VM"/>
    <property name="java.vendor.version" value="Homebrew"/>
    <property name="localRepository" value="/Users/iiro/.m2/repository"/>
    <property name="java.vendor.url.bug" value="https://github.com/Homebrew/homebrew-core/issues"/>
    <property name="java.io.tmpdir" value="/var/folders/xm/f__fpvcd74jg4d0ktvzdw5hr0000gn/T/"/>
    <property name="com.zaxxer.hikari.pool_number" value="13"/>
    <property name="catalina.home" value="/private/var/folders/xm/f__fpvcd74jg4d0ktvzdw5hr0000gn/T/tomcat.0.6693759087795988285"/>
    <property name="java.version" value="17.0.2"/>
    <property name="user.dir" value="/Users/iiro/Documents/Ohjelmointi/reviews/reviews-backend/reviewsbackend"/>
    <property name="os.arch" value="aarch64"/>
    <property name="java.vm.specification.name" value="Java Virtual Machine Specification"/>
    <property name="PID" value="51113"/>
    <property name="CONSOLE_LOG_CHARSET" value="UTF-8"/>
    <property name="catalina.base" value="/private/var/folders/xm/f__fpvcd74jg4d0ktvzdw5hr0000gn/T/tomcat.0.3883677651097155648"/>
    <property name="native.encoding" value="UTF-8"/>
    <property name="java.library.path" value="/Users/iiro/Library/Java/Extensions:/Library/Java/Extensions:/Network/Library/Java/Extensions:/System/Library/Java/Extensions:/usr/lib/java:."/>
    <property name="java.vm.info" value="mixed mode, sharing"/>
    <property name="java.vendor" value="Homebrew"/>
    <property name="java.vm.version" value="17.0.2+0"/>
    <property name="sun.io.unicode.encoding" value="UnicodeBig"/>
    <property name="socksNonProxyHosts" value="local|*.local|169.254/16|*.169.254/16"/>
    <property name="java.class.version" value="61.0"/>
  </properties>
  <testcase name="GetAllReviewsForAccountWorksWithAsc" classname="com.example.shopBackend.review.ReviewServiceTest" time="0.002"/>
  <testcase name="getReviewsWithSearchForItemWorksWithDesc" classname="com.example.shopBackend.review.ReviewServiceTest" time="0.001"/>
  <testcase name="GetAllReviewsForItemThrowsErrorWithBadSortDir" classname="com.example.shopBackend.review.ReviewServiceTest" time="0.001"/>
  <testcase name="getChartForAccountThrowsErrorWithNotMatchingAccount" classname="com.example.shopBackend.review.ReviewServiceTest" time="0.001"/>
  <testcase name="getReviewsWithSearchForItemThrowsErrorWithBadSort" classname="com.example.shopBackend.review.ReviewServiceTest" time="0.001"/>
  <testcase name="getChartForAccountWorksWithMonth" classname="com.example.shopBackend.review.ReviewServiceTest" time="0.001"/>
  <testcase name="getReviewsWithSearchForItemWorksWithAsc" classname="com.example.shopBackend.review.ReviewServiceTest" time="0.002"/>
  <testcase name="getReviewsWithSearchForItemThrowsErrorWithNotMatchingAccountId" classname="com.example.shopBackend.review.ReviewServiceTest" time="0.001"/>
  <testcase name="GetAllReviewsForAccountThrowsErrorWithNotMatchingAccountId" classname="com.example.shopBackend.review.ReviewServiceTest" time="0.001"/>
  <testcase name="addReviewThrowsErrorWithBadAccountId" classname="com.example.shopBackend.review.ReviewServiceTest" time="0.002"/>
  <testcase name="GetAllReviewsForAccountThrowsErrorWithBadSortDir" classname="com.example.shopBackend.review.ReviewServiceTest" time="0.001"/>
  <testcase name="addReviewThrowsErrorWhenRatingFails" classname="com.example.shopBackend.review.ReviewServiceTest" time="0.002"/>
  <testcase name="addReviewThrowsErrorWithTooLargeRating" classname="com.example.shopBackend.review.ReviewServiceTest" time="0.002"/>
  <testcase name="getChartForItemWorksWithMonth" classname="com.example.shopBackend.review.ReviewServiceTest" time="0.001"/>
  <testcase name="getChartForItemThrowsErrorWithNotMatchingAccount" classname="com.example.shopBackend.review.ReviewServiceTest" time="0.002"/>
  <testcase name="GetAllReviewsForItemThrowsErrorWithNegativePage" classname="com.example.shopBackend.review.ReviewServiceTest" time="0.002"/>
  <testcase name="addReviewThrowsErrorWhenInputEmpty" classname="com.example.shopBackend.review.ReviewServiceTest" time="0.001"/>
  <testcase name="getReviewsWithSearchForItemThrowsErrorWithNegativePage" classname="com.example.shopBackend.review.ReviewServiceTest" time="0.001"/>
  <testcase name="GetAllReviewsForAccountWorksWithDesc" classname="com.example.shopBackend.review.ReviewServiceTest" time="0.001"/>
  <testcase name="addReviewThrowsErrorWithBadDislikes" classname="com.example.shopBackend.review.ReviewServiceTest" time="0.001"/>
  <testcase name="addReviewThrowsErrorWithTooSmallRating" classname="com.example.shopBackend.review.ReviewServiceTest" time="0.001"/>
  <testcase name="addReviewThrowsErrorWhenTopWords" classname="com.example.shopBackend.review.ReviewServiceTest" time="0.003"/>
  <testcase name="addReviewThrowsErrorWithBadItemId" classname="com.example.shopBackend.review.ReviewServiceTest" time="0.001"/>
  <testcase name="GetAllReviewsForAccountThrowsErrorWithBadSort" classname="com.example.shopBackend.review.ReviewServiceTest" time="0.002"/>
  <testcase name="getChartForItemWorksWithWeek" classname="com.example.shopBackend.review.ReviewServiceTest" time="0.001"/>
  <testcase name="GetAllReviewsForItemThrowsErrorWithNotMatchingAccountId" classname="com.example.shopBackend.review.ReviewServiceTest" time="0.001"/>
  <testcase name="addReviewThrowsErrorWithBadLikes" classname="com.example.shopBackend.review.ReviewServiceTest" time="0.002"/>
  <testcase name="getReviewsWithSearchForItemThrowsErrorWithBadSortDir" classname="com.example.shopBackend.review.ReviewServiceTest" time="0.001"/>
  <testcase name="deleteReviewsThrowsErrorWithNoMatchingReview" classname="com.example.shopBackend.review.ReviewServiceTest" time="0.002"/>
  <testcase name="GetAllReviewsForItemWorksWithDesc" classname="com.example.shopBackend.review.ReviewServiceTest" time="0.001"/>
  <testcase name="getChartForAccountWorksWithWeek" classname="com.example.shopBackend.review.ReviewServiceTest" time="0.001"/>
  <testcase name="GetAllReviewsForAccountThrowsErrorWithNegativePage" classname="com.example.shopBackend.review.ReviewServiceTest" time="0.001"/>
  <testcase name="GetAllReviewsForItemWorksWithAsc" classname="com.example.shopBackend.review.ReviewServiceTest" time="0.001"/>
  <testcase name="getChartForItemThrowsErrorWithBadTime" classname="com.example.shopBackend.review.ReviewServiceTest" time="0.001"/>
  <testcase name="deleteReviewWorks" classname="com.example.shopBackend.review.ReviewServiceTest" time="0.001"/>
  <testcase name="GetAllReviewsForItemThrowsErrorWithBadSort" classname="com.example.shopBackend.review.ReviewServiceTest" time="0.002"/>
  <testcase name="getChartForAccountThrowsErrorWithBadTime" classname="com.example.shopBackend.review.ReviewServiceTest" time="0.002"/>
  <testcase name="addReviewWorks" classname="com.example.shopBackend.review.ReviewServiceTest" time="0.019"/>
  <testcase name="addReviewThrowsErrorWithDifferentItemIds" classname="com.example.shopBackend.review.ReviewServiceTest" time="0.001"/>
</testsuite>