<?xml version="1.0" encoding="UTF-8"?>
<testsuite xmlns:xsi="http://www.w3.org/2001/XMLSchema-instance" xsi:noNamespaceSchemaLocation="https://maven.apache.org/surefire/maven-surefire-plugin/xsd/surefire-test-report-3.0.xsd" version="3.0" name="com.example.shopBackend.item.ItemIntegrationTest" time="13.493" tests="5" errors="0" skipped="0" failures="0">
  <properties>
    <property name="java.specification.version" value="17"/>
    <property name="sun.jnu.encoding" value="UTF-8"/>
    <property name="java.class.path" value="/Users/iiro/Documents/Ohjelmointi/reviews/reviews-backend/reviewsbackend/target/test-classes:/Users/iiro/Documents/Ohjelmointi/reviews/reviews-backend/reviewsbackend/target/classes:/Users/iiro/.m2/repository/org/springframework/boot/spring-boot-starter-data-jpa/3.1.1/spring-boot-starter-data-jpa-3.1.1.jar:/Users/iiro/.m2/repository/org/springframework/boot/spring-boot-starter-aop/3.1.1/spring-boot-starter-aop-3.1.1.jar:/Users/iiro/.m2/repository/org/aspectj/aspectjweaver/1.9.19/aspectjweaver-1.9.19.jar:/Users/iiro/.m2/repository/org/springframework/boot/spring-boot-starter-jdbc/3.1.1/spring-boot-starter-jdbc-3.1.1.jar:/Users/iiro/.m2/repository/com/zaxxer/HikariCP/5.0.1/HikariCP-5.0.1.jar:/Users/iiro/.m2/repository/org/springframework/spring-jdbc/6.0.10/spring-jdbc-6.0.10.jar:/Users/iiro/.m2/repository/org/hibernate/orm/hibernate-core/6.2.5.Final/hibernate-core-6.2.5.Final.jar:/Users/iiro/.m2/repository/jakarta/persistence/jakarta.persistence-api/3.1.0/jakarta.persistence-api-3.1.0.jar:/Users/iiro/.m2/repository/jakarta/transaction/jakarta.transaction-api/2.0.1/jakarta.transaction-api-2.0.1.jar:/Users/iiro/.m2/repository/org/jboss/logging/jboss-logging/3.5.1.Final/jboss-logging-3.5.1.Final.jar:/Users/iiro/.m2/repository/org/hibernate/common/hibernate-commons-annotations/6.0.6.Final/hibernate-commons-annotations-6.0.6.Final.jar:/Users/iiro/.m2/repository/io/smallrye/jandex/3.0.5/jandex-3.0.5.jar:/Users/iiro/.m2/repository/com/fasterxml/classmate/1.5.1/classmate-1.5.1.jar:/Users/iiro/.m2/repository/net/bytebuddy/byte-buddy/1.14.5/byte-buddy-1.14.5.jar:/Users/iiro/.m2/repository/org/glassfish/jaxb/jaxb-runtime/4.0.3/jaxb-runtime-4.0.3.jar:/Users/iiro/.m2/repository/org/glassfish/jaxb/jaxb-core/4.0.3/jaxb-core-4.0.3.jar:/Users/iiro/.m2/repository/org/eclipse/angus/angus-activation/2.0.1/angus-activation-2.0.1.jar:/Users/iiro/.m2/repository/org/glassfish/jaxb/txw2/4.0.3/txw2-4.0.3.jar:/Users/iiro/.m2/repository/com/sun/istack/istack-commons-runtime/4.1.2/istack-commons-runtime-4.1.2.jar:/Users/iiro/.m2/repository/jakarta/inject/jakarta.inject-api/2.0.1/jakarta.inject-api-2.0.1.jar:/Users/iiro/.m2/repository/org/antlr/antlr4-runtime/4.10.1/antlr4-runtime-4.10.1.jar:/Users/iiro/.m2/repository/org/springframework/data/spring-data-jpa/3.1.1/spring-data-jpa-3.1.1.jar:/Users/iiro/.m2/repository/org/springframework/data/spring-data-commons/3.1.1/spring-data-commons-3.1.1.jar:/Users/iiro/.m2/repository/org/springframework/spring-orm/6.0.10/spring-orm-6.0.10.jar:/Users/iiro/.m2/repository/org/springframework/spring-context/6.0.10/spring-context-6.0.10.jar:/Users/iiro/.m2/repository/org/springframework/spring-tx/6.0.10/spring-tx-6.0.10.jar:/Users/iiro/.m2/repository/org/springframework/spring-beans/6.0.10/spring-beans-6.0.10.jar:/Users/iiro/.m2/repository/jakarta/annotation/jakarta.annotation-api/2.1.1/jakarta.annotation-api-2.1.1.jar:/Users/iiro/.m2/repository/org/slf4j/slf4j-api/2.0.7/slf4j-api-2.0.7.jar:/Users/iiro/.m2/repository/org/springframework/spring-aspects/6.0.10/spring-aspects-6.0.10.jar:/Users/iiro/.m2/repository/org/springframework/boot/spring-boot-starter-web/3.1.1/spring-boot-starter-web-3.1.1.jar:/Users/iiro/.m2/repository/org/springframework/boot/spring-boot-starter/3.1.1/spring-boot-starter-3.1.1.jar:/Users/iiro/.m2/repository/org/springframework/boot/spring-boot/3.1.1/spring-boot-3.1.1.jar:/Users/iiro/.m2/repository/org/springframework/boot/spring-boot-autoconfigure/3.1.1/spring-boot-autoconfigure-3.1.1.jar:/Users/iiro/.m2/repository/org/springframework/boot/spring-boot-starter-logging/3.1.1/spring-boot-starter-logging-3.1.1.jar:/Users/iiro/.m2/repository/ch/qos/logback/logback-classic/1.4.8/logback-classic-1.4.8.jar:/Users/iiro/.m2/repository/ch/qos/logback/logback-core/1.4.8/logback-core-1.4.8.jar:/Users/iiro/.m2/repository/org/apache/logging/log4j/log4j-to-slf4j/2.20.0/log4j-to-slf4j-2.20.0.jar:/Users/iiro/.m2/repository/org/apache/logging/log4j/log4j-api/2.20.0/log4j-api-2.20.0.jar:/Users/iiro/.m2/repository/org/slf4j/jul-to-slf4j/2.0.7/jul-to-slf4j-2.0.7.jar:/Users/iiro/.m2/repository/org/yaml/snakeyaml/1.33/snakeyaml-1.33.jar:/Users/iiro/.m2/repository/org/springframework/boot/spring-boot-starter-json/3.1.1/spring-boot-starter-json-3.1.1.jar:/Users/iiro/.m2/repository/com/fasterxml/jackson/datatype/jackson-datatype-jdk8/2.15.2/jackson-datatype-jdk8-2.15.2.jar:/Users/iiro/.m2/repository/com/fasterxml/jackson/datatype/jackson-datatype-jsr310/2.15.2/jackson-datatype-jsr310-2.15.2.jar:/Users/iiro/.m2/repository/com/fasterxml/jackson/module/jackson-module-parameter-names/2.15.2/jackson-module-parameter-names-2.15.2.jar:/Users/iiro/.m2/repository/org/springframework/boot/spring-boot-starter-tomcat/3.1.1/spring-boot-starter-tomcat-3.1.1.jar:/Users/iiro/.m2/repository/org/apache/tomcat/embed/tomcat-embed-core/10.1.10/tomcat-embed-core-10.1.10.jar:/Users/iiro/.m2/repository/org/apache/tomcat/embed/tomcat-embed-el/10.1.10/tomcat-embed-el-10.1.10.jar:/Users/iiro/.m2/repository/org/apache/tomcat/embed/tomcat-embed-websocket/10.1.10/tomcat-embed-websocket-10.1.10.jar:/Users/iiro/.m2/repository/org/springframework/spring-web/6.0.10/spring-web-6.0.10.jar:/Users/iiro/.m2/repository/io/micrometer/micrometer-observation/1.11.1/micrometer-observation-1.11.1.jar:/Users/iiro/.m2/repository/io/micrometer/micrometer-commons/1.11.1/micrometer-commons-1.11.1.jar:/Users/iiro/.m2/repository/org/springframework/spring-webmvc/6.0.10/spring-webmvc-6.0.10.jar:/Users/iiro/.m2/repository/org/springframework/spring-expression/6.0.10/spring-expression-6.0.10.jar:/Users/iiro/.m2/repository/org/springframework/boot/spring-boot-starter-webflux/3.1.1/spring-boot-starter-webflux-3.1.1.jar:/Users/iiro/.m2/repository/org/springframework/boot/spring-boot-starter-reactor-netty/3.1.1/spring-boot-starter-reactor-netty-3.1.1.jar:/Users/iiro/.m2/repository/io/projectreactor/netty/reactor-netty-http/1.1.8/reactor-netty-http-1.1.8.jar:/Users/iiro/.m2/repository/io/netty/netty-codec-http/4.1.94.Final/netty-codec-http-4.1.94.Final.jar:/Users/iiro/.m2/repository/io/netty/netty-common/4.1.94.Final/netty-common-4.1.94.Final.jar:/Users/iiro/.m2/repository/io/netty/netty-buffer/4.1.94.Final/netty-buffer-4.1.94.Final.jar:/Users/iiro/.m2/repository/io/netty/netty-transport/4.1.94.Final/netty-transport-4.1.94.Final.jar:/Users/iiro/.m2/repository/io/netty/netty-codec/4.1.94.Final/netty-codec-4.1.94.Final.jar:/Users/iiro/.m2/repository/io/netty/netty-handler/4.1.94.Final/netty-handler-4.1.94.Final.jar:/Users/iiro/.m2/repository/io/netty/netty-codec-http2/4.1.94.Final/netty-codec-http2-4.1.94.Final.jar:/Users/iiro/.m2/repository/io/netty/netty-resolver-dns/4.1.94.Final/netty-resolver-dns-4.1.94.Final.jar:/Users/iiro/.m2/repository/io/netty/netty-resolver/4.1.94.Final/netty-resolver-4.1.94.Final.jar:/Users/iiro/.m2/repository/io/netty/netty-codec-dns/4.1.94.Final/netty-codec-dns-4.1.94.Final.jar:/Users/iiro/.m2/repository/io/netty/netty-resolver-dns-native-macos/4.1.94.Final/netty-resolver-dns-native-macos-4.1.94.Final-osx-x86_64.jar:/Users/iiro/.m2/repository/io/netty/netty-resolver-dns-classes-macos/4.1.94.Final/netty-resolver-dns-classes-macos-4.1.94.Final.jar:/Users/iiro/.m2/repository/io/netty/netty-transport-native-epoll/4.1.94.Final/netty-transport-native-epoll-4.1.94.Final-linux-x86_64.jar:/Users/iiro/.m2/repository/io/netty/netty-transport-native-unix-common/4.1.94.Final/netty-transport-native-unix-common-4.1.94.Final.jar:/Users/iiro/.m2/repository/io/netty/netty-transport-classes-epoll/4.1.94.Final/netty-transport-classes-epoll-4.1.94.Final.jar:/Users/iiro/.m2/repository/io/projectreactor/netty/reactor-netty-core/1.1.8/reactor-netty-core-1.1.8.jar:/Users/iiro/.m2/repository/io/netty/netty-handler-proxy/4.1.94.Final/netty-handler-proxy-4.1.94.Final.jar:/Users/iiro/.m2/repository/io/netty/netty-codec-socks/4.1.94.Final/netty-codec-socks-4.1.94.Final.jar:/Users/iiro/.m2/repository/org/springframework/spring-webflux/6.0.10/spring-webflux-6.0.10.jar:/Users/iiro/.m2/repository/io/projectreactor/reactor-core/3.5.7/reactor-core-3.5.7.jar:/Users/iiro/.m2/repository/org/reactivestreams/reactive-streams/1.0.4/reactive-streams-1.0.4.jar:/Users/iiro/.m2/repository/com/mysql/mysql-connector-j/8.0.33/mysql-connector-j-8.0.33.jar:/Users/iiro/.m2/repository/org/springframework/boot/spring-boot-starter-test/3.1.1/spring-boot-starter-test-3.1.1.jar:/Users/iiro/.m2/repository/org/springframework/boot/spring-boot-test/3.1.1/spring-boot-test-3.1.1.jar:/Users/iiro/.m2/repository/org/springframework/boot/spring-boot-test-autoconfigure/3.1.1/spring-boot-test-autoconfigure-3.1.1.jar:/Users/iiro/.m2/repository/com/jayway/jsonpath/json-path/2.8.0/json-path-2.8.0.jar:/Users/iiro/.m2/repository/jakarta/xml/bind/jakarta.xml.bind-api/4.0.0/jakarta.xml.bind-api-4.0.0.jar:/Users/iiro/.m2/repository/jakarta/activation/jakarta.activation-api/2.1.2/jakarta.activation-api-2.1.2.jar:/Users/iiro/.m2/repository/org/assertj/assertj-core/3.24.2/assertj-core-3.24.2.jar:/Users/iiro/.m2/repository/org/hamcrest/hamcrest/2.2/hamcrest-2.2.jar:/Users/iiro/.m2/repository/org/junit/jupiter/junit-jupiter/5.9.3/junit-jupiter-5.9.3.jar:/Users/iiro/.m2/repository/org/junit/jupiter/junit-jupiter-api/5.9.3/junit-jupiter-api-5.9.3.jar:/Users/iiro/.m2/repository/org/opentest4j/opentest4j/1.2.0/opentest4j-1.2.0.jar:/Users/iiro/.m2/repository/org/junit/platform/junit-platform-commons/1.9.3/junit-platform-commons-1.9.3.jar:/Users/iiro/.m2/repository/org/apiguardian/apiguardian-api/1.1.2/apiguardian-api-1.1.2.jar:/Users/iiro/.m2/repository/org/junit/jupiter/junit-jupiter-params/5.9.3/junit-jupiter-params-5.9.3.jar:/Users/iiro/.m2/repository/org/junit/jupiter/junit-jupiter-engine/5.9.3/junit-jupiter-engine-5.9.3.jar:/Users/iiro/.m2/repository/org/junit/platform/junit-platform-engine/1.9.3/junit-platform-engine-1.9.3.jar:/Users/iiro/.m2/repository/org/mockito/mockito-core/5.3.1/mockito-core-5.3.1.jar:/Users/iiro/.m2/repository/net/bytebuddy/byte-buddy-agent/1.14.5/byte-buddy-agent-1.14.5.jar:/Users/iiro/.m2/repository/org/objenesis/objenesis/3.3/objenesis-3.3.jar:/Users/iiro/.m2/repository/org/mockito/mockito-junit-jupiter/5.3.1/mockito-junit-jupiter-5.3.1.jar:/Users/iiro/.m2/repository/org/skyscreamer/jsonassert/1.5.1/jsonassert-1.5.1.jar:/Users/iiro/.m2/repository/com/vaadin/external/google/android-json/0.0.20131108.vaadin1/android-json-0.0.20131108.vaadin1.jar:/Users/iiro/.m2/repository/org/springframework/spring-core/6.0.10/spring-core-6.0.10.jar:/Users/iiro/.m2/repository/org/springframework/spring-jcl/6.0.10/spring-jcl-6.0.10.jar:/Users/iiro/.m2/repository/org/springframework/spring-test/6.0.10/spring-test-6.0.10.jar:/Users/iiro/.m2/repository/org/xmlunit/xmlunit-core/2.9.1/xmlunit-core-2.9.1.jar:/Users/iiro/.m2/repository/com/h2database/h2/2.1.214/h2-2.1.214.jar:/Users/iiro/.m2/repository/net/minidev/json-smart/2.4.11/json-smart-2.4.11.jar:/Users/iiro/.m2/repository/net/minidev/accessors-smart/2.4.11/accessors-smart-2.4.11.jar:/Users/iiro/.m2/repository/org/ow2/asm/asm/9.3/asm-9.3.jar:/Users/iiro/.m2/repository/com/squareup/okhttp3/okhttp/4.10.0/okhttp-4.10.0.jar:/Users/iiro/.m2/repository/com/squareup/okio/okio-jvm/3.0.0/okio-jvm-3.0.0.jar:/Users/iiro/.m2/repository/org/jetbrains/kotlin/kotlin-stdlib-common/1.8.22/kotlin-stdlib-common-1.8.22.jar:/Users/iiro/.m2/repository/org/jetbrains/kotlin/kotlin-stdlib/1.8.22/kotlin-stdlib-1.8.22.jar:/Users/iiro/.m2/repository/org/jetbrains/annotations/13.0/annotations-13.0.jar:/Users/iiro/.m2/repository/com/squareup/okhttp3/mockwebserver/4.10.0/mockwebserver-4.10.0.jar:/Users/iiro/.m2/repository/junit/junit/4.13.2/junit-4.13.2.jar:/Users/iiro/.m2/repository/org/hamcrest/hamcrest-core/2.2/hamcrest-core-2.2.jar:/Users/iiro/.m2/repository/org/jetbrains/kotlin/kotlin-stdlib-jdk8/1.8.22/kotlin-stdlib-jdk8-1.8.22.jar:/Users/iiro/.m2/repository/org/jetbrains/kotlin/kotlin-stdlib-jdk7/1.8.22/kotlin-stdlib-jdk7-1.8.22.jar:/Users/iiro/.m2/repository/org/springframework/boot/spring-boot-starter-security/3.1.1/spring-boot-starter-security-3.1.1.jar:/Users/iiro/.m2/repository/org/springframework/spring-aop/6.0.10/spring-aop-6.0.10.jar:/Users/iiro/.m2/repository/org/springframework/security/spring-security-config/6.1.1/spring-security-config-6.1.1.jar:/Users/iiro/.m2/repository/org/springframework/security/spring-security-web/6.1.1/spring-security-web-6.1.1.jar:/Users/iiro/.m2/repository/io/jsonwebtoken/jjwt-api/0.11.5/jjwt-api-0.11.5.jar:/Users/iiro/.m2/repository/io/jsonwebtoken/jjwt-impl/0.11.5/jjwt-impl-0.11.5.jar:/Users/iiro/.m2/repository/io/jsonwebtoken/jjwt-jackson/0.11.5/jjwt-jackson-0.11.5.jar:/Users/iiro/.m2/repository/com/fasterxml/jackson/core/jackson-databind/2.15.2/jackson-databind-2.15.2.jar:/Users/iiro/.m2/repository/com/fasterxml/jackson/core/jackson-annotations/2.15.2/jackson-annotations-2.15.2.jar:/Users/iiro/.m2/repository/com/fasterxml/jackson/core/jackson-core/2.15.2/jackson-core-2.15.2.jar:/Users/iiro/.m2/repository/org/projectlombok/lombok/1.18.28/lombok-1.18.28.jar:/Users/iiro/.m2/repository/org/springframework/security/spring-security-test/6.1.1/spring-security-test-6.1.1.jar:/Users/iiro/.m2/repository/org/springframework/security/spring-security-core/6.1.1/spring-security-core-6.1.1.jar:/Users/iiro/.m2/repository/org/springframework/security/spring-security-crypto/6.1.1/spring-security-crypto-6.1.1.jar:"/>
    <property name="java.vm.vendor" value="Homebrew"/>
    <property name="sun.arch.data.model" value="64"/>
    <property name="java.vendor.url" value="https://github.com/Homebrew/homebrew-core/issues"/>
    <property name="catalina.useNaming" value="false"/>
    <property name="user.timezone" value="Europe/Helsinki"/>
    <property name="org.jboss.logging.provider" value="slf4j"/>
    <property name="os.name" value="Mac OS X"/>
    <property name="java.vm.specification.version" value="17"/>
    <property name="sun.java.launcher" value="SUN_STANDARD"/>
    <property name="user.country" value="FI"/>
    <property name="sun.boot.library.path" value="/opt/homebrew/Cellar/openjdk/17.0.2/libexec/openjdk.jdk/Contents/Home/lib"/>
    <property name="sun.java.command" value="/Users/iiro/Documents/Ohjelmointi/reviews/reviews-backend/reviewsbackend/target/surefire/surefirebooter-20240204201431094_3.jar /Users/iiro/Documents/Ohjelmointi/reviews/reviews-backend/reviewsbackend/target/surefire 2024-02-04T20-14-31_027-jvmRun1 surefire-20240204201431094_1tmp surefire_0-20240204201431094_2tmp"/>
    <property name="http.nonProxyHosts" value="local|*.local|169.254/16|*.169.254/16"/>
    <property name="jdk.debug" value="release"/>
    <property name="surefire.test.class.path" value="/Users/iiro/Documents/Ohjelmointi/reviews/reviews-backend/reviewsbackend/target/test-classes:/Users/iiro/Documents/Ohjelmointi/reviews/reviews-backend/reviewsbackend/target/classes:/Users/iiro/.m2/repository/org/springframework/boot/spring-boot-starter-data-jpa/3.1.1/spring-boot-starter-data-jpa-3.1.1.jar:/Users/iiro/.m2/repository/org/springframework/boot/spring-boot-starter-aop/3.1.1/spring-boot-starter-aop-3.1.1.jar:/Users/iiro/.m2/repository/org/aspectj/aspectjweaver/1.9.19/aspectjweaver-1.9.19.jar:/Users/iiro/.m2/repository/org/springframework/boot/spring-boot-starter-jdbc/3.1.1/spring-boot-starter-jdbc-3.1.1.jar:/Users/iiro/.m2/repository/com/zaxxer/HikariCP/5.0.1/HikariCP-5.0.1.jar:/Users/iiro/.m2/repository/org/springframework/spring-jdbc/6.0.10/spring-jdbc-6.0.10.jar:/Users/iiro/.m2/repository/org/hibernate/orm/hibernate-core/6.2.5.Final/hibernate-core-6.2.5.Final.jar:/Users/iiro/.m2/repository/jakarta/persistence/jakarta.persistence-api/3.1.0/jakarta.persistence-api-3.1.0.jar:/Users/iiro/.m2/repository/jakarta/transaction/jakarta.transaction-api/2.0.1/jakarta.transaction-api-2.0.1.jar:/Users/iiro/.m2/repository/org/jboss/logging/jboss-logging/3.5.1.Final/jboss-logging-3.5.1.Final.jar:/Users/iiro/.m2/repository/org/hibernate/common/hibernate-commons-annotations/6.0.6.Final/hibernate-commons-annotations-6.0.6.Final.jar:/Users/iiro/.m2/repository/io/smallrye/jandex/3.0.5/jandex-3.0.5.jar:/Users/iiro/.m2/repository/com/fasterxml/classmate/1.5.1/classmate-1.5.1.jar:/Users/iiro/.m2/repository/net/bytebuddy/byte-buddy/1.14.5/byte-buddy-1.14.5.jar:/Users/iiro/.m2/repository/org/glassfish/jaxb/jaxb-runtime/4.0.3/jaxb-runtime-4.0.3.jar:/Users/iiro/.m2/repository/org/glassfish/jaxb/jaxb-core/4.0.3/jaxb-core-4.0.3.jar:/Users/iiro/.m2/repository/org/eclipse/angus/angus-activation/2.0.1/angus-activation-2.0.1.jar:/Users/iiro/.m2/repository/org/glassfish/jaxb/txw2/4.0.3/txw2-4.0.3.jar:/Users/iiro/.m2/repository/com/sun/istack/istack-commons-runtime/4.1.2/istack-commons-runtime-4.1.2.jar:/Users/iiro/.m2/repository/jakarta/inject/jakarta.inject-api/2.0.1/jakarta.inject-api-2.0.1.jar:/Users/iiro/.m2/repository/org/antlr/antlr4-runtime/4.10.1/antlr4-runtime-4.10.1.jar:/Users/iiro/.m2/repository/org/springframework/data/spring-data-jpa/3.1.1/spring-data-jpa-3.1.1.jar:/Users/iiro/.m2/repository/org/springframework/data/spring-data-commons/3.1.1/spring-data-commons-3.1.1.jar:/Users/iiro/.m2/repository/org/springframework/spring-orm/6.0.10/spring-orm-6.0.10.jar:/Users/iiro/.m2/repository/org/springframework/spring-context/6.0.10/spring-context-6.0.10.jar:/Users/iiro/.m2/repository/org/springframework/spring-tx/6.0.10/spring-tx-6.0.10.jar:/Users/iiro/.m2/repository/org/springframework/spring-beans/6.0.10/spring-beans-6.0.10.jar:/Users/iiro/.m2/repository/jakarta/annotation/jakarta.annotation-api/2.1.1/jakarta.annotation-api-2.1.1.jar:/Users/iiro/.m2/repository/org/slf4j/slf4j-api/2.0.7/slf4j-api-2.0.7.jar:/Users/iiro/.m2/repository/org/springframework/spring-aspects/6.0.10/spring-aspects-6.0.10.jar:/Users/iiro/.m2/repository/org/springframework/boot/spring-boot-starter-web/3.1.1/spring-boot-starter-web-3.1.1.jar:/Users/iiro/.m2/repository/org/springframework/boot/spring-boot-starter/3.1.1/spring-boot-starter-3.1.1.jar:/Users/iiro/.m2/repository/org/springframework/boot/spring-boot/3.1.1/spring-boot-3.1.1.jar:/Users/iiro/.m2/repository/org/springframework/boot/spring-boot-autoconfigure/3.1.1/spring-boot-autoconfigure-3.1.1.jar:/Users/iiro/.m2/repository/org/springframework/boot/spring-boot-starter-logging/3.1.1/spring-boot-starter-logging-3.1.1.jar:/Users/iiro/.m2/repository/ch/qos/logback/logback-classic/1.4.8/logback-classic-1.4.8.jar:/Users/iiro/.m2/repository/ch/qos/logback/logback-core/1.4.8/logback-core-1.4.8.jar:/Users/iiro/.m2/repository/org/apache/logging/log4j/log4j-to-slf4j/2.20.0/log4j-to-slf4j-2.20.0.jar:/Users/iiro/.m2/repository/org/apache/logging/log4j/log4j-api/2.20.0/log4j-api-2.20.0.jar:/Users/iiro/.m2/repository/org/slf4j/jul-to-slf4j/2.0.7/jul-to-slf4j-2.0.7.jar:/Users/iiro/.m2/repository/org/yaml/snakeyaml/1.33/snakeyaml-1.33.jar:/Users/iiro/.m2/repository/org/springframework/boot/spring-boot-starter-json/3.1.1/spring-boot-starter-json-3.1.1.jar:/Users/iiro/.m2/repository/com/fasterxml/jackson/datatype/jackson-datatype-jdk8/2.15.2/jackson-datatype-jdk8-2.15.2.jar:/Users/iiro/.m2/repository/com/fasterxml/jackson/datatype/jackson-datatype-jsr310/2.15.2/jackson-datatype-jsr310-2.15.2.jar:/Users/iiro/.m2/repository/com/fasterxml/jackson/module/jackson-module-parameter-names/2.15.2/jackson-module-parameter-names-2.15.2.jar:/Users/iiro/.m2/repository/org/springframework/boot/spring-boot-starter-tomcat/3.1.1/spring-boot-starter-tomcat-3.1.1.jar:/Users/iiro/.m2/repository/org/apache/tomcat/embed/tomcat-embed-core/10.1.10/tomcat-embed-core-10.1.10.jar:/Users/iiro/.m2/repository/org/apache/tomcat/embed/tomcat-embed-el/10.1.10/tomcat-embed-el-10.1.10.jar:/Users/iiro/.m2/repository/org/apache/tomcat/embed/tomcat-embed-websocket/10.1.10/tomcat-embed-websocket-10.1.10.jar:/Users/iiro/.m2/repository/org/springframework/spring-web/6.0.10/spring-web-6.0.10.jar:/Users/iiro/.m2/repository/io/micrometer/micrometer-observation/1.11.1/micrometer-observation-1.11.1.jar:/Users/iiro/.m2/repository/io/micrometer/micrometer-commons/1.11.1/micrometer-commons-1.11.1.jar:/Users/iiro/.m2/repository/org/springframework/spring-webmvc/6.0.10/spring-webmvc-6.0.10.jar:/Users/iiro/.m2/repository/org/springframework/spring-expression/6.0.10/spring-expression-6.0.10.jar:/Users/iiro/.m2/repository/org/springframework/boot/spring-boot-starter-webflux/3.1.1/spring-boot-starter-webflux-3.1.1.jar:/Users/iiro/.m2/repository/org/springframework/boot/spring-boot-starter-reactor-netty/3.1.1/spring-boot-starter-reactor-netty-3.1.1.jar:/Users/iiro/.m2/repository/io/projectreactor/netty/reactor-netty-http/1.1.8/reactor-netty-http-1.1.8.jar:/Users/iiro/.m2/repository/io/netty/netty-codec-http/4.1.94.Final/netty-codec-http-4.1.94.Final.jar:/Users/iiro/.m2/repository/io/netty/netty-common/4.1.94.Final/netty-common-4.1.94.Final.jar:/Users/iiro/.m2/repository/io/netty/netty-buffer/4.1.94.Final/netty-buffer-4.1.94.Final.jar:/Users/iiro/.m2/repository/io/netty/netty-transport/4.1.94.Final/netty-transport-4.1.94.Final.jar:/Users/iiro/.m2/repository/io/netty/netty-codec/4.1.94.Final/netty-codec-4.1.94.Final.jar:/Users/iiro/.m2/repository/io/netty/netty-handler/4.1.94.Final/netty-handler-4.1.94.Final.jar:/Users/iiro/.m2/repository/io/netty/netty-codec-http2/4.1.94.Final/netty-codec-http2-4.1.94.Final.jar:/Users/iiro/.m2/repository/io/netty/netty-resolver-dns/4.1.94.Final/netty-resolver-dns-4.1.94.Final.jar:/Users/iiro/.m2/repository/io/netty/netty-resolver/4.1.94.Final/netty-resolver-4.1.94.Final.jar:/Users/iiro/.m2/repository/io/netty/netty-codec-dns/4.1.94.Final/netty-codec-dns-4.1.94.Final.jar:/Users/iiro/.m2/repository/io/netty/netty-resolver-dns-native-macos/4.1.94.Final/netty-resolver-dns-native-macos-4.1.94.Final-osx-x86_64.jar:/Users/iiro/.m2/repository/io/netty/netty-resolver-dns-classes-macos/4.1.94.Final/netty-resolver-dns-classes-macos-4.1.94.Final.jar:/Users/iiro/.m2/repository/io/netty/netty-transport-native-epoll/4.1.94.Final/netty-transport-native-epoll-4.1.94.Final-linux-x86_64.jar:/Users/iiro/.m2/repository/io/netty/netty-transport-native-unix-common/4.1.94.Final/netty-transport-native-unix-common-4.1.94.Final.jar:/Users/iiro/.m2/repository/io/netty/netty-transport-classes-epoll/4.1.94.Final/netty-transport-classes-epoll-4.1.94.Final.jar:/Users/iiro/.m2/repository/io/projectreactor/netty/reactor-netty-core/1.1.8/reactor-netty-core-1.1.8.jar:/Users/iiro/.m2/repository/io/netty/netty-handler-proxy/4.1.94.Final/netty-handler-proxy-4.1.94.Final.jar:/Users/iiro/.m2/repository/io/netty/netty-codec-socks/4.1.94.Final/netty-codec-socks-4.1.94.Final.jar:/Users/iiro/.m2/repository/org/springframework/spring-webflux/6.0.10/spring-webflux-6.0.10.jar:/Users/iiro/.m2/repository/io/projectreactor/reactor-core/3.5.7/reactor-core-3.5.7.jar:/Users/iiro/.m2/repository/org/reactivestreams/reactive-streams/1.0.4/reactive-streams-1.0.4.jar:/Users/iiro/.m2/repository/com/mysql/mysql-connector-j/8.0.33/mysql-connector-j-8.0.33.jar:/Users/iiro/.m2/repository/org/springframework/boot/spring-boot-starter-test/3.1.1/spring-boot-starter-test-3.1.1.jar:/Users/iiro/.m2/repository/org/springframework/boot/spring-boot-test/3.1.1/spring-boot-test-3.1.1.jar:/Users/iiro/.m2/repository/org/springframework/boot/spring-boot-test-autoconfigure/3.1.1/spring-boot-test-autoconfigure-3.1.1.jar:/Users/iiro/.m2/repository/com/jayway/jsonpath/json-path/2.8.0/json-path-2.8.0.jar:/Users/iiro/.m2/repository/jakarta/xml/bind/jakarta.xml.bind-api/4.0.0/jakarta.xml.bind-api-4.0.0.jar:/Users/iiro/.m2/repository/jakarta/activation/jakarta.activation-api/2.1.2/jakarta.activation-api-2.1.2.jar:/Users/iiro/.m2/repository/org/assertj/assertj-core/3.24.2/assertj-core-3.24.2.jar:/Users/iiro/.m2/repository/org/hamcrest/hamcrest/2.2/hamcrest-2.2.jar:/Users/iiro/.m2/repository/org/junit/jupiter/junit-jupiter/5.9.3/junit-jupiter-5.9.3.jar:/Users/iiro/.m2/repository/org/junit/jupiter/junit-jupiter-api/5.9.3/junit-jupiter-api-5.9.3.jar:/Users/iiro/.m2/repository/org/opentest4j/opentest4j/1.2.0/opentest4j-1.2.0.jar:/Users/iiro/.m2/repository/org/junit/platform/junit-platform-commons/1.9.3/junit-platform-commons-1.9.3.jar:/Users/iiro/.m2/repository/org/apiguardian/apiguardian-api/1.1.2/apiguardian-api-1.1.2.jar:/Users/iiro/.m2/repository/org/junit/jupiter/junit-jupiter-params/5.9.3/junit-jupiter-params-5.9.3.jar:/Users/iiro/.m2/repository/org/junit/jupiter/junit-jupiter-engine/5.9.3/junit-jupiter-engine-5.9.3.jar:/Users/iiro/.m2/repository/org/junit/platform/junit-platform-engine/1.9.3/junit-platform-engine-1.9.3.jar:/Users/iiro/.m2/repository/org/mockito/mockito-core/5.3.1/mockito-core-5.3.1.jar:/Users/iiro/.m2/repository/net/bytebuddy/byte-buddy-agent/1.14.5/byte-buddy-agent-1.14.5.jar:/Users/iiro/.m2/repository/org/objenesis/objenesis/3.3/objenesis-3.3.jar:/Users/iiro/.m2/repository/org/mockito/mockito-junit-jupiter/5.3.1/mockito-junit-jupiter-5.3.1.jar:/Users/iiro/.m2/repository/org/skyscreamer/jsonassert/1.5.1/jsonassert-1.5.1.jar:/Users/iiro/.m2/repository/com/vaadin/external/google/android-json/0.0.20131108.vaadin1/android-json-0.0.20131108.vaadin1.jar:/Users/iiro/.m2/repository/org/springframework/spring-core/6.0.10/spring-core-6.0.10.jar:/Users/iiro/.m2/repository/org/springframework/spring-jcl/6.0.10/spring-jcl-6.0.10.jar:/Users/iiro/.m2/repository/org/springframework/spring-test/6.0.10/spring-test-6.0.10.jar:/Users/iiro/.m2/repository/org/xmlunit/xmlunit-core/2.9.1/xmlunit-core-2.9.1.jar:/Users/iiro/.m2/repository/com/h2database/h2/2.1.214/h2-2.1.214.jar:/Users/iiro/.m2/repository/net/minidev/json-smart/2.4.11/json-smart-2.4.11.jar:/Users/iiro/.m2/repository/net/minidev/accessors-smart/2.4.11/accessors-smart-2.4.11.jar:/Users/iiro/.m2/repository/org/ow2/asm/asm/9.3/asm-9.3.jar:/Users/iiro/.m2/repository/com/squareup/okhttp3/okhttp/4.10.0/okhttp-4.10.0.jar:/Users/iiro/.m2/repository/com/squareup/okio/okio-jvm/3.0.0/okio-jvm-3.0.0.jar:/Users/iiro/.m2/repository/org/jetbrains/kotlin/kotlin-stdlib-common/1.8.22/kotlin-stdlib-common-1.8.22.jar:/Users/iiro/.m2/repository/org/jetbrains/kotlin/kotlin-stdlib/1.8.22/kotlin-stdlib-1.8.22.jar:/Users/iiro/.m2/repository/org/jetbrains/annotations/13.0/annotations-13.0.jar:/Users/iiro/.m2/repository/com/squareup/okhttp3/mockwebserver/4.10.0/mockwebserver-4.10.0.jar:/Users/iiro/.m2/repository/junit/junit/4.13.2/junit-4.13.2.jar:/Users/iiro/.m2/repository/org/hamcrest/hamcrest-core/2.2/hamcrest-core-2.2.jar:/Users/iiro/.m2/repository/org/jetbrains/kotlin/kotlin-stdlib-jdk8/1.8.22/kotlin-stdlib-jdk8-1.8.22.jar:/Users/iiro/.m2/repository/org/jetbrains/kotlin/kotlin-stdlib-jdk7/1.8.22/kotlin-stdlib-jdk7-1.8.22.jar:/Users/iiro/.m2/repository/org/springframework/boot/spring-boot-starter-security/3.1.1/spring-boot-starter-security-3.1.1.jar:/Users/iiro/.m2/repository/org/springframework/spring-aop/6.0.10/spring-aop-6.0.10.jar:/Users/iiro/.m2/repository/org/springframework/security/spring-security-config/6.1.1/spring-security-config-6.1.1.jar:/Users/iiro/.m2/repository/org/springframework/security/spring-security-web/6.1.1/spring-security-web-6.1.1.jar:/Users/iiro/.m2/repository/io/jsonwebtoken/jjwt-api/0.11.5/jjwt-api-0.11.5.jar:/Users/iiro/.m2/repository/io/jsonwebtoken/jjwt-impl/0.11.5/jjwt-impl-0.11.5.jar:/Users/iiro/.m2/repository/io/jsonwebtoken/jjwt-jackson/0.11.5/jjwt-jackson-0.11.5.jar:/Users/iiro/.m2/repository/com/fasterxml/jackson/core/jackson-databind/2.15.2/jackson-databind-2.15.2.jar:/Users/iiro/.m2/repository/com/fasterxml/jackson/core/jackson-annotations/2.15.2/jackson-annotations-2.15.2.jar:/Users/iiro/.m2/repository/com/fasterxml/jackson/core/jackson-core/2.15.2/jackson-core-2.15.2.jar:/Users/iiro/.m2/repository/org/projectlombok/lombok/1.18.28/lombok-1.18.28.jar:/Users/iiro/.m2/repository/org/springframework/security/spring-security-test/6.1.1/spring-security-test-6.1.1.jar:/Users/iiro/.m2/repository/org/springframework/security/spring-security-core/6.1.1/spring-security-core-6.1.1.jar:/Users/iiro/.m2/repository/org/springframework/security/spring-security-crypto/6.1.1/spring-security-crypto-6.1.1.jar:"/>
    <property name="sun.cpu.endian" value="little"/>
    <property name="user.home" value="/Users/iiro"/>
    <property name="user.language" value="en"/>
    <property name="java.specification.vendor" value="Oracle Corporation"/>
    <property name="java.version.date" value="2022-01-18"/>
    <property name="java.home" value="/opt/homebrew/Cellar/openjdk/17.0.2/libexec/openjdk.jdk/Contents/Home"/>
    <property name="file.separator" value="/"/>
    <property name="basedir" value="/Users/iiro/Documents/Ohjelmointi/reviews/reviews-backend/reviewsbackend"/>
    <property name="java.vm.compressedOopsMode" value="Zero based"/>
    <property name="line.separator" value="&#10;"/>
    <property name="java.specification.name" value="Java Platform API Specification"/>
    <property name="java.vm.specification.vendor" value="Oracle Corporation"/>
    <property name="FILE_LOG_CHARSET" value="UTF-8"/>
    <property name="java.awt.headless" value="true"/>
    <property name="surefire.real.class.path" value="/Users/iiro/Documents/Ohjelmointi/reviews/reviews-backend/reviewsbackend/target/surefire/surefirebooter-20240204201431094_3.jar"/>
    <property name="sun.management.compiler" value="HotSpot 64-Bit Tiered Compilers"/>
    <property name="ftp.nonProxyHosts" value="local|*.local|169.254/16|*.169.254/16"/>
    <property name="java.runtime.version" value="17.0.2+0"/>
    <property name="user.name" value="iiro"/>
    <property name="path.separator" value=":"/>
    <property name="os.version" value="13.4.1"/>
    <property name="java.runtime.name" value="OpenJDK Runtime Environment"/>
    <property name="file.encoding" value="UTF-8"/>
    <property name="java.vm.name" value="OpenJDK 64-Bit Server VM"/>
    <property name="java.vendor.version" value="Homebrew"/>
    <property name="localRepository" value="/Users/iiro/.m2/repository"/>
    <property name="java.vendor.url.bug" value="https://github.com/Homebrew/homebrew-core/issues"/>
    <property name="java.io.tmpdir" value="/var/folders/xm/f__fpvcd74jg4d0ktvzdw5hr0000gn/T/"/>
    <property name="com.zaxxer.hikari.pool_number" value="6"/>
    <property name="catalina.home" value="/private/var/folders/xm/f__fpvcd74jg4d0ktvzdw5hr0000gn/T/tomcat.0.7311885359784645001"/>
    <property name="java.version" value="17.0.2"/>
    <property name="user.dir" value="/Users/iiro/Documents/Ohjelmointi/reviews/reviews-backend/reviewsbackend"/>
    <property name="os.arch" value="aarch64"/>
    <property name="java.vm.specification.name" value="Java Virtual Machine Specification"/>
    <property name="PID" value="70457"/>
    <property name="CONSOLE_LOG_CHARSET" value="UTF-8"/>
    <property name="catalina.base" value="/private/var/folders/xm/f__fpvcd74jg4d0ktvzdw5hr0000gn/T/tomcat.0.10809432041671228160"/>
    <property name="native.encoding" value="UTF-8"/>
    <property name="java.library.path" value="/Users/iiro/Library/Java/Extensions:/Library/Java/Extensions:/Network/Library/Java/Extensions:/System/Library/Java/Extensions:/usr/lib/java:."/>
    <property name="java.vm.info" value="mixed mode, sharing"/>
    <property name="java.vendor" value="Homebrew"/>
    <property name="java.vm.version" value="17.0.2+0"/>
    <property name="sun.io.unicode.encoding" value="UnicodeBig"/>
    <property name="socksNonProxyHosts" value="local|*.local|169.254/16|*.169.254/16"/>
    <property name="java.class.version" value="61.0"/>
  </properties>
  <testcase name="getItemsWorks" classname="com.example.shopBackend.item.ItemIntegrationTest" time="2.378">
    <system-out><![CDATA[2024-02-04T20:14:35.055+02:00  INFO 70457 --- [           main] t.c.s.AnnotationConfigContextLoaderUtils : Could not detect default configuration classes for test class [com.example.shopBackend.item.ItemIntegrationTest]: ItemIntegrationTest does not declare any static, non-private, non-final, nested classes annotated with @Configuration.
2024-02-04T20:14:35.070+02:00  INFO 70457 --- [           main] .b.t.c.SpringBootTestContextBootstrapper : Found @SpringBootConfiguration com.example.shopBackend.ShopBackendApplication for test class com.example.shopBackend.item.ItemIntegrationTest

  .   ____          _            __ _ _
 /\\ / ___'_ __ _ _(_)_ __  __ _ \ \ \ \
( ( )\___ | '_ | '_| | '_ \/ _` | \ \ \ \
 \\/  ___)| |_)| | | | | || (_| |  ) ) ) )
  '  |____| .__|_| |_|_| |_\__, | / / / /
 =========|_|==============|___/=/_/_/_/
 :: Spring Boot ::                (v3.1.1)

2024-02-04T20:14:35.085+02:00  INFO 70457 --- [           main] c.e.s.item.ItemIntegrationTest           : Starting ItemIntegrationTest using Java 17.0.2 with PID 70457 (started by iiro in /Users/iiro/Documents/Ohjelmointi/reviews/reviews-backend/reviewsbackend)
2024-02-04T20:14:35.085+02:00  INFO 70457 --- [           main] c.e.s.item.ItemIntegrationTest           : The following 1 profile is active: "test"
2024-02-04T20:14:35.243+02:00  INFO 70457 --- [           main] .s.d.r.c.RepositoryConfigurationDelegate : Bootstrapping Spring Data JPA repositories in DEFAULT mode.
2024-02-04T20:14:35.255+02:00  INFO 70457 --- [           main] .s.d.r.c.RepositoryConfigurationDelegate : Finished Spring Data repository scanning in 11 ms. Found 6 JPA repository interfaces.
2024-02-04T20:14:35.424+02:00  INFO 70457 --- [           main] o.s.b.w.embedded.tomcat.TomcatWebServer  : Tomcat initialized with port(s): 0 (http)
2024-02-04T20:14:35.429+02:00  INFO 70457 --- [           main] o.apache.catalina.core.StandardService   : Starting service [Tomcat]
2024-02-04T20:14:35.429+02:00  INFO 70457 --- [           main] o.apache.catalina.core.StandardEngine    : Starting Servlet engine: [Apache Tomcat/10.1.10]
2024-02-04T20:14:35.482+02:00  INFO 70457 --- [           main] o.a.c.c.C.[Tomcat].[localhost].[/]       : Initializing Spring embedded WebApplicationContext
2024-02-04T20:14:35.482+02:00  INFO 70457 --- [           main] w.s.c.ServletWebServerApplicationContext : Root WebApplicationContext: initialization completed in 397 ms
2024-02-04T20:14:35.513+02:00  INFO 70457 --- [           main] o.hibernate.jpa.internal.util.LogHelper  : HHH000204: Processing PersistenceUnitInfo [name: default]
2024-02-04T20:14:35.516+02:00  INFO 70457 --- [           main] o.h.b.i.BytecodeProviderInitiator        : HHH000021: Bytecode provider name : bytebuddy
2024-02-04T20:14:35.516+02:00  INFO 70457 --- [           main] o.s.o.j.p.SpringPersistenceUnitInfo      : No LoadTimeWeaver setup: ignoring JPA class transformer
2024-02-04T20:14:35.516+02:00  INFO 70457 --- [           main] com.zaxxer.hikari.HikariDataSource       : HikariPool-2 - Starting...
2024-02-04T20:14:35.517+02:00  INFO 70457 --- [           main] com.zaxxer.hikari.pool.HikariPool        : HikariPool-2 - Added connection conn10: url=jdbc:h2:mem:a15b3a88-ee2f-4b4c-abf1-7864486eb058 user=SA
2024-02-04T20:14:35.517+02:00  INFO 70457 --- [           main] com.zaxxer.hikari.HikariDataSource       : HikariPool-2 - Start completed.
2024-02-04T20:14:35.518+02:00  WARN 70457 --- [           main] org.hibernate.dialect.Dialect            : HHH000511: The 2.1.0 version for [org.hibernate.dialect.MySQLDialect] is no longer supported, hence certain features may not work properly. The minimum supported version is 5.7.0. Check the community dialects project for available legacy versions.
2024-02-04T20:14:35.527+02:00  INFO 70457 --- [           main] o.h.b.i.BytecodeProviderInitiator        : HHH000021: Bytecode provider name : bytebuddy
2024-02-04T20:14:35.559+02:00  INFO 70457 --- [           main] o.h.e.t.j.p.i.JtaPlatformInitiator       : HHH000490: Using JtaPlatform implementation: [org.hibernate.engine.transaction.jta.platform.internal.NoJtaPlatform]
Hibernate: 
    create table account_roles (
        role_id integer not null auto_increment,
        role_name varchar(255) not null,
        primary key (role_id)
    ) engine=InnoDB
Hibernate: 
    create table accounts (
        account_id integer not null auto_increment,
        account_email varchar(255) not null,
        account_name varchar(255) not null,
        account_password varchar(255) not null,
        account_username varchar(255) not null,
        account_role integer not null,
        primary key (account_id)
    ) engine=InnoDB
Hibernate: 
    create table item_categories (
        category_id integer not null auto_increment,
        category_name varchar(255) not null,
        primary key (category_id)
    ) engine=InnoDB
Hibernate: 
    create table items (
        item_id integer not null auto_increment,
        item_rating float(23),
        item_title varchar(255) not null,
        item_account integer not null,
        item_category integer not null,
        item_words integer,
        primary key (item_id)
    ) engine=InnoDB
Hibernate: 
    create table reviews (
        review_id integer not null auto_increment,
        review_body text not null,
        review_date date not null,
        review_dislikes integer not null,
        review_likes integer not null,
        review_rating integer,
        review_title text not null,
        review_account integer not null,
        review_item integer not null,
        primary key (review_id)
    ) engine=InnoDB
Hibernate: 
    create table words (
        words_id integer not null auto_increment,
        words_negative varbinary(255),
        words_positive varbinary(255),
        primary key (words_id)
    ) engine=InnoDB
Hibernate: 
    alter table accounts 
       drop index UK_mk7tpo481lfhcsngxkcf40nw2
Hibernate: 
    alter table accounts 
       add constraint UK_mk7tpo481lfhcsngxkcf40nw2 unique (account_username)
Hibernate: 
    alter table items 
       drop index UK_l2hh6d3b7gbyk1x3158hnrm8j
Hibernate: 
    alter table items 
       add constraint UK_l2hh6d3b7gbyk1x3158hnrm8j unique (item_words)
Hibernate: 
    alter table accounts 
       add constraint FKa5420c4ple63nlr3aq2ywrn0s 
       foreign key (account_role) 
       references account_roles (role_id)
Hibernate: 
    alter table items 
       add constraint FKowc4sr11bcs0xodrwow85b43a 
       foreign key (item_account) 
       references accounts (account_id)
Hibernate: 
    alter table items 
       add constraint FKr193jj9b62b8lkb7ertq0w36q 
       foreign key (item_category) 
       references item_categories (category_id)
Hibernate: 
    alter table items 
       add constraint FKqct0hrjypd6x1f7ogii60bl9j 
       foreign key (item_words) 
       references words (words_id)
Hibernate: 
    alter table reviews 
       add constraint FKsqysu6con2ua8dn83tfd4cttn 
       foreign key (review_account) 
       references accounts (account_id)
Hibernate: 
    alter table reviews 
       add constraint FKuva164xbjqmhwwbel1m32joo 
       foreign key (review_item) 
       references items (item_id)
2024-02-04T20:14:35.567+02:00  INFO 70457 --- [           main] j.LocalContainerEntityManagerFactoryBean : Initialized JPA EntityManagerFactory for persistence unit 'default'
2024-02-04T20:14:35.746+02:00  WARN 70457 --- [           main] JpaBaseConfiguration$JpaWebConfiguration : spring.jpa.open-in-view is enabled by default. Therefore, database queries may be performed during view rendering. Explicitly configure spring.jpa.open-in-view to disable this warning
2024-02-04T20:14:35.816+02:00  INFO 70457 --- [           main] o.s.s.web.DefaultSecurityFilterChain     : Will secure any request with [org.springframework.security.web.session.DisableEncodeUrlFilter@2fc8e9b8, org.springframework.security.web.context.request.async.WebAsyncManagerIntegrationFilter@1f978bb1, org.springframework.security.web.context.SecurityContextHolderFilter@282919de, org.springframework.security.web.header.HeaderWriterFilter@7c0b0090, org.springframework.web.filter.CorsFilter@11987483, org.springframework.web.filter.CorsFilter@c5c7db1, org.springframework.security.web.authentication.logout.LogoutFilter@52ac4878, com.example.shopBackend.security.JwtAthFilter@4631a6a9, org.springframework.security.web.savedrequest.RequestCacheAwareFilter@c8293cb, org.springframework.security.web.servletapi.SecurityContextHolderAwareRequestFilter@4e2860d3, org.springframework.security.web.authentication.AnonymousAuthenticationFilter@64b1d0ab, org.springframework.security.web.session.SessionManagementFilter@144d064a, org.springframework.security.web.access.ExceptionTranslationFilter@28728558, org.springframework.security.web.access.intercept.AuthorizationFilter@478b5a43]
2024-02-04T20:14:36.025+02:00  INFO 70457 --- [           main] o.s.b.w.embedded.tomcat.TomcatWebServer  : Tomcat started on port(s): 56591 (http) with context path ''
2024-02-04T20:14:36.029+02:00  INFO 70457 --- [           main] c.e.s.item.ItemIntegrationTest           : Started ItemIntegrationTest in 0.956 seconds (process running for 4.882)
2024-02-04T20:14:36.182+02:00 ERROR 70457 --- [           main] i.n.r.d.DnsServerAddressStreamProviders  : Unable to load io.netty.resolver.dns.macos.MacOSDnsServerAddressStreamProvider, fallback to system defaults. This may result in incorrect DNS resolutions on MacOS. Check whether you have a dependency on 'io.netty:netty-resolver-dns-native-macos'. Use DEBUG level to see the full stack: java.lang.UnsatisfiedLinkError: failed to load the required native library
2024-02-04T20:14:36.290+02:00  INFO 70457 --- [0-auto-1-exec-1] o.a.c.c.C.[Tomcat].[localhost].[/]       : Initializing Spring DispatcherServlet 'dispatcherServlet'
2024-02-04T20:14:36.291+02:00  INFO 70457 --- [0-auto-1-exec-1] o.s.web.servlet.DispatcherServlet        : Initializing Servlet 'dispatcherServlet'
2024-02-04T20:14:36.291+02:00  INFO 70457 --- [0-auto-1-exec-1] o.s.web.servlet.DispatcherServlet        : Completed initialization in 0 ms
Hibernate: 
    SELECT
        * 
    FROM
        accounts a 
    WHERE
        a.account_username = ?
Hibernate: 
    select
        r1_0.role_id,
        r1_0.role_name 
    from
        account_roles r1_0 
    where
        r1_0.role_id=?
Hibernate: 
    select
        a1_0.account_id,
        a1_0.account_email,
        a1_0.account_name,
        a1_0.account_password,
        a1_0.account_role,
        r1_0.role_id,
        r1_0.role_name,
        a1_0.account_username 
    from
        accounts a1_0 
    join
        account_roles r1_0 
            on r1_0.role_id=a1_0.account_role 
    where
        a1_0.account_id=?
Hibernate: 
    SELECT
        i.item_id AS id,
        i.item_title AS title,
        ROUND(i.item_rating) as rating,
        COUNT(r.review_id) AS reviews 
    FROM
        items i 
    LEFT JOIN
        reviews r 
            ON r.review_item = i.item_id 
    WHERE
        i.item_account = ? 
    GROUP BY
        i.item_id limit ?,
        ?
Hibernate: 
    SELECT
        i.item_id AS id,
        i.item_title AS title,
        ROUND(i.item_rating) as rating,
        COUNT(r.review_id) AS reviews 
    FROM
        items i 
    LEFT JOIN
        reviews r 
            ON r.review_item = i.item_id 
    WHERE
        i.item_account = ? 
    GROUP BY
        i.item_id limit ?
2024-02-04T20:14:36.365+02:00  INFO 70457 --- [           main] o.apache.catalina.core.StandardService   : Stopping service [Tomcat]
2024-02-04T20:14:36.366+02:00  INFO 70457 --- [           main] o.a.c.c.C.[Tomcat].[localhost].[/]       : Destroying Spring FrameworkServlet 'dispatcherServlet'
2024-02-04T20:14:36.367+02:00  WARN 70457 --- [           main] o.a.c.loader.WebappClassLoaderBase       : The web application [ROOT] appears to have started a thread named [HikariPool-2 housekeeper] but has failed to stop it. This is very likely to create a memory leak. Stack trace of thread:
 java.base@17.0.2/jdk.internal.misc.Unsafe.park(Native Method)
 java.base@17.0.2/java.util.concurrent.locks.LockSupport.parkNanos(LockSupport.java:252)
 java.base@17.0.2/java.util.concurrent.locks.AbstractQueuedSynchronizer$ConditionObject.awaitNanos(AbstractQueuedSynchronizer.java:1672)
 java.base@17.0.2/java.util.concurrent.ScheduledThreadPoolExecutor$DelayedWorkQueue.take(ScheduledThreadPoolExecutor.java:1182)
 java.base@17.0.2/java.util.concurrent.ScheduledThreadPoolExecutor$DelayedWorkQueue.take(ScheduledThreadPoolExecutor.java:899)
 java.base@17.0.2/java.util.concurrent.ThreadPoolExecutor.getTask(ThreadPoolExecutor.java:1062)
 java.base@17.0.2/java.util.concurrent.ThreadPoolExecutor.runWorker(ThreadPoolExecutor.java:1122)
 java.base@17.0.2/java.util.concurrent.ThreadPoolExecutor$Worker.run(ThreadPoolExecutor.java:635)
 java.base@17.0.2/java.lang.Thread.run(Thread.java:833)
2024-02-04T20:14:36.367+02:00  WARN 70457 --- [           main] o.a.c.loader.WebappClassLoaderBase       : The web application [ROOT] appears to have started a thread named [HikariPool-2 connection adder] but has failed to stop it. This is very likely to create a memory leak. Stack trace of thread:
 java.base@17.0.2/jdk.internal.misc.Unsafe.park(Native Method)
 java.base@17.0.2/java.util.concurrent.locks.LockSupport.parkNanos(LockSupport.java:252)
 java.base@17.0.2/java.util.concurrent.locks.AbstractQueuedSynchronizer$ConditionObject.awaitNanos(AbstractQueuedSynchronizer.java:1672)
 java.base@17.0.2/java.util.concurrent.LinkedBlockingQueue.poll(LinkedBlockingQueue.java:460)
 java.base@17.0.2/java.util.concurrent.ThreadPoolExecutor.getTask(ThreadPoolExecutor.java:1061)
 java.base@17.0.2/java.util.concurrent.ThreadPoolExecutor.runWorker(ThreadPoolExecutor.java:1122)
 java.base@17.0.2/java.util.concurrent.ThreadPoolExecutor$Worker.run(ThreadPoolExecutor.java:635)
 java.base@17.0.2/java.lang.Thread.run(Thread.java:833)
2024-02-04T20:14:38.442+02:00  INFO 70457 --- [           main] j.LocalContainerEntityManagerFactoryBean : Closing JPA EntityManagerFactory for persistence unit 'default'
2024-02-04T20:14:38.448+02:00  INFO 70457 --- [           main] com.zaxxer.hikari.HikariDataSource       : HikariPool-2 - Shutdown initiated...
2024-02-04T20:14:38.451+02:00  INFO 70457 --- [           main] com.zaxxer.hikari.HikariDataSource       : HikariPool-2 - Shutdown completed.
]]></system-out>
  </testcase>
  <testcase name="getItemsWithTitleWorks" classname="com.example.shopBackend.item.ItemIntegrationTest" time="2.11">
    <system-out><![CDATA[
  .   ____          _            __ _ _
 /\\ / ___'_ __ _ _(_)_ __  __ _ \ \ \ \
( ( )\___ | '_ | '_| | '_ \/ _` | \ \ \ \
 \\/  ___)| |_)| | | | | || (_| |  ) ) ) )
  '  |____| .__|_| |_|_| |_\__, | / / / /
 =========|_|==============|___/=/_/_/_/
 :: Spring Boot ::                (v3.1.1)

2024-02-04T20:14:38.476+02:00  INFO 70457 --- [           main] c.e.s.item.ItemIntegrationTest           : Starting ItemIntegrationTest using Java 17.0.2 with PID 70457 (started by iiro in /Users/iiro/Documents/Ohjelmointi/reviews/reviews-backend/reviewsbackend)
2024-02-04T20:14:38.476+02:00  INFO 70457 --- [           main] c.e.s.item.ItemIntegrationTest           : The following 1 profile is active: "test"
2024-02-04T20:14:38.578+02:00  INFO 70457 --- [           main] .s.d.r.c.RepositoryConfigurationDelegate : Bootstrapping Spring Data JPA repositories in DEFAULT mode.
2024-02-04T20:14:38.591+02:00  INFO 70457 --- [           main] .s.d.r.c.RepositoryConfigurationDelegate : Finished Spring Data repository scanning in 12 ms. Found 6 JPA repository interfaces.
2024-02-04T20:14:38.641+02:00  INFO 70457 --- [           main] o.s.b.w.embedded.tomcat.TomcatWebServer  : Tomcat initialized with port(s): 0 (http)
2024-02-04T20:14:38.642+02:00  INFO 70457 --- [           main] o.apache.catalina.core.StandardService   : Starting service [Tomcat]
2024-02-04T20:14:38.642+02:00  INFO 70457 --- [           main] o.apache.catalina.core.StandardEngine    : Starting Servlet engine: [Apache Tomcat/10.1.10]
2024-02-04T20:14:38.666+02:00  INFO 70457 --- [           main] o.a.c.c.C.[Tomcat].[localhost].[/]       : Initializing Spring embedded WebApplicationContext
2024-02-04T20:14:38.667+02:00  INFO 70457 --- [           main] w.s.c.ServletWebServerApplicationContext : Root WebApplicationContext: initialization completed in 189 ms
2024-02-04T20:14:38.693+02:00  INFO 70457 --- [           main] o.hibernate.jpa.internal.util.LogHelper  : HHH000204: Processing PersistenceUnitInfo [name: default]
2024-02-04T20:14:38.696+02:00  INFO 70457 --- [           main] o.h.b.i.BytecodeProviderInitiator        : HHH000021: Bytecode provider name : bytebuddy
2024-02-04T20:14:38.696+02:00  INFO 70457 --- [           main] o.s.o.j.p.SpringPersistenceUnitInfo      : No LoadTimeWeaver setup: ignoring JPA class transformer
2024-02-04T20:14:38.696+02:00  INFO 70457 --- [           main] com.zaxxer.hikari.HikariDataSource       : HikariPool-3 - Starting...
2024-02-04T20:14:38.697+02:00  INFO 70457 --- [           main] com.zaxxer.hikari.pool.HikariPool        : HikariPool-3 - Added connection conn20: url=jdbc:h2:mem:64e8d2b8-e84c-4fa3-94b8-9ca635b23712 user=SA
2024-02-04T20:14:38.698+02:00  INFO 70457 --- [           main] com.zaxxer.hikari.HikariDataSource       : HikariPool-3 - Start completed.
2024-02-04T20:14:38.698+02:00  WARN 70457 --- [           main] org.hibernate.dialect.Dialect            : HHH000511: The 2.1.0 version for [org.hibernate.dialect.MySQLDialect] is no longer supported, hence certain features may not work properly. The minimum supported version is 5.7.0. Check the community dialects project for available legacy versions.
2024-02-04T20:14:38.707+02:00  INFO 70457 --- [           main] o.h.b.i.BytecodeProviderInitiator        : HHH000021: Bytecode provider name : bytebuddy
2024-02-04T20:14:38.738+02:00  INFO 70457 --- [           main] o.h.e.t.j.p.i.JtaPlatformInitiator       : HHH000490: Using JtaPlatform implementation: [org.hibernate.engine.transaction.jta.platform.internal.NoJtaPlatform]
Hibernate: 
    create table account_roles (
        role_id integer not null auto_increment,
        role_name varchar(255) not null,
        primary key (role_id)
    ) engine=InnoDB
Hibernate: 
    create table accounts (
        account_id integer not null auto_increment,
        account_email varchar(255) not null,
        account_name varchar(255) not null,
        account_password varchar(255) not null,
        account_username varchar(255) not null,
        account_role integer not null,
        primary key (account_id)
    ) engine=InnoDB
Hibernate: 
    create table item_categories (
        category_id integer not null auto_increment,
        category_name varchar(255) not null,
        primary key (category_id)
    ) engine=InnoDB
Hibernate: 
    create table items (
        item_id integer not null auto_increment,
        item_rating float(23),
        item_title varchar(255) not null,
        item_account integer not null,
        item_category integer not null,
        item_words integer,
        primary key (item_id)
    ) engine=InnoDB
Hibernate: 
    create table reviews (
        review_id integer not null auto_increment,
        review_body text not null,
        review_date date not null,
        review_dislikes integer not null,
        review_likes integer not null,
        review_rating integer,
        review_title text not null,
        review_account integer not null,
        review_item integer not null,
        primary key (review_id)
    ) engine=InnoDB
Hibernate: 
    create table words (
        words_id integer not null auto_increment,
        words_negative varbinary(255),
        words_positive varbinary(255),
        primary key (words_id)
    ) engine=InnoDB
Hibernate: 
    alter table accounts 
       drop index UK_mk7tpo481lfhcsngxkcf40nw2
Hibernate: 
    alter table accounts 
       add constraint UK_mk7tpo481lfhcsngxkcf40nw2 unique (account_username)
Hibernate: 
    alter table items 
       drop index UK_l2hh6d3b7gbyk1x3158hnrm8j
Hibernate: 
    alter table items 
       add constraint UK_l2hh6d3b7gbyk1x3158hnrm8j unique (item_words)
Hibernate: 
    alter table accounts 
       add constraint FKa5420c4ple63nlr3aq2ywrn0s 
       foreign key (account_role) 
       references account_roles (role_id)
Hibernate: 
    alter table items 
       add constraint FKowc4sr11bcs0xodrwow85b43a 
       foreign key (item_account) 
       references accounts (account_id)
Hibernate: 
    alter table items 
       add constraint FKr193jj9b62b8lkb7ertq0w36q 
       foreign key (item_category) 
       references item_categories (category_id)
Hibernate: 
    alter table items 
       add constraint FKqct0hrjypd6x1f7ogii60bl9j 
       foreign key (item_words) 
       references words (words_id)
Hibernate: 
    alter table reviews 
       add constraint FKsqysu6con2ua8dn83tfd4cttn 
       foreign key (review_account) 
       references accounts (account_id)
Hibernate: 
    alter table reviews 
       add constraint FKuva164xbjqmhwwbel1m32joo 
       foreign key (review_item) 
       references items (item_id)
2024-02-04T20:14:38.746+02:00  INFO 70457 --- [           main] j.LocalContainerEntityManagerFactoryBean : Initialized JPA EntityManagerFactory for persistence unit 'default'
2024-02-04T20:14:38.848+02:00  WARN 70457 --- [           main] JpaBaseConfiguration$JpaWebConfiguration : spring.jpa.open-in-view is enabled by default. Therefore, database queries may be performed during view rendering. Explicitly configure spring.jpa.open-in-view to disable this warning
2024-02-04T20:14:38.895+02:00  INFO 70457 --- [           main] o.s.s.web.DefaultSecurityFilterChain     : Will secure any request with [org.springframework.security.web.session.DisableEncodeUrlFilter@685edb96, org.springframework.security.web.context.request.async.WebAsyncManagerIntegrationFilter@2ff19416, org.springframework.security.web.context.SecurityContextHolderFilter@6bc8ce0c, org.springframework.security.web.header.HeaderWriterFilter@1938f3b3, org.springframework.web.filter.CorsFilter@3b24595e, org.springframework.web.filter.CorsFilter@fe8c329, org.springframework.security.web.authentication.logout.LogoutFilter@2afdb2b1, com.example.shopBackend.security.JwtAthFilter@265b52b7, org.springframework.security.web.savedrequest.RequestCacheAwareFilter@235f56ff, org.springframework.security.web.servletapi.SecurityContextHolderAwareRequestFilter@7da48c4c, org.springframework.security.web.authentication.AnonymousAuthenticationFilter@11742b29, org.springframework.security.web.session.SessionManagementFilter@bfe3907, org.springframework.security.web.access.ExceptionTranslationFilter@260dca40, org.springframework.security.web.access.intercept.AuthorizationFilter@2a53d576]
2024-02-04T20:14:38.933+02:00  INFO 70457 --- [           main] o.s.b.w.embedded.tomcat.TomcatWebServer  : Tomcat started on port(s): 56607 (http) with context path ''
2024-02-04T20:14:38.934+02:00  INFO 70457 --- [           main] c.e.s.item.ItemIntegrationTest           : Started ItemIntegrationTest in 0.48 seconds (process running for 7.788)
2024-02-04T20:14:38.943+02:00  INFO 70457 --- [0-auto-2-exec-1] o.a.c.c.C.[Tomcat].[localhost].[/]       : Initializing Spring DispatcherServlet 'dispatcherServlet'
2024-02-04T20:14:38.943+02:00  INFO 70457 --- [0-auto-2-exec-1] o.s.web.servlet.DispatcherServlet        : Initializing Servlet 'dispatcherServlet'
2024-02-04T20:14:38.943+02:00  INFO 70457 --- [0-auto-2-exec-1] o.s.web.servlet.DispatcherServlet        : Completed initialization in 0 ms
Hibernate: 
    SELECT
        * 
    FROM
        accounts a 
    WHERE
        a.account_username = ?
Hibernate: 
    select
        r1_0.role_id,
        r1_0.role_name 
    from
        account_roles r1_0 
    where
        r1_0.role_id=?
Hibernate: 
    select
        a1_0.account_id,
        a1_0.account_email,
        a1_0.account_name,
        a1_0.account_password,
        a1_0.account_role,
        r1_0.role_id,
        r1_0.role_name,
        a1_0.account_username 
    from
        accounts a1_0 
    join
        account_roles r1_0 
            on r1_0.role_id=a1_0.account_role 
    where
        a1_0.account_id=?
Hibernate: 
    SELECT
        i.item_id AS id,
        i.item_title AS title,
        ROUND(i.item_rating) as rating,
        COUNT(r.review_id) AS reviews 
    FROM
        items i 
    LEFT JOIN
        reviews r 
            ON r.review_item = i.item_id 
    WHERE
        i.item_account = ? 
    GROUP BY
        i.item_id limit ?,
        ?
Hibernate: 
    SELECT
        i.item_id AS id,
        i.item_title AS title,
        ROUND(i.item_rating) as rating,
        COUNT(r.review_id) AS reviews 
    FROM
        items i 
    LEFT JOIN
        reviews r 
            ON r.review_item = i.item_id 
    WHERE
        i.item_title LIKE ? 
        AND i.item_account = ? 
    GROUP BY
        i.item_id limit ?
2024-02-04T20:14:38.958+02:00  INFO 70457 --- [           main] o.apache.catalina.core.StandardService   : Stopping service [Tomcat]
2024-02-04T20:14:38.958+02:00  INFO 70457 --- [           main] o.a.c.c.C.[Tomcat].[localhost].[/]       : Destroying Spring FrameworkServlet 'dispatcherServlet'
2024-02-04T20:14:38.959+02:00  WARN 70457 --- [           main] o.a.c.loader.WebappClassLoaderBase       : The web application [ROOT] appears to have started a thread named [HikariPool-3 housekeeper] but has failed to stop it. This is very likely to create a memory leak. Stack trace of thread:
 java.base@17.0.2/jdk.internal.misc.Unsafe.park(Native Method)
 java.base@17.0.2/java.util.concurrent.locks.LockSupport.parkNanos(LockSupport.java:252)
 java.base@17.0.2/java.util.concurrent.locks.AbstractQueuedSynchronizer$ConditionObject.awaitNanos(AbstractQueuedSynchronizer.java:1672)
 java.base@17.0.2/java.util.concurrent.ScheduledThreadPoolExecutor$DelayedWorkQueue.take(ScheduledThreadPoolExecutor.java:1182)
 java.base@17.0.2/java.util.concurrent.ScheduledThreadPoolExecutor$DelayedWorkQueue.take(ScheduledThreadPoolExecutor.java:899)
 java.base@17.0.2/java.util.concurrent.ThreadPoolExecutor.getTask(ThreadPoolExecutor.java:1062)
 java.base@17.0.2/java.util.concurrent.ThreadPoolExecutor.runWorker(ThreadPoolExecutor.java:1122)
 java.base@17.0.2/java.util.concurrent.ThreadPoolExecutor$Worker.run(ThreadPoolExecutor.java:635)
 java.base@17.0.2/java.lang.Thread.run(Thread.java:833)
2024-02-04T20:14:38.959+02:00  WARN 70457 --- [           main] o.a.c.loader.WebappClassLoaderBase       : The web application [ROOT] appears to have started a thread named [HikariPool-3 connection adder] but has failed to stop it. This is very likely to create a memory leak. Stack trace of thread:
 java.base@17.0.2/jdk.internal.misc.Unsafe.park(Native Method)
 java.base@17.0.2/java.util.concurrent.locks.LockSupport.parkNanos(LockSupport.java:252)
 java.base@17.0.2/java.util.concurrent.locks.AbstractQueuedSynchronizer$ConditionObject.awaitNanos(AbstractQueuedSynchronizer.java:1672)
 java.base@17.0.2/java.util.concurrent.LinkedBlockingQueue.poll(LinkedBlockingQueue.java:460)
 java.base@17.0.2/java.util.concurrent.ThreadPoolExecutor.getTask(ThreadPoolExecutor.java:1061)
 java.base@17.0.2/java.util.concurrent.ThreadPoolExecutor.runWorker(ThreadPoolExecutor.java:1122)
 java.base@17.0.2/java.util.concurrent.ThreadPoolExecutor$Worker.run(ThreadPoolExecutor.java:635)
 java.base@17.0.2/java.lang.Thread.run(Thread.java:833)
2024-02-04T20:14:41.043+02:00  INFO 70457 --- [           main] j.LocalContainerEntityManagerFactoryBean : Closing JPA EntityManagerFactory for persistence unit 'default'
2024-02-04T20:14:41.045+02:00  INFO 70457 --- [           main] com.zaxxer.hikari.HikariDataSource       : HikariPool-3 - Shutdown initiated...
2024-02-04T20:14:41.046+02:00  INFO 70457 --- [           main] com.zaxxer.hikari.HikariDataSource       : HikariPool-3 - Shutdown completed.
]]></system-out>
  </testcase>
  <testcase name="addItemsWorks" classname="com.example.shopBackend.item.ItemIntegrationTest" time="2.124">
    <system-out><![CDATA[
  .   ____          _            __ _ _
 /\\ / ___'_ __ _ _(_)_ __  __ _ \ \ \ \
( ( )\___ | '_ | '_| | '_ \/ _` | \ \ \ \
 \\/  ___)| |_)| | | | | || (_| |  ) ) ) )
  '  |____| .__|_| |_|_| |_\__, | / / / /
 =========|_|==============|___/=/_/_/_/
 :: Spring Boot ::                (v3.1.1)

2024-02-04T20:14:41.071+02:00  INFO 70457 --- [           main] c.e.s.item.ItemIntegrationTest           : Starting ItemIntegrationTest using Java 17.0.2 with PID 70457 (started by iiro in /Users/iiro/Documents/Ohjelmointi/reviews/reviews-backend/reviewsbackend)
2024-02-04T20:14:41.071+02:00  INFO 70457 --- [           main] c.e.s.item.ItemIntegrationTest           : The following 1 profile is active: "test"
2024-02-04T20:14:41.199+02:00  INFO 70457 --- [           main] .s.d.r.c.RepositoryConfigurationDelegate : Bootstrapping Spring Data JPA repositories in DEFAULT mode.
2024-02-04T20:14:41.211+02:00  INFO 70457 --- [           main] .s.d.r.c.RepositoryConfigurationDelegate : Finished Spring Data repository scanning in 11 ms. Found 6 JPA repository interfaces.
2024-02-04T20:14:41.254+02:00  INFO 70457 --- [           main] o.s.b.w.embedded.tomcat.TomcatWebServer  : Tomcat initialized with port(s): 0 (http)
2024-02-04T20:14:41.255+02:00  INFO 70457 --- [           main] o.apache.catalina.core.StandardService   : Starting service [Tomcat]
2024-02-04T20:14:41.255+02:00  INFO 70457 --- [           main] o.apache.catalina.core.StandardEngine    : Starting Servlet engine: [Apache Tomcat/10.1.10]
2024-02-04T20:14:41.264+02:00  INFO 70457 --- [           main] o.a.c.c.C.[Tomcat].[localhost].[/]       : Initializing Spring embedded WebApplicationContext
2024-02-04T20:14:41.264+02:00  INFO 70457 --- [           main] w.s.c.ServletWebServerApplicationContext : Root WebApplicationContext: initialization completed in 192 ms
2024-02-04T20:14:41.289+02:00  INFO 70457 --- [           main] o.hibernate.jpa.internal.util.LogHelper  : HHH000204: Processing PersistenceUnitInfo [name: default]
2024-02-04T20:14:41.291+02:00  INFO 70457 --- [           main] o.h.b.i.BytecodeProviderInitiator        : HHH000021: Bytecode provider name : bytebuddy
2024-02-04T20:14:41.291+02:00  INFO 70457 --- [           main] o.s.o.j.p.SpringPersistenceUnitInfo      : No LoadTimeWeaver setup: ignoring JPA class transformer
2024-02-04T20:14:41.292+02:00  INFO 70457 --- [           main] com.zaxxer.hikari.HikariDataSource       : HikariPool-4 - Starting...
2024-02-04T20:14:41.293+02:00  INFO 70457 --- [           main] com.zaxxer.hikari.pool.HikariPool        : HikariPool-4 - Added connection conn30: url=jdbc:h2:mem:0719bab0-ae84-4e77-946c-6812fb4d65af user=SA
2024-02-04T20:14:41.293+02:00  INFO 70457 --- [           main] com.zaxxer.hikari.HikariDataSource       : HikariPool-4 - Start completed.
2024-02-04T20:14:41.293+02:00  WARN 70457 --- [           main] org.hibernate.dialect.Dialect            : HHH000511: The 2.1.0 version for [org.hibernate.dialect.MySQLDialect] is no longer supported, hence certain features may not work properly. The minimum supported version is 5.7.0. Check the community dialects project for available legacy versions.
2024-02-04T20:14:41.301+02:00  INFO 70457 --- [           main] o.h.b.i.BytecodeProviderInitiator        : HHH000021: Bytecode provider name : bytebuddy
2024-02-04T20:14:41.325+02:00  INFO 70457 --- [           main] o.h.e.t.j.p.i.JtaPlatformInitiator       : HHH000490: Using JtaPlatform implementation: [org.hibernate.engine.transaction.jta.platform.internal.NoJtaPlatform]
Hibernate: 
    create table account_roles (
        role_id integer not null auto_increment,
        role_name varchar(255) not null,
        primary key (role_id)
    ) engine=InnoDB
Hibernate: 
    create table accounts (
        account_id integer not null auto_increment,
        account_email varchar(255) not null,
        account_name varchar(255) not null,
        account_password varchar(255) not null,
        account_username varchar(255) not null,
        account_role integer not null,
        primary key (account_id)
    ) engine=InnoDB
Hibernate: 
    create table item_categories (
        category_id integer not null auto_increment,
        category_name varchar(255) not null,
        primary key (category_id)
    ) engine=InnoDB
Hibernate: 
    create table items (
        item_id integer not null auto_increment,
        item_rating float(23),
        item_title varchar(255) not null,
        item_account integer not null,
        item_category integer not null,
        item_words integer,
        primary key (item_id)
    ) engine=InnoDB
Hibernate: 
    create table reviews (
        review_id integer not null auto_increment,
        review_body text not null,
        review_date date not null,
        review_dislikes integer not null,
        review_likes integer not null,
        review_rating integer,
        review_title text not null,
        review_account integer not null,
        review_item integer not null,
        primary key (review_id)
    ) engine=InnoDB
Hibernate: 
    create table words (
        words_id integer not null auto_increment,
        words_negative varbinary(255),
        words_positive varbinary(255),
        primary key (words_id)
    ) engine=InnoDB
Hibernate: 
    alter table accounts 
       drop index UK_mk7tpo481lfhcsngxkcf40nw2
Hibernate: 
    alter table accounts 
       add constraint UK_mk7tpo481lfhcsngxkcf40nw2 unique (account_username)
Hibernate: 
    alter table items 
       drop index UK_l2hh6d3b7gbyk1x3158hnrm8j
Hibernate: 
    alter table items 
       add constraint UK_l2hh6d3b7gbyk1x3158hnrm8j unique (item_words)
Hibernate: 
    alter table accounts 
       add constraint FKa5420c4ple63nlr3aq2ywrn0s 
       foreign key (account_role) 
       references account_roles (role_id)
Hibernate: 
    alter table items 
       add constraint FKowc4sr11bcs0xodrwow85b43a 
       foreign key (item_account) 
       references accounts (account_id)
Hibernate: 
    alter table items 
       add constraint FKr193jj9b62b8lkb7ertq0w36q 
       foreign key (item_category) 
       references item_categories (category_id)
Hibernate: 
    alter table items 
       add constraint FKqct0hrjypd6x1f7ogii60bl9j 
       foreign key (item_words) 
       references words (words_id)
Hibernate: 
    alter table reviews 
       add constraint FKsqysu6con2ua8dn83tfd4cttn 
       foreign key (review_account) 
       references accounts (account_id)
Hibernate: 
    alter table reviews 
       add constraint FKuva164xbjqmhwwbel1m32joo 
       foreign key (review_item) 
       references items (item_id)
2024-02-04T20:14:41.331+02:00  INFO 70457 --- [           main] j.LocalContainerEntityManagerFactoryBean : Initialized JPA EntityManagerFactory for persistence unit 'default'
2024-02-04T20:14:41.409+02:00  WARN 70457 --- [           main] JpaBaseConfiguration$JpaWebConfiguration : spring.jpa.open-in-view is enabled by default. Therefore, database queries may be performed during view rendering. Explicitly configure spring.jpa.open-in-view to disable this warning
2024-02-04T20:14:41.442+02:00  INFO 70457 --- [           main] o.s.s.web.DefaultSecurityFilterChain     : Will secure any request with [org.springframework.security.web.session.DisableEncodeUrlFilter@24d642eb, org.springframework.security.web.context.request.async.WebAsyncManagerIntegrationFilter@3e47d465, org.springframework.security.web.context.SecurityContextHolderFilter@15682e7f, org.springframework.security.web.header.HeaderWriterFilter@21eeb0ce, org.springframework.web.filter.CorsFilter@4d574ec7, org.springframework.web.filter.CorsFilter@2f9a624c, org.springframework.security.web.authentication.logout.LogoutFilter@2587f18d, com.example.shopBackend.security.JwtAthFilter@5b9b7370, org.springframework.security.web.savedrequest.RequestCacheAwareFilter@74e3836a, org.springframework.security.web.servletapi.SecurityContextHolderAwareRequestFilter@20df25f8, org.springframework.security.web.authentication.AnonymousAuthenticationFilter@39cdbc4e, org.springframework.security.web.session.SessionManagementFilter@29af0d3b, org.springframework.security.web.access.ExceptionTranslationFilter@6c81bd6d, org.springframework.security.web.access.intercept.AuthorizationFilter@143ec23b]
2024-02-04T20:14:41.473+02:00  INFO 70457 --- [           main] o.s.b.w.embedded.tomcat.TomcatWebServer  : Tomcat started on port(s): 56618 (http) with context path ''
2024-02-04T20:14:41.474+02:00  INFO 70457 --- [           main] c.e.s.item.ItemIntegrationTest           : Started ItemIntegrationTest in 0.424 seconds (process running for 10.328)
Hibernate: 
    select
        i1_0.item_id,
        i1_0.item_account,
        i1_0.item_category,
        i1_0.item_rating,
        i1_0.item_title,
        i1_0.item_words 
    from
        items i1_0
Hibernate: 
    select
        a1_0.account_id,
        a1_0.account_email,
        a1_0.account_name,
        a1_0.account_password,
        a1_0.account_role,
        r1_0.role_id,
        r1_0.role_name,
        a1_0.account_username 
    from
        accounts a1_0 
    join
        account_roles r1_0 
            on r1_0.role_id=a1_0.account_role 
    where
        a1_0.account_id=?
Hibernate: 
    select
        c1_0.category_id,
        c1_0.category_name 
    from
        item_categories c1_0 
    where
        c1_0.category_id=?
Hibernate: 
    select
        w1_0.words_id,
        w1_0.words_negative,
        w1_0.words_positive 
    from
        words w1_0 
    where
        w1_0.words_id=?
Hibernate: 
    select
        a1_0.account_id,
        a1_0.account_email,
        a1_0.account_name,
        a1_0.account_password,
        a1_0.account_role,
        r1_0.role_id,
        r1_0.role_name,
        a1_0.account_username 
    from
        accounts a1_0 
    join
        account_roles r1_0 
            on r1_0.role_id=a1_0.account_role 
    where
        a1_0.account_id=?
Hibernate: 
    select
        w1_0.words_id,
        w1_0.words_negative,
        w1_0.words_positive 
    from
        words w1_0 
    where
        w1_0.words_id=?
2024-02-04T20:14:41.491+02:00  INFO 70457 --- [0-auto-3-exec-1] o.a.c.c.C.[Tomcat].[localhost].[/]       : Initializing Spring DispatcherServlet 'dispatcherServlet'
2024-02-04T20:14:41.491+02:00  INFO 70457 --- [0-auto-3-exec-1] o.s.web.servlet.DispatcherServlet        : Initializing Servlet 'dispatcherServlet'
2024-02-04T20:14:41.492+02:00  INFO 70457 --- [0-auto-3-exec-1] o.s.web.servlet.DispatcherServlet        : Completed initialization in 1 ms
Hibernate: 
    SELECT
        * 
    FROM
        accounts a 
    WHERE
        a.account_username = ?
Hibernate: 
    select
        r1_0.role_id,
        r1_0.role_name 
    from
        account_roles r1_0 
    where
        r1_0.role_id=?
Hibernate: 
    insert 
    into
        words
        (words_negative,words_positive) 
    values
        (?,?)
Hibernate: 
    select
        c1_0.category_id,
        c1_0.category_name 
    from
        item_categories c1_0 
    where
        c1_0.category_id=?
Hibernate: 
    select
        a1_0.account_id,
        a1_0.account_email,
        a1_0.account_name,
        a1_0.account_password,
        a1_0.account_role,
        r1_0.role_id,
        r1_0.role_name,
        a1_0.account_username 
    from
        accounts a1_0 
    join
        account_roles r1_0 
            on r1_0.role_id=a1_0.account_role 
    where
        a1_0.account_id=?
Hibernate: 
    insert 
    into
        items
        (item_account,item_category,item_rating,item_title,item_words) 
    values
        (?,?,?,?,?)
Hibernate: 
    select
        i1_0.item_id,
        i1_0.item_account,
        i1_0.item_category,
        i1_0.item_rating,
        i1_0.item_title,
        i1_0.item_words 
    from
        items i1_0
Hibernate: 
    select
        a1_0.account_id,
        a1_0.account_email,
        a1_0.account_name,
        a1_0.account_password,
        a1_0.account_role,
        r1_0.role_id,
        r1_0.role_name,
        a1_0.account_username 
    from
        accounts a1_0 
    join
        account_roles r1_0 
            on r1_0.role_id=a1_0.account_role 
    where
        a1_0.account_id=?
Hibernate: 
    select
        c1_0.category_id,
        c1_0.category_name 
    from
        item_categories c1_0 
    where
        c1_0.category_id=?
Hibernate: 
    select
        w1_0.words_id,
        w1_0.words_negative,
        w1_0.words_positive 
    from
        words w1_0 
    where
        w1_0.words_id=?
Hibernate: 
    select
        a1_0.account_id,
        a1_0.account_email,
        a1_0.account_name,
        a1_0.account_password,
        a1_0.account_role,
        r1_0.role_id,
        r1_0.role_name,
        a1_0.account_username 
    from
        accounts a1_0 
    join
        account_roles r1_0 
            on r1_0.role_id=a1_0.account_role 
    where
        a1_0.account_id=?
Hibernate: 
    select
        w1_0.words_id,
        w1_0.words_negative,
        w1_0.words_positive 
    from
        words w1_0 
    where
        w1_0.words_id=?
Hibernate: 
    select
        w1_0.words_id,
        w1_0.words_negative,
        w1_0.words_positive 
    from
        words w1_0 
    where
        w1_0.words_id=?
2024-02-04T20:14:41.511+02:00  INFO 70457 --- [           main] o.apache.catalina.core.StandardService   : Stopping service [Tomcat]
2024-02-04T20:14:41.511+02:00  INFO 70457 --- [           main] o.a.c.c.C.[Tomcat].[localhost].[/]       : Destroying Spring FrameworkServlet 'dispatcherServlet'
2024-02-04T20:14:41.512+02:00  WARN 70457 --- [           main] o.a.c.loader.WebappClassLoaderBase       : The web application [ROOT] appears to have started a thread named [HikariPool-4 housekeeper] but has failed to stop it. This is very likely to create a memory leak. Stack trace of thread:
 java.base@17.0.2/jdk.internal.misc.Unsafe.park(Native Method)
 java.base@17.0.2/java.util.concurrent.locks.LockSupport.parkNanos(LockSupport.java:252)
 java.base@17.0.2/java.util.concurrent.locks.AbstractQueuedSynchronizer$ConditionObject.awaitNanos(AbstractQueuedSynchronizer.java:1672)
 java.base@17.0.2/java.util.concurrent.ScheduledThreadPoolExecutor$DelayedWorkQueue.take(ScheduledThreadPoolExecutor.java:1182)
 java.base@17.0.2/java.util.concurrent.ScheduledThreadPoolExecutor$DelayedWorkQueue.take(ScheduledThreadPoolExecutor.java:899)
 java.base@17.0.2/java.util.concurrent.ThreadPoolExecutor.getTask(ThreadPoolExecutor.java:1062)
 java.base@17.0.2/java.util.concurrent.ThreadPoolExecutor.runWorker(ThreadPoolExecutor.java:1122)
 java.base@17.0.2/java.util.concurrent.ThreadPoolExecutor$Worker.run(ThreadPoolExecutor.java:635)
 java.base@17.0.2/java.lang.Thread.run(Thread.java:833)
2024-02-04T20:14:41.514+02:00  WARN 70457 --- [           main] o.a.c.loader.WebappClassLoaderBase       : The web application [ROOT] appears to have started a thread named [HikariPool-4 connection adder] but has failed to stop it. This is very likely to create a memory leak. Stack trace of thread:
 java.base@17.0.2/jdk.internal.misc.Unsafe.park(Native Method)
 java.base@17.0.2/java.util.concurrent.locks.LockSupport.parkNanos(LockSupport.java:252)
 java.base@17.0.2/java.util.concurrent.locks.AbstractQueuedSynchronizer$ConditionObject.awaitNanos(AbstractQueuedSynchronizer.java:1672)
 java.base@17.0.2/java.util.concurrent.LinkedBlockingQueue.poll(LinkedBlockingQueue.java:460)
 java.base@17.0.2/java.util.concurrent.ThreadPoolExecutor.getTask(ThreadPoolExecutor.java:1061)
 java.base@17.0.2/java.util.concurrent.ThreadPoolExecutor.runWorker(ThreadPoolExecutor.java:1122)
 java.base@17.0.2/java.util.concurrent.ThreadPoolExecutor$Worker.run(ThreadPoolExecutor.java:635)
 java.base@17.0.2/java.lang.Thread.run(Thread.java:833)
2024-02-04T20:14:43.598+02:00  INFO 70457 --- [           main] j.LocalContainerEntityManagerFactoryBean : Closing JPA EntityManagerFactory for persistence unit 'default'
2024-02-04T20:14:43.599+02:00  INFO 70457 --- [           main] com.zaxxer.hikari.HikariDataSource       : HikariPool-4 - Shutdown initiated...
2024-02-04T20:14:43.600+02:00  INFO 70457 --- [           main] com.zaxxer.hikari.HikariDataSource       : HikariPool-4 - Shutdown completed.
]]></system-out>
  </testcase>
  <testcase name="deleteItemWorks" classname="com.example.shopBackend.item.ItemIntegrationTest" time="2.103">
    <system-out><![CDATA[
  .   ____          _            __ _ _
 /\\ / ___'_ __ _ _(_)_ __  __ _ \ \ \ \
( ( )\___ | '_ | '_| | '_ \/ _` | \ \ \ \
 \\/  ___)| |_)| | | | | || (_| |  ) ) ) )
  '  |____| .__|_| |_|_| |_\__, | / / / /
 =========|_|==============|___/=/_/_/_/
 :: Spring Boot ::                (v3.1.1)

2024-02-04T20:14:43.623+02:00  INFO 70457 --- [           main] c.e.s.item.ItemIntegrationTest           : Starting ItemIntegrationTest using Java 17.0.2 with PID 70457 (started by iiro in /Users/iiro/Documents/Ohjelmointi/reviews/reviews-backend/reviewsbackend)
2024-02-04T20:14:43.623+02:00  INFO 70457 --- [           main] c.e.s.item.ItemIntegrationTest           : The following 1 profile is active: "test"
2024-02-04T20:14:43.700+02:00  INFO 70457 --- [           main] .s.d.r.c.RepositoryConfigurationDelegate : Bootstrapping Spring Data JPA repositories in DEFAULT mode.
2024-02-04T20:14:43.711+02:00  INFO 70457 --- [           main] .s.d.r.c.RepositoryConfigurationDelegate : Finished Spring Data repository scanning in 10 ms. Found 6 JPA repository interfaces.
2024-02-04T20:14:43.748+02:00  INFO 70457 --- [           main] o.s.b.w.embedded.tomcat.TomcatWebServer  : Tomcat initialized with port(s): 0 (http)
2024-02-04T20:14:43.748+02:00  INFO 70457 --- [           main] o.apache.catalina.core.StandardService   : Starting service [Tomcat]
2024-02-04T20:14:43.748+02:00  INFO 70457 --- [           main] o.apache.catalina.core.StandardEngine    : Starting Servlet engine: [Apache Tomcat/10.1.10]
2024-02-04T20:14:43.757+02:00  INFO 70457 --- [           main] o.a.c.c.C.[Tomcat].[localhost].[/]       : Initializing Spring embedded WebApplicationContext
2024-02-04T20:14:43.757+02:00  INFO 70457 --- [           main] w.s.c.ServletWebServerApplicationContext : Root WebApplicationContext: initialization completed in 133 ms
2024-02-04T20:14:43.773+02:00  INFO 70457 --- [           main] o.hibernate.jpa.internal.util.LogHelper  : HHH000204: Processing PersistenceUnitInfo [name: default]
2024-02-04T20:14:43.775+02:00  INFO 70457 --- [           main] o.h.b.i.BytecodeProviderInitiator        : HHH000021: Bytecode provider name : bytebuddy
2024-02-04T20:14:43.775+02:00  INFO 70457 --- [           main] o.s.o.j.p.SpringPersistenceUnitInfo      : No LoadTimeWeaver setup: ignoring JPA class transformer
2024-02-04T20:14:43.776+02:00  INFO 70457 --- [           main] com.zaxxer.hikari.HikariDataSource       : HikariPool-5 - Starting...
2024-02-04T20:14:43.776+02:00  INFO 70457 --- [           main] com.zaxxer.hikari.pool.HikariPool        : HikariPool-5 - Added connection conn40: url=jdbc:h2:mem:6533f988-b171-4a0f-8e57-9aedc10e8520 user=SA
2024-02-04T20:14:43.777+02:00  INFO 70457 --- [           main] com.zaxxer.hikari.HikariDataSource       : HikariPool-5 - Start completed.
2024-02-04T20:14:43.777+02:00  WARN 70457 --- [           main] org.hibernate.dialect.Dialect            : HHH000511: The 2.1.0 version for [org.hibernate.dialect.MySQLDialect] is no longer supported, hence certain features may not work properly. The minimum supported version is 5.7.0. Check the community dialects project for available legacy versions.
2024-02-04T20:14:43.788+02:00  INFO 70457 --- [           main] o.h.b.i.BytecodeProviderInitiator        : HHH000021: Bytecode provider name : bytebuddy
2024-02-04T20:14:43.811+02:00  INFO 70457 --- [           main] o.h.e.t.j.p.i.JtaPlatformInitiator       : HHH000490: Using JtaPlatform implementation: [org.hibernate.engine.transaction.jta.platform.internal.NoJtaPlatform]
Hibernate: 
    create table account_roles (
        role_id integer not null auto_increment,
        role_name varchar(255) not null,
        primary key (role_id)
    ) engine=InnoDB
Hibernate: 
    create table accounts (
        account_id integer not null auto_increment,
        account_email varchar(255) not null,
        account_name varchar(255) not null,
        account_password varchar(255) not null,
        account_username varchar(255) not null,
        account_role integer not null,
        primary key (account_id)
    ) engine=InnoDB
Hibernate: 
    create table item_categories (
        category_id integer not null auto_increment,
        category_name varchar(255) not null,
        primary key (category_id)
    ) engine=InnoDB
Hibernate: 
    create table items (
        item_id integer not null auto_increment,
        item_rating float(23),
        item_title varchar(255) not null,
        item_account integer not null,
        item_category integer not null,
        item_words integer,
        primary key (item_id)
    ) engine=InnoDB
Hibernate: 
    create table reviews (
        review_id integer not null auto_increment,
        review_body text not null,
        review_date date not null,
        review_dislikes integer not null,
        review_likes integer not null,
        review_rating integer,
        review_title text not null,
        review_account integer not null,
        review_item integer not null,
        primary key (review_id)
    ) engine=InnoDB
Hibernate: 
    create table words (
        words_id integer not null auto_increment,
        words_negative varbinary(255),
        words_positive varbinary(255),
        primary key (words_id)
    ) engine=InnoDB
Hibernate: 
    alter table accounts 
       drop index UK_mk7tpo481lfhcsngxkcf40nw2
Hibernate: 
    alter table accounts 
       add constraint UK_mk7tpo481lfhcsngxkcf40nw2 unique (account_username)
Hibernate: 
    alter table items 
       drop index UK_l2hh6d3b7gbyk1x3158hnrm8j
Hibernate: 
    alter table items 
       add constraint UK_l2hh6d3b7gbyk1x3158hnrm8j unique (item_words)
Hibernate: 
    alter table accounts 
       add constraint FKa5420c4ple63nlr3aq2ywrn0s 
       foreign key (account_role) 
       references account_roles (role_id)
Hibernate: 
    alter table items 
       add constraint FKowc4sr11bcs0xodrwow85b43a 
       foreign key (item_account) 
       references accounts (account_id)
Hibernate: 
    alter table items 
       add constraint FKr193jj9b62b8lkb7ertq0w36q 
       foreign key (item_category) 
       references item_categories (category_id)
Hibernate: 
    alter table items 
       add constraint FKqct0hrjypd6x1f7ogii60bl9j 
       foreign key (item_words) 
       references words (words_id)
Hibernate: 
    alter table reviews 
       add constraint FKsqysu6con2ua8dn83tfd4cttn 
       foreign key (review_account) 
       references accounts (account_id)
Hibernate: 
    alter table reviews 
       add constraint FKuva164xbjqmhwwbel1m32joo 
       foreign key (review_item) 
       references items (item_id)
2024-02-04T20:14:43.816+02:00  INFO 70457 --- [           main] j.LocalContainerEntityManagerFactoryBean : Initialized JPA EntityManagerFactory for persistence unit 'default'
2024-02-04T20:14:43.894+02:00  WARN 70457 --- [           main] JpaBaseConfiguration$JpaWebConfiguration : spring.jpa.open-in-view is enabled by default. Therefore, database queries may be performed during view rendering. Explicitly configure spring.jpa.open-in-view to disable this warning
2024-02-04T20:14:43.929+02:00  INFO 70457 --- [           main] o.s.s.web.DefaultSecurityFilterChain     : Will secure any request with [org.springframework.security.web.session.DisableEncodeUrlFilter@737e8e66, org.springframework.security.web.context.request.async.WebAsyncManagerIntegrationFilter@622ec92a, org.springframework.security.web.context.SecurityContextHolderFilter@351cc4b5, org.springframework.security.web.header.HeaderWriterFilter@26dc0c5, org.springframework.web.filter.CorsFilter@620b0fad, org.springframework.web.filter.CorsFilter@5f8b60f3, org.springframework.security.web.authentication.logout.LogoutFilter@33c440bb, com.example.shopBackend.security.JwtAthFilter@71faeb31, org.springframework.security.web.savedrequest.RequestCacheAwareFilter@17adeb0, org.springframework.security.web.servletapi.SecurityContextHolderAwareRequestFilter@6dfd4db2, org.springframework.security.web.authentication.AnonymousAuthenticationFilter@5881d8da, org.springframework.security.web.session.SessionManagementFilter@221ffed, org.springframework.security.web.access.ExceptionTranslationFilter@18a59ef8, org.springframework.security.web.access.intercept.AuthorizationFilter@630bd6c1]
2024-02-04T20:14:43.960+02:00  INFO 70457 --- [           main] o.s.b.w.embedded.tomcat.TomcatWebServer  : Tomcat started on port(s): 56633 (http) with context path ''
2024-02-04T20:14:43.961+02:00  INFO 70457 --- [           main] c.e.s.item.ItemIntegrationTest           : Started ItemIntegrationTest in 0.358 seconds (process running for 12.815)
2024-02-04T20:14:43.969+02:00  INFO 70457 --- [0-auto-4-exec-1] o.a.c.c.C.[Tomcat].[localhost].[/]       : Initializing Spring DispatcherServlet 'dispatcherServlet'
2024-02-04T20:14:43.969+02:00  INFO 70457 --- [0-auto-4-exec-1] o.s.web.servlet.DispatcherServlet        : Initializing Servlet 'dispatcherServlet'
2024-02-04T20:14:43.969+02:00  INFO 70457 --- [0-auto-4-exec-1] o.s.web.servlet.DispatcherServlet        : Completed initialization in 0 ms
Hibernate: 
    SELECT
        * 
    FROM
        accounts a 
    WHERE
        a.account_username = ?
Hibernate: 
    select
        r1_0.role_id,
        r1_0.role_name 
    from
        account_roles r1_0 
    where
        r1_0.role_id=?
Hibernate: 
    select
        i1_0.item_id,
        i1_0.item_account,
        a1_0.account_id,
        a1_0.account_email,
        a1_0.account_name,
        a1_0.account_password,
        a1_0.account_role,
        r1_0.role_id,
        r1_0.role_name,
        a1_0.account_username,
        i1_0.item_category,
        c1_0.category_id,
        c1_0.category_name,
        i1_0.item_rating,
        i1_0.item_title,
        w1_0.words_id,
        w1_0.words_negative,
        w1_0.words_positive 
    from
        items i1_0 
    join
        accounts a1_0 
            on a1_0.account_id=i1_0.item_account 
    left join
        account_roles r1_0 
            on r1_0.role_id=a1_0.account_role 
    join
        item_categories c1_0 
            on c1_0.category_id=i1_0.item_category 
    left join
        words w1_0 
            on w1_0.words_id=i1_0.item_words 
    where
        i1_0.item_id=?
Hibernate: 
    select
        r1_0.review_id,
        r1_0.review_account,
        r1_0.review_body,
        r1_0.review_date,
        r1_0.review_dislikes,
        r1_0.review_item,
        r1_0.review_likes,
        r1_0.review_rating,
        r1_0.review_title 
    from
        reviews r1_0
Hibernate: 
    select
        a1_0.account_id,
        a1_0.account_email,
        a1_0.account_name,
        a1_0.account_password,
        a1_0.account_role,
        r1_0.role_id,
        r1_0.role_name,
        a1_0.account_username 
    from
        accounts a1_0 
    join
        account_roles r1_0 
            on r1_0.role_id=a1_0.account_role 
    where
        a1_0.account_id=?
Hibernate: 
    select
        i1_0.item_id,
        i1_0.item_account,
        a1_0.account_id,
        a1_0.account_email,
        a1_0.account_name,
        a1_0.account_password,
        a1_0.account_role,
        r1_0.role_id,
        r1_0.role_name,
        a1_0.account_username,
        i1_0.item_category,
        c1_0.category_id,
        c1_0.category_name,
        i1_0.item_rating,
        i1_0.item_title,
        w1_0.words_id,
        w1_0.words_negative,
        w1_0.words_positive 
    from
        items i1_0 
    join
        accounts a1_0 
            on a1_0.account_id=i1_0.item_account 
    left join
        account_roles r1_0 
            on r1_0.role_id=a1_0.account_role 
    join
        item_categories c1_0 
            on c1_0.category_id=i1_0.item_category 
    left join
        words w1_0 
            on w1_0.words_id=i1_0.item_words 
    where
        i1_0.item_id=?
Hibernate: 
    delete 
    from
        reviews 
    where
        review_id=?
Hibernate: 
    delete 
    from
        items 
    where
        item_id=?
Hibernate: 
    select
        i1_0.item_id,
        i1_0.item_account,
        a1_0.account_id,
        a1_0.account_email,
        a1_0.account_name,
        a1_0.account_password,
        a1_0.account_role,
        r1_0.role_id,
        r1_0.role_name,
        a1_0.account_username,
        i1_0.item_category,
        c1_0.category_id,
        c1_0.category_name,
        i1_0.item_rating,
        i1_0.item_title,
        w1_0.words_id,
        w1_0.words_negative,
        w1_0.words_positive 
    from
        items i1_0 
    join
        accounts a1_0 
            on a1_0.account_id=i1_0.item_account 
    left join
        account_roles r1_0 
            on r1_0.role_id=a1_0.account_role 
    join
        item_categories c1_0 
            on c1_0.category_id=i1_0.item_category 
    left join
        words w1_0 
            on w1_0.words_id=i1_0.item_words 
    where
        i1_0.item_id=?
Hibernate: 
    select
        i1_0.item_id,
        i1_0.item_account,
        i1_0.item_category,
        i1_0.item_rating,
        i1_0.item_title,
        i1_0.item_words 
    from
        items i1_0
Hibernate: 
    select
        a1_0.account_id,
        a1_0.account_email,
        a1_0.account_name,
        a1_0.account_password,
        a1_0.account_role,
        r1_0.role_id,
        r1_0.role_name,
        a1_0.account_username 
    from
        accounts a1_0 
    join
        account_roles r1_0 
            on r1_0.role_id=a1_0.account_role 
    where
        a1_0.account_id=?
Hibernate: 
    select
        c1_0.category_id,
        c1_0.category_name 
    from
        item_categories c1_0 
    where
        c1_0.category_id=?
Hibernate: 
    select
        w1_0.words_id,
        w1_0.words_negative,
        w1_0.words_positive 
    from
        words w1_0 
    where
        w1_0.words_id=?
2024-02-04T20:14:43.993+02:00  INFO 70457 --- [           main] o.apache.catalina.core.StandardService   : Stopping service [Tomcat]
2024-02-04T20:14:43.993+02:00  INFO 70457 --- [           main] o.a.c.c.C.[Tomcat].[localhost].[/]       : Destroying Spring FrameworkServlet 'dispatcherServlet'
2024-02-04T20:14:43.994+02:00  WARN 70457 --- [           main] o.a.c.loader.WebappClassLoaderBase       : The web application [ROOT] appears to have started a thread named [HikariPool-5 housekeeper] but has failed to stop it. This is very likely to create a memory leak. Stack trace of thread:
 java.base@17.0.2/jdk.internal.misc.Unsafe.park(Native Method)
 java.base@17.0.2/java.util.concurrent.locks.LockSupport.parkNanos(LockSupport.java:252)
 java.base@17.0.2/java.util.concurrent.locks.AbstractQueuedSynchronizer$ConditionObject.awaitNanos(AbstractQueuedSynchronizer.java:1672)
 java.base@17.0.2/java.util.concurrent.ScheduledThreadPoolExecutor$DelayedWorkQueue.take(ScheduledThreadPoolExecutor.java:1182)
 java.base@17.0.2/java.util.concurrent.ScheduledThreadPoolExecutor$DelayedWorkQueue.take(ScheduledThreadPoolExecutor.java:899)
 java.base@17.0.2/java.util.concurrent.ThreadPoolExecutor.getTask(ThreadPoolExecutor.java:1062)
 java.base@17.0.2/java.util.concurrent.ThreadPoolExecutor.runWorker(ThreadPoolExecutor.java:1122)
 java.base@17.0.2/java.util.concurrent.ThreadPoolExecutor$Worker.run(ThreadPoolExecutor.java:635)
 java.base@17.0.2/java.lang.Thread.run(Thread.java:833)
2024-02-04T20:14:43.994+02:00  WARN 70457 --- [           main] o.a.c.loader.WebappClassLoaderBase       : The web application [ROOT] appears to have started a thread named [HikariPool-5 connection adder] but has failed to stop it. This is very likely to create a memory leak. Stack trace of thread:
 java.base@17.0.2/java.lang.Thread.sleep(Native Method)
 app//com.zaxxer.hikari.util.UtilityElf.quietlySleep(UtilityElf.java:53)
 app//com.zaxxer.hikari.pool.HikariPool$PoolEntryCreator.call(HikariPool.java:745)
 app//com.zaxxer.hikari.pool.HikariPool$PoolEntryCreator.call(HikariPool.java:712)
 java.base@17.0.2/java.util.concurrent.FutureTask.run(FutureTask.java:264)
 java.base@17.0.2/java.util.concurrent.ThreadPoolExecutor.runWorker(ThreadPoolExecutor.java:1136)
 java.base@17.0.2/java.util.concurrent.ThreadPoolExecutor$Worker.run(ThreadPoolExecutor.java:635)
 java.base@17.0.2/java.lang.Thread.run(Thread.java:833)
2024-02-04T20:14:46.064+02:00  INFO 70457 --- [           main] j.LocalContainerEntityManagerFactoryBean : Closing JPA EntityManagerFactory for persistence unit 'default'
2024-02-04T20:14:46.065+02:00  INFO 70457 --- [           main] com.zaxxer.hikari.HikariDataSource       : HikariPool-5 - Shutdown initiated...
2024-02-04T20:14:46.066+02:00  INFO 70457 --- [           main] com.zaxxer.hikari.HikariDataSource       : HikariPool-5 - Shutdown completed.
]]></system-out>
  </testcase>
  <testcase name="updateItemWorks" classname="com.example.shopBackend.item.ItemIntegrationTest" time="2.116">
    <system-out><![CDATA[
  .   ____          _            __ _ _
 /\\ / ___'_ __ _ _(_)_ __  __ _ \ \ \ \
( ( )\___ | '_ | '_| | '_ \/ _` | \ \ \ \
 \\/  ___)| |_)| | | | | || (_| |  ) ) ) )
  '  |____| .__|_| |_|_| |_\__, | / / / /
 =========|_|==============|___/=/_/_/_/
 :: Spring Boot ::                (v3.1.1)

2024-02-04T20:14:46.090+02:00  INFO 70457 --- [           main] c.e.s.item.ItemIntegrationTest           : Starting ItemIntegrationTest using Java 17.0.2 with PID 70457 (started by iiro in /Users/iiro/Documents/Ohjelmointi/reviews/reviews-backend/reviewsbackend)
2024-02-04T20:14:46.090+02:00  INFO 70457 --- [           main] c.e.s.item.ItemIntegrationTest           : The following 1 profile is active: "test"
2024-02-04T20:14:46.170+02:00  INFO 70457 --- [           main] .s.d.r.c.RepositoryConfigurationDelegate : Bootstrapping Spring Data JPA repositories in DEFAULT mode.
2024-02-04T20:14:46.179+02:00  INFO 70457 --- [           main] .s.d.r.c.RepositoryConfigurationDelegate : Finished Spring Data repository scanning in 8 ms. Found 6 JPA repository interfaces.
2024-02-04T20:14:46.212+02:00  INFO 70457 --- [           main] o.s.b.w.embedded.tomcat.TomcatWebServer  : Tomcat initialized with port(s): 0 (http)
2024-02-04T20:14:46.212+02:00  INFO 70457 --- [           main] o.apache.catalina.core.StandardService   : Starting service [Tomcat]
2024-02-04T20:14:46.212+02:00  INFO 70457 --- [           main] o.apache.catalina.core.StandardEngine    : Starting Servlet engine: [Apache Tomcat/10.1.10]
2024-02-04T20:14:46.229+02:00  INFO 70457 --- [           main] o.a.c.c.C.[Tomcat].[localhost].[/]       : Initializing Spring embedded WebApplicationContext
2024-02-04T20:14:46.229+02:00  INFO 70457 --- [           main] w.s.c.ServletWebServerApplicationContext : Root WebApplicationContext: initialization completed in 138 ms
2024-02-04T20:14:46.252+02:00  INFO 70457 --- [           main] o.hibernate.jpa.internal.util.LogHelper  : HHH000204: Processing PersistenceUnitInfo [name: default]
2024-02-04T20:14:46.255+02:00  INFO 70457 --- [           main] o.h.b.i.BytecodeProviderInitiator        : HHH000021: Bytecode provider name : bytebuddy
2024-02-04T20:14:46.255+02:00  INFO 70457 --- [           main] o.s.o.j.p.SpringPersistenceUnitInfo      : No LoadTimeWeaver setup: ignoring JPA class transformer
2024-02-04T20:14:46.256+02:00  INFO 70457 --- [           main] com.zaxxer.hikari.HikariDataSource       : HikariPool-6 - Starting...
2024-02-04T20:14:46.257+02:00  INFO 70457 --- [           main] com.zaxxer.hikari.pool.HikariPool        : HikariPool-6 - Added connection conn50: url=jdbc:h2:mem:8de0cd9b-302b-4fbf-98be-ca28a71128f6 user=SA
2024-02-04T20:14:46.257+02:00  INFO 70457 --- [           main] com.zaxxer.hikari.HikariDataSource       : HikariPool-6 - Start completed.
2024-02-04T20:14:46.257+02:00  WARN 70457 --- [           main] org.hibernate.dialect.Dialect            : HHH000511: The 2.1.0 version for [org.hibernate.dialect.MySQLDialect] is no longer supported, hence certain features may not work properly. The minimum supported version is 5.7.0. Check the community dialects project for available legacy versions.
2024-02-04T20:14:46.264+02:00  INFO 70457 --- [           main] o.h.b.i.BytecodeProviderInitiator        : HHH000021: Bytecode provider name : bytebuddy
2024-02-04T20:14:46.287+02:00  INFO 70457 --- [           main] o.h.e.t.j.p.i.JtaPlatformInitiator       : HHH000490: Using JtaPlatform implementation: [org.hibernate.engine.transaction.jta.platform.internal.NoJtaPlatform]
Hibernate: 
    create table account_roles (
        role_id integer not null auto_increment,
        role_name varchar(255) not null,
        primary key (role_id)
    ) engine=InnoDB
Hibernate: 
    create table accounts (
        account_id integer not null auto_increment,
        account_email varchar(255) not null,
        account_name varchar(255) not null,
        account_password varchar(255) not null,
        account_username varchar(255) not null,
        account_role integer not null,
        primary key (account_id)
    ) engine=InnoDB
Hibernate: 
    create table item_categories (
        category_id integer not null auto_increment,
        category_name varchar(255) not null,
        primary key (category_id)
    ) engine=InnoDB
Hibernate: 
    create table items (
        item_id integer not null auto_increment,
        item_rating float(23),
        item_title varchar(255) not null,
        item_account integer not null,
        item_category integer not null,
        item_words integer,
        primary key (item_id)
    ) engine=InnoDB
Hibernate: 
    create table reviews (
        review_id integer not null auto_increment,
        review_body text not null,
        review_date date not null,
        review_dislikes integer not null,
        review_likes integer not null,
        review_rating integer,
        review_title text not null,
        review_account integer not null,
        review_item integer not null,
        primary key (review_id)
    ) engine=InnoDB
Hibernate: 
    create table words (
        words_id integer not null auto_increment,
        words_negative varbinary(255),
        words_positive varbinary(255),
        primary key (words_id)
    ) engine=InnoDB
Hibernate: 
    alter table accounts 
       drop index UK_mk7tpo481lfhcsngxkcf40nw2
Hibernate: 
    alter table accounts 
       add constraint UK_mk7tpo481lfhcsngxkcf40nw2 unique (account_username)
Hibernate: 
    alter table items 
       drop index UK_l2hh6d3b7gbyk1x3158hnrm8j
Hibernate: 
    alter table items 
       add constraint UK_l2hh6d3b7gbyk1x3158hnrm8j unique (item_words)
Hibernate: 
    alter table accounts 
       add constraint FKa5420c4ple63nlr3aq2ywrn0s 
       foreign key (account_role) 
       references account_roles (role_id)
Hibernate: 
    alter table items 
       add constraint FKowc4sr11bcs0xodrwow85b43a 
       foreign key (item_account) 
       references accounts (account_id)
Hibernate: 
    alter table items 
       add constraint FKr193jj9b62b8lkb7ertq0w36q 
       foreign key (item_category) 
       references item_categories (category_id)
Hibernate: 
    alter table items 
       add constraint FKqct0hrjypd6x1f7ogii60bl9j 
       foreign key (item_words) 
       references words (words_id)
Hibernate: 
    alter table reviews 
       add constraint FKsqysu6con2ua8dn83tfd4cttn 
       foreign key (review_account) 
       references accounts (account_id)
Hibernate: 
    alter table reviews 
       add constraint FKuva164xbjqmhwwbel1m32joo 
       foreign key (review_item) 
       references items (item_id)
2024-02-04T20:14:46.292+02:00  INFO 70457 --- [           main] j.LocalContainerEntityManagerFactoryBean : Initialized JPA EntityManagerFactory for persistence unit 'default'
2024-02-04T20:14:46.366+02:00  WARN 70457 --- [           main] JpaBaseConfiguration$JpaWebConfiguration : spring.jpa.open-in-view is enabled by default. Therefore, database queries may be performed during view rendering. Explicitly configure spring.jpa.open-in-view to disable this warning
2024-02-04T20:14:46.400+02:00  INFO 70457 --- [           main] o.s.s.web.DefaultSecurityFilterChain     : Will secure any request with [org.springframework.security.web.session.DisableEncodeUrlFilter@583eecde, org.springframework.security.web.context.request.async.WebAsyncManagerIntegrationFilter@52f85a6c, org.springframework.security.web.context.SecurityContextHolderFilter@51293850, org.springframework.security.web.header.HeaderWriterFilter@2d83ed58, org.springframework.web.filter.CorsFilter@6831b1f6, org.springframework.web.filter.CorsFilter@29673fc0, org.springframework.security.web.authentication.logout.LogoutFilter@3cc6d144, com.example.shopBackend.security.JwtAthFilter@59000ae5, org.springframework.security.web.savedrequest.RequestCacheAwareFilter@6009e8ab, org.springframework.security.web.servletapi.SecurityContextHolderAwareRequestFilter@525230df, org.springframework.security.web.authentication.AnonymousAuthenticationFilter@6906e2e, org.springframework.security.web.session.SessionManagementFilter@1f7d3d82, org.springframework.security.web.access.ExceptionTranslationFilter@7e89f305, org.springframework.security.web.access.intercept.AuthorizationFilter@503224b4]
2024-02-04T20:14:46.428+02:00  INFO 70457 --- [           main] o.s.b.w.embedded.tomcat.TomcatWebServer  : Tomcat started on port(s): 56645 (http) with context path ''
2024-02-04T20:14:46.429+02:00  INFO 70457 --- [           main] c.e.s.item.ItemIntegrationTest           : Started ItemIntegrationTest in 0.359 seconds (process running for 15.283)
2024-02-04T20:14:46.436+02:00  INFO 70457 --- [0-auto-5-exec-1] o.a.c.c.C.[Tomcat].[localhost].[/]       : Initializing Spring DispatcherServlet 'dispatcherServlet'
2024-02-04T20:14:46.436+02:00  INFO 70457 --- [0-auto-5-exec-1] o.s.web.servlet.DispatcherServlet        : Initializing Servlet 'dispatcherServlet'
2024-02-04T20:14:46.436+02:00  INFO 70457 --- [0-auto-5-exec-1] o.s.web.servlet.DispatcherServlet        : Completed initialization in 0 ms
Hibernate: 
    SELECT
        * 
    FROM
        accounts a 
    WHERE
        a.account_username = ?
Hibernate: 
    select
        r1_0.role_id,
        r1_0.role_name 
    from
        account_roles r1_0 
    where
        r1_0.role_id=?
Hibernate: 
    select
        i1_0.item_id,
        i1_0.item_account,
        a1_0.account_id,
        a1_0.account_email,
        a1_0.account_name,
        a1_0.account_password,
        a1_0.account_role,
        r1_0.role_id,
        r1_0.role_name,
        a1_0.account_username,
        i1_0.item_category,
        c1_0.category_id,
        c1_0.category_name,
        i1_0.item_rating,
        i1_0.item_title,
        w1_0.words_id,
        w1_0.words_negative,
        w1_0.words_positive 
    from
        items i1_0 
    join
        accounts a1_0 
            on a1_0.account_id=i1_0.item_account 
    left join
        account_roles r1_0 
            on r1_0.role_id=a1_0.account_role 
    join
        item_categories c1_0 
            on c1_0.category_id=i1_0.item_category 
    left join
        words w1_0 
            on w1_0.words_id=i1_0.item_words 
    where
        i1_0.item_id=?
Hibernate: 
    update
        items 
    set
        item_account=?,
        item_category=?,
        item_rating=?,
        item_title=?,
        item_words=? 
    where
        item_id=?
2024-02-04T20:14:46.455+02:00  INFO 70457 --- [           main] o.apache.catalina.core.StandardService   : Stopping service [Tomcat]
2024-02-04T20:14:46.455+02:00  INFO 70457 --- [           main] o.a.c.c.C.[Tomcat].[localhost].[/]       : Destroying Spring FrameworkServlet 'dispatcherServlet'
2024-02-04T20:14:46.456+02:00  WARN 70457 --- [           main] o.a.c.loader.WebappClassLoaderBase       : The web application [ROOT] appears to have started a thread named [HikariPool-6 housekeeper] but has failed to stop it. This is very likely to create a memory leak. Stack trace of thread:
 java.base@17.0.2/jdk.internal.misc.Unsafe.park(Native Method)
 java.base@17.0.2/java.util.concurrent.locks.LockSupport.parkNanos(LockSupport.java:252)
 java.base@17.0.2/java.util.concurrent.locks.AbstractQueuedSynchronizer$ConditionObject.awaitNanos(AbstractQueuedSynchronizer.java:1672)
 java.base@17.0.2/java.util.concurrent.ScheduledThreadPoolExecutor$DelayedWorkQueue.take(ScheduledThreadPoolExecutor.java:1182)
 java.base@17.0.2/java.util.concurrent.ScheduledThreadPoolExecutor$DelayedWorkQueue.take(ScheduledThreadPoolExecutor.java:899)
 java.base@17.0.2/java.util.concurrent.ThreadPoolExecutor.getTask(ThreadPoolExecutor.java:1062)
 java.base@17.0.2/java.util.concurrent.ThreadPoolExecutor.runWorker(ThreadPoolExecutor.java:1122)
 java.base@17.0.2/java.util.concurrent.ThreadPoolExecutor$Worker.run(ThreadPoolExecutor.java:635)
 java.base@17.0.2/java.lang.Thread.run(Thread.java:833)
2024-02-04T20:14:46.456+02:00  WARN 70457 --- [           main] o.a.c.loader.WebappClassLoaderBase       : The web application [ROOT] appears to have started a thread named [HikariPool-6 connection adder] but has failed to stop it. This is very likely to create a memory leak. Stack trace of thread:
 java.base@17.0.2/java.lang.Thread.sleep(Native Method)
 app//com.zaxxer.hikari.util.UtilityElf.quietlySleep(UtilityElf.java:53)
 app//com.zaxxer.hikari.pool.HikariPool$PoolEntryCreator.call(HikariPool.java:745)
 app//com.zaxxer.hikari.pool.HikariPool$PoolEntryCreator.call(HikariPool.java:712)
 java.base@17.0.2/java.util.concurrent.FutureTask.run(FutureTask.java:264)
 java.base@17.0.2/java.util.concurrent.ThreadPoolExecutor.runWorker(ThreadPoolExecutor.java:1136)
 java.base@17.0.2/java.util.concurrent.ThreadPoolExecutor$Worker.run(ThreadPoolExecutor.java:635)
 java.base@17.0.2/java.lang.Thread.run(Thread.java:833)
2024-02-04T20:14:48.544+02:00  INFO 70457 --- [           main] j.LocalContainerEntityManagerFactoryBean : Closing JPA EntityManagerFactory for persistence unit 'default'
2024-02-04T20:14:48.545+02:00  INFO 70457 --- [           main] com.zaxxer.hikari.HikariDataSource       : HikariPool-6 - Shutdown initiated...
2024-02-04T20:14:48.546+02:00  INFO 70457 --- [           main] com.zaxxer.hikari.HikariDataSource       : HikariPool-6 - Shutdown completed.
]]></system-out>
  </testcase>
</testsuite>